[11:56:28] 🧩 [refill#1772093525261|auto] 开始执行: date=2026-04-01, target_count=2, times=['20:00', '21:00'], places=14
[11:56:33] 🙈 [refill#1772093525261|auto] 当前无可补订组合，缺口: {'20:00': 2, '21:00': 2}
[11:56:44] 🧩 [refill#1772093525261|auto] 开始执行: date=2026-04-01, target_count=2, times=['20:00', '21:00'], places=14
[11:56:45] 🙈 [refill#1772093525261|auto] 当前无可补订组合，缺口: {'20:00': 2, '21:00': 2}
[11:56:57] 🧩 [refill#1772093525261|auto] 开始执行: date=2026-04-01, target_count=2, times=['20:00', '21:00'], places=14
[11:56:58] 🙈 [refill#1772093525261|auto] 当前无可补订组合，缺口: {'20:00': 2, '21:00': 2}
[11:57:09] 🧩 [refill#1772093525261|auto] 开始执行: date=2026-04-01, target_count=2, times=['20:00', '21:00'], places=14
[11:57:09] 🙈 [refill#1772093525261|auto] 当前无可补订组合，缺口: {'20:00': 2, '21:00': 2}
[11:57:20] 🧩 [refill#1772093525261|auto] 开始执行: date=2026-04-01, target_count=2, times=['20:00', '21:00'], places=14
[11:57:21] 🙈 [refill#1772093525261|auto] 当前无可补订组合，缺口: {'20:00': 2, '21:00': 2}
[11:57:31] 🧩 [refill#1772093525261|auto] 开始执行: date=2026-04-01, target_count=2, times=['20:00', '21:00'], places=14
[11:57:32] 🙈 [refill#1772093525261|auto] 当前无可补订组合，缺口: {'20:00': 2, '21:00': 2}
[11:57:43] 🧩 [refill#1772093525261|auto] 开始执行: date=2026-04-01, target_count=2, times=['20:00', '21:00'], places=14
[11:57:44] 🙈 [refill#1772093525261|auto] 当前无可补订组合，缺口: {'20:00': 2, '21:00': 2}
[11:57:55] 🧩 [refill#1772093525261|auto] 开始执行: date=2026-04-01, target_count=2, times=['20:00', '21:00'], places=14
[11:57:55] 🙈 [refill#1772093525261|auto] 当前无可补订组合，缺口: {'20:00': 2, '21:00': 2}
[11:58:05] 🧩 [refill#1772093525261|auto] 开始执行: date=2026-04-01, target_count=2, times=['20:00', '21:00'], places=14
[11:58:06] 🙈 [refill#1772093525261|auto] 当前无可补订组合，缺口: {'20:00': 2, '21:00': 2}
[11:58:16] 🧩 [refill#1772093525261|auto] 开始执行: date=2026-04-01, target_count=2, times=['20:00', '21:00'], places=14
[11:58:18] 🙈 [refill#1772093525261|auto] 当前无可补订组合，缺口: {'20:00': 2, '21:00': 2}
[11:58:28] 🧩 [refill#1772093525261|auto] 开始执行: date=2026-04-01, target_count=2, times=['20:00', '21:00'], places=14
[11:58:28] 🙈 [refill#1772093525261|auto] 当前无可补订组合，缺口: {'20:00': 2, '21:00': 2}
[11:58:39] 🧩 [refill#1772093525261|auto] 开始执行: date=2026-04-01, target_count=2, times=['20:00', '21:00'], places=14
[11:58:40] 🙈 [refill#1772093525261|auto] 当前无可补订组合，缺口: {'20:00': 2, '21:00': 2}
[11:58:51] 🧩 [refill#1772093525261|auto] 开始执行: date=2026-04-01, target_count=2, times=['20:00', '21:00'], places=14
[11:58:52] 🙈 [refill#1772093525261|auto] 当前无可补订组合，缺口: {'20:00': 2, '21:00': 2}
[11:59:00] 🔇 [quiet-window] 进入 pre_quiet，owner=1774502722796，fire_at=11:59:55
[11:59:02] 🔇 [refill#1772093525261] 已跳过：静默窗口中，已阻止Refill 轮询访问馆方接口。
[11:59:13] 🔇 [refill#1772093525261] 已跳过：静默窗口中，已阻止Refill 轮询访问馆方接口。
[11:59:25] 🔇 [refill#1772093525261] 已跳过：静默窗口中，已阻止Refill 轮询访问馆方接口。
[11:59:37] 🔇 [refill#1772093525261] 已跳过：静默窗口中，已阻止Refill 轮询访问馆方接口。
[11:59:48] 🔇 [refill#1772093525261] 已跳过：静默窗口中，已阻止Refill 轮询访问馆方接口。
[12:00:00] 🔫 [quiet-window] 进入 fire_window，owner=1774502722796
[12:00:00] ⏰ [自动任务] 开始执行任务: 1774502722796
[12:00:00] 🕒 [时间对齐] server_offset=4.679s, base_run=2026-03-27 11:59:55, target_date=2026-04-02
[12:00:00] 🚀 [终极递送器] 启动主组合递送: [{'place': '4', 'time': '20:00'}, {'place': '4', 'time': '21:00'}, {'place': '5', 'time': '20:00'}, {'place': '5', 'time': '21:00'}]
[12:00:00] [极速订场] 开始 date=2026-04-02 单路递送+refill round_interval=0.8s refill_poll=0.35s min_post_interval=4.0s budget=600.0s
[12:00:10] [极速订场] 拉活失败(可重试) 第1次: HTTPSConnectionPool(host='gymvip.bfsu.edu.cn', port=443): Read timed out. (read timeout=10.0)
[12:00:21] [极速订场] 拉活失败(可重试) 第2次: HTTPSConnectionPool(host='gymvip.bfsu.edu.cn', port=443): Read timed out. (read timeout=10.0)
[12:00:22] [极速订场] 拉活失败(可重试) 第3次: 服务器返回无效数据(可能是崩了)
[12:00:23] [极速订场] 拉活失败(可重试) 第4次: 服务器返回无效数据(可能是崩了)
[12:00:33] [极速订场] 拉活失败(可重试) 第5次: HTTPSConnectionPool(host='gymvip.bfsu.edu.cn', port=443): Read timed out. (read timeout=10.0)
[12:00:44] [极速订场] 拉活失败(可重试) 第6次: HTTPSConnectionPool(host='gymvip.bfsu.edu.cn', port=443): Read timed out. (read timeout=10.0)
[12:00:46] [极速订场] 拉活失败(可重试) 第7次: 服务器返回无效数据(可能是崩了)
[12:00:47] [极速订场] 拉活失败(可重试) 第8次: 服务器返回无效数据(可能是崩了)
[12:00:48] [极速订场] 拉活失败(可重试) 第9次: 服务器返回无效数据(可能是崩了)
[12:00:49] [极速订场] 拉活失败(可重试) 第10次: 服务器返回无效数据(可能是崩了)
[12:00:50] [极速订场] 拉活失败(可重试) 第11次: 服务器返回无效数据(可能是崩了)
[12:00:51] [极速订场] 拉活失败(可重试) 第12次: 服务器返回无效数据(可能是崩了)
[12:00:52] [极速订场] 拉活失败(可重试) 第13次: 服务器返回无效数据(可能是崩了)
[12:00:53] [极速订场] 拉活失败(可重试) 第14次: 服务器返回无效数据(可能是崩了)
[12:00:54] [极速订场] 拉活失败(可重试) 第15次: 服务器返回无效数据(可能是崩了)
[12:00:56] [极速订场] 拉活成功，开始递送
[12:00:56] [极速订场] 第一组由 matrix 算出 level=0 items=[{'place': '3', 'time': '20:00'}, {'place': '4', 'time': '20:00'}, {'place': '3', 'time': '21:00'}, {'place': '4', 'time': '21:00'}]
[12:00:56] [极速订场] 首单批次 group=primary (主组) items=[{'place': '3', 'time': '20:00'}, {'place': '3', 'time': '21:00'}, {'place': '4', 'time': '20:00'}, {'place': '4', 'time': '21:00'}]
[12:01:06] [极速订场] 首单 第1次提交 action=continue_delivery items=[{'place': '3', 'time': '20:00'}, {'place': '3', 'time': '21:00'}, {'place': '4', 'time': '20:00'}, {'place': '4', 'time': '21:00'}]
[12:01:10] [极速订场] refill 矩阵完成 fetch_n=1 wall=12:01:05.136 elapsed_ms=3089
[12:01:10] [极速订场] refill 分层求解 tier=连号满 used_need={'20:00': 2, '21:00': 2} 原缺口={'20:00': 2, '21:00': 2}
[12:01:11] [极速订场] refill POST发送 wall=12:01:06.045 campaign_ms=70092 items=[{'place': '3', 'time': '20:00'}, {'place': '3', 'time': '21:00'}, {'place': '4', 'time': '20:00'}, {'place': '4', 'time': '21:00'}]
[12:01:11] [极速订场] refill 第2次提交 action=switch_backup items=[{'place': '3', 'time': '20:00'}, {'place': '3', 'time': '21:00'}, {'place': '4', 'time': '20:00'}, {'place': '4', 'time': '21:00'}]
[12:01:11] [极速订场] refill 业务可重试/冲突类响应，下轮重拉矩阵: '预定失败,请返回重新选择日期'
[12:01:15] [极速订场] refill 矩阵完成 fetch_n=2 wall=12:01:09.690 elapsed_ms=2711
[12:01:15] [极速订场] refill 分层求解 tier=散号满 used_need={'20:00': 2, '21:00': 2} 原缺口={'20:00': 2, '21:00': 2}
[12:01:16] [极速订场] refill POST发送 wall=12:01:10.974 campaign_ms=75021 items=[{'place': '2', 'time': '21:00'}, {'place': '3', 'time': '21:00'}]
[12:01:26] [极速订场] refill 第3次提交 action=continue_delivery items=[{'place': '2', 'time': '21:00'}, {'place': '3', 'time': '21:00'}]
[12:01:27] [极速订场] refill 矩阵完成 fetch_n=3 wall=12:01:22.480 elapsed_ms=685
[12:01:27] [极速订场] refill 分层求解 tier=散号满 used_need={'20:00': 2, '21:00': 2} 原缺口={'20:00': 2, '21:00': 2}
[12:01:29] [极速订场] refill POST发送 wall=12:01:24.993 campaign_ms=89039 items=[{'place': '2', 'time': '21:00'}, {'place': '3', 'time': '21:00'}]
[12:01:39] [极速订场] refill 第4次提交 action=continue_delivery items=[{'place': '2', 'time': '21:00'}, {'place': '3', 'time': '21:00'}]
[12:01:43] [极速订场] refill 矩阵完成 fetch_n=4 wall=12:01:38.143 elapsed_ms=2330
[12:01:43] [极速订场] refill 分层求解 tier=散号满 used_need={'20:00': 2, '21:00': 2} 原缺口={'20:00': 2, '21:00': 2}
[12:01:44] [极速订场] refill POST发送 wall=12:01:39.011 campaign_ms=103057 items=[{'place': '6', 'time': '21:00'}, {'place': '8', 'time': '21:00'}]
[12:01:45] [极速订场] refill 第5次提交 action=stop_success items=[{'place': '6', 'time': '21:00'}, {'place': '8', 'time': '21:00'}]
[12:01:45] [极速订场] refill 请求被接受但目标约束未满足，继续下一轮重算
[12:01:50] [极速订场] refill 矩阵完成 fetch_n=5 wall=12:01:45.236 elapsed_ms=3706
[12:01:50] [极速订场] refill 本轮无满足约束候选，缺口={'20:00': 2, '21:00': 0}，短等待后重拉
[12:01:54] [极速订场] refill 矩阵完成 fetch_n=6 wall=12:01:49.210 elapsed_ms=3618
[12:01:54] [极速订场] refill 本轮无满足约束候选，缺口={'20:00': 2, '21:00': 0}，短等待后重拉
[12:01:58] [极速订场] refill 矩阵完成 fetch_n=7 wall=12:01:52.491 elapsed_ms=2925
[12:01:58] [极速订场] refill 本轮无满足约束候选，缺口={'20:00': 2, '21:00': 0}，短等待后重拉
[12:01:59] [极速订场] refill 矩阵完成 fetch_n=8 wall=12:01:54.747 elapsed_ms=1901
[12:01:59] [极速订场] refill 本轮无满足约束候选，缺口={'20:00': 2, '21:00': 0}，短等待后重拉
[12:02:02] [极速订场] refill 矩阵完成 fetch_n=9 wall=12:01:57.370 elapsed_ms=2266
[12:02:02] [极速订场] refill 本轮无满足约束候选，缺口={'20:00': 2, '21:00': 0}，短等待后重拉
[12:02:08] [极速订场] refill 矩阵完成 fetch_n=10 wall=12:02:01.853 elapsed_ms=4128
[12:02:08] [极速订场] refill 本轮无满足约束候选，缺口={'20:00': 2, '21:00': 0}，短等待后重拉
[12:02:10] [极速订场] refill 矩阵完成 fetch_n=11 wall=12:02:04.766 elapsed_ms=2557
[12:02:10] [极速订场] refill 本轮无满足约束候选，缺口={'20:00': 2, '21:00': 0}，短等待后重拉
[12:02:11] [极速订场] refill 矩阵完成 fetch_n=12 wall=12:02:07.094 elapsed_ms=1973
[12:02:11] [极速订场] refill 本轮无满足约束候选，缺口={'20:00': 2, '21:00': 0}，短等待后重拉
[12:02:13] [极速订场] refill 矩阵完成 fetch_n=13 wall=12:02:09.201 elapsed_ms=1752
[12:02:13] [极速订场] refill 本轮无满足约束候选，缺口={'20:00': 2, '21:00': 0}，短等待后重拉
[12:02:15] [极速订场] refill 矩阵完成 fetch_n=14 wall=12:02:10.444 elapsed_ms=887
[12:02:15] [极速订场] refill 本轮无满足约束候选，缺口={'20:00': 2, '21:00': 0}，短等待后重拉
[12:02:16] [极速订场] refill 矩阵完成 fetch_n=15 wall=12:02:11.687 elapsed_ms=888
[12:02:16] [极速订场] refill 本轮无满足约束候选，缺口={'20:00': 2, '21:00': 0}，短等待后重拉
[12:02:17] [极速订场] refill 矩阵完成 fetch_n=16 wall=12:02:12.970 elapsed_ms=928
[12:02:17] [极速订场] refill 本轮无满足约束候选，缺口={'20:00': 2, '21:00': 0}，短等待后重拉
[12:02:18] [极速订场] refill 矩阵完成 fetch_n=17 wall=12:02:14.277 elapsed_ms=951
[12:02:18] [极速订场] refill 本轮无满足约束候选，缺口={'20:00': 2, '21:00': 0}，短等待后重拉
[12:02:20] [极速订场] refill 矩阵完成 fetch_n=18 wall=12:02:15.590 elapsed_ms=956
[12:02:20] [极速订场] refill 本轮无满足约束候选，缺口={'20:00': 2, '21:00': 0}，短等待后重拉
[12:02:21] [极速订场] refill 矩阵完成 fetch_n=19 wall=12:02:16.478 elapsed_ms=534
[12:02:21] [极速订场] refill 本轮无满足约束候选，缺口={'20:00': 2, '21:00': 0}，短等待后重拉
[12:02:22] [极速订场] refill 矩阵完成 fetch_n=20 wall=12:02:17.387 elapsed_ms=554
[12:02:22] [极速订场] refill 本轮无满足约束候选，缺口={'20:00': 2, '21:00': 0}，短等待后重拉
[12:02:23] [极速订场] refill 矩阵完成 fetch_n=21 wall=12:02:18.797 elapsed_ms=1052
[12:02:23] [极速订场] refill 本轮无满足约束候选，缺口={'20:00': 2, '21:00': 0}，短等待后重拉
[12:02:24] [极速订场] refill 矩阵完成 fetch_n=22 wall=12:02:20.021 elapsed_ms=869
[12:02:24] [极速订场] refill 本轮无满足约束候选，缺口={'20:00': 2, '21:00': 0}，短等待后重拉
[12:02:25] [极速订场] refill 矩阵完成 fetch_n=23 wall=12:02:21.035 elapsed_ms=658
[12:02:25] [极速订场] refill 本轮无满足约束候选，缺口={'20:00': 2, '21:00': 0}，短等待后重拉
[12:02:27] [极速订场] refill 矩阵完成 fetch_n=24 wall=12:02:22.715 elapsed_ms=1324
[12:02:27] [极速订场] refill 本轮无满足约束候选，缺口={'20:00': 2, '21:00': 0}，短等待后重拉
[12:02:28] [极速订场] refill 矩阵完成 fetch_n=25 wall=12:02:24.304 elapsed_ms=1232
[12:02:28] [极速订场] refill 本轮无满足约束候选，缺口={'20:00': 2, '21:00': 0}，短等待后重拉
[12:02:30] [极速订场] refill 矩阵完成 fetch_n=26 wall=12:02:25.848 elapsed_ms=1188
[12:02:30] [极速订场] refill 本轮无满足约束候选，缺口={'20:00': 2, '21:00': 0}，短等待后重拉
[12:02:31] [极速订场] refill 矩阵完成 fetch_n=27 wall=12:02:27.199 elapsed_ms=997
[12:02:31] [极速订场] refill 本轮无满足约束候选，缺口={'20:00': 2, '21:00': 0}，短等待后重拉
[12:02:32] [极速订场] refill 矩阵完成 fetch_n=28 wall=12:02:28.268 elapsed_ms=714
[12:02:32] [极速订场] refill 本轮无满足约束候选，缺口={'20:00': 2, '21:00': 0}，短等待后重拉
[12:02:34] [极速订场] refill 矩阵完成 fetch_n=29 wall=12:02:29.417 elapsed_ms=793
[12:02:34] [极速订场] refill 本轮无满足约束候选，缺口={'20:00': 2, '21:00': 0}，短等待后重拉
[12:02:35] [极速订场] refill 矩阵完成 fetch_n=30 wall=12:02:30.948 elapsed_ms=1178
[12:02:35] [极速订场] refill 本轮无满足约束候选，缺口={'20:00': 2, '21:00': 0}，短等待后重拉
[12:02:37] [极速订场] refill 矩阵完成 fetch_n=31 wall=12:02:32.410 elapsed_ms=1107
[12:02:37] [极速订场] refill 本轮无满足约束候选，缺口={'20:00': 2, '21:00': 0}，短等待后重拉
[12:02:38] [极速订场] refill 矩阵完成 fetch_n=32 wall=12:02:33.420 elapsed_ms=655
[12:02:38] [极速订场] refill 本轮无满足约束候选，缺口={'20:00': 2, '21:00': 0}，短等待后重拉
[12:02:39] [极速订场] refill 矩阵完成 fetch_n=33 wall=12:02:35.438 elapsed_ms=1663
[12:02:39] [极速订场] refill 本轮无满足约束候选，缺口={'20:00': 2, '21:00': 0}，短等待后重拉
[12:02:41] [极速订场] refill 矩阵完成 fetch_n=34 wall=12:02:36.810 elapsed_ms=1017
[12:02:41] [极速订场] refill 本轮无满足约束候选，缺口={'20:00': 2, '21:00': 0}，短等待后重拉
[12:02:42] [极速订场] refill 矩阵完成 fetch_n=35 wall=12:02:38.305 elapsed_ms=1139
[12:02:42] [极速订场] refill 本轮无满足约束候选，缺口={'20:00': 2, '21:00': 0}，短等待后重拉
[12:02:44] [极速订场] refill 矩阵完成 fetch_n=36 wall=12:02:39.413 elapsed_ms=753
[12:02:44] [极速订场] refill 本轮无满足约束候选，缺口={'20:00': 2, '21:00': 0}，短等待后重拉
[12:02:45] [极速订场] refill 矩阵完成 fetch_n=37 wall=12:02:40.644 elapsed_ms=875
[12:02:45] [极速订场] refill 本轮无满足约束候选，缺口={'20:00': 2, '21:00': 0}，短等待后重拉
[12:02:46] [极速订场] refill 矩阵完成 fetch_n=38 wall=12:02:41.612 elapsed_ms=614
[12:02:46] [极速订场] refill 本轮无满足约束候选，缺口={'20:00': 2, '21:00': 0}，短等待后重拉
[12:02:46] [极速订场] refill 矩阵完成 fetch_n=39 wall=12:02:42.360 elapsed_ms=392
[12:02:46] [极速订场] refill 本轮无满足约束候选，缺口={'20:00': 2, '21:00': 0}，短等待后重拉
[12:02:48] [极速订场] refill 矩阵完成 fetch_n=40 wall=12:02:43.403 elapsed_ms=688
[12:02:48] [极速订场] refill 本轮无满足约束候选，缺口={'20:00': 2, '21:00': 0}，短等待后重拉
[12:02:49] [极速订场] refill 矩阵完成 fetch_n=41 wall=12:02:44.730 elapsed_ms=971
[12:02:49] [极速订场] refill 本轮无满足约束候选，缺口={'20:00': 2, '21:00': 0}，短等待后重拉
[12:02:50] [极速订场] refill 矩阵完成 fetch_n=42 wall=12:02:45.854 elapsed_ms=766
[12:02:50] [极速订场] refill 本轮无满足约束候选，缺口={'20:00': 2, '21:00': 0}，短等待后重拉
[12:02:51] [极速订场] refill 矩阵完成 fetch_n=43 wall=12:02:47.081 elapsed_ms=870
[12:02:51] [极速订场] refill 本轮无满足约束候选，缺口={'20:00': 2, '21:00': 0}，短等待后重拉
[12:02:52] [极速订场] refill 矩阵完成 fetch_n=44 wall=12:02:48.283 elapsed_ms=846
[12:02:52] [极速订场] refill 本轮无满足约束候选，缺口={'20:00': 2, '21:00': 0}，短等待后重拉
[12:02:54] [极速订场] refill 矩阵完成 fetch_n=45 wall=12:02:49.397 elapsed_ms=759
[12:02:54] [极速订场] refill 本轮无满足约束候选，缺口={'20:00': 2, '21:00': 0}，短等待后重拉
[12:02:55] [极速订场] refill 矩阵完成 fetch_n=46 wall=12:02:51.074 elapsed_ms=1320
[12:02:55] [极速订场] refill 本轮无满足约束候选，缺口={'20:00': 2, '21:00': 0}，短等待后重拉
[12:02:56] [极速订场] refill 矩阵完成 fetch_n=47 wall=12:02:52.048 elapsed_ms=619
[12:02:56] [极速订场] refill 本轮无满足约束候选，缺口={'20:00': 2, '21:00': 0}，短等待后重拉
[12:02:57] [极速订场] refill 矩阵完成 fetch_n=48 wall=12:02:53.234 elapsed_ms=831
[12:02:57] [极速订场] refill 本轮无满足约束候选，缺口={'20:00': 2, '21:00': 0}，短等待后重拉
[12:02:59] [极速订场] refill 矩阵完成 fetch_n=49 wall=12:02:54.524 elapsed_ms=935
[12:02:59] [极速订场] refill 本轮无满足约束候选，缺口={'20:00': 2, '21:00': 0}，短等待后重拉
[12:03:00] [极速订场] refill 矩阵完成 fetch_n=50 wall=12:02:55.611 elapsed_ms=732
[12:03:00] [极速订场] refill 本轮无满足约束候选，缺口={'20:00': 2, '21:00': 0}，短等待后重拉
[12:03:01] [极速订场] refill 矩阵完成 fetch_n=51 wall=12:02:56.764 elapsed_ms=798
[12:03:01] [极速订场] refill 本轮无满足约束候选，缺口={'20:00': 2, '21:00': 0}，短等待后重拉
[12:03:02] [极速订场] refill 矩阵完成 fetch_n=52 wall=12:02:57.980 elapsed_ms=860
[12:03:02] [极速订场] refill 本轮无满足约束候选，缺口={'20:00': 2, '21:00': 0}，短等待后重拉
[12:03:03] [极速订场] refill 矩阵完成 fetch_n=53 wall=12:02:59.053 elapsed_ms=720
[12:03:03] [极速订场] refill 本轮无满足约束候选，缺口={'20:00': 2, '21:00': 0}，短等待后重拉
[12:03:04] [极速订场] refill 矩阵完成 fetch_n=54 wall=12:02:59.919 elapsed_ms=512
[12:03:04] [极速订场] refill 本轮无满足约束候选，缺口={'20:00': 2, '21:00': 0}，短等待后重拉
[12:03:05] [极速订场] refill 矩阵完成 fetch_n=55 wall=12:03:00.887 elapsed_ms=611
[12:03:05] [极速订场] refill 本轮无满足约束候选，缺口={'20:00': 2, '21:00': 0}，短等待后重拉
[12:03:06] [极速订场] refill 矩阵完成 fetch_n=56 wall=12:03:01.708 elapsed_ms=467
[12:03:06] [极速订场] refill 本轮无满足约束候选，缺口={'20:00': 2, '21:00': 0}，短等待后重拉
[12:03:07] [极速订场] refill 矩阵完成 fetch_n=57 wall=12:03:02.970 elapsed_ms=903
[12:03:07] [极速订场] refill 本轮无满足约束候选，缺口={'20:00': 2, '21:00': 0}，短等待后重拉
[12:03:08] [极速订场] refill 矩阵完成 fetch_n=58 wall=12:03:04.222 elapsed_ms=897
[12:03:08] [极速订场] refill 本轮无满足约束候选，缺口={'20:00': 2, '21:00': 0}，短等待后重拉
[12:03:09] [极速订场] refill 矩阵完成 fetch_n=59 wall=12:03:05.400 elapsed_ms=821
[12:03:09] [极速订场] refill 本轮无满足约束候选，缺口={'20:00': 2, '21:00': 0}，短等待后重拉
[12:03:10] [极速订场] refill 矩阵完成 fetch_n=60 wall=12:03:06.435 elapsed_ms=680
[12:03:10] [极速订场] refill 本轮无满足约束候选，缺口={'20:00': 2, '21:00': 0}，短等待后重拉
[12:03:12] [极速订场] refill 矩阵完成 fetch_n=61 wall=12:03:07.340 elapsed_ms=549
[12:03:12] [极速订场] refill 本轮无满足约束候选，缺口={'20:00': 2, '21:00': 0}，短等待后重拉
[12:03:12] [极速订场] refill 矩阵完成 fetch_n=62 wall=12:03:08.153 elapsed_ms=458
[12:03:12] [极速订场] refill 本轮无满足约束候选，缺口={'20:00': 2, '21:00': 0}，短等待后重拉
[12:03:13] [极速订场] refill 矩阵完成 fetch_n=63 wall=12:03:09.190 elapsed_ms=681
[12:03:13] [极速订场] refill 本轮无满足约束候选，缺口={'20:00': 2, '21:00': 0}，短等待后重拉
[12:03:14] [极速订场] refill 矩阵完成 fetch_n=64 wall=12:03:10.225 elapsed_ms=680
[12:03:14] [极速订场] refill 本轮无满足约束候选，缺口={'20:00': 2, '21:00': 0}，短等待后重拉
[12:03:15] [极速订场] refill 矩阵完成 fetch_n=65 wall=12:03:11.130 elapsed_ms=549
[12:03:15] [极速订场] refill 本轮无满足约束候选，缺口={'20:00': 2, '21:00': 0}，短等待后重拉
[12:03:16] [极速订场] refill 矩阵完成 fetch_n=66 wall=12:03:12.016 elapsed_ms=531
[12:03:16] [极速订场] refill 本轮无满足约束候选，缺口={'20:00': 2, '21:00': 0}，短等待后重拉
[12:03:17] [极速订场] refill 矩阵完成 fetch_n=67 wall=12:03:12.909 elapsed_ms=535
[12:03:17] [极速订场] refill 本轮无满足约束候选，缺口={'20:00': 2, '21:00': 0}，短等待后重拉
[12:03:18] [极速订场] refill 矩阵完成 fetch_n=68 wall=12:03:13.896 elapsed_ms=631
[12:03:18] [极速订场] refill 本轮无满足约束候选，缺口={'20:00': 2, '21:00': 0}，短等待后重拉
[12:03:19] [极速订场] refill 矩阵完成 fetch_n=69 wall=12:03:14.970 elapsed_ms=718
[12:03:19] [极速订场] refill 本轮无满足约束候选，缺口={'20:00': 2, '21:00': 0}，短等待后重拉
[12:03:20] [极速订场] refill 矩阵完成 fetch_n=70 wall=12:03:15.927 elapsed_ms=602
[12:03:20] [极速订场] refill 本轮无满足约束候选，缺口={'20:00': 2, '21:00': 0}，短等待后重拉
[12:03:21] [极速订场] refill 矩阵完成 fetch_n=71 wall=12:03:16.957 elapsed_ms=674
[12:03:21] [极速订场] refill 本轮无满足约束候选，缺口={'20:00': 2, '21:00': 0}，短等待后重拉
[12:03:22] [极速订场] refill 矩阵完成 fetch_n=72 wall=12:03:17.999 elapsed_ms=687
[12:03:22] [极速订场] refill 本轮无满足约束候选，缺口={'20:00': 2, '21:00': 0}，短等待后重拉
[12:03:23] [极速订场] refill 矩阵完成 fetch_n=73 wall=12:03:18.962 elapsed_ms=608
[12:03:23] [极速订场] refill 本轮无满足约束候选，缺口={'20:00': 2, '21:00': 0}，短等待后重拉
[12:03:24] [极速订场] refill 矩阵完成 fetch_n=74 wall=12:03:20.121 elapsed_ms=804
[12:03:24] [极速订场] refill 本轮无满足约束候选，缺口={'20:00': 2, '21:00': 0}，短等待后重拉
[12:03:25] [极速订场] refill 矩阵完成 fetch_n=75 wall=12:03:20.884 elapsed_ms=407
[12:03:25] [极速订场] refill 本轮无满足约束候选，缺口={'20:00': 2, '21:00': 0}，短等待后重拉
[12:03:26] [极速订场] refill 矩阵完成 fetch_n=76 wall=12:03:22.087 elapsed_ms=849
[12:03:26] [极速订场] refill 本轮无满足约束候选，缺口={'20:00': 2, '21:00': 0}，短等待后重拉
[12:03:27] [极速订场] refill 矩阵完成 fetch_n=77 wall=12:03:23.023 elapsed_ms=583
[12:03:27] [极速订场] refill 本轮无满足约束候选，缺口={'20:00': 2, '21:00': 0}，短等待后重拉
[12:03:28] [极速订场] refill 矩阵完成 fetch_n=78 wall=12:03:23.777 elapsed_ms=399
[12:03:28] [极速订场] refill 本轮无满足约束候选，缺口={'20:00': 2, '21:00': 0}，短等待后重拉
[12:03:29] [极速订场] refill 矩阵完成 fetch_n=79 wall=12:03:24.641 elapsed_ms=511
[12:03:29] [极速订场] refill 本轮无满足约束候选，缺口={'20:00': 2, '21:00': 0}，短等待后重拉
[12:03:30] [极速订场] refill 矩阵完成 fetch_n=80 wall=12:03:26.093 elapsed_ms=1094
[12:03:30] [极速订场] refill 本轮无满足约束候选，缺口={'20:00': 2, '21:00': 0}，短等待后重拉
[12:03:31] [极速订场] refill 矩阵完成 fetch_n=81 wall=12:03:27.104 elapsed_ms=659
[12:03:31] [极速订场] refill 本轮无满足约束候选，缺口={'20:00': 2, '21:00': 0}，短等待后重拉
[12:03:32] [极速订场] refill 矩阵完成 fetch_n=82 wall=12:03:27.987 elapsed_ms=530
[12:03:32] [极速订场] refill 本轮无满足约束候选，缺口={'20:00': 2, '21:00': 0}，短等待后重拉
[12:03:33] [极速订场] refill 矩阵完成 fetch_n=83 wall=12:03:29.464 elapsed_ms=1122
[12:03:33] [极速订场] refill 本轮无满足约束候选，缺口={'20:00': 2, '21:00': 0}，短等待后重拉
[12:03:35] [极速订场] refill 矩阵完成 fetch_n=84 wall=12:03:30.636 elapsed_ms=818
[12:03:35] [极速订场] refill 本轮无满足约束候选，缺口={'20:00': 2, '21:00': 0}，短等待后重拉
[12:03:36] [极速订场] refill 矩阵完成 fetch_n=85 wall=12:03:31.375 elapsed_ms=385
[12:03:36] [极速订场] refill 本轮无满足约束候选，缺口={'20:00': 2, '21:00': 0}，短等待后重拉
[12:03:36] [极速订场] refill 矩阵完成 fetch_n=86 wall=12:03:32.212 elapsed_ms=483
[12:03:36] [极速订场] refill 本轮无满足约束候选，缺口={'20:00': 2, '21:00': 0}，短等待后重拉
[12:03:37] [极速订场] refill 矩阵完成 fetch_n=87 wall=12:03:33.031 elapsed_ms=443
[12:03:37] [极速订场] refill 本轮无满足约束候选，缺口={'20:00': 2, '21:00': 0}，短等待后重拉
[12:03:38] [极速订场] refill 矩阵完成 fetch_n=88 wall=12:03:34.356 elapsed_ms=971
[12:03:38] [极速订场] refill 本轮无满足约束候选，缺口={'20:00': 2, '21:00': 0}，短等待后重拉
[12:03:39] [极速订场] refill 矩阵完成 fetch_n=89 wall=12:03:35.165 elapsed_ms=455
[12:03:39] [极速订场] refill 本轮无满足约束候选，缺口={'20:00': 2, '21:00': 0}，短等待后重拉
[12:03:40] [极速订场] refill 矩阵完成 fetch_n=90 wall=12:03:36.256 elapsed_ms=736
[12:03:40] [极速订场] refill 本轮无满足约束候选，缺口={'20:00': 2, '21:00': 0}，短等待后重拉
[12:03:41] [极速订场] refill 矩阵完成 fetch_n=91 wall=12:03:37.139 elapsed_ms=528
[12:03:41] [极速订场] refill 本轮无满足约束候选，缺口={'20:00': 2, '21:00': 0}，短等待后重拉
[12:03:42] [极速订场] refill 矩阵完成 fetch_n=92 wall=12:03:38.314 elapsed_ms=820
[12:03:42] [极速订场] refill 本轮无满足约束候选，缺口={'20:00': 2, '21:00': 0}，短等待后重拉
[12:03:43] [极速订场] refill 矩阵完成 fetch_n=93 wall=12:03:39.292 elapsed_ms=625
[12:03:43] [极速订场] refill 本轮无满足约束候选，缺口={'20:00': 2, '21:00': 0}，短等待后重拉
[12:03:45] [极速订场] refill 矩阵完成 fetch_n=94 wall=12:03:40.462 elapsed_ms=814
[12:03:45] [极速订场] refill 本轮无满足约束候选，缺口={'20:00': 2, '21:00': 0}，短等待后重拉
[12:03:46] [极速订场] refill 矩阵完成 fetch_n=95 wall=12:03:41.417 elapsed_ms=601
[12:03:46] [极速订场] refill 本轮无满足约束候选，缺口={'20:00': 2, '21:00': 0}，短等待后重拉
[12:03:47] [极速订场] refill 矩阵完成 fetch_n=96 wall=12:03:42.643 elapsed_ms=872
[12:03:47] [极速订场] refill 本轮无满足约束候选，缺口={'20:00': 2, '21:00': 0}，短等待后重拉
[12:03:48] [极速订场] refill 矩阵完成 fetch_n=97 wall=12:03:43.808 elapsed_ms=811
[12:03:48] [极速订场] refill 本轮无满足约束候选，缺口={'20:00': 2, '21:00': 0}，短等待后重拉
[12:03:49] [极速订场] refill 矩阵完成 fetch_n=98 wall=12:03:44.923 elapsed_ms=761
[12:03:49] [极速订场] refill 本轮无满足约束候选，缺口={'20:00': 2, '21:00': 0}，短等待后重拉
[12:03:50] [极速订场] refill 矩阵完成 fetch_n=99 wall=12:03:45.906 elapsed_ms=629
[12:03:50] [极速订场] refill 本轮无满足约束候选，缺口={'20:00': 2, '21:00': 0}，短等待后重拉
[12:03:51] [极速订场] refill 矩阵完成 fetch_n=100 wall=12:03:47.051 elapsed_ms=791
[12:03:51] [极速订场] refill 本轮无满足约束候选，缺口={'20:00': 2, '21:00': 0}，短等待后重拉
[12:03:52] [极速订场] refill 矩阵完成 fetch_n=101 wall=12:03:47.917 elapsed_ms=510
[12:03:52] [极速订场] refill 本轮无满足约束候选，缺口={'20:00': 2, '21:00': 0}，短等待后重拉
[12:03:53] [极速订场] refill 矩阵完成 fetch_n=102 wall=12:03:49.032 elapsed_ms=760
[12:03:53] [极速订场] refill 本轮无满足约束候选，缺口={'20:00': 2, '21:00': 0}，短等待后重拉
[12:03:54] [极速订场] refill 矩阵完成 fetch_n=103 wall=12:03:50.251 elapsed_ms=865
[12:03:54] [极速订场] refill 本轮无满足约束候选，缺口={'20:00': 2, '21:00': 0}，短等待后重拉
[12:03:55] [极速订场] refill 矩阵完成 fetch_n=104 wall=12:03:51.206 elapsed_ms=600
[12:03:55] [极速订场] refill 本轮无满足约束候选，缺口={'20:00': 2, '21:00': 0}，短等待后重拉
[12:03:56] [极速订场] refill 矩阵完成 fetch_n=105 wall=12:03:52.340 elapsed_ms=779
[12:03:56] [极速订场] refill 本轮无满足约束候选，缺口={'20:00': 2, '21:00': 0}，短等待后重拉
[12:03:58] [极速订场] refill 矩阵完成 fetch_n=106 wall=12:03:53.619 elapsed_ms=924
[12:03:58] [极速订场] refill 本轮无满足约束候选，缺口={'20:00': 2, '21:00': 0}，短等待后重拉
[12:03:59] [极速订场] refill 矩阵完成 fetch_n=107 wall=12:03:54.699 elapsed_ms=724
[12:03:59] [极速订场] refill 本轮无满足约束候选，缺口={'20:00': 2, '21:00': 0}，短等待后重拉
[12:04:00] [极速订场] refill 矩阵完成 fetch_n=108 wall=12:03:55.557 elapsed_ms=503
[12:04:00] [极速订场] refill 本轮无满足约束候选，缺口={'20:00': 2, '21:00': 0}，短等待后重拉
[12:04:01] [极速订场] refill 矩阵完成 fetch_n=109 wall=12:03:56.510 elapsed_ms=596
[12:04:01] [极速订场] refill 本轮无满足约束候选，缺口={'20:00': 2, '21:00': 0}，短等待后重拉
[12:04:02] [极速订场] refill 矩阵完成 fetch_n=110 wall=12:03:57.564 elapsed_ms=699
[12:04:02] [极速订场] refill 本轮无满足约束候选，缺口={'20:00': 2, '21:00': 0}，短等待后重拉
[12:04:03] [极速订场] refill 矩阵完成 fetch_n=111 wall=12:03:58.536 elapsed_ms=619
[12:04:03] [极速订场] refill 本轮无满足约束候选，缺口={'20:00': 2, '21:00': 0}，短等待后重拉
[12:04:04] [极速订场] refill 矩阵完成 fetch_n=112 wall=12:04:00.028 elapsed_ms=1137
[12:04:04] [极速订场] refill 本轮无满足约束候选，缺口={'20:00': 2, '21:00': 0}，短等待后重拉
[12:04:05] [极速订场] refill 矩阵完成 fetch_n=113 wall=12:04:01.173 elapsed_ms=790
[12:04:05] [极速订场] refill 本轮无满足约束候选，缺口={'20:00': 2, '21:00': 0}，短等待后重拉
[12:04:06] [极速订场] refill 矩阵完成 fetch_n=114 wall=12:04:02.039 elapsed_ms=511
[12:04:06] [极速订场] refill 本轮无满足约束候选，缺口={'20:00': 2, '21:00': 0}，短等待后重拉
[12:04:07] [极速订场] refill 矩阵完成 fetch_n=115 wall=12:04:02.993 elapsed_ms=600
[12:04:07] [极速订场] refill 本轮无满足约束候选，缺口={'20:00': 2, '21:00': 0}，短等待后重拉
[12:04:08] [极速订场] refill 矩阵完成 fetch_n=116 wall=12:04:03.917 elapsed_ms=569
[12:04:08] [极速订场] refill 本轮无满足约束候选，缺口={'20:00': 2, '21:00': 0}，短等待后重拉
[12:04:09] [极速订场] refill 矩阵完成 fetch_n=117 wall=12:04:05.007 elapsed_ms=733
[12:04:09] [极速订场] refill 本轮无满足约束候选，缺口={'20:00': 2, '21:00': 0}，短等待后重拉
[12:04:10] [极速订场] refill 矩阵完成 fetch_n=118 wall=12:04:06.338 elapsed_ms=972
[12:04:10] [极速订场] refill 本轮无满足约束候选，缺口={'20:00': 2, '21:00': 0}，短等待后重拉
[12:04:11] [极速订场] refill 矩阵完成 fetch_n=119 wall=12:04:07.109 elapsed_ms=417
[12:04:11] [极速订场] refill 本轮无满足约束候选，缺口={'20:00': 2, '21:00': 0}，短等待后重拉
[12:04:12] [极速订场] refill 矩阵完成 fetch_n=120 wall=12:04:08.016 elapsed_ms=550
[12:04:12] [极速订场] refill 本轮无满足约束候选，缺口={'20:00': 2, '21:00': 0}，短等待后重拉
[12:04:13] [极速订场] refill 矩阵完成 fetch_n=121 wall=12:04:08.930 elapsed_ms=558
[12:04:13] [极速订场] refill 本轮无满足约束候选，缺口={'20:00': 2, '21:00': 0}，短等待后重拉
[12:04:14] [极速订场] refill 矩阵完成 fetch_n=122 wall=12:04:10.015 elapsed_ms=729
[12:04:14] [极速订场] refill 本轮无满足约束候选，缺口={'20:00': 2, '21:00': 0}，短等待后重拉
[12:04:15] [极速订场] refill 矩阵完成 fetch_n=123 wall=12:04:10.908 elapsed_ms=538
[12:04:15] [极速订场] refill 本轮无满足约束候选，缺口={'20:00': 2, '21:00': 0}，短等待后重拉
[12:04:16] [极速订场] refill 矩阵完成 fetch_n=124 wall=12:04:11.860 elapsed_ms=597
[12:04:16] [极速订场] refill 本轮无满足约束候选，缺口={'20:00': 2, '21:00': 0}，短等待后重拉
[12:04:17] [极速订场] refill 矩阵完成 fetch_n=125 wall=12:04:12.784 elapsed_ms=570
[12:04:17] [极速订场] refill 本轮无满足约束候选，缺口={'20:00': 2, '21:00': 0}，短等待后重拉
[12:04:18] [极速订场] refill 矩阵完成 fetch_n=126 wall=12:04:13.724 elapsed_ms=584
[12:04:18] [极速订场] refill 本轮无满足约束候选，缺口={'20:00': 2, '21:00': 0}，短等待后重拉
[12:04:19] [极速订场] refill 矩阵完成 fetch_n=127 wall=12:04:14.555 elapsed_ms=473
[12:04:19] [极速订场] refill 本轮无满足约束候选，缺口={'20:00': 2, '21:00': 0}，短等待后重拉
[12:04:20] [极速订场] refill 矩阵完成 fetch_n=128 wall=12:04:15.518 elapsed_ms=606
[12:04:20] [极速订场] refill 本轮无满足约束候选，缺口={'20:00': 2, '21:00': 0}，短等待后重拉
[12:04:21] [极速订场] refill 矩阵完成 fetch_n=129 wall=12:04:16.403 elapsed_ms=530
[12:04:21] [极速订场] refill 本轮无满足约束候选，缺口={'20:00': 2, '21:00': 0}，短等待后重拉
[12:04:22] [极速订场] refill 矩阵完成 fetch_n=130 wall=12:04:17.494 elapsed_ms=736
[12:04:22] [极速订场] refill 本轮无满足约束候选，缺口={'20:00': 2, '21:00': 0}，短等待后重拉
[12:04:23] [极速订场] refill 矩阵完成 fetch_n=131 wall=12:04:18.678 elapsed_ms=829
[12:04:23] [极速订场] refill 本轮无满足约束候选，缺口={'20:00': 2, '21:00': 0}，短等待后重拉
[12:04:24] [极速订场] refill 矩阵完成 fetch_n=132 wall=12:04:19.518 elapsed_ms=486
[12:04:24] [极速订场] refill 本轮无满足约束候选，缺口={'20:00': 2, '21:00': 0}，短等待后重拉
[12:04:25] [极速订场] refill 矩阵完成 fetch_n=133 wall=12:04:20.366 elapsed_ms=493
[12:04:25] [极速订场] refill 本轮无满足约束候选，缺口={'20:00': 2, '21:00': 0}，短等待后重拉
[12:04:26] [极速订场] refill 矩阵完成 fetch_n=134 wall=12:04:21.443 elapsed_ms=722
[12:04:26] [极速订场] refill 本轮无满足约束候选，缺口={'20:00': 2, '21:00': 0}，短等待后重拉
[12:04:26] [极速订场] refill 矩阵完成 fetch_n=135 wall=12:04:22.278 elapsed_ms=480
[12:04:26] [极速订场] refill 本轮无满足约束候选，缺口={'20:00': 2, '21:00': 0}，短等待后重拉
[12:04:27] [极速订场] refill 矩阵完成 fetch_n=136 wall=12:04:23.130 elapsed_ms=487
[12:04:27] [极速订场] refill 本轮无满足约束候选，缺口={'20:00': 2, '21:00': 0}，短等待后重拉
[12:04:28] [极速订场] refill 矩阵完成 fetch_n=137 wall=12:04:23.896 elapsed_ms=410
[12:04:28] [极速订场] refill 本轮无满足约束候选，缺口={'20:00': 2, '21:00': 0}，短等待后重拉
[12:04:29] [极速订场] refill 矩阵完成 fetch_n=138 wall=12:04:24.893 elapsed_ms=642
[12:04:29] [极速订场] refill 本轮无满足约束候选，缺口={'20:00': 2, '21:00': 0}，短等待后重拉
[12:04:30] [极速订场] refill 矩阵完成 fetch_n=139 wall=12:04:25.901 elapsed_ms=650
[12:04:30] [极速订场] refill 本轮无满足约束候选，缺口={'20:00': 2, '21:00': 0}，短等待后重拉
[12:04:31] [极速订场] refill 矩阵完成 fetch_n=140 wall=12:04:26.971 elapsed_ms=715
[12:04:31] [极速订场] refill 本轮无满足约束候选，缺口={'20:00': 2, '21:00': 0}，短等待后重拉
[12:04:32] [极速订场] refill 矩阵完成 fetch_n=141 wall=12:04:27.946 elapsed_ms=619
[12:04:32] [极速订场] refill 本轮无满足约束候选，缺口={'20:00': 2, '21:00': 0}，短等待后重拉
[12:04:33] [极速订场] refill 矩阵完成 fetch_n=142 wall=12:04:28.820 elapsed_ms=518
[12:04:33] [极速订场] refill 本轮无满足约束候选，缺口={'20:00': 2, '21:00': 0}，短等待后重拉
[12:04:34] [极速订场] refill 矩阵完成 fetch_n=143 wall=12:04:29.757 elapsed_ms=580
[12:04:34] [极速订场] refill 本轮无满足约束候选，缺口={'20:00': 2, '21:00': 0}，短等待后重拉
[12:04:35] [极速订场] refill 矩阵完成 fetch_n=144 wall=12:04:30.720 elapsed_ms=608
[12:04:35] [极速订场] refill 本轮无满足约束候选，缺口={'20:00': 2, '21:00': 0}，短等待后重拉
[12:04:36] [极速订场] refill 矩阵完成 fetch_n=145 wall=12:04:31.602 elapsed_ms=527
[12:04:36] [极速订场] refill 本轮无满足约束候选，缺口={'20:00': 2, '21:00': 0}，短等待后重拉
[12:04:37] [极速订场] refill 矩阵完成 fetch_n=146 wall=12:04:32.824 elapsed_ms=867
[12:04:37] [极速订场] refill 本轮无满足约束候选，缺口={'20:00': 2, '21:00': 0}，短等待后重拉
[12:04:38] [极速订场] refill 矩阵完成 fetch_n=147 wall=12:04:33.885 elapsed_ms=701
[12:04:38] [极速订场] refill 本轮无满足约束候选，缺口={'20:00': 2, '21:00': 0}，短等待后重拉
[12:04:39] [极速订场] refill 矩阵完成 fetch_n=148 wall=12:04:34.633 elapsed_ms=392
[12:04:39] [极速订场] refill 本轮无满足约束候选，缺口={'20:00': 2, '21:00': 0}，短等待后重拉
[12:04:40] [极速订场] refill 矩阵完成 fetch_n=149 wall=12:04:35.418 elapsed_ms=429
[12:04:40] [极速订场] refill 本轮无满足约束候选，缺口={'20:00': 2, '21:00': 0}，短等待后重拉
[12:04:41] [极速订场] refill 矩阵完成 fetch_n=150 wall=12:04:36.457 elapsed_ms=681
[12:04:41] [极速订场] refill 本轮无满足约束候选，缺口={'20:00': 2, '21:00': 0}，短等待后重拉
[12:04:41] [极速订场] refill 矩阵完成 fetch_n=151 wall=12:04:37.431 elapsed_ms=616
[12:04:41] [极速订场] refill 本轮无满足约束候选，缺口={'20:00': 2, '21:00': 0}，短等待后重拉
[12:04:43] [极速订场] refill 矩阵完成 fetch_n=152 wall=12:04:38.660 elapsed_ms=874
[12:04:43] [极速订场] refill 本轮无满足约束候选，缺口={'20:00': 2, '21:00': 0}，短等待后重拉
[12:04:44] [极速订场] refill 矩阵完成 fetch_n=153 wall=12:04:39.618 elapsed_ms=604
[12:04:44] [极速订场] refill 本轮无满足约束候选，缺口={'20:00': 2, '21:00': 0}，短等待后重拉
[12:04:45] [极速订场] refill 矩阵完成 fetch_n=154 wall=12:04:40.491 elapsed_ms=518
[12:04:45] [极速订场] refill 本轮无满足约束候选，缺口={'20:00': 2, '21:00': 0}，短等待后重拉
[12:04:46] [极速订场] refill 矩阵完成 fetch_n=155 wall=12:04:41.770 elapsed_ms=924
[12:04:46] [极速订场] refill 本轮无满足约束候选，缺口={'20:00': 2, '21:00': 0}，短等待后重拉
[12:04:47] [极速订场] refill 矩阵完成 fetch_n=156 wall=12:04:43.213 elapsed_ms=1088
[12:04:47] [极速订场] refill 本轮无满足约束候选，缺口={'20:00': 2, '21:00': 0}，短等待后重拉
[12:04:48] [极速订场] refill 矩阵完成 fetch_n=157 wall=12:04:44.079 elapsed_ms=510
[12:04:48] [极速订场] refill 本轮无满足约束候选，缺口={'20:00': 2, '21:00': 0}，短等待后重拉
[12:04:49] [极速订场] refill 矩阵完成 fetch_n=158 wall=12:04:44.891 elapsed_ms=457
[12:04:49] [极速订场] refill 本轮无满足约束候选，缺口={'20:00': 2, '21:00': 0}，短等待后重拉
[12:04:50] [极速订场] refill 矩阵完成 fetch_n=159 wall=12:04:45.781 elapsed_ms=534
[12:04:50] [极速订场] refill 本轮无满足约束候选，缺口={'20:00': 2, '21:00': 0}，短等待后重拉
[12:04:51] [极速订场] refill 矩阵完成 fetch_n=160 wall=12:04:46.905 elapsed_ms=770
[12:04:51] [极速订场] refill 本轮无满足约束候选，缺口={'20:00': 2, '21:00': 0}，短等待后重拉
[12:04:52] [极速订场] refill 矩阵完成 fetch_n=161 wall=12:04:48.130 elapsed_ms=866
[12:04:52] [极速订场] refill 本轮无满足约束候选，缺口={'20:00': 2, '21:00': 0}，短等待后重拉
[12:04:53] [极速订场] refill 矩阵完成 fetch_n=162 wall=12:04:49.181 elapsed_ms=695
[12:04:53] [极速订场] refill 本轮无满足约束候选，缺口={'20:00': 2, '21:00': 0}，短等待后重拉
[12:04:54] [极速订场] refill 矩阵完成 fetch_n=163 wall=12:04:50.091 elapsed_ms=553
[12:04:54] [极速订场] refill 本轮无满足约束候选，缺口={'20:00': 2, '21:00': 0}，短等待后重拉
[12:04:55] [极速订场] refill 矩阵完成 fetch_n=164 wall=12:04:51.052 elapsed_ms=605
[12:04:55] [极速订场] refill 本轮无满足约束候选，缺口={'20:00': 2, '21:00': 0}，短等待后重拉
[12:04:56] [极速订场] refill 矩阵完成 fetch_n=165 wall=12:04:51.838 elapsed_ms=429
[12:04:56] [极速订场] refill 本轮无满足约束候选，缺口={'20:00': 2, '21:00': 0}，短等待后重拉
[12:04:57] [极速订场] refill 矩阵完成 fetch_n=166 wall=12:04:52.674 elapsed_ms=473
[12:04:57] [极速订场] refill 本轮无满足约束候选，缺口={'20:00': 2, '21:00': 0}，短等待后重拉
[12:04:58] [极速订场] refill 矩阵完成 fetch_n=167 wall=12:04:53.730 elapsed_ms=701
[12:04:58] [极速订场] refill 本轮无满足约束候选，缺口={'20:00': 2, '21:00': 0}，短等待后重拉
[12:04:59] [极速订场] refill 矩阵完成 fetch_n=168 wall=12:04:55.090 elapsed_ms=1002
[12:04:59] [极速订场] refill 本轮无满足约束候选，缺口={'20:00': 2, '21:00': 0}，短等待后重拉
[12:05:00] [极速订场] refill 矩阵完成 fetch_n=169 wall=12:04:56.224 elapsed_ms=779
[12:05:00] [极速订场] refill 本轮无满足约束候选，缺口={'20:00': 2, '21:00': 0}，短等待后重拉
[12:05:01] [极速订场] refill 矩阵完成 fetch_n=170 wall=12:04:57.130 elapsed_ms=549
[12:05:01] [极速订场] refill 本轮无满足约束候选，缺口={'20:00': 2, '21:00': 0}，短等待后重拉
[12:05:02] [极速订场] refill 矩阵完成 fetch_n=171 wall=12:04:58.084 elapsed_ms=599
[12:05:02] [极速订场] refill 本轮无满足约束候选，缺口={'20:00': 2, '21:00': 0}，短等待后重拉
[12:05:03] [极速订场] refill 矩阵完成 fetch_n=172 wall=12:04:58.965 elapsed_ms=526
[12:05:03] [极速订场] refill 本轮无满足约束候选，缺口={'20:00': 2, '21:00': 0}，短等待后重拉
[12:05:04] [极速订场] refill 矩阵完成 fetch_n=173 wall=12:05:00.133 elapsed_ms=811
[12:05:04] [极速订场] refill 本轮无满足约束候选，缺口={'20:00': 2, '21:00': 0}，短等待后重拉
[12:05:05] [极速订场] refill 矩阵完成 fetch_n=174 wall=12:05:01.053 elapsed_ms=564
[12:05:05] [极速订场] refill 本轮无满足约束候选，缺口={'20:00': 2, '21:00': 0}，短等待后重拉
[12:05:06] [极速订场] refill 矩阵完成 fetch_n=175 wall=12:05:01.942 elapsed_ms=534
[12:05:06] [极速订场] refill 本轮无满足约束候选，缺口={'20:00': 2, '21:00': 0}，短等待后重拉
[12:05:07] [极速订场] refill 矩阵完成 fetch_n=176 wall=12:05:02.812 elapsed_ms=514
[12:05:07] [极速订场] refill 本轮无满足约束候选，缺口={'20:00': 2, '21:00': 0}，短等待后重拉
[12:05:08] [极速订场] refill 矩阵完成 fetch_n=177 wall=12:05:04.172 elapsed_ms=1004
[12:05:08] [极速订场] refill 本轮无满足约束候选，缺口={'20:00': 2, '21:00': 0}，短等待后重拉
[12:05:09] [极速订场] refill 矩阵完成 fetch_n=178 wall=12:05:05.037 elapsed_ms=506
[12:05:09] [极速订场] refill 本轮无满足约束候选，缺口={'20:00': 2, '21:00': 0}，短等待后重拉
[12:05:10] [极速订场] refill 矩阵完成 fetch_n=179 wall=12:05:05.901 elapsed_ms=509
[12:05:10] [极速订场] refill 本轮无满足约束候选，缺口={'20:00': 2, '21:00': 0}，短等待后重拉
[12:05:11] [极速订场] refill 矩阵完成 fetch_n=180 wall=12:05:06.970 elapsed_ms=714
[12:05:11] [极速订场] refill 本轮无满足约束候选，缺口={'20:00': 2, '21:00': 0}，短等待后重拉
[12:05:12] [极速订场] refill get_matrix 失败: fail，0.35s 后重试
[12:05:13] [极速订场] refill 矩阵完成 fetch_n=182 wall=12:05:08.560 elapsed_ms=736
[12:05:13] [极速订场] refill 本轮无满足约束候选，缺口={'20:00': 2, '21:00': 0}，短等待后重拉
[12:05:14] [极速订场] refill 矩阵完成 fetch_n=183 wall=12:05:09.361 elapsed_ms=446
[12:05:14] [极速订场] refill 本轮无满足约束候选，缺口={'20:00': 2, '21:00': 0}，短等待后重拉
[12:05:14] [极速订场] refill 矩阵完成 fetch_n=184 wall=12:05:10.160 elapsed_ms=443
[12:05:14] [极速订场] refill 本轮无满足约束候选，缺口={'20:00': 2, '21:00': 0}，短等待后重拉
[12:05:15] [极速订场] refill 矩阵完成 fetch_n=185 wall=12:05:11.093 elapsed_ms=576
[12:05:15] [极速订场] refill 本轮无满足约束候选，缺口={'20:00': 2, '21:00': 0}，短等待后重拉
[12:05:16] [极速订场] refill 矩阵完成 fetch_n=186 wall=12:05:12.107 elapsed_ms=658
[12:05:16] [极速订场] refill 本轮无满足约束候选，缺口={'20:00': 2, '21:00': 0}，短等待后重拉
[12:05:17] [极速订场] refill 矩阵完成 fetch_n=187 wall=12:05:13.006 elapsed_ms=542
[12:05:17] [极速订场] refill 本轮无满足约束候选，缺口={'20:00': 2, '21:00': 0}，短等待后重拉
[12:05:18] [极速订场] refill 矩阵完成 fetch_n=188 wall=12:05:14.011 elapsed_ms=649
[12:05:18] [极速订场] refill 本轮无满足约束候选，缺口={'20:00': 2, '21:00': 0}，短等待后重拉
[12:05:19] [极速订场] refill 矩阵完成 fetch_n=189 wall=12:05:15.018 elapsed_ms=651
[12:05:19] [极速订场] refill 本轮无满足约束候选，缺口={'20:00': 2, '21:00': 0}，短等待后重拉
[12:05:20] [极速订场] refill 矩阵完成 fetch_n=190 wall=12:05:15.991 elapsed_ms=616
[12:05:20] [极速订场] refill 本轮无满足约束候选，缺口={'20:00': 2, '21:00': 0}，短等待后重拉
[12:05:21] [极速订场] refill 矩阵完成 fetch_n=191 wall=12:05:17.214 elapsed_ms=863
[12:05:21] [极速订场] refill 本轮无满足约束候选，缺口={'20:00': 2, '21:00': 0}，短等待后重拉
[12:05:22] [极速订场] refill 矩阵完成 fetch_n=192 wall=12:05:18.372 elapsed_ms=802
[12:05:22] [极速订场] refill 本轮无满足约束候选，缺口={'20:00': 2, '21:00': 0}，短等待后重拉
[12:05:24] [极速订场] refill 矩阵完成 fetch_n=193 wall=12:05:19.361 elapsed_ms=635
[12:05:24] [极速订场] refill 本轮无满足约束候选，缺口={'20:00': 2, '21:00': 0}，短等待后重拉
[12:05:25] [极速订场] refill 矩阵完成 fetch_n=194 wall=12:05:20.582 elapsed_ms=865
[12:05:25] [极速订场] refill 本轮无满足约束候选，缺口={'20:00': 2, '21:00': 0}，短等待后重拉
[12:05:26] [极速订场] refill 矩阵完成 fetch_n=195 wall=12:05:21.476 elapsed_ms=538
[12:05:26] [极速订场] refill 本轮无满足约束候选，缺口={'20:00': 2, '21:00': 0}，短等待后重拉
[12:05:27] [极速订场] refill 矩阵完成 fetch_n=196 wall=12:05:22.431 elapsed_ms=598
[12:05:27] [极速订场] refill 本轮无满足约束候选，缺口={'20:00': 2, '21:00': 0}，短等待后重拉
[12:05:27] [极速订场] refill 矩阵完成 fetch_n=197 wall=12:05:23.448 elapsed_ms=661
[12:05:27] [极速订场] refill 本轮无满足约束候选，缺口={'20:00': 2, '21:00': 0}，短等待后重拉
[12:05:29] [极速订场] refill 矩阵完成 fetch_n=198 wall=12:05:24.415 elapsed_ms=612
[12:05:29] [极速订场] refill 本轮无满足约束候选，缺口={'20:00': 2, '21:00': 0}，短等待后重拉
[12:05:29] [极速订场] refill 矩阵完成 fetch_n=199 wall=12:05:25.292 elapsed_ms=522
[12:05:29] [极速订场] refill 本轮无满足约束候选，缺口={'20:00': 2, '21:00': 0}，短等待后重拉
[12:05:30] [极速订场] refill 矩阵完成 fetch_n=200 wall=12:05:26.213 elapsed_ms=563
[12:05:30] [极速订场] refill 本轮无满足约束候选，缺口={'20:00': 2, '21:00': 0}，短等待后重拉
[12:05:31] [极速订场] refill 矩阵完成 fetch_n=201 wall=12:05:27.001 elapsed_ms=432
[12:05:31] [极速订场] refill 本轮无满足约束候选，缺口={'20:00': 2, '21:00': 0}，短等待后重拉
[12:05:32] [极速订场] refill 矩阵完成 fetch_n=202 wall=12:05:27.817 elapsed_ms=458
[12:05:32] [极速订场] refill 本轮无满足约束候选，缺口={'20:00': 2, '21:00': 0}，短等待后重拉
[12:05:33] [极速订场] refill 矩阵完成 fetch_n=203 wall=12:05:28.713 elapsed_ms=540
[12:05:33] [极速订场] refill 本轮无满足约束候选，缺口={'20:00': 2, '21:00': 0}，短等待后重拉
[12:05:34] [极速订场] refill 矩阵完成 fetch_n=204 wall=12:05:29.829 elapsed_ms=760
[12:05:34] [极速订场] refill 本轮无满足约束候选，缺口={'20:00': 2, '21:00': 0}，短等待后重拉
[12:05:35] [极速订场] refill 矩阵完成 fetch_n=205 wall=12:05:30.825 elapsed_ms=642
[12:05:35] [极速订场] refill 本轮无满足约束候选，缺口={'20:00': 2, '21:00': 0}，短等待后重拉
[12:05:36] [极速订场] refill 矩阵完成 fetch_n=206 wall=12:05:31.682 elapsed_ms=502
[12:05:36] [极速订场] refill 本轮无满足约束候选，缺口={'20:00': 2, '21:00': 0}，短等待后重拉
[12:05:37] [极速订场] refill 矩阵完成 fetch_n=207 wall=12:05:32.534 elapsed_ms=495
[12:05:37] [极速订场] refill 本轮无满足约束候选，缺口={'20:00': 2, '21:00': 0}，短等待后重拉
[12:05:38] [极速订场] refill 矩阵完成 fetch_n=208 wall=12:05:33.575 elapsed_ms=684
[12:05:38] [极速订场] refill 本轮无满足约束候选，缺口={'20:00': 2, '21:00': 0}，短等待后重拉
[12:05:39] [极速订场] refill 矩阵完成 fetch_n=209 wall=12:05:34.627 elapsed_ms=694
[12:05:39] [极速订场] refill 本轮无满足约束候选，缺口={'20:00': 2, '21:00': 0}，短等待后重拉
[12:05:40] [极速订场] refill 矩阵完成 fetch_n=210 wall=12:05:35.531 elapsed_ms=547
[12:05:40] [极速订场] refill 本轮无满足约束候选，缺口={'20:00': 2, '21:00': 0}，短等待后重拉
[12:05:40] [极速订场] refill 矩阵完成 fetch_n=211 wall=12:05:36.277 elapsed_ms=389
[12:05:40] [极速订场] refill 本轮无满足约束候选，缺口={'20:00': 2, '21:00': 0}，短等待后重拉
[12:05:41] [极速订场] refill 矩阵完成 fetch_n=212 wall=12:05:37.230 elapsed_ms=597
[12:05:41] [极速订场] refill 本轮无满足约束候选，缺口={'20:00': 2, '21:00': 0}，短等待后重拉
[12:05:42] [极速订场] refill 矩阵完成 fetch_n=213 wall=12:05:38.177 elapsed_ms=593
[12:05:42] [极速订场] refill 本轮无满足约束候选，缺口={'20:00': 2, '21:00': 0}，短等待后重拉
[12:05:43] [极速订场] refill 矩阵完成 fetch_n=214 wall=12:05:39.129 elapsed_ms=597
[12:05:43] [极速订场] refill 本轮无满足约束候选，缺口={'20:00': 2, '21:00': 0}，短等待后重拉
[12:05:44] [极速订场] refill 矩阵完成 fetch_n=215 wall=12:05:40.057 elapsed_ms=571
[12:05:44] [极速订场] refill 本轮无满足约束候选，缺口={'20:00': 2, '21:00': 0}，短等待后重拉
[12:05:45] [极速订场] refill 矩阵完成 fetch_n=216 wall=12:05:41.100 elapsed_ms=687
[12:05:45] [极速订场] refill 本轮无满足约束候选，缺口={'20:00': 2, '21:00': 0}，短等待后重拉
[12:05:46] [极速订场] refill 矩阵完成 fetch_n=217 wall=12:05:41.934 elapsed_ms=472
[12:05:46] [极速订场] refill 本轮无满足约束候选，缺口={'20:00': 2, '21:00': 0}，短等待后重拉
[12:05:47] [极速订场] refill 矩阵完成 fetch_n=218 wall=12:05:42.921 elapsed_ms=631
[12:05:47] [极速订场] refill 本轮无满足约束候选，缺口={'20:00': 2, '21:00': 0}，短等待后重拉
[12:05:48] [极速订场] refill 矩阵完成 fetch_n=219 wall=12:05:43.926 elapsed_ms=645
[12:05:48] [极速订场] refill 本轮无满足约束候选，缺口={'20:00': 2, '21:00': 0}，短等待后重拉
[12:05:49] [极速订场] refill 矩阵完成 fetch_n=220 wall=12:05:45.056 elapsed_ms=774
[12:05:49] [极速订场] refill 本轮无满足约束候选，缺口={'20:00': 2, '21:00': 0}，短等待后重拉
[12:05:50] [极速订场] refill 矩阵完成 fetch_n=221 wall=12:05:46.173 elapsed_ms=758
[12:05:50] [极速订场] refill 本轮无满足约束候选，缺口={'20:00': 2, '21:00': 0}，短等待后重拉
[12:05:51] [极速订场] refill 矩阵完成 fetch_n=222 wall=12:05:47.190 elapsed_ms=657
[12:05:51] [极速订场] refill 本轮无满足约束候选，缺口={'20:00': 2, '21:00': 0}，短等待后重拉
[12:05:52] [极速订场] refill 矩阵完成 fetch_n=223 wall=12:05:48.046 elapsed_ms=499
[12:05:52] [极速订场] refill 本轮无满足约束候选，缺口={'20:00': 2, '21:00': 0}，短等待后重拉
[12:05:53] [极速订场] refill 矩阵完成 fetch_n=224 wall=12:05:49.157 elapsed_ms=757
[12:05:53] [极速订场] refill 本轮无满足约束候选，缺口={'20:00': 2, '21:00': 0}，短等待后重拉
[12:05:54] [极速订场] refill 矩阵完成 fetch_n=225 wall=12:05:50.176 elapsed_ms=664
[12:05:54] [极速订场] refill 本轮无满足约束候选，缺口={'20:00': 2, '21:00': 0}，短等待后重拉
[12:05:55] [极速订场] refill 矩阵完成 fetch_n=226 wall=12:05:50.999 elapsed_ms=468
[12:05:55] [极速订场] refill 本轮无满足约束候选，缺口={'20:00': 2, '21:00': 0}，短等待后重拉
[12:05:56] [极速订场] refill 矩阵完成 fetch_n=227 wall=12:05:51.848 elapsed_ms=492
[12:05:56] [极速订场] refill 本轮无满足约束候选，缺口={'20:00': 2, '21:00': 0}，短等待后重拉
[12:05:57] [极速订场] refill 矩阵完成 fetch_n=228 wall=12:05:52.833 elapsed_ms=630
[12:05:57] [极速订场] refill 本轮无满足约束候选，缺口={'20:00': 2, '21:00': 0}，短等待后重拉
[12:05:58] [极速订场] refill 矩阵完成 fetch_n=229 wall=12:05:53.920 elapsed_ms=732
[12:05:58] [极速订场] refill 本轮无满足约束候选，缺口={'20:00': 2, '21:00': 0}，短等待后重拉
[12:05:59] [极速订场] refill 矩阵完成 fetch_n=230 wall=12:05:54.881 elapsed_ms=606
[12:05:59] [极速订场] refill 本轮无满足约束候选，缺口={'20:00': 2, '21:00': 0}，短等待后重拉
[12:06:00] [极速订场] refill 矩阵完成 fetch_n=231 wall=12:05:55.692 elapsed_ms=455
[12:06:00] [极速订场] refill 本轮无满足约束候选，缺口={'20:00': 2, '21:00': 0}，短等待后重拉
[12:06:01] [极速订场] refill 矩阵完成 fetch_n=232 wall=12:05:56.492 elapsed_ms=446
[12:06:01] [极速订场] refill 本轮无满足约束候选，缺口={'20:00': 2, '21:00': 0}，短等待后重拉
[12:06:02] [极速订场] refill 矩阵完成 fetch_n=233 wall=12:05:57.501 elapsed_ms=656
[12:06:02] [极速订场] refill 本轮无满足约束候选，缺口={'20:00': 2, '21:00': 0}，短等待后重拉
[12:06:03] [极速订场] refill 矩阵完成 fetch_n=234 wall=12:05:58.565 elapsed_ms=707
[12:06:03] [极速订场] refill 本轮无满足约束候选，缺口={'20:00': 2, '21:00': 0}，短等待后重拉
[12:06:04] [极速订场] refill 矩阵完成 fetch_n=235 wall=12:05:59.425 elapsed_ms=505
[12:06:04] [极速订场] refill 本轮无满足约束候选，缺口={'20:00': 2, '21:00': 0}，短等待后重拉
[12:06:04] [极速订场] refill 矩阵完成 fetch_n=236 wall=12:06:00.349 elapsed_ms=568
[12:06:04] [极速订场] refill 本轮无满足约束候选，缺口={'20:00': 2, '21:00': 0}，短等待后重拉
[12:06:05] [极速订场] refill 矩阵完成 fetch_n=237 wall=12:06:01.374 elapsed_ms=667
[12:06:05] [极速订场] refill 本轮无满足约束候选，缺口={'20:00': 2, '21:00': 0}，短等待后重拉
[12:06:07] [极速订场] refill 矩阵完成 fetch_n=238 wall=12:06:02.572 elapsed_ms=842
[12:06:07] [极速订场] refill 本轮无满足约束候选，缺口={'20:00': 2, '21:00': 0}，短等待后重拉
[12:06:08] [极速订场] refill 矩阵完成 fetch_n=239 wall=12:06:03.366 elapsed_ms=439
[12:06:08] [极速订场] refill 本轮无满足约束候选，缺口={'20:00': 2, '21:00': 0}，短等待后重拉
[12:06:09] [极速订场] refill 矩阵完成 fetch_n=240 wall=12:06:04.678 elapsed_ms=956
[12:06:09] [极速订场] refill 本轮无满足约束候选，缺口={'20:00': 2, '21:00': 0}，短等待后重拉
[12:06:10] [极速订场] refill 矩阵完成 fetch_n=241 wall=12:06:05.595 elapsed_ms=562
[12:06:10] [极速订场] refill 本轮无满足约束候选，缺口={'20:00': 2, '21:00': 0}，短等待后重拉
[12:06:11] [极速订场] refill 矩阵完成 fetch_n=242 wall=12:06:06.446 elapsed_ms=498
[12:06:11] [极速订场] refill 本轮无满足约束候选，缺口={'20:00': 2, '21:00': 0}，短等待后重拉
[12:06:12] [极速订场] refill 矩阵完成 fetch_n=243 wall=12:06:07.448 elapsed_ms=647
[12:06:12] [极速订场] refill 本轮无满足约束候选，缺口={'20:00': 2, '21:00': 0}，短等待后重拉
[12:06:12] [极速订场] refill 矩阵完成 fetch_n=244 wall=12:06:08.305 elapsed_ms=502
[12:06:12] [极速订场] refill 本轮无满足约束候选，缺口={'20:00': 2, '21:00': 0}，短等待后重拉
[12:06:14] [极速订场] refill 矩阵完成 fetch_n=245 wall=12:06:09.435 elapsed_ms=775
[12:06:14] [极速订场] refill 本轮无满足约束候选，缺口={'20:00': 2, '21:00': 0}，短等待后重拉
[12:06:15] [极速订场] refill 矩阵完成 fetch_n=246 wall=12:06:10.445 elapsed_ms=656
[12:06:15] [极速订场] refill 本轮无满足约束候选，缺口={'20:00': 2, '21:00': 0}，短等待后重拉
[12:06:16] [极速订场] refill 矩阵完成 fetch_n=247 wall=12:06:11.736 elapsed_ms=935
[12:06:16] [极速订场] refill 本轮无满足约束候选，缺口={'20:00': 2, '21:00': 0}，短等待后重拉
[12:06:17] [极速订场] refill 矩阵完成 fetch_n=248 wall=12:06:12.623 elapsed_ms=529
[12:06:17] [极速订场] refill 本轮无满足约束候选，缺口={'20:00': 2, '21:00': 0}，短等待后重拉
[12:06:18] [极速订场] refill 矩阵完成 fetch_n=249 wall=12:06:13.510 elapsed_ms=533
[12:06:18] [极速订场] refill 本轮无满足约束候选，缺口={'20:00': 2, '21:00': 0}，短等待后重拉
[12:06:19] [极速订场] refill 矩阵完成 fetch_n=250 wall=12:06:14.495 elapsed_ms=632
[12:06:19] [极速订场] refill 本轮无满足约束候选，缺口={'20:00': 2, '21:00': 0}，短等待后重拉
[12:06:20] [极速订场] refill 矩阵完成 fetch_n=251 wall=12:06:15.346 elapsed_ms=499
[12:06:20] [极速订场] refill 本轮无满足约束候选，缺口={'20:00': 2, '21:00': 0}，短等待后重拉
[12:06:21] [极速订场] refill 矩阵完成 fetch_n=252 wall=12:06:16.604 elapsed_ms=904
[12:06:21] [极速订场] refill 本轮无满足约束候选，缺口={'20:00': 2, '21:00': 0}，短等待后重拉
[12:06:22] [极速订场] refill 矩阵完成 fetch_n=253 wall=12:06:17.502 elapsed_ms=544
[12:06:22] [极速订场] refill 本轮无满足约束候选，缺口={'20:00': 2, '21:00': 0}，短等待后重拉
[12:06:23] [极速订场] refill 矩阵完成 fetch_n=254 wall=12:06:18.523 elapsed_ms=668
[12:06:23] [极速订场] refill 本轮无满足约束候选，缺口={'20:00': 2, '21:00': 0}，短等待后重拉
[12:06:24] [极速订场] refill 矩阵完成 fetch_n=255 wall=12:06:19.448 elapsed_ms=571
[12:06:24] [极速订场] refill 本轮无满足约束候选，缺口={'20:00': 2, '21:00': 0}，短等待后重拉
[12:06:25] [极速订场] refill 矩阵完成 fetch_n=256 wall=12:06:20.483 elapsed_ms=679
[12:06:25] [极速订场] refill 本轮无满足约束候选，缺口={'20:00': 2, '21:00': 0}，短等待后重拉
[12:06:26] [极速订场] refill 矩阵完成 fetch_n=257 wall=12:06:21.406 elapsed_ms=569
[12:06:26] [极速订场] refill 本轮无满足约束候选，缺口={'20:00': 2, '21:00': 0}，短等待后重拉
[12:06:27] [极速订场] refill 矩阵完成 fetch_n=258 wall=12:06:22.650 elapsed_ms=890
[12:06:27] [极速订场] refill 本轮无满足约束候选，缺口={'20:00': 2, '21:00': 0}，短等待后重拉
[12:06:28] [极速订场] refill 矩阵完成 fetch_n=259 wall=12:06:23.769 elapsed_ms=766
[12:06:28] [极速订场] refill 本轮无满足约束候选，缺口={'20:00': 2, '21:00': 0}，短等待后重拉
[12:06:29] [极速订场] refill 矩阵完成 fetch_n=260 wall=12:06:24.726 elapsed_ms=604
[12:06:29] [极速订场] refill 本轮无满足约束候选，缺口={'20:00': 2, '21:00': 0}，短等待后重拉
[12:06:30] [极速订场] refill 矩阵完成 fetch_n=261 wall=12:06:25.692 elapsed_ms=614
[12:06:30] [极速订场] refill 本轮无满足约束候选，缺口={'20:00': 2, '21:00': 0}，短等待后重拉
[12:06:31] [极速订场] refill 矩阵完成 fetch_n=262 wall=12:06:26.489 elapsed_ms=442
[12:06:31] [极速订场] refill 本轮无满足约束候选，缺口={'20:00': 2, '21:00': 0}，短等待后重拉
[17:05:37] 🧩 [refill#1772093525261|auto] 开始执行: date=2026-04-01, target_count=2, times=['20:00', '21:00'], places=14
[17:05:46] 🙈 [refill#1772093525261|auto] 当前无可补订组合，缺口: {'20:00': 2, '21:00': 2}
[17:05:53] 🧩 [refill#1772093525261|auto] 开始执行: date=2026-04-01, target_count=2, times=['20:00', '21:00'], places=14
[17:05:55] 🙈 [refill#1772093525261|auto] 当前无可补订组合，缺口: {'20:00': 2, '21:00': 2}
[17:06:05] 🧩 [refill#1772093525261|auto] 开始执行: date=2026-04-01, target_count=2, times=['20:00', '21:00'], places=14
[17:06:06] 🙈 [refill#1772093525261|auto] 当前无可补订组合，缺口: {'20:00': 2, '21:00': 2}
[17:06:17] 🧩 [refill#1772093525261|auto] 开始执行: date=2026-04-01, target_count=2, times=['20:00', '21:00'], places=14
[17:06:18] 🙈 [refill#1772093525261|auto] 当前无可补订组合，缺口: {'20:00': 2, '21:00': 2}
[17:06:29] 🧩 [refill#1772093525261|auto] 开始执行: date=2026-04-01, target_count=2, times=['20:00', '21:00'], places=14
[17:06:31] 🙈 [refill#1772093525261|auto] 当前无可补订组合，缺口: {'20:00': 2, '21:00': 2}
[17:06:40] 🧩 [refill#1772093525261|auto] 开始执行: date=2026-04-01, target_count=2, times=['20:00', '21:00'], places=14
[17:06:41] 🙈 [refill#1772093525261|auto] 当前无可补订组合，缺口: {'20:00': 2, '21:00': 2}
[20:24:27] [极速订场] 开始 date=2026-03-31 单路递送+refill round_interval=0.35s refill_poll=0.35s min_post_interval=4.0s budget=600.0s
[20:24:29] [极速订场] 拉活成功，开始递送
[20:24:29] [极速订场] 未配置首组目标时段，首组按主组原样递送
[20:24:29] [极速订场] 首单批次 group=primary (主组合) items=[{'place': '12', 'time': '18:00'}]
[20:24:30] [极速订场] 首单 第1次提交 action=stop_success items=[{'place': '12', 'time': '18:00'}]
[20:24:30] [极速订场] 结束 status=success 总请求数=1 group=primary
[22:31:58] [极速订场] 开始 date=2026-03-31 单路递送+refill round_interval=0.35s refill_poll=0.35s min_post_interval=4.0s budget=600.0s
[22:32:00] [极速订场] 拉活成功，开始递送
[22:32:00] [极速订场] 未配置首组目标时段，首组按主组原样递送
[22:32:00] [极速订场] 首单批次 group=primary (主组合) items=[{'place': '12', 'time': '18:00'}]
[22:32:00] [极速订场] 首单 第1次提交 action=stop_success items=[{'place': '12', 'time': '18:00'}]
[22:32:00] [极速订场] 结束 status=success 总请求数=1 group=primary
