[16:53:11] 🔇 [quiet-window] 进入 pre_quiet，owner=1771732252398，fire_at=16:54:00
[16:54:00] 🔫 [quiet-window] 进入 fire_window，owner=1771732252398
[16:54:00] ⏰ [自动任务] 开始执行任务: 1771732252398
[16:54:00] 🕒 [时间对齐] server_offset=0.0s, base_run=2026-03-20 16:54:00, target_date=2026-03-21
[16:54:00] 🚀 [终极递送器] 启动主组合递送: [{'place': '4', 'time': '20:00'}, {'place': '4', 'time': '21:00'}, {'place': '5', 'time': '20:00'}, {'place': '5', 'time': '21:00'}]
[16:54:00] [极速订场] 开始 date=2026-03-21 单路递送+refill round_interval=0.8s refill_poll=0.35s budget=20.0s
[16:54:01] [极速订场] 拉活成功，开始递送
[16:54:01] [极速订场] 第一组由 matrix 算出 level=0 items=[{'place': '15', 'time': '20:00'}, {'place': '16', 'time': '20:00'}, {'place': '17', 'time': '20:00'}]
[16:54:01] [极速订场] 首单批次 group=primary (主组) items=[{'place': '15', 'time': '20:00'}, {'place': '16', 'time': '20:00'}, {'place': '17', 'time': '20:00'}]
[16:54:02] [极速订场] 首单 第1次提交 action=stop_success items=[{'place': '15', 'time': '20:00'}, {'place': '16', 'time': '20:00'}, {'place': '17', 'time': '20:00'}]
[16:54:02] [极速订场] 结束 status=success 总请求数=1 group=primary
[16:54:02] 📧 正在发送短信通知给: ['13910424189']
[16:54:02] 📧 短信接口返回: [0] 发送成功
[16:54:02] 📩 PushPlus 发送成功
[16:54:02] 📊 [run-metric] task=1771732252398 attempts=1 first_matrix=Nonems first_submit=0ms first_post=0ms first_success=2808ms p95=2181ms
[16:54:02] 🔄 [quiet-window] 进入 recovering，owner=1771732252398，reason=task-finally
[16:54:17] 🔓 [quiet-window] 已释放，reason=recovering-finished
[21:31:39] 🔇 [quiet-window] 进入 pre_quiet，owner=1771732252398，fire_at=21:32:00
[21:32:00] 🔫 [quiet-window] 进入 fire_window，owner=1771732252398
[21:32:00] ⏰ [自动任务] 开始执行任务: 1771732252398
[21:32:00] 🕒 [时间对齐] server_offset=0.0s, base_run=2026-03-20 21:32:00, target_date=2026-03-26
[21:32:00] 🚀 [终极递送器] 启动主组合递送: [{'place': '4', 'time': '20:00'}, {'place': '4', 'time': '21:00'}, {'place': '5', 'time': '20:00'}, {'place': '5', 'time': '21:00'}]
[21:32:00] [极速订场] 开始 date=2026-03-26 单路递送+refill round_interval=0.8s refill_poll=0.35s budget=1800.0s
[21:32:02] [极速订场] 拉活成功，开始递送
[21:32:02] [极速订场] 第一组无可用组合(矩阵降级全无解)，未发送预订请求
[21:32:02] 📧 正在发送短信通知给: ['13910424189']
[21:32:02] 📧 短信接口返回: [0] 发送成功
[21:32:03] 📩 PushPlus 发送成功
[21:32:03] 📊 [run-metric] task=1771732252398 attempts=1 first_matrix=Nonems first_submit=0ms first_post=0ms first_success=Nonems p95=2407ms
[21:32:03] 🔄 [quiet-window] 进入 recovering，owner=1771732252398，reason=task-finally
[21:32:18] 🔓 [quiet-window] 已释放，reason=recovering-finished
[21:33:40] 🔇 [quiet-window] 进入 pre_quiet，owner=1771732252398，fire_at=21:34:40
[21:34:40] 🔫 [quiet-window] 进入 fire_window，owner=1771732252398
[21:34:40] ⏰ [自动任务] 开始执行任务: 1771732252398
[21:34:40] 🕒 [时间对齐] server_offset=8.623s, base_run=2026-03-20 21:34:40, target_date=2026-03-26
[21:34:40] 🚀 [终极递送器] 启动主组合递送: [{'place': '4', 'time': '20:00'}, {'place': '4', 'time': '21:00'}, {'place': '5', 'time': '20:00'}, {'place': '5', 'time': '21:00'}]
[21:34:40] [极速订场] 开始 date=2026-03-26 单路递送+refill round_interval=0.8s refill_poll=0.35s budget=1800.0s
[21:34:41] [极速订场] 拉活成功，开始递送
[21:34:41] [极速订场] 第一组由 matrix 算出 level=1 items=[{'place': '11', 'time': '21:00'}]
[21:34:41] [极速订场] 首单批次 group=primary (主组) items=[{'place': '11', 'time': '21:00'}]
[21:34:42] [极速订场] 首单 第1次提交 action=stop_success items=[{'place': '11', 'time': '21:00'}]
[21:34:42] [极速订场] 首单被接受但目标约束未满足，进入refill继续重算
[21:34:43] [极速订场] refill 本轮无满足约束候选，短等待后重拉
[21:34:44] [极速订场] refill 本轮无满足约束候选，短等待后重拉
[21:34:46] [极速订场] refill 本轮无满足约束候选，短等待后重拉
[21:34:48] [极速订场] refill 本轮无满足约束候选，短等待后重拉
[21:34:50] [极速订场] refill 本轮无满足约束候选，短等待后重拉
[21:34:51] [极速订场] refill 本轮无满足约束候选，短等待后重拉
[21:34:54] [极速订场] refill 本轮无满足约束候选，短等待后重拉
[21:34:55] [极速订场] refill 本轮无满足约束候选，短等待后重拉
[21:34:57] [极速订场] refill 本轮无满足约束候选，短等待后重拉
[21:34:59] [极速订场] refill 本轮无满足约束候选，短等待后重拉
[21:35:00] [极速订场] refill 本轮无满足约束候选，短等待后重拉
[21:35:02] [极速订场] refill 本轮无满足约束候选，短等待后重拉
[21:35:03] [极速订场] refill 本轮无满足约束候选，短等待后重拉
[21:35:05] [极速订场] refill 本轮无满足约束候选，短等待后重拉
[21:35:07] [极速订场] refill 本轮无满足约束候选，短等待后重拉
[21:35:11] [极速订场] refill 本轮无满足约束候选，短等待后重拉
[21:35:13] [极速订场] refill 本轮无满足约束候选，短等待后重拉
[21:35:14] [极速订场] refill 本轮无满足约束候选，短等待后重拉
[21:35:16] [极速订场] refill 本轮无满足约束候选，短等待后重拉
[21:35:17] [极速订场] refill 本轮无满足约束候选，短等待后重拉
[21:35:18] [极速订场] refill 本轮无满足约束候选，短等待后重拉
[21:35:20] [极速订场] refill 本轮无满足约束候选，短等待后重拉
[21:35:22] [极速订场] refill 本轮无满足约束候选，短等待后重拉
[21:35:24] [极速订场] refill 本轮无满足约束候选，短等待后重拉
[21:35:26] [极速订场] refill 本轮无满足约束候选，短等待后重拉
[21:35:28] [极速订场] refill 本轮无满足约束候选，短等待后重拉
[21:35:29] [极速订场] refill 本轮无满足约束候选，短等待后重拉
[21:35:32] [极速订场] refill 本轮无满足约束候选，短等待后重拉
[21:35:35] [极速订场] refill 本轮无满足约束候选，短等待后重拉
[21:35:36] [极速订场] refill 本轮无满足约束候选，短等待后重拉
[21:35:41] [极速订场] refill 本轮无满足约束候选，短等待后重拉
[21:35:43] [极速订场] refill 本轮无满足约束候选，短等待后重拉
[21:35:44] [极速订场] refill 本轮无满足约束候选，短等待后重拉
[21:35:46] [极速订场] refill 本轮无满足约束候选，短等待后重拉
[21:35:48] [极速订场] refill 本轮无满足约束候选，短等待后重拉
[21:35:49] [极速订场] refill 本轮无满足约束候选，短等待后重拉
[21:35:51] [极速订场] refill 本轮无满足约束候选，短等待后重拉
[21:35:53] [极速订场] refill 本轮无满足约束候选，短等待后重拉
[21:35:55] [极速订场] refill 本轮无满足约束候选，短等待后重拉
[21:35:57] [极速订场] refill 本轮无满足约束候选，短等待后重拉
[21:35:59] [极速订场] refill 本轮无满足约束候选，短等待后重拉
[21:36:01] [极速订场] refill 本轮无满足约束候选，短等待后重拉
[21:36:02] [极速订场] refill 本轮无满足约束候选，短等待后重拉
[21:36:04] [极速订场] refill 本轮无满足约束候选，短等待后重拉
[21:36:05] [极速订场] refill 本轮无满足约束候选，短等待后重拉
[21:36:07] [极速订场] refill 本轮无满足约束候选，短等待后重拉
[21:36:08] [极速订场] refill 本轮无满足约束候选，短等待后重拉
[21:36:10] [极速订场] refill 本轮无满足约束候选，短等待后重拉
[21:36:13] [极速订场] refill 本轮无满足约束候选，短等待后重拉
[21:36:15] [极速订场] refill 本轮无满足约束候选，短等待后重拉
[21:36:16] [极速订场] refill 本轮无满足约束候选，短等待后重拉
[21:36:18] [极速订场] refill 本轮无满足约束候选，短等待后重拉
[21:36:20] [极速订场] refill 本轮无满足约束候选，短等待后重拉
[21:36:21] [极速订场] refill 本轮无满足约束候选，短等待后重拉
[21:36:23] [极速订场] refill 本轮无满足约束候选，短等待后重拉
[21:36:25] [极速订场] refill 本轮无满足约束候选，短等待后重拉
[21:36:26] [极速订场] refill 本轮无满足约束候选，短等待后重拉
[21:36:29] [极速订场] refill 本轮无满足约束候选，短等待后重拉
[21:36:31] [极速订场] refill 本轮无满足约束候选，短等待后重拉
[21:36:33] [极速订场] refill 本轮无满足约束候选，短等待后重拉
[21:36:35] [极速订场] refill 本轮无满足约束候选，短等待后重拉
[21:36:36] [极速订场] refill 本轮无满足约束候选，短等待后重拉
[21:36:38] [极速订场] refill 本轮无满足约束候选，短等待后重拉
[21:36:40] [极速订场] refill 本轮无满足约束候选，短等待后重拉
[21:36:43] [极速订场] refill 本轮无满足约束候选，短等待后重拉
[21:36:45] [极速订场] refill 本轮无满足约束候选，短等待后重拉
[21:36:47] [极速订场] refill 本轮无满足约束候选，短等待后重拉
[21:36:49] [极速订场] refill 本轮无满足约束候选，短等待后重拉
[21:36:51] [极速订场] refill 本轮无满足约束候选，短等待后重拉
[21:36:53] [极速订场] refill 本轮无满足约束候选，短等待后重拉
[21:36:55] [极速订场] refill 本轮无满足约束候选，短等待后重拉
[21:36:57] [极速订场] refill 本轮无满足约束候选，短等待后重拉
[21:36:58] [极速订场] refill 本轮无满足约束候选，短等待后重拉
[21:37:00] [极速订场] refill 本轮无满足约束候选，短等待后重拉
[21:37:02] [极速订场] refill 本轮无满足约束候选，短等待后重拉
[21:37:04] [极速订场] refill 本轮无满足约束候选，短等待后重拉
[21:37:06] [极速订场] refill 本轮无满足约束候选，短等待后重拉
[21:37:08] [极速订场] refill 本轮无满足约束候选，短等待后重拉
[21:37:10] [极速订场] refill 本轮无满足约束候选，短等待后重拉
[21:37:11] [极速订场] refill 本轮无满足约束候选，短等待后重拉
[21:37:13] [极速订场] refill 本轮无满足约束候选，短等待后重拉
[21:37:15] [极速订场] refill 本轮无满足约束候选，短等待后重拉
[21:37:17] [极速订场] refill 本轮无满足约束候选，短等待后重拉
[21:37:19] [极速订场] refill 本轮无满足约束候选，短等待后重拉
[21:37:20] [极速订场] refill 本轮无满足约束候选，短等待后重拉
[21:37:23] [极速订场] refill 本轮无满足约束候选，短等待后重拉
[21:37:24] [极速订场] refill 本轮无满足约束候选，短等待后重拉
[21:37:26] [极速订场] refill 本轮无满足约束候选，短等待后重拉
[21:37:29] [极速订场] refill 本轮无满足约束候选，短等待后重拉
[21:37:31] [极速订场] refill 本轮无满足约束候选，短等待后重拉
[21:37:33] [极速订场] refill 本轮无满足约束候选，短等待后重拉
[21:37:35] [极速订场] refill 本轮无满足约束候选，短等待后重拉
[21:37:41] [极速订场] refill 本轮无满足约束候选，短等待后重拉
[21:37:43] [极速订场] refill 本轮无满足约束候选，短等待后重拉
[21:37:45] [极速订场] refill 本轮无满足约束候选，短等待后重拉
[22:17:21] 🧩 [refill#1772093525261|auto] 开始执行: date=2026-03-26, target_count=2, times=['21:00'], places=14
[22:17:26] 🙈 [refill#1772093525261|auto] 当前无可补订组合，缺口: {'21:00': 1}
[22:18:22] 🧩 [refill#1772093525261|auto] 开始执行: date=2026-03-26, target_count=2, times=['21:00'], places=14
[22:18:26] 🙈 [refill#1772093525261|auto] 当前无可补订组合，缺口: {'21:00': 2}
[22:19:22] 🧩 [refill#1772093525261|auto] 开始执行: date=2026-03-26, target_count=2, times=['21:00'], places=14
[22:19:27] 🙈 [refill#1772093525261|auto] 当前无可补订组合，缺口: {'21:00': 2}
[22:20:23] 🧩 [refill#1772093525261|auto] 开始执行: date=2026-03-26, target_count=2, times=['21:00'], places=14
[22:20:32] 🙈 [refill#1772093525261|auto] 当前无可补订组合，缺口: {'21:00': 1}
[22:21:23] 🧩 [refill#1772093525261|auto] 开始执行: date=2026-03-26, target_count=2, times=['21:00'], places=14
[22:21:31] 🙈 [refill#1772093525261|auto] 当前无可补订组合，缺口: {'21:00': 1}
[22:22:24] 🧩 [refill#1772093525261|auto] 开始执行: date=2026-03-26, target_count=2, times=['21:00'], places=14
[22:22:27] 🙈 [refill#1772093525261|auto] 当前无可补订组合，缺口: {'21:00': 1}
[22:23:24] 🧩 [refill#1772093525261|auto] 开始执行: date=2026-03-26, target_count=2, times=['21:00'], places=14
[22:23:29] 🙈 [refill#1772093525261|auto] 当前无可补订组合，缺口: {'21:00': 1}
[22:24:25] 🧩 [refill#1772093525261|auto] 开始执行: date=2026-03-26, target_count=2, times=['21:00'], places=14
[22:24:30] 🙈 [refill#1772093525261|auto] 当前无可补订组合，缺口: {'21:00': 1}
[22:25:25] 🧩 [refill#1772093525261|auto] 开始执行: date=2026-03-26, target_count=2, times=['21:00'], places=14
[22:25:29] 🙈 [refill#1772093525261|auto] 当前无可补订组合，缺口: {'21:00': 1}
[22:26:25] 🧩 [refill#1772093525261|auto] 开始执行: date=2026-03-26, target_count=2, times=['21:00'], places=14
[22:26:29] 🙈 [refill#1772093525261|auto] 当前无可补订组合，缺口: {'21:00': 1}
[22:27:25] 🧩 [refill#1772093525261|auto] 开始执行: date=2026-03-26, target_count=2, times=['21:00'], places=14
[22:27:29] 🙈 [refill#1772093525261|auto] 当前无可补订组合，缺口: {'21:00': 1}
[22:28:26] 🧩 [refill#1772093525261|auto] 开始执行: date=2026-03-26, target_count=2, times=['21:00'], places=14
[22:28:31] 🙈 [refill#1772093525261|auto] 当前无可补订组合，缺口: {'21:00': 1}
[22:29:26] 🧩 [refill#1772093525261|auto] 开始执行: date=2026-03-26, target_count=2, times=['21:00'], places=14
[22:29:31] 🙈 [refill#1772093525261|auto] 当前无可补订组合，缺口: {'21:00': 1}
[22:30:27] 🧩 [refill#1772093525261|auto] 开始执行: date=2026-03-26, target_count=2, times=['21:00'], places=14
[22:30:31] 🙈 [refill#1772093525261|auto] 当前无可补订组合，缺口: {'21:00': 1}
[22:31:27] 🧩 [refill#1772093525261|auto] 开始执行: date=2026-03-26, target_count=2, times=['21:00'], places=14
[22:31:32] 🙈 [refill#1772093525261|auto] 当前无可补订组合，缺口: {'21:00': 1}
[22:32:28] 🧩 [refill#1772093525261|auto] 开始执行: date=2026-03-26, target_count=2, times=['21:00'], places=14
[22:32:32] 🙈 [refill#1772093525261|auto] 当前无可补订组合，缺口: {'21:00': 1}
[22:33:28] 🧩 [refill#1772093525261|auto] 开始执行: date=2026-03-26, target_count=2, times=['21:00'], places=14
[22:33:33] 🙈 [refill#1772093525261|auto] 当前无可补订组合，缺口: {'21:00': 1}
[22:34:29] 🧩 [refill#1772093525261|auto] 开始执行: date=2026-03-26, target_count=2, times=['21:00'], places=14
[22:34:33] 🙈 [refill#1772093525261|auto] 当前无可补订组合，缺口: {'21:00': 1}
[22:35:29] 🧩 [refill#1772093525261|auto] 开始执行: date=2026-03-26, target_count=2, times=['21:00'], places=14
[22:35:33] 🙈 [refill#1772093525261|auto] 当前无可补订组合，缺口: {'21:00': 1}
[22:36:29] 🧩 [refill#1772093525261|auto] 开始执行: date=2026-03-26, target_count=2, times=['21:00'], places=14
[22:36:34] 🙈 [refill#1772093525261|auto] 当前无可补订组合，缺口: {'21:00': 1}
[22:37:30] 🧩 [refill#1772093525261|auto] 开始执行: date=2026-03-26, target_count=2, times=['21:00'], places=14
[22:37:34] 🙈 [refill#1772093525261|auto] 当前无可补订组合，缺口: {'21:00': 1}
[22:38:30] 🧩 [refill#1772093525261|auto] 开始执行: date=2026-03-26, target_count=2, times=['21:00'], places=14
[22:38:35] 🙈 [refill#1772093525261|auto] 当前无可补订组合，缺口: {'21:00': 1}
[22:39:31] 🧩 [refill#1772093525261|auto] 开始执行: date=2026-03-26, target_count=2, times=['21:00'], places=14
[22:39:41] 🙈 [refill#1772093525261|auto] 当前无可补订组合，缺口: {'21:00': 1}
[22:40:11] 🧩 [refill#1772093525261|auto] 开始执行: date=2026-03-26, target_count=2, times=['21:00'], places=14
[22:40:15] 🙈 [refill#1772093525261|auto] 当前无可补订组合，缺口: {'21:00': 1}
[22:41:11] 🧩 [refill#1772093525261|auto] 开始执行: date=2026-03-26, target_count=2, times=['21:00'], places=14
[22:41:15] 📦 [refill#1772093525261|auto] 本轮提交: [{'place': '11', 'time': '21:00'}]
[22:41:19] 🧾 [refill#1772093525261|auto] 本轮结果: success - 全部下单成功
[22:41:19] 📧 正在发送短信通知给: ['13910424189']
[22:41:20] 📧 短信接口返回: [0] 发送成功
[22:41:20] 📩 PushPlus 发送成功
[22:42:12] 🧩 [refill#1772093525261|auto] 开始执行: date=2026-03-26, target_count=2, times=['21:00'], places=14
[22:42:21] 🙈 [refill#1772093525261|auto] 当前无可补订组合，缺口: {'21:00': 1}
[22:43:13] 🧩 [refill#1772093525261|auto] 开始执行: date=2026-03-26, target_count=2, times=['21:00'], places=14
[22:43:16] 🙈 [refill#1772093525261|auto] 当前无可补订组合，缺口: {'21:00': 1}
[22:44:13] 🧩 [refill#1772093525261|auto] 开始执行: date=2026-03-26, target_count=2, times=['21:00'], places=14
[22:44:17] 🙈 [refill#1772093525261|auto] 当前无可补订组合，缺口: {'21:00': 1}
[22:45:13] 🧩 [refill#1772093525261|auto] 开始执行: date=2026-03-26, target_count=2, times=['21:00'], places=14
[22:45:18] 🙈 [refill#1772093525261|auto] 当前无可补订组合，缺口: {'21:00': 1}
[22:45:40] 🔇 [quiet-window] 进入 pre_quiet，owner=1771732252398，fire_at=22:46:40
[22:46:40] 🔫 [quiet-window] 进入 fire_window，owner=1771732252398
[22:46:40] ⏰ [自动任务] 开始执行任务: 1771732252398
[22:46:40] 🕒 [时间对齐] server_offset=8.777s, base_run=2026-03-20 22:46:40, target_date=2026-03-26
[22:46:40] 🚀 [终极递送器] 启动主组合递送: [{'place': '4', 'time': '20:00'}, {'place': '4', 'time': '21:00'}, {'place': '5', 'time': '20:00'}, {'place': '5', 'time': '21:00'}]
[22:46:40] [极速订场] 开始 date=2026-03-26 单路递送+refill round_interval=0.8s refill_poll=0.35s budget=600.0s
[22:46:41] [极速订场] 拉活成功，开始递送
[22:46:41] [极速订场] 第一组由 matrix 算出 level=1 items=[{'place': '11', 'time': '21:00'}]
[22:46:41] [极速订场] 首单批次 group=primary (主组) items=[{'place': '11', 'time': '21:00'}]
[22:46:42] [极速订场] 首单 第1次提交 action=stop_success items=[{'place': '11', 'time': '21:00'}]
[22:46:42] [极速订场] 首单被接受但目标约束未满足，进入refill继续重算
[22:46:43] [极速订场] refill 本轮无满足约束候选，短等待后重拉
[22:46:44] [极速订场] refill 本轮无满足约束候选，短等待后重拉
[22:46:46] [极速订场] refill 本轮无满足约束候选，短等待后重拉
[22:46:48] [极速订场] refill 本轮无满足约束候选，短等待后重拉
[22:46:49] [极速订场] refill 本轮无满足约束候选，短等待后重拉
[22:46:51] [极速订场] refill 本轮无满足约束候选，短等待后重拉
[22:46:53] [极速订场] refill 本轮无满足约束候选，短等待后重拉
[22:46:54] [极速订场] refill 本轮无满足约束候选，短等待后重拉
[22:46:55] [极速订场] refill 本轮无满足约束候选，短等待后重拉
[22:46:57] [极速订场] refill 本轮无满足约束候选，短等待后重拉
[22:46:59] [极速订场] refill 本轮无满足约束候选，短等待后重拉
[22:47:00] [极速订场] refill 本轮无满足约束候选，短等待后重拉
[22:47:01] [极速订场] refill 本轮无满足约束候选，短等待后重拉
[22:47:03] [极速订场] refill 本轮无满足约束候选，短等待后重拉
[22:47:05] [极速订场] refill 本轮无满足约束候选，短等待后重拉
[22:47:07] [极速订场] refill 本轮无满足约束候选，短等待后重拉
[22:47:08] [极速订场] refill 本轮无满足约束候选，短等待后重拉
[22:47:09] [极速订场] refill 本轮无满足约束候选，短等待后重拉
[22:47:11] [极速订场] refill 本轮无满足约束候选，短等待后重拉
[22:47:13] [极速订场] refill 本轮无满足约束候选，短等待后重拉
[22:47:14] [极速订场] refill 本轮无满足约束候选，短等待后重拉
[22:47:16] [极速订场] refill 本轮无满足约束候选，短等待后重拉
[22:47:18] [极速订场] refill 本轮无满足约束候选，短等待后重拉
[22:47:20] [极速订场] refill 本轮无满足约束候选，短等待后重拉
[22:47:21] [极速订场] refill 本轮无满足约束候选，短等待后重拉
[22:47:23] [极速订场] refill 本轮无满足约束候选，短等待后重拉
[22:47:24] [极速订场] refill 本轮无满足约束候选，短等待后重拉
[22:47:26] [极速订场] refill 本轮无满足约束候选，短等待后重拉
[22:47:28] [极速订场] refill 本轮无满足约束候选，短等待后重拉
[22:47:30] [极速订场] refill 本轮无满足约束候选，短等待后重拉
[22:47:32] [极速订场] refill 本轮无满足约束候选，短等待后重拉
[22:47:33] [极速订场] refill 本轮无满足约束候选，短等待后重拉
[22:47:35] [极速订场] refill 本轮无满足约束候选，短等待后重拉
[22:47:37] [极速订场] refill 本轮无满足约束候选，短等待后重拉
[22:47:38] [极速订场] refill 本轮无满足约束候选，短等待后重拉
[22:47:39] [极速订场] refill 本轮无满足约束候选，短等待后重拉
[22:47:41] [极速订场] refill 本轮无满足约束候选，短等待后重拉
[22:47:42] [极速订场] refill 本轮无满足约束候选，短等待后重拉
[22:47:44] [极速订场] refill 本轮无满足约束候选，短等待后重拉
[22:47:45] [极速订场] refill 本轮无满足约束候选，短等待后重拉
[22:47:47] [极速订场] refill 本轮无满足约束候选，短等待后重拉
[22:47:48] [极速订场] refill 本轮无满足约束候选，短等待后重拉
[22:47:50] [极速订场] refill 本轮无满足约束候选，短等待后重拉
[22:47:52] [极速订场] refill 本轮无满足约束候选，短等待后重拉
[22:47:53] [极速订场] refill 本轮无满足约束候选，短等待后重拉
[22:47:55] [极速订场] refill 本轮无满足约束候选，短等待后重拉
[22:47:57] [极速订场] refill 本轮无满足约束候选，短等待后重拉
[22:47:58] [极速订场] refill 本轮无满足约束候选，短等待后重拉
[22:48:00] [极速订场] refill 本轮无满足约束候选，短等待后重拉
[22:48:01] [极速订场] refill 本轮无满足约束候选，短等待后重拉
[22:48:03] [极速订场] refill 本轮无满足约束候选，短等待后重拉
[22:48:05] [极速订场] refill 本轮无满足约束候选，短等待后重拉
[22:48:07] [极速订场] refill 本轮无满足约束候选，短等待后重拉
[22:48:09] [极速订场] refill 本轮无满足约束候选，短等待后重拉
[22:48:10] [极速订场] refill 本轮无满足约束候选，短等待后重拉
[22:48:12] [极速订场] refill 本轮无满足约束候选，短等待后重拉
[22:48:14] [极速订场] refill 本轮无满足约束候选，短等待后重拉
[22:48:15] [极速订场] refill 本轮无满足约束候选，短等待后重拉
[22:48:17] [极速订场] refill 本轮无满足约束候选，短等待后重拉
[22:48:18] [极速订场] refill 本轮无满足约束候选，短等待后重拉
[22:48:20] [极速订场] refill 本轮无满足约束候选，短等待后重拉
[22:48:22] [极速订场] refill 本轮无满足约束候选，短等待后重拉
[22:48:23] [极速订场] refill 本轮无满足约束候选，短等待后重拉
[22:48:25] [极速订场] refill 本轮无满足约束候选，短等待后重拉
[22:48:27] [极速订场] refill 本轮无满足约束候选，短等待后重拉
[22:48:29] [极速订场] refill 本轮无满足约束候选，短等待后重拉
[22:48:30] [极速订场] refill 本轮无满足约束候选，短等待后重拉
[22:48:32] [极速订场] refill 本轮无满足约束候选，短等待后重拉
[22:48:34] [极速订场] refill 本轮无满足约束候选，短等待后重拉
[22:48:36] [极速订场] refill 本轮无满足约束候选，短等待后重拉
[22:48:38] [极速订场] refill 本轮无满足约束候选，短等待后重拉
[22:48:40] [极速订场] refill 本轮无满足约束候选，短等待后重拉
[22:48:41] [极速订场] refill 本轮无满足约束候选，短等待后重拉
[22:48:42] [极速订场] refill 本轮无满足约束候选，短等待后重拉
[22:48:44] [极速订场] refill 本轮无满足约束候选，短等待后重拉
[22:48:46] [极速订场] refill 本轮无满足约束候选，短等待后重拉
[22:48:47] [极速订场] refill 本轮无满足约束候选，短等待后重拉
[22:48:49] [极速订场] refill 本轮无满足约束候选，短等待后重拉
[22:48:50] [极速订场] refill 本轮无满足约束候选，短等待后重拉
[22:48:52] [极速订场] refill 本轮无满足约束候选，短等待后重拉
[23:08:38] 🔇 [quiet-window] 进入 pre_quiet，owner=1771732252398，fire_at=23:09:00
[23:09:00] 🔫 [quiet-window] 进入 fire_window，owner=1771732252398
[23:09:00] ⏰ [自动任务] 开始执行任务: 1771732252398
[23:09:00] 🕒 [时间对齐] server_offset=0.0s, base_run=2026-03-20 23:09:00, target_date=2026-03-26
[23:09:00] 🚀 [终极递送器] 启动主组合递送: [{'place': '4', 'time': '20:00'}, {'place': '4', 'time': '21:00'}, {'place': '5', 'time': '20:00'}, {'place': '5', 'time': '21:00'}]
[23:09:00] [极速订场] 开始 date=2026-03-26 单路递送+refill round_interval=0.8s refill_poll=0.35s budget=600.0s
[23:09:01] [极速订场] 拉活成功，开始递送
[23:09:01] [极速订场] 第一组无可用组合(矩阵降级全无解)，未发送预订请求
[23:09:01] 📧 正在发送短信通知给: ['13910424189']
[23:09:01] 📧 短信接口返回: [0] 发送成功
[23:09:01] 📩 PushPlus 发送成功
[23:09:01] 📊 [run-metric] task=1771732252398 attempts=1 first_matrix=Nonems first_submit=0ms first_post=0ms first_success=Nonems p95=1117ms
[23:09:01] 🔄 [quiet-window] 进入 recovering，owner=1771732252398，reason=task-finally
[23:09:16] 🔓 [quiet-window] 已释放，reason=recovering-finished
[23:18:00] 🔇 [quiet-window] 进入 pre_quiet，owner=1771732252398，fire_at=23:19:00
[23:19:00] 🔫 [quiet-window] 进入 fire_window，owner=1771732252398
[23:19:00] ⏰ [自动任务] 开始执行任务: 1771732252398
[23:19:00] 🕒 [时间对齐] server_offset=9.077s, base_run=2026-03-20 23:19:00, target_date=2026-03-26
[23:19:00] 🚀 [终极递送器] 启动主组合递送: [{'place': '4', 'time': '20:00'}, {'place': '4', 'time': '21:00'}, {'place': '5', 'time': '20:00'}, {'place': '5', 'time': '21:00'}]
[23:19:00] [极速订场] 开始 date=2026-03-26 单路递送+refill round_interval=0.8s refill_poll=0.35s budget=600.0s
[23:19:01] [极速订场] 拉活成功，开始递送
[23:19:01] [极速订场] 第一组由 matrix 算出 level=1 items=[{'place': '11', 'time': '21:00'}]
[23:19:01] [极速订场] 首单批次 group=primary (主组) items=[{'place': '11', 'time': '21:00'}]
[23:19:02] [极速订场] 首单 第1次提交 action=stop_success items=[{'place': '11', 'time': '21:00'}]
[23:19:02] [极速订场] 首单被接受但目标约束未满足，进入refill继续重算
[23:19:03] [极速订场] refill 本轮无满足约束候选，缺口={'21:00': 1}，短等待后重拉
[23:19:05] [极速订场] refill 本轮无满足约束候选，缺口={'21:00': 1}，短等待后重拉
[23:19:06] [极速订场] refill 本轮无满足约束候选，缺口={'21:00': 1}，短等待后重拉
[23:19:08] [极速订场] refill 本轮无满足约束候选，缺口={'21:00': 1}，短等待后重拉
[23:19:09] [极速订场] refill 本轮无满足约束候选，缺口={'21:00': 1}，短等待后重拉
[23:19:11] [极速订场] refill 本轮无满足约束候选，缺口={'21:00': 1}，短等待后重拉
[23:19:13] [极速订场] refill 本轮无满足约束候选，缺口={'21:00': 1}，短等待后重拉
[23:19:15] [极速订场] refill 本轮无满足约束候选，缺口={'21:00': 1}，短等待后重拉
[23:19:16] [极速订场] refill 本轮无满足约束候选，缺口={'21:00': 1}，短等待后重拉
[23:19:18] [极速订场] refill 本轮无满足约束候选，缺口={'21:00': 1}，短等待后重拉
[23:19:20] [极速订场] refill 本轮无满足约束候选，缺口={'21:00': 1}，短等待后重拉
[23:19:21] [极速订场] refill 本轮无满足约束候选，缺口={'21:00': 1}，短等待后重拉
[23:19:23] [极速订场] refill 本轮无满足约束候选，缺口={'21:00': 1}，短等待后重拉
[23:19:24] [极速订场] refill 本轮无满足约束候选，缺口={'21:00': 1}，短等待后重拉
[23:19:26] [极速订场] refill 本轮无满足约束候选，缺口={'21:00': 1}，短等待后重拉
[23:19:28] [极速订场] refill 本轮无满足约束候选，缺口={'21:00': 1}，短等待后重拉
[23:19:30] [极速订场] refill 本轮无满足约束候选，缺口={'21:00': 1}，短等待后重拉
[23:19:31] [极速订场] refill 本轮无满足约束候选，缺口={'21:00': 1}，短等待后重拉
[23:19:33] [极速订场] refill 本轮无满足约束候选，缺口={'21:00': 1}，短等待后重拉
[23:19:34] [极速订场] refill 本轮无满足约束候选，缺口={'21:00': 1}，短等待后重拉
[23:19:36] [极速订场] refill 本轮无满足约束候选，缺口={'21:00': 1}，短等待后重拉
[23:19:37] [极速订场] refill 本轮无满足约束候选，缺口={'21:00': 1}，短等待后重拉
[23:19:39] [极速订场] refill 本轮无满足约束候选，缺口={'21:00': 1}，短等待后重拉
[23:19:40] [极速订场] refill 本轮无满足约束候选，缺口={'21:00': 1}，短等待后重拉
[23:19:42] [极速订场] refill 本轮无满足约束候选，缺口={'21:00': 1}，短等待后重拉
[23:19:44] [极速订场] refill 本轮无满足约束候选，缺口={'21:00': 1}，短等待后重拉
[23:19:45] [极速订场] refill 本轮无满足约束候选，缺口={'21:00': 1}，短等待后重拉
[23:19:47] [极速订场] refill 本轮无满足约束候选，缺口={'21:00': 1}，短等待后重拉
[23:19:49] [极速订场] refill 本轮无满足约束候选，缺口={'21:00': 1}，短等待后重拉
[23:19:50] [极速订场] refill 本轮无满足约束候选，缺口={'21:00': 1}，短等待后重拉
[23:19:52] [极速订场] refill 本轮无满足约束候选，缺口={'21:00': 1}，短等待后重拉
[23:19:53] [极速订场] refill 本轮无满足约束候选，缺口={'21:00': 1}，短等待后重拉
[23:19:55] [极速订场] refill 本轮无满足约束候选，缺口={'21:00': 1}，短等待后重拉
[23:19:56] [极速订场] refill 本轮无满足约束候选，缺口={'21:00': 2}，短等待后重拉
[23:19:58] [极速订场] refill 本轮无满足约束候选，缺口={'21:00': 2}，短等待后重拉
[23:20:00] [极速订场] refill 本轮无满足约束候选，缺口={'21:00': 2}，短等待后重拉
[23:20:02] [极速订场] refill 本轮无满足约束候选，缺口={'21:00': 2}，短等待后重拉
[23:20:03] [极速订场] refill 本轮无满足约束候选，缺口={'21:00': 2}，短等待后重拉
[23:20:04] [极速订场] refill 本轮无满足约束候选，缺口={'21:00': 2}，短等待后重拉
[23:20:05] [极速订场] refill 本轮无满足约束候选，缺口={'21:00': 2}，短等待后重拉
[23:20:07] [极速订场] refill 本轮无满足约束候选，缺口={'21:00': 2}，短等待后重拉
[23:20:09] [极速订场] refill 本轮无满足约束候选，缺口={'21:00': 2}，短等待后重拉
[23:20:11] [极速订场] refill 本轮无满足约束候选，缺口={'21:00': 2}，短等待后重拉
[23:20:12] [极速订场] refill 本轮无满足约束候选，缺口={'21:00': 2}，短等待后重拉
[23:20:14] [极速订场] refill 本轮无满足约束候选，缺口={'21:00': 2}，短等待后重拉
[23:20:16] [极速订场] refill 本轮无满足约束候选，缺口={'21:00': 2}，短等待后重拉
[23:20:17] [极速订场] refill 本轮无满足约束候选，缺口={'21:00': 2}，短等待后重拉
[23:20:19] [极速订场] refill 本轮无满足约束候选，缺口={'21:00': 2}，短等待后重拉
[23:20:20] [极速订场] refill 本轮无满足约束候选，缺口={'21:00': 2}，短等待后重拉
[23:20:22] [极速订场] refill 本轮无满足约束候选，缺口={'21:00': 2}，短等待后重拉
[23:20:23] [极速订场] refill 本轮无满足约束候选，缺口={'21:00': 2}，短等待后重拉
[23:20:25] [极速订场] refill 本轮无满足约束候选，缺口={'21:00': 2}，短等待后重拉
[23:20:26] [极速订场] refill 本轮无满足约束候选，缺口={'21:00': 2}，短等待后重拉
[23:20:28] [极速订场] refill 本轮无满足约束候选，缺口={'21:00': 2}，短等待后重拉
[23:20:30] [极速订场] refill 本轮无满足约束候选，缺口={'21:00': 2}，短等待后重拉
[23:20:32] [极速订场] refill 本轮无满足约束候选，缺口={'21:00': 2}，短等待后重拉
[23:20:33] [极速订场] refill 本轮无满足约束候选，缺口={'21:00': 2}，短等待后重拉
[23:20:35] [极速订场] refill 本轮无满足约束候选，缺口={'21:00': 2}，短等待后重拉
[23:20:37] [极速订场] refill 本轮无满足约束候选，缺口={'21:00': 2}，短等待后重拉
[23:20:39] [极速订场] refill 本轮无满足约束候选，缺口={'21:00': 2}，短等待后重拉
[23:20:41] [极速订场] refill 本轮无满足约束候选，缺口={'21:00': 2}，短等待后重拉
[23:20:42] [极速订场] refill 本轮无满足约束候选，缺口={'21:00': 2}，短等待后重拉
[23:20:44] [极速订场] refill 本轮无满足约束候选，缺口={'21:00': 2}，短等待后重拉
[23:20:46] [极速订场] refill 本轮无满足约束候选，缺口={'21:00': 2}，短等待后重拉
[23:20:47] [极速订场] refill 本轮无满足约束候选，缺口={'21:00': 2}，短等待后重拉
[23:20:49] [极速订场] refill 本轮无满足约束候选，缺口={'21:00': 2}，短等待后重拉
[23:20:51] [极速订场] refill 本轮无满足约束候选，缺口={'21:00': 2}，短等待后重拉
[23:20:53] [极速订场] refill 本轮无满足约束候选，缺口={'21:00': 2}，短等待后重拉
[23:20:54] [极速订场] refill 本轮无满足约束候选，缺口={'21:00': 2}，短等待后重拉
[23:20:56] [极速订场] refill 本轮无满足约束候选，缺口={'21:00': 2}，短等待后重拉
[23:20:57] [极速订场] refill 本轮无满足约束候选，缺口={'21:00': 2}，短等待后重拉
[23:20:59] [极速订场] refill 本轮无满足约束候选，缺口={'21:00': 2}，短等待后重拉
