[00:01:03] ✅ 健康检查通过：场地状态获取正常；⚠️ 下单链路仅完成探测，结果未确认( 探测响应: success )
[00:30:12] ✅ 健康检查通过：场地状态获取正常；⚠️ 下单链路仅完成探测，结果未确认( 探测响应: success )
[00:53:00] ⚡ [冲刺] 开始执行冲刺任务: 1772630208932
[00:53:00] ⚡ [冲刺] target_date=2026-03-09 open_time=00:55:00 目标2块 候选['1', '2', '3', '4', '6', '7'] 时段['21:00']
[00:53:00] ⚡ [冲刺] 弹药就位 6 发: ['3#', '4#', '7#', '1#', '2#', '6#']
[00:53:01] ⚡ [冲刺] TCP/TLS 预热完成
[00:53:01] ⚡ [冲刺] 等待 118.37s 到开场时刻 00:55:00
[00:54:59] ⚡ [冲刺] 发射第 1/6 发: 3# ['21:00']
[00:55:01] ⚡ [冲刺] 第 1 发结果: error | 数据错误，请重试
[00:55:01] ⚡ [冲刺] 未知错误，3s 后换下一发
[00:55:04] ⚡ [冲刺] 发射第 2/6 发: 4# ['21:00']
[00:55:05] ⚡ [冲刺] 第 2 发结果: rate_limited | 操作过快,请稍后重试。
[00:55:05] ⚡ [冲刺] 限流，停火静默 20s...
[00:55:25] ⚡ [冲刺] 发射第 3/6 发: 7# ['21:00']
[00:55:26] ⚡ [冲刺] 第 3 发结果: error | 数据错误，请重试
[00:55:26] ⚡ [冲刺] 未知错误，3s 后换下一发
[00:55:29] ⚡ [冲刺] 发射第 4/6 发: 1# ['21:00']
[00:55:29] ⚡ [冲刺] 第 4 发结果: rate_limited | 操作过快,请稍后重试。
[00:55:29] ⚡ [冲刺] 限流，停火静默 20s...
[00:55:49] ⚡ [冲刺] 发射第 5/6 发: 2# ['21:00']
[00:55:49] ⚡ [冲刺] 第 5 发结果: error | 数据错误，请重试
[00:55:49] ⚡ [冲刺] 未知错误，3s 后换下一发
[00:55:52] ⚡ [冲刺] 发射第 6/6 发: 6# ['21:00']
[00:55:53] ⚡ [冲刺] 第 6 发结果: rate_limited | 操作过快,请稍后重试。
[00:55:53] ⚡ [冲刺] 限流，停火静默 20s...
[00:56:15] ⚡ [冲刺] 矩阵确认: []
[00:56:15] ❌ [冲刺] 2026-03-09 未抢到场地，请手动检查
[00:56:15] 📧 正在发送短信通知给: ['13910424189']
[00:56:18] 📧 短信接口返回: [0] 发送成功
[00:56:21] 📩 PushPlus 发送成功
[01:00:28] ✅ 健康检查通过：场地状态获取正常；⚠️ 下单链路仅完成探测，结果未确认( 探测响应: success )
[01:21:00] ⚡ [冲刺] 开始执行冲刺任务: 1772630208932
[01:21:00] ⚡ [冲刺] target_date=2026-03-09 open_time=01:22:00 目标2块 候选['1', '2', '3', '4', '6', '7'] 时段['21:00']
[01:21:00] ⚡ [冲刺] 弹药就位 6 发: ['3#', '4#', '7#', '1#', '2#', '6#']
[01:21:03] ⚡ [冲刺] TCP/TLS 预热完成，同步获取目标日期矩阵
[01:21:03] ⚡ [冲刺] 侦察排除死靶: ['1#', '2#', '3#', '7#']，剩余 2 发活弹
[01:21:03] ⚡ [冲刺] 等待 56.75s 到开场时刻 01:22:00
[01:22:00] ⚡ [冲刺] === 第1轮 快扫 2 发 ===
[01:22:00] ⚡ [冲刺/R1] 发射: 4# ['21:00']
[01:22:00] ⚡ [冲刺/R1] 结果: sold | 数据错误，请重试
[01:22:00] ⚡ [冲刺] 4# 已死（sold），0.3s 后换下一发
[01:22:00] ⚡ [冲刺/R1] 发射: 6# ['21:00']
[01:22:01] ⚡ [冲刺/R1] 结果: rate_limited | 操作过快,请稍后重试。
[01:22:01] ⚡ [冲刺] 限流（连续第1次），冷却 5s，6# 入重试队列
[01:22:06] ⚡ [冲刺] === 第2轮 定点重试 1 个限流场地 ===
[01:22:14] ⚡ [冲刺/R2] 发射: 6# ['21:00']
[01:22:14] ⚡ [冲刺/R2] 结果: sold | 数据错误，请重试
[01:22:14] ⚡ [冲刺] R2 6# 已死（被人先抢），0.3s 换下一发
[01:22:16] ⚡ [冲刺] 矩阵确认: []
[01:22:16] ❌ [冲刺] 2026-03-09 未抢到场地，请手动检查
[01:22:16] 📧 正在发送短信通知给: ['13910424189']
[01:22:19] 📧 短信接口返回: [0] 发送成功
[01:22:21] 📩 PushPlus 发送成功
[01:30:25] ❌ 健康检查失败: 获取场地状态异常: HTTPSConnectionPool(host='gymvip.bfsu.edu.cn', port=443): Max retries exceeded with url: /easyserpClient/place/getPlaceInfoByShortName?shopNum=1001&dateymd=2026-03-08&shortName=ymq&token=oy9Aj1Y7gmOS31lnOQgkXiEvgoyc (Caused by SSLError(SSLEOFError(8, '[SSL: UNEXPECTED_EOF_WHILE_READING] EOF occurred in violation of protocol (_ssl.c:1032)')))
[01:30:25] 📧 正在发送短信通知给: ['13910424189']
[01:30:30] 📧 短信接口返回: [0] 发送成功
[01:30:30] 📩 PushPlus 发送成功
[01:42:00] ⚡ [冲刺] 开始执行冲刺任务: 1772630208932
[01:42:00] ⚡ [冲刺] target_date=2026-03-09 open_time=01:43:00 目标2块 候选['1', '2', '3', '4', '6', '7'] 时段['21:00']
[01:42:00] ⚡ [冲刺] 弹药就位 6 发: ['3#', '4#', '7#', '1#', '2#', '6#']
[01:42:03] ⚡ [冲刺] TCP/TLS 预热完成，同步获取目标日期矩阵
[01:42:03] ⚡ [冲刺] 侦察排除死靶: ['1#', '2#', '3#', '7#']，剩余 2 发活弹
[01:42:03] ⚡ [冲刺] 等待 56.58s 到开场时刻 01:43:00
[01:42:59] ⚡ [冲刺] === 第1轮 快扫 2 发 ===
[01:42:59] ⚡ [冲刺/R1] 发射: 4# ['21:00']
[01:43:00] ⚡ [冲刺/R1] 结果: error | 数据错误，请重试
[01:43:00] ⚡ [冲刺] 4# 服务端拒绝（可重试），1s 后换下一发，入重试队列
[01:43:01] ⚡ [冲刺/R1] 发射: 6# ['21:00']
[01:43:01] ⚡ [冲刺/R1] 结果: rate_limited | 操作过快,请稍后重试。
[01:43:01] ⚡ [冲刺] 限流（连续第1次），冷却 5s，6# 入重试队列
[01:43:06] ⚡ [冲刺] === 第2轮 定点重试 2 个限流场地 ===
[01:43:14] ⚡ [冲刺/R2] 发射: 4# ['21:00']
[01:43:15] ⚡ [冲刺/R2] 结果: error | 数据错误，请重试
[01:43:15] ⚡ [冲刺] R2 4# 服务端拒绝，2s 后继续
[01:43:17] ⚡ [冲刺/R2] 发射: 6# ['21:00']
[01:43:17] ⚡ [冲刺/R2] 结果: rate_limited | 操作过快,请稍后重试。
[01:43:17] ⚡ [冲刺] R2 再次限流，冷却 8s
[01:43:30] ⚡ [冲刺] 矩阵确认: []
[01:43:30] ❌ [冲刺] 2026-03-09 未抢到场地，请手动检查
[01:43:30] 📧 正在发送短信通知给: ['13910424189']
[01:43:32] 📧 短信接口返回: [0] 发送成功
[01:43:34] 📩 PushPlus 发送成功
[01:47:26] 📧 正在发送短信通知给: ['13910424189']
[01:47:28] 📧 短信接口返回: [0] 发送成功
[01:47:29] 📩 PushPlus 发送成功
[01:54:40] 📧 正在发送短信通知给: ['13910424189']
[01:54:43] 📧 短信接口返回: [0] 发送成功
[01:54:44] 📩 PushPlus 发送成功
[01:58:00] ⚡ [冲刺] 开始执行冲刺任务: 1772630208932
[01:58:00] ⚡ [冲刺] target_date=2026-03-09 open_time=01:59:00 目标2块 候选['1', '2', '3', '4', '6', '7'] 时段['21:00']
[01:58:00] ⚡ [冲刺] 弹药就位 6 发: ['3#', '4#', '7#', '1#', '2#', '6#']
[01:58:03] ⚡ [冲刺] TCP/TLS 预热完成，同步获取目标日期矩阵
[01:58:03] ⚡ [冲刺] 侦察排除死靶: ['1#', '2#', '3#', '7#']，剩余 2 发活弹
[01:58:03] ⚡ [冲刺] 等待 56.76s 到开场时刻 01:59:00
[01:58:59] ⚡ [冲刺] === 第1轮 快扫 2 发 ===
[01:59:00] ⚡ [冲刺/R1] 发射: 4# ['21:00']
[01:59:00] ⚡ [冲刺/R1] 结果: error | 数据错误，请重试
[01:59:01] ⚡ [冲刺/R1-r1] 发射: 4# ['21:00']
[01:59:01] ⚡ [冲刺/R1-r1] 结果: rate_limited | 操作过快,请稍后重试。
[01:59:01] ⚡ [冲刺] 4# 原地重试中限流，冷却 5s 入R2队列
[01:59:06] ⚡ [冲刺/R1] 发射: 6# ['21:00']
[01:59:07] ⚡ [冲刺/R1] 结果: error | 数据错误，请重试
[01:59:08] ⚡ [冲刺/R1-r1] 发射: 6# ['21:00']
[01:59:08] ⚡ [冲刺/R1-r1] 结果: rate_limited | 操作过快,请稍后重试。
[01:59:08] ⚡ [冲刺] 6# 原地重试中限流，冷却 5s 入R2队列
[01:59:13] ⚡ [冲刺] === 第2轮 定点重试 2 个限流场地 ===
[01:59:21] ⚡ [冲刺/R2] 发射: 4# ['21:00']
[01:59:22] ⚡ [冲刺/R2] 结果: error | 数据错误，请重试
[01:59:22] ⚡ [冲刺] R2 4# 服务端拒绝，2s 后继续
[01:59:24] ⚡ [冲刺/R2] 发射: 6# ['21:00']
[01:59:24] ⚡ [冲刺/R2] 结果: rate_limited | 操作过快,请稍后重试。
[01:59:24] ⚡ [冲刺] R2 再次限流，冷却 8s
[01:59:37] ⚡ [冲刺] 矩阵确认: []
[01:59:37] ❌ [冲刺] 2026-03-09 未抢到场地，请手动检查
[01:59:37] 📧 正在发送短信通知给: ['13910424189']
[01:59:38] 📧 短信接口返回: [0] 发送成功
[01:59:39] ⚠️ PushPlus 发送失败: {'code': 999, 'msg': '服务端验证错误', 'data': '请勿频繁推送相同内容'}
[02:00:45] ✅ 健康检查通过：场地状态获取正常；⚠️ 下单链路仅完成探测，结果未确认( 探测响应: success )
[09:11:00] ⏰ [自动任务] 开始执行任务: 1771732252398
[09:11:05] 🕒 [时间对齐] server_offset=0.323s, base_run=2026-03-08 09:11:00, target_date=2026-03-09
[09:11:05] 🔄 第 1 轮无限尝试...喵
[09:11:05] ⚡ [加速] 首轮跳过mine覆盖，优先抢占可用库存
[09:11:07] 🧪 [pipeline] 当前阶段=continuous elapsed=0.0s
[09:11:07] 正在提交分批订单: [{'place': '4', 'time': '21:00'}, {'place': '6', 'time': '21:00'}]
[09:11:15] ⏱️ [pipeline] 扣除本轮提交流水耗时 8.02s，避免阶段窗口被网络耗时吃掉
[09:11:15] [submit_order调试] 批次响应: {'status': 'fail', 'msg': '预定失败,请返回重新选择日期', 'success_items': [], 'failed_items': [], 'run_metric': {'submit_req_count': 2, 'submit_success_resp_count': 0, 'submit_retry_count': 1, 'fast_lane_used_seconds': 2.0, 'confirm_matrix_poll_count': 0, 'confirm_orders_poll_count': 0, 't_confirm_ms': 0, 'verify_exception_count': 0, 'effective_initial_batch_size': 2, 'submit_strategy_mode': 'adaptive', 'retry_budget_total': 3, 'retry_budget_used': 1, 'adaptive_small_n_merge_applied': True, 'submit_grouping_mode': 'smart', 'place_first_grouping_applied': False, 'submit_profile': 'auto_high_concurrency', 'effective_fast_lane_enabled': True, 'effective_fast_lane_seconds': 2.0, 'effective_batch_min_interval': 0.8, 'effective_too_fast_cooldown_seconds': 1.4, 'effective_batch_retry_times': 1}}
[09:11:15] 🔁 [pipeline] 本轮提交后仍缺 2 个时段，缺口明细: {'20:00': 2, '21:00': 0}，继续补齐下一轮
[09:11:16] 🔄 第 2 轮无限尝试...喵
[09:11:26] 🧪 [pipeline] 当前阶段=random elapsed=9.28s
[09:11:26] 🙈 场地已开放但当前无可用组合，继续轮询... (已等待 0 秒 / 上限 12.0s)
[09:11:27] 🔄 第 3 轮无限尝试...喵
[09:11:33] 🧪 [pipeline] 当前阶段=random elapsed=16.39s
[09:11:33] 🙈 场地已开放但当前无可用组合，继续轮询... (已等待 6 秒 / 上限 12.0s)
[09:11:34] 🔄 第 4 轮无限尝试...喵
[09:11:41] 🧪 [pipeline] 当前阶段=none elapsed=24.62s
[09:11:41] 🧪 [pipeline] 阶段窗口已结束且未启用refill，按配置立即结束任务
[09:11:41] 📧 正在发送短信通知给: ['13910424189']
[09:11:43] 📧 短信接口返回: [0] 发送成功
[09:11:45] 📩 PushPlus 发送成功
[09:11:45] 📊 [run-metric] task=1771732252398 attempts=4 first_matrix=1805ms first_submit=1807ms first_success=Nonems p95=8016ms
[10:55:00] ⏰ [自动任务] 开始执行任务: 1771732252398
[10:55:00] 🕒 [时间对齐] server_offset=0.0s, base_run=2026-03-08 10:55:00, target_date=2026-03-09
[10:55:00] 🚀 [极简直提] 直接提交预设组合: [{'place': '4', 'time': '21:00'}, {'place': '6', 'time': '21:00'}]
[10:55:02] 📧 正在发送短信通知给: ['13910424189']
[10:55:04] 📧 短信接口返回: [0] 发送成功
[10:55:06] 📩 PushPlus 发送成功
[10:55:06] 📊 [run-metric] task=1771732252398 attempts=1 first_matrix=Nonems first_submit=0ms first_post=0ms first_success=5329ms p95=1492ms
[10:55:28] ✅ 健康检查通过：场地状态获取正常；⚠️ 下单链路仅完成探测，结果未确认( 探测响应: success )
[11:25:37] ✅ 健康检查通过：场地状态获取正常；⚠️ 下单链路仅完成探测，结果未确认( 探测响应: success )
