[11:59:35] 🔇 [quiet-window] 进入 pre_quiet，owner=1774502722796，fire_at=11:59:55
[12:00:00] 🔫 [quiet-window] 进入 fire_window，owner=1774502722796
[12:00:00] ⏰ [自动任务] 开始执行任务: 1774502722796
[12:00:00] 🕒 [时间对齐] server_offset=0.0s, base_run=2026-03-28 11:59:55, target_date=2026-04-03
[12:00:00] 🚀 [终极递送器] 启动主组合递送: [{'place': '4', 'time': '20:00'}, {'place': '4', 'time': '21:00'}, {'place': '5', 'time': '20:00'}, {'place': '5', 'time': '21:00'}]
[12:00:00] [极速订场] 开始 date=2026-04-03 单路递送+refill round_interval=0.8s refill_poll=0.35s min_post_interval=4.0s budget=600.0s
[12:00:05] [极速订场] 拉活失败(可重试) 第1次: HTTPSConnectionPool(host='gymvip.bfsu.edu.cn', port=443): Read timed out. (read timeout=5.0)
[12:00:06] [极速订场] 拉活失败(可重试) 第2次: 服务器返回无效数据(可能是崩了)
[12:00:07] [极速订场] 拉活失败(可重试) 第3次: 服务器返回无效数据(可能是崩了)
[12:00:08] [极速订场] 拉活失败(可重试) 第4次: 服务器返回无效数据(可能是崩了)
[12:00:09] [极速订场] 拉活失败(可重试) 第5次: 服务器返回无效数据(可能是崩了)
[12:00:10] [极速订场] 拉活失败(可重试) 第6次: 服务器返回无效数据(可能是崩了)
[12:00:11] [极速订场] 拉活失败(可重试) 第7次: 服务器返回无效数据(可能是崩了)
[12:00:11] [极速订场] 拉活失败(可重试) 第8次: 服务器返回无效数据(可能是崩了)
[12:00:12] [极速订场] 拉活失败(可重试) 第9次: 服务器返回无效数据(可能是崩了)
[12:00:13] [极速订场] 拉活失败(可重试) 第10次: 服务器返回无效数据(可能是崩了)
[12:00:14] [极速订场] 拉活失败(可重试) 第11次: 服务器返回无效数据(可能是崩了)
[12:00:15] [极速订场] 拉活失败(可重试) 第12次: 服务器返回无效数据(可能是崩了)
[12:00:16] [极速订场] 拉活失败(可重试) 第13次: 服务器返回无效数据(可能是崩了)
[12:00:16] [极速订场] 拉活失败(可重试) 第14次: 服务器返回无效数据(可能是崩了)
[12:00:21] [极速订场] 拉活失败(可重试) 第15次: HTTPSConnectionPool(host='gymvip.bfsu.edu.cn', port=443): Read timed out. (read timeout=5.0)
[12:00:27] [极速订场] 拉活失败(可重试) 第16次: HTTPSConnectionPool(host='gymvip.bfsu.edu.cn', port=443): Read timed out. (read timeout=5.0)
[12:00:29] [极速订场] 拉活失败(可重试) 第17次: 服务器返回无效数据(可能是崩了)
[12:00:30] [极速订场] 拉活失败(可重试) 第18次: 服务器返回无效数据(可能是崩了)
[12:00:31] [极速订场] 拉活失败(可重试) 第19次: 服务器返回无效数据(可能是崩了)
[12:00:32] [极速订场] 拉活失败(可重试) 第20次: 服务器返回无效数据(可能是崩了)
[12:00:33] [极速订场] 拉活失败(可重试) 第21次: 服务器返回无效数据(可能是崩了)
[12:00:33] [极速订场] 拉活失败(可重试) 第22次: 服务器返回无效数据(可能是崩了)
[12:00:34] [极速订场] 拉活失败(可重试) 第23次: 服务器返回无效数据(可能是崩了)
[12:00:39] [极速订场] 拉活失败(可重试) 第24次: HTTPSConnectionPool(host='gymvip.bfsu.edu.cn', port=443): Read timed out. (read timeout=5.0)
[12:00:45] [极速订场] 拉活失败(可重试) 第25次: HTTPSConnectionPool(host='gymvip.bfsu.edu.cn', port=443): Read timed out. (read timeout=5.0)
[12:00:51] [极速订场] 拉活失败(可重试) 第26次: HTTPSConnectionPool(host='gymvip.bfsu.edu.cn', port=443): Read timed out. (read timeout=5.0)
[12:00:57] [极速订场] 拉活失败(可重试) 第27次: HTTPSConnectionPool(host='gymvip.bfsu.edu.cn', port=443): Read timed out. (read timeout=5.0)
[12:01:03] [极速订场] 拉活失败(可重试) 第28次: HTTPSConnectionPool(host='gymvip.bfsu.edu.cn', port=443): Read timed out. (read timeout=5.0)
[12:01:05] [极速订场] 拉活失败(可重试) 第29次: 服务器返回无效数据(可能是崩了)
[12:01:06] [极速订场] 拉活失败(可重试) 第30次: 服务器返回无效数据(可能是崩了)
[12:01:07] [极速订场] 拉活失败(可重试) 第31次: 服务器返回无效数据(可能是崩了)
[12:01:07] [极速订场] 拉活失败(可重试) 第32次: 服务器返回无效数据(可能是崩了)
[12:01:08] [极速订场] 拉活失败(可重试) 第33次: 服务器返回无效数据(可能是崩了)
[12:01:09] [极速订场] 拉活失败(可重试) 第34次: 服务器返回无效数据(可能是崩了)
[12:01:10] [极速订场] 拉活失败(可重试) 第35次: 服务器返回无效数据(可能是崩了)
[12:01:11] [极速订场] 拉活失败(可重试) 第36次: 服务器返回无效数据(可能是崩了)
[12:01:16] [极速订场] 拉活成功，开始递送
[12:01:16] [极速订场] 第一组由 matrix 算出 level=4 items=[{'place': '2', 'time': '21:00'}, {'place': '3', 'time': '21:00'}]
[12:01:16] [极速订场] 首单批次 group=primary (主组) items=[{'place': '2', 'time': '21:00'}, {'place': '3', 'time': '21:00'}]
[12:01:21] [极速订场] 首单 第1次提交 action=continue_delivery items=[{'place': '2', 'time': '21:00'}, {'place': '3', 'time': '21:00'}]
[12:01:26] [极速订场] refill 矩阵完成 fetch_n=1 wall=12:01:19.810 elapsed_ms=4589
[12:01:26] [极速订场] refill 分层求解 tier=散号满 used_need={'20:00': 2, '21:00': 2} 原缺口={'20:00': 2, '21:00': 2}
[12:01:26] [极速订场] refill POST发送 wall=12:01:19.815 campaign_ms=84034 items=[{'place': '8', 'time': '20:00'}, {'place': '14', 'time': '20:00'}, {'place': '2', 'time': '21:00'}, {'place': '3', 'time': '21:00'}]
[12:01:31] [极速订场] refill 第2次提交 action=continue_delivery items=[{'place': '8', 'time': '20:00'}, {'place': '14', 'time': '20:00'}, {'place': '2', 'time': '21:00'}, {'place': '3', 'time': '21:00'}]
[12:01:37] [极速订场] refill get_matrix 失败: HTTPSConnectionPool(host='gymvip.bfsu.edu.cn', port=443): Read timed out. (read timeout=5.0)，0.35s 后重试
[12:01:42] [极速订场] refill 矩阵完成 fetch_n=3 wall=12:01:35.311 elapsed_ms=4173
[12:01:42] [极速订场] refill 分层求解 tier=散号满 used_need={'20:00': 2, '21:00': 2} 原缺口={'20:00': 2, '21:00': 2}
[12:01:42] [极速订场] refill POST发送 wall=12:01:35.315 campaign_ms=99534 items=[{'place': '8', 'time': '20:00'}, {'place': '14', 'time': '20:00'}, {'place': '2', 'time': '21:00'}, {'place': '3', 'time': '21:00'}]
[12:01:40] [极速订场] refill 第3次提交 action=continue_delivery items=[{'place': '8', 'time': '20:00'}, {'place': '14', 'time': '20:00'}, {'place': '2', 'time': '21:00'}, {'place': '3', 'time': '21:00'}]
[12:01:41] [极速订场] refill get_matrix 失败: 服务器返回无效数据(可能是崩了)，0.35s 后重试
[12:01:41] [极速订场] refill get_matrix 失败: 服务器返回无效数据(可能是崩了)，0.35s 后重试
[12:01:41] [极速订场] refill get_matrix 失败: 服务器返回无效数据(可能是崩了)，0.35s 后重试
[12:01:42] [极速订场] refill get_matrix 失败: 服务器返回无效数据(可能是崩了)，0.35s 后重试
[12:01:42] [极速订场] refill get_matrix 失败: 服务器返回无效数据(可能是崩了)，0.35s 后重试
[12:01:43] [极速订场] refill get_matrix 失败: 服务器返回无效数据(可能是崩了)，0.35s 后重试
[12:01:43] [极速订场] refill get_matrix 失败: 服务器返回无效数据(可能是崩了)，0.35s 后重试
[12:01:43] [极速订场] refill get_matrix 失败: 服务器返回无效数据(可能是崩了)，0.35s 后重试
[12:01:44] [极速订场] refill get_matrix 失败: 服务器返回无效数据(可能是崩了)，0.35s 后重试
[12:01:44] [极速订场] refill get_matrix 失败: 服务器返回无效数据(可能是崩了)，0.35s 后重试
[12:01:44] [极速订场] refill get_matrix 失败: 服务器返回无效数据(可能是崩了)，0.35s 后重试
[12:01:45] [极速订场] refill get_matrix 失败: 服务器返回无效数据(可能是崩了)，0.35s 后重试
[12:01:45] [极速订场] refill get_matrix 失败: 服务器返回无效数据(可能是崩了)，0.35s 后重试
[12:01:52] [极速订场] refill 矩阵完成 fetch_n=17 wall=12:01:45.666 elapsed_ms=4614
[12:01:52] [极速订场] refill 分层求解 tier=散号满 used_need={'20:00': 2, '21:00': 2} 原缺口={'20:00': 2, '21:00': 2}
[12:01:52] [极速订场] refill POST发送 wall=12:01:45.670 campaign_ms=109889 items=[{'place': '2', 'time': '21:00'}, {'place': '3', 'time': '21:00'}]
[12:01:57] [极速订场] refill 第4次提交 action=continue_delivery items=[{'place': '2', 'time': '21:00'}, {'place': '3', 'time': '21:00'}]
[12:02:03] [极速订场] refill get_matrix 失败: HTTPSConnectionPool(host='gymvip.bfsu.edu.cn', port=443): Read timed out. (read timeout=5.0)，0.35s 后重试
[12:02:08] [极速订场] refill get_matrix 失败: HTTPSConnectionPool(host='gymvip.bfsu.edu.cn', port=443): Read timed out. (read timeout=5.0)，0.35s 后重试
[12:02:14] [极速订场] refill get_matrix 失败: HTTPSConnectionPool(host='gymvip.bfsu.edu.cn', port=443): Read timed out. (read timeout=5.0)，0.35s 后重试
[12:02:19] [极速订场] refill get_matrix 失败: HTTPSConnectionPool(host='gymvip.bfsu.edu.cn', port=443): Read timed out. (read timeout=5.0)，0.35s 后重试
[12:02:25] [极速订场] refill get_matrix 失败: HTTPSConnectionPool(host='gymvip.bfsu.edu.cn', port=443): Read timed out. (read timeout=5.0)，0.35s 后重试
[12:02:30] [极速订场] refill get_matrix 失败: HTTPSConnectionPool(host='gymvip.bfsu.edu.cn', port=443): Read timed out. (read timeout=5.0)，0.35s 后重试
[12:02:36] [极速订场] refill get_matrix 失败: HTTPSConnectionPool(host='gymvip.bfsu.edu.cn', port=443): Read timed out. (read timeout=5.0)，0.35s 后重试
[12:02:41] [极速订场] refill get_matrix 失败: HTTPSConnectionPool(host='gymvip.bfsu.edu.cn', port=443): Read timed out. (read timeout=5.0)，0.35s 后重试
[12:02:47] [极速订场] refill get_matrix 失败: HTTPSConnectionPool(host='gymvip.bfsu.edu.cn', port=443): Read timed out. (read timeout=5.0)，0.35s 后重试
[12:02:52] [极速订场] refill 矩阵完成 fetch_n=27 wall=12:02:45.228 elapsed_ms=4299
[12:02:52] [极速订场] refill 本轮无满足约束候选，缺口={'20:00': 2, '21:00': 0}，短等待后重拉
[12:02:55] [极速订场] refill 矩阵完成 fetch_n=28 wall=12:02:49.027 elapsed_ms=3445
[12:02:55] [极速订场] refill 本轮无满足约束候选，缺口={'20:00': 2, '21:00': 0}，短等待后重拉
[12:02:55] [极速订场] refill 矩阵完成 fetch_n=29 wall=12:02:50.717 elapsed_ms=1335
[12:02:55] [极速订场] refill 本轮无满足约束候选，缺口={'20:00': 2, '21:00': 0}，短等待后重拉
[12:02:56] [极速订场] refill get_matrix 失败: 服务器返回无效数据(可能是崩了)，0.35s 后重试
[12:02:56] [极速订场] refill get_matrix 失败: 服务器返回无效数据(可能是崩了)，0.35s 后重试
[12:02:56] [极速订场] refill get_matrix 失败: 服务器返回无效数据(可能是崩了)，0.35s 后重试
[12:02:57] [极速订场] refill get_matrix 失败: 服务器返回无效数据(可能是崩了)，0.35s 后重试
[12:02:57] [极速订场] refill get_matrix 失败: 服务器返回无效数据(可能是崩了)，0.35s 后重试
[12:02:58] [极速订场] refill get_matrix 失败: 服务器返回无效数据(可能是崩了)，0.35s 后重试
[12:02:58] [极速订场] refill get_matrix 失败: 服务器返回无效数据(可能是崩了)，0.35s 后重试
[12:02:58] [极速订场] refill get_matrix 失败: 服务器返回无效数据(可能是崩了)，0.35s 后重试
[12:02:59] [极速订场] refill get_matrix 失败: 服务器返回无效数据(可能是崩了)，0.35s 后重试
[12:02:59] [极速订场] refill get_matrix 失败: 服务器返回无效数据(可能是崩了)，0.35s 后重试
[12:02:59] [极速订场] refill get_matrix 失败: 服务器返回无效数据(可能是崩了)，0.35s 后重试
[12:03:00] [极速订场] refill get_matrix 失败: 服务器返回无效数据(可能是崩了)，0.35s 后重试
[12:03:00] [极速订场] refill get_matrix 失败: 服务器返回无效数据(可能是崩了)，0.35s 后重试
[12:03:01] [极速订场] refill get_matrix 失败: 服务器返回无效数据(可能是崩了)，0.35s 后重试
[12:03:01] [极速订场] refill get_matrix 失败: 服务器返回无效数据(可能是崩了)，0.35s 后重试
[12:03:01] [极速订场] refill get_matrix 失败: 服务器返回无效数据(可能是崩了)，0.35s 后重试
[12:03:02] [极速订场] refill get_matrix 失败: 服务器返回无效数据(可能是崩了)，0.35s 后重试
[12:03:02] [极速订场] refill get_matrix 失败: 服务器返回无效数据(可能是崩了)，0.35s 后重试
[12:03:02] [极速订场] refill get_matrix 失败: 服务器返回无效数据(可能是崩了)，0.35s 后重试
[12:03:03] [极速订场] refill get_matrix 失败: 服务器返回无效数据(可能是崩了)，0.35s 后重试
[12:03:03] [极速订场] refill get_matrix 失败: 服务器返回无效数据(可能是崩了)，0.35s 后重试
[12:03:04] [极速订场] refill get_matrix 失败: 服务器返回无效数据(可能是崩了)，0.35s 后重试
[12:03:04] [极速订场] refill get_matrix 失败: 服务器返回无效数据(可能是崩了)，0.35s 后重试
[12:03:04] [极速订场] refill get_matrix 失败: 服务器返回无效数据(可能是崩了)，0.35s 后重试
[12:03:05] [极速订场] refill get_matrix 失败: 服务器返回无效数据(可能是崩了)，0.35s 后重试
[12:03:05] [极速订场] refill get_matrix 失败: 服务器返回无效数据(可能是崩了)，0.35s 后重试
[12:03:05] [极速订场] refill get_matrix 失败: 服务器返回无效数据(可能是崩了)，0.35s 后重试
[12:03:06] [极速订场] refill get_matrix 失败: 服务器返回无效数据(可能是崩了)，0.35s 后重试
[12:03:06] [极速订场] refill get_matrix 失败: 服务器返回无效数据(可能是崩了)，0.35s 后重试
[12:03:07] [极速订场] refill get_matrix 失败: 服务器返回无效数据(可能是崩了)，0.35s 后重试
[12:03:07] [极速订场] refill get_matrix 失败: 服务器返回无效数据(可能是崩了)，0.35s 后重试
[12:03:07] [极速订场] refill get_matrix 失败: 服务器返回无效数据(可能是崩了)，0.35s 后重试
[12:03:08] [极速订场] refill get_matrix 失败: 服务器返回无效数据(可能是崩了)，0.35s 后重试
[12:03:08] [极速订场] refill get_matrix 失败: 服务器返回无效数据(可能是崩了)，0.35s 后重试
[12:03:08] [极速订场] refill get_matrix 失败: 服务器返回无效数据(可能是崩了)，0.35s 后重试
[12:03:12] [极速订场] refill 矩阵完成 fetch_n=65 wall=12:03:06.516 elapsed_ms=2237
[12:03:12] [极速订场] refill 本轮无满足约束候选，缺口={'20:00': 2, '21:00': 0}，短等待后重拉
[12:03:15] [极速订场] refill 矩阵完成 fetch_n=66 wall=12:03:09.200 elapsed_ms=2330
[12:03:15] [极速订场] refill 本轮无满足约束候选，缺口={'20:00': 2, '21:00': 0}，短等待后重拉
[12:03:18] [极速订场] refill 矩阵完成 fetch_n=67 wall=12:03:12.422 elapsed_ms=2869
[12:03:18] [极速订场] refill 本轮无满足约束候选，缺口={'20:00': 2, '21:00': 0}，短等待后重拉
[12:03:21] [极速订场] refill 矩阵完成 fetch_n=68 wall=12:03:15.643 elapsed_ms=2869
[12:03:21] [极速订场] refill 本轮无满足约束候选，缺口={'20:00': 2, '21:00': 0}，短等待后重拉
[12:03:25] [极速订场] refill 矩阵完成 fetch_n=69 wall=12:03:19.086 elapsed_ms=3089
[12:03:25] [极速订场] refill 本轮无满足约束候选，缺口={'20:00': 2, '21:00': 0}，短等待后重拉
[12:03:28] [极速订场] refill 矩阵完成 fetch_n=70 wall=12:03:22.775 elapsed_ms=3337
[12:03:28] [极速订场] refill 本轮无满足约束候选，缺口={'20:00': 2, '21:00': 0}，短等待后重拉
[12:03:32] [极速订场] refill 矩阵完成 fetch_n=71 wall=12:03:26.872 elapsed_ms=3743
[12:03:32] [极速订场] refill 本轮无满足约束候选，缺口={'20:00': 2, '21:00': 0}，短等待后重拉
[12:03:38] [极速订场] refill 矩阵完成 fetch_n=72 wall=12:03:31.853 elapsed_ms=4626
[12:03:38] [极速订场] refill 本轮无满足约束候选，缺口={'20:00': 2, '21:00': 0}，短等待后重拉
[12:03:41] [极速订场] refill 矩阵完成 fetch_n=73 wall=12:03:35.993 elapsed_ms=3785
[12:03:41] [极速订场] refill 本轮无满足约束候选，缺口={'20:00': 2, '21:00': 0}，短等待后重拉
[12:03:45] [极速订场] refill 矩阵完成 fetch_n=74 wall=12:03:39.870 elapsed_ms=3524
[12:03:45] [极速订场] refill 本轮无满足约束候选，缺口={'20:00': 2, '21:00': 0}，短等待后重拉
[12:03:46] [极速订场] 开始 date=2026-04-03 单路递送+refill round_interval=0.35s refill_poll=0.35s min_post_interval=4.0s budget=600.0s
[12:03:49] [极速订场] refill 矩阵完成 fetch_n=75 wall=12:03:43.950 elapsed_ms=3728
[12:03:49] [极速订场] refill 本轮无满足约束候选，缺口={'20:00': 2, '21:00': 0}，短等待后重拉
[12:03:50] [极速订场] 拉活成功，开始递送
[12:03:50] [极速订场] 未配置首组目标时段，首组按主组原样递送
[12:03:50] [极速订场] 首单批次 group=primary (主组合) items=[{'place': '7', 'time': '17:00'}, {'place': '8', 'time': '17:00'}, {'place': '9', 'time': '17:00'}]
[12:03:49] [极速订场] 首单 第1次提交 action=switch_backup items=[{'place': '7', 'time': '17:00'}, {'place': '8', 'time': '17:00'}, {'place': '9', 'time': '17:00'}]
[12:03:53] [极速订场] refill 矩阵完成 fetch_n=76 wall=12:03:47.621 elapsed_ms=3318
[12:03:53] [极速订场] refill 本轮无满足约束候选，缺口={'20:00': 2, '21:00': 0}，短等待后重拉
[12:03:54] [极速订场] refill 矩阵完成 fetch_n=1 wall=12:03:48.296 elapsed_ms=3332
[12:03:54] [极速订场] refill 分层求解 tier=散号满 used_need={'17:00': 3} 原缺口={'17:00': 3}
[12:03:55] [极速订场] refill POST发送 wall=12:03:48.963 campaign_ms=8549 items=[{'place': '7', 'time': '17:00'}, {'place': '8', 'time': '17:00'}]
[12:03:54] [极速订场] refill 第2次提交 action=stop_success items=[{'place': '7', 'time': '17:00'}, {'place': '8', 'time': '17:00'}]
[12:03:54] [极速订场] refill 请求被接受但目标约束未满足，继续下一轮重算
[12:03:57] [极速订场] refill 矩阵完成 fetch_n=77 wall=12:03:51.271 elapsed_ms=3297
[12:03:57] [极速订场] refill 本轮无满足约束候选，缺口={'20:00': 2, '21:00': 0}，短等待后重拉
[12:03:59] [极速订场] refill 矩阵完成 fetch_n=2 wall=12:03:53.125 elapsed_ms=2990
[12:03:59] [极速订场] refill 本轮无满足约束候选，缺口={'17:00': 1}，短等待后重拉
[12:04:00] [极速订场] refill 矩阵完成 fetch_n=78 wall=12:03:54.440 elapsed_ms=2815
[12:04:00] [极速订场] refill 本轮无满足约束候选，缺口={'20:00': 2, '21:00': 0}，短等待后重拉
[12:04:02] [极速订场] refill 矩阵完成 fetch_n=3 wall=12:03:56.043 elapsed_ms=2564
[12:04:02] [极速订场] refill 本轮无满足约束候选，缺口={'17:00': 1}，短等待后重拉
[12:04:03] [极速订场] refill 矩阵完成 fetch_n=79 wall=12:03:57.458 elapsed_ms=2663
[12:04:03] [极速订场] refill 本轮无满足约束候选，缺口={'20:00': 2, '21:00': 0}，短等待后重拉
[12:04:05] [极速订场] refill 矩阵完成 fetch_n=4 wall=12:03:59.085 elapsed_ms=2688
[12:04:05] [极速订场] refill 本轮无满足约束候选，缺口={'17:00': 1}，短等待后重拉
[12:04:05] [极速订场] refill 矩阵完成 fetch_n=80 wall=12:03:59.845 elapsed_ms=2033
[12:04:05] [极速订场] refill 本轮无满足约束候选，缺口={'20:00': 2, '21:00': 0}，短等待后重拉
[12:04:07] [极速订场] refill 矩阵完成 fetch_n=5 wall=12:04:01.525 elapsed_ms=2087
[12:04:07] [极速订场] refill 本轮无满足约束候选，缺口={'17:00': 1}，短等待后重拉
[12:04:07] [极速订场] refill 矩阵完成 fetch_n=81 wall=12:04:02.046 elapsed_ms=1847
[12:04:07] [极速订场] refill 本轮无满足约束候选，缺口={'20:00': 2, '21:00': 0}，短等待后重拉
[12:04:10] [极速订场] refill 矩阵完成 fetch_n=6 wall=12:04:04.332 elapsed_ms=2452
[12:04:10] [极速订场] refill 本轮无满足约束候选，缺口={'17:00': 1}，短等待后重拉
[12:04:10] [极速订场] refill 矩阵完成 fetch_n=82 wall=12:04:04.675 elapsed_ms=2277
[12:04:10] [极速订场] refill 本轮无满足约束候选，缺口={'20:00': 2, '21:00': 0}，短等待后重拉
[12:04:13] [极速订场] refill 矩阵完成 fetch_n=7 wall=12:04:07.071 elapsed_ms=2387
[12:04:13] [极速订场] refill 本轮无满足约束候选，缺口={'17:00': 1}，短等待后重拉
[12:04:13] [极速订场] refill 矩阵完成 fetch_n=83 wall=12:04:07.397 elapsed_ms=2368
[12:04:13] [极速订场] refill 本轮无满足约束候选，缺口={'20:00': 2, '21:00': 0}，短等待后重拉
[12:04:15] [极速订场] refill 矩阵完成 fetch_n=8 wall=12:04:09.548 elapsed_ms=2123
[12:04:15] [极速订场] refill 本轮无满足约束候选，缺口={'17:00': 1}，短等待后重拉
[12:04:15] [极速订场] refill 矩阵完成 fetch_n=84 wall=12:04:09.832 elapsed_ms=2082
[12:04:15] [极速订场] refill 本轮无满足约束候选，缺口={'20:00': 2, '21:00': 0}，短等待后重拉
[12:04:16] [极速订场] refill 矩阵完成 fetch_n=9 wall=12:04:11.851 elapsed_ms=1950
[12:04:16] [极速订场] refill 本轮无满足约束候选，缺口={'17:00': 1}，短等待后重拉
[12:04:17] [极速订场] refill 矩阵完成 fetch_n=85 wall=12:04:12.046 elapsed_ms=1862
[12:04:17] [极速订场] refill 本轮无满足约束候选，缺口={'20:00': 2, '21:00': 0}，短等待后重拉
[12:04:20] [极速订场] refill 矩阵完成 fetch_n=10 wall=12:04:14.232 elapsed_ms=2028
[12:04:20] [极速订场] refill 本轮无满足约束候选，缺口={'17:00': 1}，短等待后重拉
[12:04:20] [极速订场] refill 矩阵完成 fetch_n=86 wall=12:04:14.498 elapsed_ms=2098
[12:04:20] [极速订场] refill 本轮无满足约束候选，缺口={'20:00': 2, '21:00': 0}，短等待后重拉
[12:04:23] [极速订场] refill 矩阵完成 fetch_n=11 wall=12:04:17.181 elapsed_ms=2595
[12:04:23] [极速订场] refill 本轮无满足约束候选，缺口={'17:00': 1}，短等待后重拉
[12:04:23] [极速订场] refill 矩阵完成 fetch_n=87 wall=12:04:17.427 elapsed_ms=2575
[12:04:23] [极速订场] refill 本轮无满足约束候选，缺口={'20:00': 2, '21:00': 0}，短等待后重拉
[12:04:25] [极速订场] refill 矩阵完成 fetch_n=12 wall=12:04:19.963 elapsed_ms=2429
[12:04:25] [极速订场] refill 本轮无满足约束候选，缺口={'17:00': 1}，短等待后重拉
[12:04:26] [极速订场] refill 矩阵完成 fetch_n=88 wall=12:04:20.154 elapsed_ms=2372
[12:04:26] [极速订场] refill 本轮无满足约束候选，缺口={'20:00': 2, '21:00': 0}，短等待后重拉
[12:04:29] [极速订场] refill 矩阵完成 fetch_n=13 wall=12:04:23.222 elapsed_ms=2905
[12:04:29] [极速订场] refill 本轮无满足约束候选，缺口={'17:00': 1}，短等待后重拉
[12:04:29] [极速订场] refill 矩阵完成 fetch_n=89 wall=12:04:23.575 elapsed_ms=3068
[12:04:29] [极速订场] refill 本轮无满足约束候选，缺口={'20:00': 2, '21:00': 0}，短等待后重拉
[12:04:30] [极速订场] refill 矩阵完成 fetch_n=14 wall=12:04:25.279 elapsed_ms=1703
[12:04:30] [极速订场] refill 本轮无满足约束候选，缺口={'17:00': 1}，短等待后重拉
[12:04:30] [极速订场] refill 矩阵完成 fetch_n=90 wall=12:04:25.558 elapsed_ms=1627
[12:04:30] [极速订场] refill 本轮无满足约束候选，缺口={'20:00': 2, '21:00': 0}，短等待后重拉
[12:04:32] [极速订场] refill 矩阵完成 fetch_n=15 wall=12:04:27.527 elapsed_ms=1894
[12:04:32] [极速订场] refill 本轮无满足约束候选，缺口={'17:00': 1}，短等待后重拉
[12:04:32] [极速订场] refill 矩阵完成 fetch_n=91 wall=12:04:27.807 elapsed_ms=1895
[12:04:32] [极速订场] refill 本轮无满足约束候选，缺口={'20:00': 2, '21:00': 0}，短等待后重拉
[12:04:34] [极速订场] refill 矩阵完成 fetch_n=16 wall=12:04:29.318 elapsed_ms=1438
[12:04:34] [极速订场] refill 本轮无满足约束候选，缺口={'17:00': 1}，短等待后重拉
[12:04:34] [极速订场] refill 矩阵完成 fetch_n=92 wall=12:04:29.670 elapsed_ms=1509
[12:04:34] [极速订场] refill 本轮无满足约束候选，缺口={'20:00': 2, '21:00': 0}，短等待后重拉
[12:04:36] [极速订场] refill 矩阵完成 fetch_n=17 wall=12:04:31.560 elapsed_ms=1888
[12:04:36] [极速订场] refill 本轮无满足约束候选，缺口={'17:00': 1}，短等待后重拉
[12:04:36] [极速订场] refill 矩阵完成 fetch_n=93 wall=12:04:31.719 elapsed_ms=1693
[12:04:36] [极速订场] refill 本轮无满足约束候选，缺口={'20:00': 2, '21:00': 0}，短等待后重拉
[12:04:38] [极速订场] refill 矩阵完成 fetch_n=18 wall=12:04:33.813 elapsed_ms=1900
[12:04:38] [极速订场] refill 本轮无满足约束候选，缺口={'17:00': 1}，短等待后重拉
[12:04:38] [极速订场] refill 矩阵完成 fetch_n=94 wall=12:04:33.987 elapsed_ms=1914
[12:04:38] [极速订场] refill 本轮无满足约束候选，缺口={'20:00': 2, '21:00': 0}，短等待后重拉
[12:04:42] [极速订场] refill 矩阵完成 fetch_n=19 wall=12:04:36.263 elapsed_ms=2095
[12:04:42] [极速订场] refill 本轮无满足约束候选，缺口={'17:00': 1}，短等待后重拉
[12:04:42] [极速订场] refill 矩阵完成 fetch_n=95 wall=12:04:36.622 elapsed_ms=2280
[12:04:42] [极速订场] refill 本轮无满足约束候选，缺口={'20:00': 2, '21:00': 0}，短等待后重拉
[12:04:44] [极速订场] refill 矩阵完成 fetch_n=20 wall=12:04:38.742 elapsed_ms=2124
[12:04:44] [极速订场] refill 本轮无满足约束候选，缺口={'17:00': 1}，短等待后重拉
[12:04:45] [极速订场] refill 矩阵完成 fetch_n=96 wall=12:04:39.010 elapsed_ms=2034
[12:04:45] [极速订场] refill 本轮无满足约束候选，缺口={'20:00': 2, '21:00': 0}，短等待后重拉
[12:04:45] [极速订场] refill 矩阵完成 fetch_n=21 wall=12:04:40.688 elapsed_ms=1592
[12:04:45] [极速订场] refill 本轮无满足约束候选，缺口={'17:00': 1}，短等待后重拉
[12:04:45] [极速订场] refill 矩阵完成 fetch_n=97 wall=12:04:40.960 elapsed_ms=1596
[12:04:45] [极速订场] refill 本轮无满足约束候选，缺口={'20:00': 2, '21:00': 0}，短等待后重拉
[12:04:49] [极速订场] refill 矩阵完成 fetch_n=22 wall=12:04:43.049 elapsed_ms=2008
[12:04:49] [极速订场] refill 本轮无满足约束候选，缺口={'17:00': 1}，短等待后重拉
[12:04:48] [极速订场] refill 矩阵完成 fetch_n=98 wall=12:04:43.297 elapsed_ms=1964
[12:04:48] [极速订场] refill 本轮无满足约束候选，缺口={'20:00': 2, '21:00': 0}，短等待后重拉
[12:04:49] [极速订场] refill 矩阵完成 fetch_n=23 wall=12:04:44.956 elapsed_ms=1553
[12:04:49] [极速订场] refill 本轮无满足约束候选，缺口={'17:00': 1}，短等待后重拉
[12:04:50] [极速订场] refill 矩阵完成 fetch_n=99 wall=12:04:45.316 elapsed_ms=1666
[12:04:50] [极速订场] refill 本轮无满足约束候选，缺口={'20:00': 2, '21:00': 0}，短等待后重拉
[12:04:51] [极速订场] refill 矩阵完成 fetch_n=24 wall=12:04:47.003 elapsed_ms=1693
[12:04:51] [极速订场] refill 本轮无满足约束候选，缺口={'17:00': 1}，短等待后重拉
[12:04:52] [极速订场] refill 矩阵完成 fetch_n=100 wall=12:04:47.304 elapsed_ms=1633
[12:04:52] [极速订场] refill 本轮无满足约束候选，缺口={'20:00': 2, '21:00': 0}，短等待后重拉
[12:04:54] [极速订场] refill 矩阵完成 fetch_n=25 wall=12:04:49.142 elapsed_ms=1784
[12:04:54] [极速订场] refill 本轮无满足约束候选，缺口={'17:00': 1}，短等待后重拉
[12:04:54] [极速订场] refill 矩阵完成 fetch_n=101 wall=12:04:49.527 elapsed_ms=1869
[12:04:54] [极速订场] refill 本轮无满足约束候选，缺口={'20:00': 2, '21:00': 0}，短等待后重拉
[12:04:55] [极速订场] refill 矩阵完成 fetch_n=26 wall=12:04:50.892 elapsed_ms=1398
[12:04:55] [极速订场] refill 本轮无满足约束候选，缺口={'17:00': 1}，短等待后重拉
[12:04:56] [极速订场] refill 矩阵完成 fetch_n=102 wall=12:04:51.183 elapsed_ms=1304
[12:04:56] [极速订场] refill 本轮无满足约束候选，缺口={'20:00': 2, '21:00': 0}，短等待后重拉
[12:04:57] [极速订场] refill 矩阵完成 fetch_n=27 wall=12:04:52.777 elapsed_ms=1532
[12:04:57] [极速订场] refill 本轮无满足约束候选，缺口={'17:00': 1}，短等待后重拉
[12:04:58] [极速订场] refill 矩阵完成 fetch_n=103 wall=12:04:53.088 elapsed_ms=1552
[12:04:58] [极速订场] refill 本轮无满足约束候选，缺口={'20:00': 2, '21:00': 0}，短等待后重拉
[12:04:59] [极速订场] refill 矩阵完成 fetch_n=28 wall=12:04:54.684 elapsed_ms=1554
[12:04:59] [极速订场] refill 本轮无满足约束候选，缺口={'17:00': 1}，短等待后重拉
[12:05:00] [极速订场] refill 矩阵完成 fetch_n=104 wall=12:04:55.066 elapsed_ms=1624
[12:05:00] [极速订场] refill 本轮无满足约束候选，缺口={'20:00': 2, '21:00': 0}，短等待后重拉
[12:05:01] [极速订场] refill 矩阵完成 fetch_n=29 wall=12:04:56.543 elapsed_ms=1504
[12:05:01] [极速订场] refill 本轮无满足约束候选，缺口={'17:00': 1}，短等待后重拉
[12:05:01] [极速订场] refill 矩阵完成 fetch_n=105 wall=12:04:56.891 elapsed_ms=1471
[12:05:01] [极速订场] refill 本轮无满足约束候选，缺口={'20:00': 2, '21:00': 0}，短等待后重拉
[12:05:03] [极速订场] refill 矩阵完成 fetch_n=30 wall=12:04:58.521 elapsed_ms=1624
[12:05:03] [极速订场] refill 本轮无满足约束候选，缺口={'17:00': 1}，短等待后重拉
[12:05:03] [极速订场] refill 矩阵完成 fetch_n=106 wall=12:04:58.971 elapsed_ms=1725
[12:05:03] [极速订场] refill 本轮无满足约束候选，缺口={'20:00': 2, '21:00': 0}，短等待后重拉
[12:05:05] [极速订场] refill 矩阵完成 fetch_n=31 wall=12:05:00.761 elapsed_ms=1887
[12:05:05] [极速订场] refill 本轮无满足约束候选，缺口={'17:00': 1}，短等待后重拉
[12:05:07] [极速订场] refill 矩阵完成 fetch_n=107 wall=12:05:01.325 elapsed_ms=2001
[12:05:07] [极速订场] refill 本轮无满足约束候选，缺口={'20:00': 2, '21:00': 0}，短等待后重拉
[12:05:07] [极速订场] refill 矩阵完成 fetch_n=32 wall=12:05:02.983 elapsed_ms=1868
[12:05:07] [极速订场] refill 本轮无满足约束候选，缺口={'17:00': 1}，短等待后重拉
[12:05:08] [极速订场] refill 矩阵完成 fetch_n=108 wall=12:05:03.504 elapsed_ms=1825
[12:05:08] [极速订场] refill 本轮无满足约束候选，缺口={'20:00': 2, '21:00': 0}，短等待后重拉
[12:05:10] [极速订场] refill 矩阵完成 fetch_n=33 wall=12:05:05.216 elapsed_ms=1879
[12:05:10] [极速订场] refill 本轮无满足约束候选，缺口={'17:00': 1}，短等待后重拉
[12:05:10] [极速订场] refill 矩阵完成 fetch_n=109 wall=12:05:05.806 elapsed_ms=1949
[12:05:10] [极速订场] refill 本轮无满足约束候选，缺口={'20:00': 2, '21:00': 0}，短等待后重拉
[12:05:13] [极速订场] refill 矩阵完成 fetch_n=34 wall=12:05:07.720 elapsed_ms=2151
[12:05:13] [极速订场] refill 本轮无满足约束候选，缺口={'17:00': 1}，短等待后重拉
[12:05:13] [极速订场] refill 矩阵完成 fetch_n=110 wall=12:05:08.021 elapsed_ms=1860
[12:05:13] [极速订场] refill 本轮无满足约束候选，缺口={'20:00': 2, '21:00': 0}，短等待后重拉
[12:05:14] [极速订场] refill 矩阵完成 fetch_n=35 wall=12:05:09.697 elapsed_ms=1624
[12:05:14] [极速订场] refill 本轮无满足约束候选，缺口={'17:00': 1}，短等待后重拉
[12:05:15] [极速订场] refill 矩阵完成 fetch_n=111 wall=12:05:10.141 elapsed_ms=1768
[12:05:15] [极速订场] refill 本轮无满足约束候选，缺口={'20:00': 2, '21:00': 0}，短等待后重拉
[12:05:16] [极速订场] refill 矩阵完成 fetch_n=36 wall=12:05:11.799 elapsed_ms=1750
[12:05:16] [极速订场] refill 本轮无满足约束候选，缺口={'17:00': 1}，短等待后重拉
[12:05:17] [极速订场] refill 矩阵完成 fetch_n=112 wall=12:05:12.237 elapsed_ms=1740
[12:05:17] [极速订场] refill 本轮无满足约束候选，缺口={'20:00': 2, '21:00': 0}，短等待后重拉
[12:05:19] [极速订场] refill 矩阵完成 fetch_n=37 wall=12:05:14.093 elapsed_ms=1941
[12:05:19] [极速订场] refill 本轮无满足约束候选，缺口={'17:00': 1}，短等待后重拉
[12:05:19] [极速订场] refill 矩阵完成 fetch_n=113 wall=12:05:14.309 elapsed_ms=1717
[12:05:19] [极速订场] refill 本轮无满足约束候选，缺口={'20:00': 2, '21:00': 0}，短等待后重拉
[12:05:21] [极速订场] refill 矩阵完成 fetch_n=38 wall=12:05:16.232 elapsed_ms=1785
[12:05:21] [极速订场] refill 本轮无满足约束候选，缺口={'17:00': 1}，短等待后重拉
[12:05:21] [极速订场] refill 矩阵完成 fetch_n=114 wall=12:05:16.432 elapsed_ms=1769
[12:05:21] [极速订场] refill 本轮无满足约束候选，缺口={'20:00': 2, '21:00': 0}，短等待后重拉
[12:05:22] [极速订场] refill 矩阵完成 fetch_n=39 wall=12:05:17.962 elapsed_ms=1377
[12:05:22] [极速订场] refill 本轮无满足约束候选，缺口={'17:00': 1}，短等待后重拉
[12:05:23] [极速订场] refill 矩阵完成 fetch_n=115 wall=12:05:18.128 elapsed_ms=1344
[12:05:23] [极速订场] refill 本轮无满足约束候选，缺口={'20:00': 2, '21:00': 0}，短等待后重拉
[12:05:24] [极速订场] refill 矩阵完成 fetch_n=40 wall=12:05:19.443 elapsed_ms=1129
[12:05:24] [极速订场] refill 本轮无满足约束候选，缺口={'17:00': 1}，短等待后重拉
[12:05:24] [极速订场] refill 矩阵完成 fetch_n=116 wall=12:05:19.737 elapsed_ms=1256
[12:05:24] [极速订场] refill 本轮无满足约束候选，缺口={'20:00': 2, '21:00': 0}，短等待后重拉
[12:05:26] [极速订场] refill 矩阵完成 fetch_n=41 wall=12:05:21.158 elapsed_ms=1362
[12:05:26] [极速订场] refill 本轮无满足约束候选，缺口={'17:00': 1}，短等待后重拉
[12:05:26] [极速订场] refill 矩阵完成 fetch_n=117 wall=12:05:21.520 elapsed_ms=1431
[12:05:26] [极速订场] refill 本轮无满足约束候选，缺口={'20:00': 2, '21:00': 0}，短等待后重拉
[12:05:27] [极速订场] refill 矩阵完成 fetch_n=42 wall=12:05:22.741 elapsed_ms=1230
[12:05:27] [极速订场] refill 本轮无满足约束候选，缺口={'17:00': 1}，短等待后重拉
[12:05:28] [极速订场] refill 矩阵完成 fetch_n=118 wall=12:05:23.295 elapsed_ms=1422
[12:05:28] [极速订场] refill 本轮无满足约束候选，缺口={'20:00': 2, '21:00': 0}，短等待后重拉
[12:05:29] [极速订场] refill 矩阵完成 fetch_n=43 wall=12:05:24.395 elapsed_ms=1301
[12:05:29] [极速订场] refill 本轮无满足约束候选，缺口={'17:00': 1}，短等待后重拉
[12:05:29] [极速订场] refill 矩阵完成 fetch_n=119 wall=12:05:24.794 elapsed_ms=1147
[12:05:29] [极速订场] refill 本轮无满足约束候选，缺口={'20:00': 2, '21:00': 0}，短等待后重拉
[12:05:30] [极速订场] refill 矩阵完成 fetch_n=44 wall=12:05:25.908 elapsed_ms=1160
[12:05:30] [极速订场] refill 本轮无满足约束候选，缺口={'17:00': 1}，短等待后重拉
[12:05:31] [极速订场] refill 矩阵完成 fetch_n=120 wall=12:05:26.488 elapsed_ms=1341
[12:05:31] [极速订场] refill 本轮无满足约束候选，缺口={'20:00': 2, '21:00': 0}，短等待后重拉
[12:05:32] [极速订场] refill 矩阵完成 fetch_n=45 wall=12:05:27.649 elapsed_ms=1388
[12:05:32] [极速订场] refill 本轮无满足约束候选，缺口={'17:00': 1}，短等待后重拉
[12:05:33] [极速订场] refill 矩阵完成 fetch_n=121 wall=12:05:28.132 elapsed_ms=1291
[12:05:33] [极速订场] refill 本轮无满足约束候选，缺口={'20:00': 2, '21:00': 0}，短等待后重拉
[12:05:34] [极速订场] refill 矩阵完成 fetch_n=46 wall=12:05:29.757 elapsed_ms=1754
[12:05:34] [极速订场] refill 本轮无满足约束候选，缺口={'17:00': 1}，短等待后重拉
[12:05:35] [极速订场] refill 矩阵完成 fetch_n=122 wall=12:05:30.076 elapsed_ms=1592
[12:05:35] [极速订场] refill 本轮无满足约束候选，缺口={'20:00': 2, '21:00': 0}，短等待后重拉
[12:05:36] [极速订场] refill 矩阵完成 fetch_n=47 wall=12:05:31.424 elapsed_ms=1313
[12:05:36] [极速订场] refill 本轮无满足约束候选，缺口={'17:00': 1}，短等待后重拉
[12:05:36] [极速订场] refill 矩阵完成 fetch_n=123 wall=12:05:31.790 elapsed_ms=1358
[12:05:36] [极速订场] refill 本轮无满足约束候选，缺口={'20:00': 2, '21:00': 0}，短等待后重拉
[12:05:38] [极速订场] refill 矩阵完成 fetch_n=48 wall=12:05:33.135 elapsed_ms=1359
[12:05:38] [极速订场] refill 本轮无满足约束候选，缺口={'17:00': 1}，短等待后重拉
[12:05:38] [极速订场] refill 矩阵完成 fetch_n=124 wall=12:05:33.456 elapsed_ms=1314
[12:05:38] [极速订场] refill 本轮无满足约束候选，缺口={'20:00': 2, '21:00': 0}，短等待后重拉
[12:05:39] [极速订场] refill 矩阵完成 fetch_n=49 wall=12:05:34.751 elapsed_ms=1264
[12:05:39] [极速订场] refill 本轮无满足约束候选，缺口={'17:00': 1}，短等待后重拉
[12:05:40] [极速订场] refill 矩阵完成 fetch_n=125 wall=12:05:35.404 elapsed_ms=1593
[12:05:40] [极速订场] refill 本轮无满足约束候选，缺口={'20:00': 2, '21:00': 0}，短等待后重拉
[12:05:41] [极速订场] refill 矩阵完成 fetch_n=50 wall=12:05:36.584 elapsed_ms=1479
[12:05:41] [极速订场] refill 本轮无满足约束候选，缺口={'17:00': 1}，短等待后重拉
[12:05:42] [极速订场] refill 矩阵完成 fetch_n=126 wall=12:05:37.005 elapsed_ms=1247
[12:05:42] [极速订场] refill 本轮无满足约束候选，缺口={'20:00': 2, '21:00': 0}，短等待后重拉
[12:05:43] [极速订场] refill 矩阵完成 fetch_n=51 wall=12:05:38.014 elapsed_ms=1076
[12:05:43] [极速订场] refill 本轮无满足约束候选，缺口={'17:00': 1}，短等待后重拉
[12:05:43] [极速订场] refill 矩阵完成 fetch_n=127 wall=12:05:38.388 elapsed_ms=1031
[12:05:43] [极速订场] refill 本轮无满足约束候选，缺口={'20:00': 2, '21:00': 0}，短等待后重拉
[12:05:44] [极速订场] refill 矩阵完成 fetch_n=52 wall=12:05:39.879 elapsed_ms=1513
[12:05:44] [极速订场] refill 本轮无满足约束候选，缺口={'17:00': 1}，短等待后重拉
[12:05:45] [极速订场] refill 矩阵完成 fetch_n=128 wall=12:05:40.557 elapsed_ms=1816
[12:05:45] [极速订场] refill 本轮无满足约束候选，缺口={'20:00': 2, '21:00': 0}，短等待后重拉
[12:05:46] [极速订场] refill 矩阵完成 fetch_n=53 wall=12:05:41.385 elapsed_ms=1151
[12:05:46] [极速订场] refill 本轮无满足约束候选，缺口={'17:00': 1}，短等待后重拉
[12:05:47] [极速订场] refill 矩阵完成 fetch_n=129 wall=12:05:42.213 elapsed_ms=1302
[12:05:47] [极速订场] refill 本轮无满足约束候选，缺口={'20:00': 2, '21:00': 0}，短等待后重拉
[12:05:48] [极速订场] refill 矩阵完成 fetch_n=54 wall=12:05:43.259 elapsed_ms=1521
[12:05:48] [极速订场] refill 本轮无满足约束候选，缺口={'17:00': 1}，短等待后重拉
[12:05:49] [极速订场] refill 矩阵完成 fetch_n=130 wall=12:05:44.160 elapsed_ms=1592
[12:05:49] [极速订场] refill 本轮无满足约束候选，缺口={'20:00': 2, '21:00': 0}，短等待后重拉
[12:05:50] [极速订场] refill 矩阵完成 fetch_n=55 wall=12:05:45.162 elapsed_ms=1550
[12:05:50] [极速订场] refill 本轮无满足约束候选，缺口={'17:00': 1}，短等待后重拉
[12:05:51] [极速订场] refill 矩阵完成 fetch_n=131 wall=12:05:46.020 elapsed_ms=1506
[12:05:51] [极速订场] refill 本轮无满足约束候选，缺口={'20:00': 2, '21:00': 0}，短等待后重拉
[12:05:52] [极速订场] refill 矩阵完成 fetch_n=56 wall=12:05:47.381 elapsed_ms=1865
[12:05:52] [极速订场] refill 本轮无满足约束候选，缺口={'17:00': 1}，短等待后重拉
[12:05:53] [极速订场] refill 矩阵完成 fetch_n=132 wall=12:05:48.005 elapsed_ms=1630
[12:05:53] [极速订场] refill 本轮无满足约束候选，缺口={'20:00': 2, '21:00': 0}，短等待后重拉
[12:05:54] [极速订场] refill 矩阵完成 fetch_n=57 wall=12:05:49.385 elapsed_ms=1652
[12:05:54] [极速订场] refill 本轮无满足约束候选，缺口={'17:00': 1}，短等待后重拉
[12:05:54] [极速订场] refill 矩阵完成 fetch_n=133 wall=12:05:49.779 elapsed_ms=1422
[12:05:54] [极速订场] refill 本轮无满足约束候选，缺口={'20:00': 2, '21:00': 0}，短等待后重拉
[12:05:55] [极速订场] refill 矩阵完成 fetch_n=58 wall=12:05:50.963 elapsed_ms=1225
[12:05:55] [极速订场] refill 本轮无满足约束候选，缺口={'17:00': 1}，短等待后重拉
[12:05:56] [极速订场] refill 矩阵完成 fetch_n=134 wall=12:05:51.252 elapsed_ms=1119
[12:05:56] [极速订场] refill 本轮无满足约束候选，缺口={'20:00': 2, '21:00': 0}，短等待后重拉
[12:05:57] [极速订场] refill 矩阵完成 fetch_n=59 wall=12:05:52.825 elapsed_ms=1509
[12:05:57] [极速订场] refill 本轮无满足约束候选，缺口={'17:00': 1}，短等待后重拉
[12:05:58] [极速订场] refill 矩阵完成 fetch_n=135 wall=12:05:53.084 elapsed_ms=1480
[12:05:58] [极速订场] refill 本轮无满足约束候选，缺口={'20:00': 2, '21:00': 0}，短等待后重拉
[12:05:59] [极速订场] refill 矩阵完成 fetch_n=60 wall=12:05:54.383 elapsed_ms=1205
[12:05:59] [极速订场] refill 本轮无满足约束候选，缺口={'17:00': 1}，短等待后重拉
[12:05:59] [极速订场] refill 矩阵完成 fetch_n=136 wall=12:05:54.569 elapsed_ms=1132
[12:05:59] [极速订场] refill 本轮无满足约束候选，缺口={'20:00': 2, '21:00': 0}，短等待后重拉
[12:06:01] [极速订场] refill 矩阵完成 fetch_n=61 wall=12:05:56.095 elapsed_ms=1360
[12:06:01] [极速订场] refill 本轮无满足约束候选，缺口={'17:00': 1}，短等待后重拉
[12:06:01] [极速订场] refill 矩阵完成 fetch_n=137 wall=12:05:56.192 elapsed_ms=1271
[12:06:01] [极速订场] refill 本轮无满足约束候选，缺口={'20:00': 2, '21:00': 0}，短等待后重拉
[12:06:02] [极速订场] refill 矩阵完成 fetch_n=62 wall=12:05:57.532 elapsed_ms=1083
[12:06:02] [极速订场] refill 本轮无满足约束候选，缺口={'17:00': 1}，短等待后重拉
[12:06:02] [极速订场] refill 矩阵完成 fetch_n=138 wall=12:05:57.614 elapsed_ms=1069
[12:06:02] [极速订场] refill 本轮无满足约束候选，缺口={'20:00': 2, '21:00': 0}，短等待后重拉
[12:06:04] [极速订场] refill 矩阵完成 fetch_n=63 wall=12:05:59.623 elapsed_ms=1738
[12:06:04] [极速订场] refill 本轮无满足约束候选，缺口={'17:00': 1}，短等待后重拉
[12:06:04] [极速订场] refill 矩阵完成 fetch_n=139 wall=12:05:59.629 elapsed_ms=1663
[12:06:04] [极速订场] refill 本轮无满足约束候选，缺口={'20:00': 2, '21:00': 0}，短等待后重拉
[12:06:06] [极速订场] refill 矩阵完成 fetch_n=140 wall=12:06:01.393 elapsed_ms=1412
[12:06:06] [极速订场] refill 本轮无满足约束候选，缺口={'20:00': 2, '21:00': 0}，短等待后重拉
[12:06:06] [极速订场] refill 矩阵完成 fetch_n=64 wall=12:06:01.398 elapsed_ms=1422
[12:06:06] [极速订场] refill 本轮无满足约束候选，缺口={'17:00': 1}，短等待后重拉
[12:06:08] [极速订场] refill 矩阵完成 fetch_n=141 wall=12:06:03.280 elapsed_ms=1534
[12:06:08] [极速订场] refill 本轮无满足约束候选，缺口={'20:00': 2, '21:00': 0}，短等待后重拉
[12:06:08] [极速订场] refill 矩阵完成 fetch_n=65 wall=12:06:03.290 elapsed_ms=1539
[12:06:08] [极速订场] refill 本轮无满足约束候选，缺口={'17:00': 1}，短等待后重拉
[12:06:10] [极速订场] refill 矩阵完成 fetch_n=142 wall=12:06:05.026 elapsed_ms=1394
[12:06:10] [极速订场] refill 本轮无满足约束候选，缺口={'20:00': 2, '21:00': 0}，短等待后重拉
[12:06:10] [极速订场] refill 矩阵完成 fetch_n=66 wall=12:06:05.031 elapsed_ms=1389
[12:06:10] [极速订场] refill 本轮无满足约束候选，缺口={'17:00': 1}，短等待后重拉
[12:06:12] [极速订场] refill 矩阵完成 fetch_n=67 wall=12:06:07.059 elapsed_ms=1675
[12:06:12] [极速订场] refill 矩阵完成 fetch_n=143 wall=12:06:07.061 elapsed_ms=1683
[12:06:12] [极速订场] refill 本轮无满足约束候选，缺口={'17:00': 1}，短等待后重拉
[12:06:12] [极速订场] refill 本轮无满足约束候选，缺口={'20:00': 2, '21:00': 0}，短等待后重拉
[12:06:13] [极速订场] refill 矩阵完成 fetch_n=144 wall=12:06:08.796 elapsed_ms=1380
[12:06:13] [极速订场] refill 矩阵完成 fetch_n=68 wall=12:06:08.810 elapsed_ms=1393
[12:06:13] [极速订场] refill 本轮无满足约束候选，缺口={'20:00': 2, '21:00': 0}，短等待后重拉
[12:06:13] [极速订场] refill 本轮无满足约束候选，缺口={'17:00': 1}，短等待后重拉
[12:06:15] [极速订场] refill 矩阵完成 fetch_n=69 wall=12:06:10.701 elapsed_ms=1502
[12:06:15] [极速订场] refill 本轮无满足约束候选，缺口={'17:00': 1}，短等待后重拉
[12:06:15] [极速订场] refill 矩阵完成 fetch_n=145 wall=12:06:10.705 elapsed_ms=1507
[12:06:15] [极速订场] refill 本轮无满足约束候选，缺口={'20:00': 2, '21:00': 0}，短等待后重拉
[12:06:17] [极速订场] refill 矩阵完成 fetch_n=70 wall=12:06:12.130 elapsed_ms=1077
[12:06:17] [极速订场] refill 本轮无满足约束候选，缺口={'17:00': 1}，短等待后重拉
[12:06:17] [极速订场] refill 矩阵完成 fetch_n=146 wall=12:06:12.144 elapsed_ms=1087
[12:06:17] [极速订场] refill 本轮无满足约束候选，缺口={'20:00': 2, '21:00': 0}，短等待后重拉
[12:06:19] [极速订场] refill 矩阵完成 fetch_n=71 wall=12:06:14.110 elapsed_ms=1627
[12:06:19] [极速订场] refill 本轮无满足约束候选，缺口={'17:00': 1}，短等待后重拉
[12:06:19] [极速订场] refill 矩阵完成 fetch_n=147 wall=12:06:14.127 elapsed_ms=1631
[12:06:19] [极速订场] refill 本轮无满足约束候选，缺口={'20:00': 2, '21:00': 0}，短等待后重拉
[12:06:20] [极速订场] refill 矩阵完成 fetch_n=148 wall=12:06:15.581 elapsed_ms=1102
[12:06:20] [极速订场] refill 本轮无满足约束候选，缺口={'20:00': 2, '21:00': 0}，短等待后重拉
[12:06:20] [极速订场] refill 矩阵完成 fetch_n=72 wall=12:06:15.738 elapsed_ms=1276
[12:06:20] [极速订场] refill 本轮无满足约束候选，缺口={'17:00': 1}，短等待后重拉
[12:06:22] [极速订场] refill 矩阵完成 fetch_n=149 wall=12:06:17.386 elapsed_ms=1452
[12:06:22] [极速订场] refill 本轮无满足约束候选，缺口={'20:00': 2, '21:00': 0}，短等待后重拉
[12:06:22] [极速订场] refill 矩阵完成 fetch_n=73 wall=12:06:17.579 elapsed_ms=1489
[12:06:22] [极速订场] refill 本轮无满足约束候选，缺口={'17:00': 1}，短等待后重拉
[12:06:24] [极速订场] refill 矩阵完成 fetch_n=150 wall=12:06:19.146 elapsed_ms=1408
[12:06:24] [极速订场] refill 本轮无满足约束候选，缺口={'20:00': 2, '21:00': 0}，短等待后重拉
[12:06:24] [极速订场] refill 矩阵完成 fetch_n=74 wall=12:06:19.319 elapsed_ms=1389
[12:06:24] [极速订场] refill 本轮无满足约束候选，缺口={'17:00': 1}，短等待后重拉
[12:06:26] [极速订场] refill 矩阵完成 fetch_n=151 wall=12:06:21.471 elapsed_ms=1971
[12:06:26] [极速订场] refill 本轮无满足约束候选，缺口={'20:00': 2, '21:00': 0}，短等待后重拉
[12:06:26] [极速订场] refill 矩阵完成 fetch_n=75 wall=12:06:21.633 elapsed_ms=1961
[12:06:26] [极速订场] refill 本轮无满足约束候选，缺口={'17:00': 1}，短等待后重拉
[12:06:28] [极速订场] refill 矩阵完成 fetch_n=152 wall=12:06:23.250 elapsed_ms=1425
[12:06:28] [极速订场] refill 本轮无满足约束候选，缺口={'20:00': 2, '21:00': 0}，短等待后重拉
[12:06:28] [极速订场] refill 矩阵完成 fetch_n=76 wall=12:06:23.435 elapsed_ms=1449
[12:06:28] [极速订场] refill 本轮无满足约束候选，缺口={'17:00': 1}，短等待后重拉
[12:06:29] [极速订场] refill 矩阵完成 fetch_n=153 wall=12:06:24.914 elapsed_ms=1312
[12:06:29] [极速订场] refill 本轮无满足约束候选，缺口={'20:00': 2, '21:00': 0}，短等待后重拉
[12:06:30] [极速订场] refill 矩阵完成 fetch_n=77 wall=12:06:25.110 elapsed_ms=1321
[12:06:30] [极速订场] refill 本轮无满足约束候选，缺口={'17:00': 1}，短等待后重拉
[12:06:31] [极速订场] refill 矩阵完成 fetch_n=154 wall=12:06:26.314 elapsed_ms=1034
[12:06:31] [极速订场] refill 本轮无满足约束候选，缺口={'20:00': 2, '21:00': 0}，短等待后重拉
[12:06:31] [极速订场] refill 矩阵完成 fetch_n=78 wall=12:06:26.516 elapsed_ms=1053
[12:06:31] [极速订场] refill 本轮无满足约束候选，缺口={'17:00': 1}，短等待后重拉
[12:06:32] [极速订场] refill 矩阵完成 fetch_n=155 wall=12:06:27.810 elapsed_ms=1144
[12:06:32] [极速订场] refill 本轮无满足约束候选，缺口={'20:00': 2, '21:00': 0}，短等待后重拉
[12:06:33] [极速订场] refill 矩阵完成 fetch_n=79 wall=12:06:28.241 elapsed_ms=1372
[12:06:33] [极速订场] refill 本轮无满足约束候选，缺口={'17:00': 1}，短等待后重拉
[12:06:34] [极速订场] refill 矩阵完成 fetch_n=156 wall=12:06:29.558 elapsed_ms=1394
[12:06:34] [极速订场] refill 本轮无满足约束候选，缺口={'20:00': 2, '21:00': 0}，短等待后重拉
[12:06:34] [极速订场] refill 矩阵完成 fetch_n=80 wall=12:06:29.942 elapsed_ms=1347
[12:06:34] [极速订场] refill 本轮无满足约束候选，缺口={'17:00': 1}，短等待后重拉
[12:06:36] [极速订场] refill 矩阵完成 fetch_n=157 wall=12:06:31.091 elapsed_ms=1179
[12:06:36] [极速订场] refill 本轮无满足约束候选，缺口={'20:00': 2, '21:00': 0}，短等待后重拉
[12:06:36] [极速订场] refill 矩阵完成 fetch_n=81 wall=12:06:31.618 elapsed_ms=1322
[12:06:36] [极速订场] refill 本轮无满足约束候选，缺口={'17:00': 1}，短等待后重拉
[12:06:37] [极速订场] refill 矩阵完成 fetch_n=158 wall=12:06:32.883 elapsed_ms=1439
[12:06:37] [极速订场] refill 本轮无满足约束候选，缺口={'20:00': 2, '21:00': 0}，短等待后重拉
[12:06:38] [极速订场] refill 矩阵完成 fetch_n=82 wall=12:06:33.412 elapsed_ms=1441
[12:06:38] [极速订场] refill 本轮无满足约束候选，缺口={'17:00': 1}，短等待后重拉
[12:06:39] [极速订场] refill 矩阵完成 fetch_n=159 wall=12:06:34.876 elapsed_ms=1639
[12:06:39] [极速订场] refill 本轮无满足约束候选，缺口={'20:00': 2, '21:00': 0}，短等待后重拉
[12:06:40] [极速订场] refill 矩阵完成 fetch_n=83 wall=12:06:35.356 elapsed_ms=1592
[12:06:40] [极速订场] refill 本轮无满足约束候选，缺口={'17:00': 1}，短等待后重拉
[12:06:41] [极速订场] refill 矩阵完成 fetch_n=160 wall=12:06:36.548 elapsed_ms=1318
[12:06:41] [极速订场] refill 本轮无满足约束候选，缺口={'20:00': 2, '21:00': 0}，短等待后重拉
[12:06:42] [极速订场] refill 矩阵完成 fetch_n=84 wall=12:06:37.041 elapsed_ms=1333
[12:06:42] [极速订场] refill 本轮无满足约束候选，缺口={'17:00': 1}，短等待后重拉
[12:06:43] [极速订场] refill 矩阵完成 fetch_n=161 wall=12:06:38.228 elapsed_ms=1327
[12:06:43] [极速订场] refill 本轮无满足约束候选，缺口={'20:00': 2, '21:00': 0}，短等待后重拉
[12:06:43] [极速订场] refill 矩阵完成 fetch_n=85 wall=12:06:38.824 elapsed_ms=1429
[12:06:43] [极速订场] refill 本轮无满足约束候选，缺口={'17:00': 1}，短等待后重拉
[12:06:44] [极速订场] refill 矩阵完成 fetch_n=162 wall=12:06:39.885 elapsed_ms=1305
[12:06:44] [极速订场] refill 本轮无满足约束候选，缺口={'20:00': 2, '21:00': 0}，短等待后重拉
[12:06:45] [极速订场] refill 矩阵完成 fetch_n=86 wall=12:06:40.348 elapsed_ms=1170
[12:06:45] [极速订场] refill 本轮无满足约束候选，缺口={'17:00': 1}，短等待后重拉
[12:06:46] [极速订场] refill 矩阵完成 fetch_n=163 wall=12:06:41.559 elapsed_ms=1321
[12:06:46] [极速订场] refill 本轮无满足约束候选，缺口={'20:00': 2, '21:00': 0}，短等待后重拉
[12:06:47] [极速订场] refill 矩阵完成 fetch_n=87 wall=12:06:42.143 elapsed_ms=1443
[12:06:47] [极速订场] refill 本轮无满足约束候选，缺口={'17:00': 1}，短等待后重拉
[12:06:48] [极速订场] refill 矩阵完成 fetch_n=164 wall=12:06:43.200 elapsed_ms=1288
[12:06:48] [极速订场] refill 本轮无满足约束候选，缺口={'20:00': 2, '21:00': 0}，短等待后重拉
[12:06:48] [极速订场] refill 矩阵完成 fetch_n=88 wall=12:06:43.619 elapsed_ms=1122
[12:06:48] [极速订场] refill 本轮无满足约束候选，缺口={'17:00': 1}，短等待后重拉
[12:06:49] [极速订场] refill 矩阵完成 fetch_n=165 wall=12:06:44.619 elapsed_ms=1066
[12:06:49] [极速订场] refill 本轮无满足约束候选，缺口={'20:00': 2, '21:00': 0}，短等待后重拉
[12:06:50] [极速订场] refill 矩阵完成 fetch_n=89 wall=12:06:45.222 elapsed_ms=1249
[12:06:50] [极速订场] refill 本轮无满足约束候选，缺口={'17:00': 1}，短等待后重拉
[12:06:51] [极速订场] refill 矩阵完成 fetch_n=166 wall=12:06:46.135 elapsed_ms=1162
[12:06:51] [极速订场] refill 本轮无满足约束候选，缺口={'20:00': 2, '21:00': 0}，短等待后重拉
[12:06:51] [极速订场] refill 矩阵完成 fetch_n=90 wall=12:06:46.849 elapsed_ms=1275
[12:06:51] [极速订场] refill 本轮无满足约束候选，缺口={'17:00': 1}，短等待后重拉
[12:06:52] [极速订场] refill 矩阵完成 fetch_n=167 wall=12:06:47.697 elapsed_ms=1209
[12:06:52] [极速订场] refill 本轮无满足约束候选，缺口={'20:00': 2, '21:00': 0}，短等待后重拉
[12:06:53] [极速订场] refill 矩阵完成 fetch_n=91 wall=12:06:48.751 elapsed_ms=1549
[12:06:53] [极速订场] refill 本轮无满足约束候选，缺口={'17:00': 1}，短等待后重拉
[12:06:54] [极速订场] refill 矩阵完成 fetch_n=168 wall=12:06:49.502 elapsed_ms=1452
[12:06:54] [极速订场] refill 本轮无满足约束候选，缺口={'20:00': 2, '21:00': 0}，短等待后重拉
[12:06:55] [极速订场] refill 矩阵完成 fetch_n=92 wall=12:06:50.486 elapsed_ms=1381
[12:06:55] [极速订场] refill 本轮无满足约束候选，缺口={'17:00': 1}，短等待后重拉
[12:06:56] [极速订场] refill 矩阵完成 fetch_n=169 wall=12:06:51.189 elapsed_ms=1332
[12:06:56] [极速订场] refill 本轮无满足约束候选，缺口={'20:00': 2, '21:00': 0}，短等待后重拉
[12:06:57] [极速订场] refill 矩阵完成 fetch_n=93 wall=12:06:52.114 elapsed_ms=1276
[12:06:57] [极速订场] refill 本轮无满足约束候选，缺口={'17:00': 1}，短等待后重拉
[12:06:57] [极速订场] refill 矩阵完成 fetch_n=170 wall=12:06:52.944 elapsed_ms=1402
[12:06:57] [极速订场] refill 本轮无满足约束候选，缺口={'20:00': 2, '21:00': 0}，短等待后重拉
[12:06:58] [极速订场] refill 矩阵完成 fetch_n=94 wall=12:06:53.804 elapsed_ms=1336
[12:06:58] [极速订场] refill 本轮无满足约束候选，缺口={'17:00': 1}，短等待后重拉
[12:06:59] [极速订场] refill 矩阵完成 fetch_n=171 wall=12:06:54.679 elapsed_ms=1383
[12:06:59] [极速订场] refill 本轮无满足约束候选，缺口={'20:00': 2, '21:00': 0}，短等待后重拉
[12:07:00] [极速订场] refill 矩阵完成 fetch_n=95 wall=12:06:55.619 elapsed_ms=1460
[12:07:00] [极速订场] refill 本轮无满足约束候选，缺口={'17:00': 1}，短等待后重拉
[12:07:01] [极速订场] refill 矩阵完成 fetch_n=172 wall=12:06:56.363 elapsed_ms=1331
[12:07:01] [极速订场] refill 本轮无满足约束候选，缺口={'20:00': 2, '21:00': 0}，短等待后重拉
[12:07:02] [极速订场] refill 矩阵完成 fetch_n=96 wall=12:06:57.252 elapsed_ms=1279
[12:07:02] [极速订场] refill 本轮无满足约束候选，缺口={'17:00': 1}，短等待后重拉
[12:07:03] [极速订场] refill 矩阵完成 fetch_n=173 wall=12:06:58.027 elapsed_ms=1310
[12:07:03] [极速订场] refill 本轮无满足约束候选，缺口={'20:00': 2, '21:00': 0}，短等待后重拉
[12:07:03] [极速订场] refill 矩阵完成 fetch_n=97 wall=12:06:58.671 elapsed_ms=1066
[12:07:03] [极速订场] refill 本轮无满足约束候选，缺口={'17:00': 1}，短等待后重拉
[12:07:04] [极速订场] refill 矩阵完成 fetch_n=174 wall=12:06:59.633 elapsed_ms=1252
[12:07:04] [极速订场] refill 本轮无满足约束候选，缺口={'20:00': 2, '21:00': 0}，短等待后重拉
[12:07:05] [极速订场] refill 矩阵完成 fetch_n=98 wall=12:07:00.358 elapsed_ms=1334
[12:07:05] [极速订场] refill 本轮无满足约束候选，缺口={'17:00': 1}，短等待后重拉
[12:07:06] [极速订场] refill 矩阵完成 fetch_n=175 wall=12:07:01.474 elapsed_ms=1486
[12:07:06] [极速订场] refill 本轮无满足约束候选，缺口={'20:00': 2, '21:00': 0}，短等待后重拉
[12:07:07] [极速订场] refill 矩阵完成 fetch_n=99 wall=12:07:02.272 elapsed_ms=1562
[12:07:07] [极速订场] refill 本轮无满足约束候选，缺口={'17:00': 1}，短等待后重拉
[12:07:08] [极速订场] refill 矩阵完成 fetch_n=176 wall=12:07:03.044 elapsed_ms=1216
[12:07:08] [极速订场] refill 本轮无满足约束候选，缺口={'20:00': 2, '21:00': 0}，短等待后重拉
[12:07:08] [极速订场] refill 矩阵完成 fetch_n=100 wall=12:07:03.793 elapsed_ms=1167
[12:07:08] [极速订场] refill 本轮无满足约束候选，缺口={'17:00': 1}，短等待后重拉
[12:07:09] [极速订场] refill 矩阵完成 fetch_n=177 wall=12:07:04.597 elapsed_ms=1177
[12:07:09] [极速订场] refill 本轮无满足约束候选，缺口={'20:00': 2, '21:00': 0}，短等待后重拉
[12:07:10] [极速订场] refill 矩阵完成 fetch_n=101 wall=12:07:05.368 elapsed_ms=1222
[12:07:10] [极速订场] refill 本轮无满足约束候选，缺口={'17:00': 1}，短等待后重拉
[12:07:11] [极速订场] refill 矩阵完成 fetch_n=178 wall=12:07:06.368 elapsed_ms=1419
[12:07:11] [极速订场] refill 本轮无满足约束候选，缺口={'20:00': 2, '21:00': 0}，短等待后重拉
[12:07:11] [极速订场] refill 矩阵完成 fetch_n=102 wall=12:07:06.874 elapsed_ms=1154
[12:07:11] [极速订场] refill 本轮无满足约束候选，缺口={'17:00': 1}，短等待后重拉
[12:07:12] [极速订场] refill 矩阵完成 fetch_n=179 wall=12:07:07.940 elapsed_ms=1218
[12:07:12] [极速订场] refill 本轮无满足约束候选，缺口={'20:00': 2, '21:00': 0}，短等待后重拉
[12:07:13] [极速订场] refill 矩阵完成 fetch_n=103 wall=12:07:08.697 elapsed_ms=1469
[12:07:13] [极速订场] refill 本轮无满足约束候选，缺口={'17:00': 1}，短等待后重拉
[12:07:14] [极速订场] refill 矩阵完成 fetch_n=180 wall=12:07:09.823 elapsed_ms=1530
[12:07:14] [极速订场] refill 本轮无满足约束候选，缺口={'20:00': 2, '21:00': 0}，短等待后重拉
[12:07:15] [极速订场] refill 矩阵完成 fetch_n=104 wall=12:07:10.469 elapsed_ms=1420
[12:07:15] [极速订场] refill 本轮无满足约束候选，缺口={'17:00': 1}，短等待后重拉
[12:07:16] [极速订场] refill 矩阵完成 fetch_n=181 wall=12:07:11.513 elapsed_ms=1335
[12:07:16] [极速订场] refill 本轮无满足约束候选，缺口={'20:00': 2, '21:00': 0}，短等待后重拉
[12:07:17] [极速订场] refill 矩阵完成 fetch_n=105 wall=12:07:12.141 elapsed_ms=1317
[12:07:17] [极速订场] refill 本轮无满足约束候选，缺口={'17:00': 1}，短等待后重拉
[12:07:18] [极速订场] refill 矩阵完成 fetch_n=182 wall=12:07:13.148 elapsed_ms=1281
[12:07:18] [极速订场] refill 本轮无满足约束候选，缺口={'20:00': 2, '21:00': 0}，短等待后重拉
[12:07:18] [极速订场] refill 矩阵完成 fetch_n=106 wall=12:07:13.782 elapsed_ms=1288
[12:07:18] [极速订场] refill 本轮无满足约束候选，缺口={'17:00': 1}，短等待后重拉
[12:07:19] [极速订场] refill 矩阵完成 fetch_n=183 wall=12:07:14.639 elapsed_ms=1138
[12:07:19] [极速订场] refill 本轮无满足约束候选，缺口={'20:00': 2, '21:00': 0}，短等待后重拉
[12:07:20] [极速订场] refill 矩阵完成 fetch_n=107 wall=12:07:15.433 elapsed_ms=1297
[12:07:20] [极速订场] refill 本轮无满足约束候选，缺口={'17:00': 1}，短等待后重拉
[12:07:21] [极速订场] refill 矩阵完成 fetch_n=184 wall=12:07:16.444 elapsed_ms=1453
[12:07:21] [极速订场] refill 本轮无满足约束候选，缺口={'20:00': 2, '21:00': 0}，短等待后重拉
[12:07:22] [极速订场] refill 矩阵完成 fetch_n=108 wall=12:07:17.077 elapsed_ms=1291
[12:07:22] [极速订场] refill 本轮无满足约束候选，缺口={'17:00': 1}，短等待后重拉
[12:07:23] [极速订场] refill 矩阵完成 fetch_n=185 wall=12:07:18.010 elapsed_ms=1212
[12:07:23] [极速订场] refill 本轮无满足约束候选，缺口={'20:00': 2, '21:00': 0}，短等待后重拉
[12:07:23] [极速订场] refill 矩阵完成 fetch_n=109 wall=12:07:18.462 elapsed_ms=1031
[12:07:23] [极速订场] refill 本轮无满足约束候选，缺口={'17:00': 1}，短等待后重拉
[12:07:24] [极速订场] refill 矩阵完成 fetch_n=186 wall=12:07:19.711 elapsed_ms=1335
[12:07:24] [极速订场] refill 本轮无满足约束候选，缺口={'20:00': 2, '21:00': 0}，短等待后重拉
[12:07:25] [极速订场] refill 矩阵完成 fetch_n=110 wall=12:07:20.221 elapsed_ms=1407
[12:07:25] [极速订场] refill 本轮无满足约束候选，缺口={'17:00': 1}，短等待后重拉
[12:07:26] [极速订场] refill 矩阵完成 fetch_n=187 wall=12:07:21.309 elapsed_ms=1244
[12:07:26] [极速订场] refill 本轮无满足约束候选，缺口={'20:00': 2, '21:00': 0}，短等待后重拉
[12:07:26] [极速订场] refill 矩阵完成 fetch_n=111 wall=12:07:21.775 elapsed_ms=1201
[12:07:26] [极速订场] refill 本轮无满足约束候选，缺口={'17:00': 1}，短等待后重拉
[12:07:28] [极速订场] refill 矩阵完成 fetch_n=188 wall=12:07:23.508 elapsed_ms=1847
[12:07:28] [极速订场] refill 本轮无满足约束候选，缺口={'20:00': 2, '21:00': 0}，短等待后重拉
[12:07:28] [极速订场] refill 矩阵完成 fetch_n=112 wall=12:07:23.769 elapsed_ms=1642
[12:07:28] [极速订场] refill 本轮无满足约束候选，缺口={'17:00': 1}，短等待后重拉
[12:07:30] [极速订场] refill 矩阵完成 fetch_n=189 wall=12:07:25.180 elapsed_ms=1318
[12:07:30] [极速订场] refill 本轮无满足约束候选，缺口={'20:00': 2, '21:00': 0}，短等待后重拉
[12:07:30] [极速订场] refill 矩阵完成 fetch_n=113 wall=12:07:25.441 elapsed_ms=1318
[12:07:30] [极速订场] refill 本轮无满足约束候选，缺口={'17:00': 1}，短等待后重拉
[12:07:32] [极速订场] refill 矩阵完成 fetch_n=190 wall=12:07:27.160 elapsed_ms=1627
[12:07:32] [极速订场] refill 本轮无满足约束候选，缺口={'20:00': 2, '21:00': 0}，短等待后重拉
[12:07:32] [极速订场] refill 矩阵完成 fetch_n=114 wall=12:07:27.485 elapsed_ms=1691
[12:07:32] [极速订场] refill 本轮无满足约束候选，缺口={'17:00': 1}，短等待后重拉
[12:07:33] [极速订场] refill 矩阵完成 fetch_n=191 wall=12:07:28.679 elapsed_ms=1164
[12:07:33] [极速订场] refill 本轮无满足约束候选，缺口={'20:00': 2, '21:00': 0}，短等待后重拉
[12:07:34] [极速订场] refill 矩阵完成 fetch_n=115 wall=12:07:29.070 elapsed_ms=1231
[12:07:34] [极速订场] refill 本轮无满足约束候选，缺口={'17:00': 1}，短等待后重拉
[12:07:35] [极速订场] refill 矩阵完成 fetch_n=192 wall=12:07:30.608 elapsed_ms=1577
[12:07:35] [极速订场] refill 本轮无满足约束候选，缺口={'20:00': 2, '21:00': 0}，短等待后重拉
[12:07:35] [极速订场] refill 矩阵完成 fetch_n=116 wall=12:07:30.887 elapsed_ms=1464
[12:07:35] [极速订场] refill 本轮无满足约束候选，缺口={'17:00': 1}，短等待后重拉
[12:07:37] [极速订场] refill 矩阵完成 fetch_n=193 wall=12:07:32.554 elapsed_ms=1591
[12:07:37] [极速订场] refill 本轮无满足约束候选，缺口={'20:00': 2, '21:00': 0}，短等待后重拉
[12:07:37] [极速订场] refill 矩阵完成 fetch_n=117 wall=12:07:32.837 elapsed_ms=1595
[12:07:37] [极速订场] refill 本轮无满足约束候选，缺口={'17:00': 1}，短等待后重拉
[12:07:39] [极速订场] refill 矩阵完成 fetch_n=194 wall=12:07:34.237 elapsed_ms=1329
[12:07:39] [极速订场] refill 本轮无满足约束候选，缺口={'20:00': 2, '21:00': 0}，短等待后重拉
[12:07:39] [极速订场] refill 矩阵完成 fetch_n=118 wall=12:07:34.440 elapsed_ms=1251
[12:07:39] [极速订场] refill 本轮无满足约束候选，缺口={'17:00': 1}，短等待后重拉
[12:07:40] [极速订场] refill 矩阵完成 fetch_n=195 wall=12:07:35.963 elapsed_ms=1373
[12:07:40] [极速订场] refill 本轮无满足约束候选，缺口={'20:00': 2, '21:00': 0}，短等待后重拉
[12:07:41] [极速订场] refill 矩阵完成 fetch_n=119 wall=12:07:36.246 elapsed_ms=1453
[12:07:41] [极速订场] refill 本轮无满足约束候选，缺口={'17:00': 1}，短等待后重拉
[12:07:42] [极速订场] refill 矩阵完成 fetch_n=196 wall=12:07:37.640 elapsed_ms=1315
[12:07:42] [极速订场] refill 本轮无满足约束候选，缺口={'20:00': 2, '21:00': 0}，短等待后重拉
[12:07:42] [极速订场] refill 矩阵完成 fetch_n=120 wall=12:07:37.892 elapsed_ms=1292
[12:07:42] [极速订场] refill 本轮无满足约束候选，缺口={'17:00': 1}，短等待后重拉
[12:07:44] [极速订场] refill 矩阵完成 fetch_n=197 wall=12:07:39.211 elapsed_ms=1216
[12:07:44] [极速订场] refill 本轮无满足约束候选，缺口={'20:00': 2, '21:00': 0}，短等待后重拉
[12:07:44] [极速订场] refill 矩阵完成 fetch_n=121 wall=12:07:39.767 elapsed_ms=1521
[12:07:44] [极速订场] refill 本轮无满足约束候选，缺口={'17:00': 1}，短等待后重拉
[12:07:45] [极速订场] refill 矩阵完成 fetch_n=198 wall=12:07:40.902 elapsed_ms=1336
[12:07:45] [极速订场] refill 本轮无满足约束候选，缺口={'20:00': 2, '21:00': 0}，短等待后重拉
[12:07:46] [极速订场] refill 矩阵完成 fetch_n=122 wall=12:07:41.283 elapsed_ms=1161
[12:07:46] [极速订场] refill 本轮无满足约束候选，缺口={'17:00': 1}，短等待后重拉
[12:07:47] [极速订场] refill 矩阵完成 fetch_n=199 wall=12:07:42.879 elapsed_ms=1613
[12:07:47] [极速订场] refill 本轮无满足约束候选，缺口={'20:00': 2, '21:00': 0}，短等待后重拉
[12:07:48] [极速订场] refill 矩阵完成 fetch_n=123 wall=12:07:43.367 elapsed_ms=1731
[12:07:48] [极速订场] refill 本轮无满足约束候选，缺口={'17:00': 1}，短等待后重拉
[12:07:49] [极速订场] refill 矩阵完成 fetch_n=200 wall=12:07:44.790 elapsed_ms=1558
[12:07:49] [极速订场] refill 本轮无满足约束候选，缺口={'20:00': 2, '21:00': 0}，短等待后重拉
[12:07:50] [极速订场] refill 矩阵完成 fetch_n=124 wall=12:07:45.076 elapsed_ms=1357
[12:07:50] [极速订场] refill 本轮无满足约束候选，缺口={'17:00': 1}，短等待后重拉
[12:07:51] [极速订场] refill 矩阵完成 fetch_n=201 wall=12:07:46.431 elapsed_ms=1286
[12:07:51] [极速订场] refill 本轮无满足约束候选，缺口={'20:00': 2, '21:00': 0}，短等待后重拉
[12:07:51] [极速订场] refill 矩阵完成 fetch_n=125 wall=12:07:46.672 elapsed_ms=1242
[12:07:51] [极速订场] refill 本轮无满足约束候选，缺口={'17:00': 1}，短等待后重拉
[12:07:52] [极速订场] refill 矩阵完成 fetch_n=202 wall=12:07:47.977 elapsed_ms=1190
[12:07:52] [极速订场] refill 本轮无满足约束候选，缺口={'20:00': 2, '21:00': 0}，短等待后重拉
[12:07:53] [极速订场] refill 矩阵完成 fetch_n=126 wall=12:07:48.194 elapsed_ms=1168
[12:07:53] [极速订场] refill 本轮无满足约束候选，缺口={'17:00': 1}，短等待后重拉
[12:07:54] [极速订场] refill 矩阵完成 fetch_n=203 wall=12:07:49.756 elapsed_ms=1426
[12:07:54] [极速订场] refill 本轮无满足约束候选，缺口={'20:00': 2, '21:00': 0}，短等待后重拉
[12:07:55] [极速订场] refill 矩阵完成 fetch_n=127 wall=12:07:50.060 elapsed_ms=1511
[12:07:55] [极速订场] refill 本轮无满足约束候选，缺口={'17:00': 1}，短等待后重拉
[12:07:56] [极速订场] refill 矩阵完成 fetch_n=204 wall=12:07:51.131 elapsed_ms=1020
[12:07:56] [极速订场] refill 本轮无满足约束候选，缺口={'20:00': 2, '21:00': 0}，短等待后重拉
[12:07:56] [极速订场] refill 矩阵完成 fetch_n=128 wall=12:07:51.448 elapsed_ms=1034
[12:07:56] [极速订场] refill 本轮无满足约束候选，缺口={'17:00': 1}，短等待后重拉
[12:07:57] [极速订场] refill 矩阵完成 fetch_n=205 wall=12:07:52.524 elapsed_ms=1039
[12:07:57] [极速订场] refill 本轮无满足约束候选，缺口={'20:00': 2, '21:00': 0}，短等待后重拉
[12:07:58] [极速订场] refill 矩阵完成 fetch_n=129 wall=12:07:53.052 elapsed_ms=1249
[12:07:58] [极速订场] refill 本轮无满足约束候选，缺口={'17:00': 1}，短等待后重拉
[12:07:59] [极速订场] refill 矩阵完成 fetch_n=206 wall=12:07:54.196 elapsed_ms=1319
[12:07:59] [极速订场] refill 本轮无满足约束候选，缺口={'20:00': 2, '21:00': 0}，短等待后重拉
[12:07:59] [极速订场] refill 矩阵完成 fetch_n=130 wall=12:07:54.561 elapsed_ms=1155
[12:07:59] [极速订场] refill 本轮无满足约束候选，缺口={'17:00': 1}，短等待后重拉
[12:08:01] [极速订场] refill 矩阵完成 fetch_n=207 wall=12:07:56.100 elapsed_ms=1551
[12:08:01] [极速订场] refill 本轮无满足约束候选，缺口={'20:00': 2, '21:00': 0}，短等待后重拉
[12:08:01] [极速订场] refill 矩阵完成 fetch_n=131 wall=12:07:56.524 elapsed_ms=1608
[12:08:01] [极速订场] refill 本轮无满足约束候选，缺口={'17:00': 1}，短等待后重拉
[12:08:02] [极速订场] refill 矩阵完成 fetch_n=208 wall=12:07:57.939 elapsed_ms=1485
[12:08:02] [极速订场] refill 本轮无满足约束候选，缺口={'20:00': 2, '21:00': 0}，短等待后重拉
[12:08:03] [极速订场] refill 矩阵完成 fetch_n=132 wall=12:07:58.276 elapsed_ms=1398
[12:08:03] [极速订场] refill 本轮无满足约束候选，缺口={'17:00': 1}，短等待后重拉
[12:08:04] [极速订场] refill 矩阵完成 fetch_n=209 wall=12:07:59.513 elapsed_ms=1220
[12:08:04] [极速订场] refill 本轮无满足约束候选，缺口={'20:00': 2, '21:00': 0}，短等待后重拉
[12:08:05] [极速订场] refill 矩阵完成 fetch_n=133 wall=12:08:00.111 elapsed_ms=1482
[12:08:05] [极速订场] refill 本轮无满足约束候选，缺口={'17:00': 1}，短等待后重拉
[12:08:06] [极速订场] refill 矩阵完成 fetch_n=210 wall=12:08:01.022 elapsed_ms=1155
[12:08:06] [极速订场] refill 本轮无满足约束候选，缺口={'20:00': 2, '21:00': 0}，短等待后重拉
[12:08:06] [极速订场] refill 矩阵完成 fetch_n=134 wall=12:08:01.415 elapsed_ms=950
[12:08:06] [极速订场] refill 本轮无满足约束候选，缺口={'17:00': 1}，短等待后重拉
[12:08:07] [极速订场] refill 矩阵完成 fetch_n=211 wall=12:08:02.351 elapsed_ms=977
[12:08:07] [极速订场] refill 本轮无满足约束候选，缺口={'20:00': 2, '21:00': 0}，短等待后重拉
[12:08:07] [极速订场] refill 矩阵完成 fetch_n=135 wall=12:08:02.950 elapsed_ms=1181
[12:08:07] [极速订场] refill 本轮无满足约束候选，缺口={'17:00': 1}，短等待后重拉
[12:08:09] [极速订场] refill 矩阵完成 fetch_n=212 wall=12:08:04.141 elapsed_ms=1436
[12:08:09] [极速订场] refill 本轮无满足约束候选，缺口={'20:00': 2, '21:00': 0}，短等待后重拉
[12:08:09] [极速订场] refill 矩阵完成 fetch_n=136 wall=12:08:04.576 elapsed_ms=1271
[12:08:09] [极速订场] refill 本轮无满足约束候选，缺口={'17:00': 1}，短等待后重拉
[12:08:10] [极速订场] refill 矩阵完成 fetch_n=213 wall=12:08:05.834 elapsed_ms=1340
[12:08:10] [极速订场] refill 本轮无满足约束候选，缺口={'20:00': 2, '21:00': 0}，短等待后重拉
[12:08:11] [极速订场] refill 矩阵完成 fetch_n=137 wall=12:08:06.176 elapsed_ms=1247
[12:08:11] [极速订场] refill 本轮无满足约束候选，缺口={'17:00': 1}，短等待后重拉
[12:08:12] [极速订场] refill 矩阵完成 fetch_n=214 wall=12:08:07.966 elapsed_ms=1778
[12:08:12] [极速订场] refill 本轮无满足约束候选，缺口={'20:00': 2, '21:00': 0}，短等待后重拉
[12:08:13] [极速订场] refill 矩阵完成 fetch_n=138 wall=12:08:08.095 elapsed_ms=1565
[12:08:13] [极速订场] refill 本轮无满足约束候选，缺口={'17:00': 1}，短等待后重拉
[12:08:14] [极速订场] refill 矩阵完成 fetch_n=215 wall=12:08:09.623 elapsed_ms=1303
[12:08:14] [极速订场] refill 本轮无满足约束候选，缺口={'20:00': 2, '21:00': 0}，短等待后重拉
[12:08:14] [极速订场] refill 矩阵完成 fetch_n=139 wall=12:08:09.759 elapsed_ms=1311
[12:08:14] [极速订场] refill 本轮无满足约束候选，缺口={'17:00': 1}，短等待后重拉
[12:08:16] [极速订场] refill 矩阵完成 fetch_n=216 wall=12:08:11.186 elapsed_ms=1210
[12:08:16] [极速订场] refill 本轮无满足约束候选，缺口={'20:00': 2, '21:00': 0}，短等待后重拉
[12:08:16] [极速订场] refill 矩阵完成 fetch_n=140 wall=12:08:11.286 elapsed_ms=1175
[12:08:16] [极速订场] refill 本轮无满足约束候选，缺口={'17:00': 1}，短等待后重拉
[12:08:17] [极速订场] refill 矩阵完成 fetch_n=217 wall=12:08:12.775 elapsed_ms=1235
[12:08:17] [极速订场] refill 本轮无满足约束候选，缺口={'20:00': 2, '21:00': 0}，短等待后重拉
[12:08:17] [极速订场] refill 矩阵完成 fetch_n=141 wall=12:08:12.890 elapsed_ms=1251
[12:08:17] [极速订场] refill 本轮无满足约束候选，缺口={'17:00': 1}，短等待后重拉
[12:08:19] [极速订场] refill 矩阵完成 fetch_n=218 wall=12:08:14.503 elapsed_ms=1373
[12:08:19] [极速订场] refill 本轮无满足约束候选，缺口={'20:00': 2, '21:00': 0}，短等待后重拉
[12:08:19] [极速订场] refill 矩阵完成 fetch_n=142 wall=12:08:14.629 elapsed_ms=1386
[12:08:19] [极速订场] refill 本轮无满足约束候选，缺口={'17:00': 1}，短等待后重拉
[12:08:21] [极速订场] refill 矩阵完成 fetch_n=219 wall=12:08:16.376 elapsed_ms=1518
[12:08:21] [极速订场] refill 本轮无满足约束候选，缺口={'20:00': 2, '21:00': 0}，短等待后重拉
[12:08:21] [极速订场] refill 矩阵完成 fetch_n=143 wall=12:08:16.533 elapsed_ms=1550
[12:08:21] [极速订场] refill 本轮无满足约束候选，缺口={'17:00': 1}，短等待后重拉
[12:08:23] [极速订场] refill 矩阵完成 fetch_n=220 wall=12:08:18.087 elapsed_ms=1357
[12:08:23] [极速订场] refill 本轮无满足约束候选，缺口={'20:00': 2, '21:00': 0}，短等待后重拉
[12:08:23] [极速订场] refill 矩阵完成 fetch_n=144 wall=12:08:18.237 elapsed_ms=1350
[12:08:23] [极速订场] refill 本轮无满足约束候选，缺口={'17:00': 1}，短等待后重拉
[12:08:24] [极速订场] refill 矩阵完成 fetch_n=221 wall=12:08:19.910 elapsed_ms=1469
[12:08:24] [极速订场] refill 本轮无满足约束候选，缺口={'20:00': 2, '21:00': 0}，短等待后重拉
[12:08:25] [极速订场] refill 矩阵完成 fetch_n=145 wall=12:08:20.062 elapsed_ms=1473
[12:08:25] [极速订场] refill 本轮无满足约束候选，缺口={'17:00': 1}，短等待后重拉
[12:08:26] [极速订场] refill 矩阵完成 fetch_n=222 wall=12:08:21.330 elapsed_ms=1066
[12:08:26] [极速订场] refill 本轮无满足约束候选，缺口={'20:00': 2, '21:00': 0}，短等待后重拉
[12:08:26] [极速订场] refill 矩阵完成 fetch_n=146 wall=12:08:21.453 elapsed_ms=1038
[12:08:26] [极速订场] refill 本轮无满足约束候选，缺口={'17:00': 1}，短等待后重拉
[12:08:27] [极速订场] refill 矩阵完成 fetch_n=223 wall=12:08:22.910 elapsed_ms=1226
[12:08:27] [极速订场] refill 本轮无满足约束候选，缺口={'20:00': 2, '21:00': 0}，短等待后重拉
[12:08:28] [极速订场] refill 矩阵完成 fetch_n=147 wall=12:08:23.055 elapsed_ms=1247
[12:08:28] [极速订场] refill 本轮无满足约束候选，缺口={'17:00': 1}，短等待后重拉
[12:08:29] [极速订场] refill 矩阵完成 fetch_n=224 wall=12:08:24.498 elapsed_ms=1233
[12:08:29] [极速订场] refill 本轮无满足约束候选，缺口={'20:00': 2, '21:00': 0}，短等待后重拉
[12:08:29] [极速订场] refill 矩阵完成 fetch_n=148 wall=12:08:24.620 elapsed_ms=1181
[12:08:29] [极速订场] refill 本轮无满足约束候选，缺口={'17:00': 1}，短等待后重拉
[12:08:31] [极速订场] refill 矩阵完成 fetch_n=225 wall=12:08:26.147 elapsed_ms=1296
[12:08:31] [极速订场] refill 本轮无满足约束候选，缺口={'20:00': 2, '21:00': 0}，短等待后重拉
[12:08:31] [极速订场] refill 矩阵完成 fetch_n=149 wall=12:08:26.277 elapsed_ms=1303
[12:08:31] [极速订场] refill 本轮无满足约束候选，缺口={'17:00': 1}，短等待后重拉
[12:08:32] [极速订场] refill 矩阵完成 fetch_n=226 wall=12:08:27.943 elapsed_ms=1442
[12:08:32] [极速订场] refill 本轮无满足约束候选，缺口={'20:00': 2, '21:00': 0}，短等待后重拉
[12:08:33] [极速订场] refill 矩阵完成 fetch_n=150 wall=12:08:28.246 elapsed_ms=1615
[12:08:33] [极速订场] refill 本轮无满足约束候选，缺口={'17:00': 1}，短等待后重拉
[12:08:34] [极速订场] refill 矩阵完成 fetch_n=227 wall=12:08:29.686 elapsed_ms=1388
[12:08:34] [极速订场] refill 本轮无满足约束候选，缺口={'20:00': 2, '21:00': 0}，短等待后重拉
[12:08:35] [极速订场] refill 矩阵完成 fetch_n=151 wall=12:08:30.558 elapsed_ms=1959
[12:08:35] [极速订场] refill 本轮无满足约束候选，缺口={'17:00': 1}，短等待后重拉
[12:08:36] [极速订场] refill 矩阵完成 fetch_n=228 wall=12:08:31.455 elapsed_ms=1415
[12:08:36] [极速订场] refill 本轮无满足约束候选，缺口={'20:00': 2, '21:00': 0}，短等待后重拉
[12:08:37] [极速订场] refill 矩阵完成 fetch_n=152 wall=12:08:32.210 elapsed_ms=1298
[12:08:37] [极速订场] refill 本轮无满足约束候选，缺口={'17:00': 1}，短等待后重拉
[12:08:37] [极速订场] refill 矩阵完成 fetch_n=229 wall=12:08:32.965 elapsed_ms=1155
[12:08:37] [极速订场] refill 本轮无满足约束候选，缺口={'20:00': 2, '21:00': 0}，短等待后重拉
[12:08:38] [极速订场] refill 矩阵完成 fetch_n=153 wall=12:08:33.858 elapsed_ms=1294
[12:08:38] [极速订场] refill 本轮无满足约束候选，缺口={'17:00': 1}，短等待后重拉
[12:08:39] [极速订场] refill 矩阵完成 fetch_n=230 wall=12:08:34.369 elapsed_ms=1049
[12:08:39] [极速订场] refill 本轮无满足约束候选，缺口={'20:00': 2, '21:00': 0}，短等待后重拉
[12:08:40] [极速订场] refill 矩阵完成 fetch_n=154 wall=12:08:35.557 elapsed_ms=1346
[12:08:40] [极速订场] refill 本轮无满足约束候选，缺口={'17:00': 1}，短等待后重拉
[12:08:40] [极速订场] refill 矩阵完成 fetch_n=231 wall=12:08:35.993 elapsed_ms=1269
[12:08:40] [极速订场] refill 本轮无满足约束候选，缺口={'20:00': 2, '21:00': 0}，短等待后重拉
[12:08:42] [极速订场] refill 矩阵完成 fetch_n=155 wall=12:08:37.309 elapsed_ms=1397
[12:08:42] [极速订场] refill 本轮无满足约束候选，缺口={'17:00': 1}，短等待后重拉
[12:08:42] [极速订场] refill 矩阵完成 fetch_n=232 wall=12:08:37.662 elapsed_ms=1315
[12:08:42] [极速订场] refill 本轮无满足约束候选，缺口={'20:00': 2, '21:00': 0}，短等待后重拉
[12:08:44] [极速订场] refill 矩阵完成 fetch_n=156 wall=12:08:39.016 elapsed_ms=1342
[12:08:44] [极速订场] refill 本轮无满足约束候选，缺口={'17:00': 1}，短等待后重拉
[12:08:44] [极速订场] refill 矩阵完成 fetch_n=233 wall=12:08:39.249 elapsed_ms=1233
[12:08:44] [极速订场] refill 本轮无满足约束候选，缺口={'20:00': 2, '21:00': 0}，短等待后重拉
[12:08:45] [极速订场] refill 矩阵完成 fetch_n=157 wall=12:08:40.279 elapsed_ms=909
[12:08:45] [极速订场] refill 本轮无满足约束候选，缺口={'17:00': 1}，短等待后重拉
[12:08:45] [极速订场] refill 矩阵完成 fetch_n=234 wall=12:08:40.574 elapsed_ms=971
[12:08:45] [极速订场] refill 本轮无满足约束候选，缺口={'20:00': 2, '21:00': 0}，短等待后重拉
[12:08:46] [极速订场] refill 矩阵完成 fetch_n=158 wall=12:08:41.585 elapsed_ms=952
[12:08:46] [极速订场] refill 本轮无满足约束候选，缺口={'17:00': 1}，短等待后重拉
[12:08:47] [极速订场] refill 矩阵完成 fetch_n=235 wall=12:08:42.216 elapsed_ms=1288
[12:08:47] [极速订场] refill 本轮无满足约束候选，缺口={'20:00': 2, '21:00': 0}，短等待后重拉
[12:08:47] [极速订场] refill 矩阵完成 fetch_n=159 wall=12:08:42.948 elapsed_ms=1010
[12:08:47] [极速订场] refill 本轮无满足约束候选，缺口={'17:00': 1}，短等待后重拉
[12:08:48] [极速订场] refill 矩阵完成 fetch_n=236 wall=12:08:43.791 elapsed_ms=1221
[12:08:48] [极速订场] refill 本轮无满足约束候选，缺口={'20:00': 2, '21:00': 0}，短等待后重拉
[12:08:49] [极速订场] refill 矩阵完成 fetch_n=160 wall=12:08:44.585 elapsed_ms=1283
[12:08:49] [极速订场] refill 本轮无满足约束候选，缺口={'17:00': 1}，短等待后重拉
[12:08:50] [极速订场] refill 矩阵完成 fetch_n=237 wall=12:08:45.682 elapsed_ms=1537
[12:08:50] [极速订场] refill 本轮无满足约束候选，缺口={'20:00': 2, '21:00': 0}，短等待后重拉
[12:08:51] [极速订场] refill 矩阵完成 fetch_n=161 wall=12:08:46.573 elapsed_ms=1635
[12:08:51] [极速订场] refill 本轮无满足约束候选，缺口={'17:00': 1}，短等待后重拉
[12:08:52] [极速订场] refill 矩阵完成 fetch_n=238 wall=12:08:47.521 elapsed_ms=1485
[12:08:52] [极速订场] refill 本轮无满足约束候选，缺口={'20:00': 2, '21:00': 0}，短等待后重拉
[12:08:53] [极速订场] refill 矩阵完成 fetch_n=162 wall=12:08:48.049 elapsed_ms=1124
[12:08:53] [极速订场] refill 本轮无满足约束候选，缺口={'17:00': 1}，短等待后重拉
[12:08:54] [极速订场] refill 矩阵完成 fetch_n=239 wall=12:08:49.456 elapsed_ms=1582
[12:08:54] [极速订场] refill 本轮无满足约束候选，缺口={'20:00': 2, '21:00': 0}，短等待后重拉
[12:08:54] [极速订场] refill 矩阵完成 fetch_n=163 wall=12:08:49.856 elapsed_ms=1452
[12:08:54] [极速订场] refill 本轮无满足约束候选，缺口={'17:00': 1}，短等待后重拉
[12:08:55] [极速订场] refill 矩阵完成 fetch_n=240 wall=12:08:50.933 elapsed_ms=1124
[12:08:55] [极速订场] refill 本轮无满足约束候选，缺口={'20:00': 2, '21:00': 0}，短等待后重拉
[12:08:56] [极速订场] refill 矩阵完成 fetch_n=164 wall=12:08:51.110 elapsed_ms=901
[12:08:56] [极速订场] refill 本轮无满足约束候选，缺口={'17:00': 1}，短等待后重拉
[12:08:57] [极速订场] refill 矩阵完成 fetch_n=241 wall=12:08:52.389 elapsed_ms=1103
[12:08:57] [极速订场] refill 本轮无满足约束候选，缺口={'20:00': 2, '21:00': 0}，短等待后重拉
[12:08:57] [极速订场] refill 矩阵完成 fetch_n=165 wall=12:08:52.619 elapsed_ms=1155
[12:08:57] [极速订场] refill 本轮无满足约束候选，缺口={'17:00': 1}，短等待后重拉
[12:08:58] [极速订场] refill 矩阵完成 fetch_n=242 wall=12:08:53.891 elapsed_ms=1148
[12:08:58] [极速订场] refill 本轮无满足约束候选，缺口={'20:00': 2, '21:00': 0}，短等待后重拉
[12:08:59] [极速订场] refill 矩阵完成 fetch_n=166 wall=12:08:54.062 elapsed_ms=1089
[12:08:59] [极速订场] refill 本轮无满足约束候选，缺口={'17:00': 1}，短等待后重拉
[12:09:00] [极速订场] refill 矩阵完成 fetch_n=243 wall=12:08:55.546 elapsed_ms=1300
[12:09:00] [极速订场] refill 本轮无满足约束候选，缺口={'20:00': 2, '21:00': 0}，短等待后重拉
[12:09:00] [极速订场] refill 矩阵完成 fetch_n=167 wall=12:08:55.754 elapsed_ms=1339
[12:09:00] [极速订场] refill 本轮无满足约束候选，缺口={'17:00': 1}，短等待后重拉
[12:09:02] [极速订场] refill 矩阵完成 fetch_n=244 wall=12:08:57.280 elapsed_ms=1380
[12:09:02] [极速订场] refill 本轮无满足约束候选，缺口={'20:00': 2, '21:00': 0}，短等待后重拉
[12:09:02] [极速订场] refill 矩阵完成 fetch_n=168 wall=12:08:57.453 elapsed_ms=1345
[12:09:02] [极速订场] refill 本轮无满足约束候选，缺口={'17:00': 1}，短等待后重拉
[12:09:04] [极速订场] refill 矩阵完成 fetch_n=245 wall=12:08:59.031 elapsed_ms=1397
[12:09:04] [极速订场] refill 本轮无满足约束候选，缺口={'20:00': 2, '21:00': 0}，短等待后重拉
[12:09:04] [极速订场] refill 矩阵完成 fetch_n=169 wall=12:08:59.324 elapsed_ms=1517
[12:09:04] [极速订场] refill 本轮无满足约束候选，缺口={'17:00': 1}，短等待后重拉
[12:09:05] [极速订场] refill 矩阵完成 fetch_n=246 wall=12:09:00.767 elapsed_ms=1382
[12:09:05] [极速订场] refill 本轮无满足约束候选，缺口={'20:00': 2, '21:00': 0}，短等待后重拉
[12:09:06] [极速订场] refill 矩阵完成 fetch_n=170 wall=12:09:01.009 elapsed_ms=1332
[12:09:06] [极速订场] refill 本轮无满足约束候选，缺口={'17:00': 1}，短等待后重拉
[12:09:07] [极速订场] refill 矩阵完成 fetch_n=247 wall=12:09:02.329 elapsed_ms=1208
[12:09:07] [极速订场] refill 本轮无满足约束候选，缺口={'20:00': 2, '21:00': 0}，短等待后重拉
[12:09:07] [极速订场] refill 矩阵完成 fetch_n=171 wall=12:09:02.750 elapsed_ms=1389
[12:09:07] [极速订场] refill 本轮无满足约束候选，缺口={'17:00': 1}，短等待后重拉
[12:09:08] [极速订场] refill 矩阵完成 fetch_n=248 wall=12:09:03.947 elapsed_ms=1265
[12:09:08] [极速订场] refill 本轮无满足约束候选，缺口={'20:00': 2, '21:00': 0}，短等待后重拉
[12:09:09] [极速订场] refill 矩阵完成 fetch_n=172 wall=12:09:04.496 elapsed_ms=1393
[12:09:09] [极速订场] refill 本轮无满足约束候选，缺口={'17:00': 1}，短等待后重拉
[12:09:10] [极速订场] refill 矩阵完成 fetch_n=249 wall=12:09:05.490 elapsed_ms=1189
[12:09:10] [极速订场] refill 本轮无满足约束候选，缺口={'20:00': 2, '21:00': 0}，短等待后重拉
[12:09:11] [极速订场] refill 矩阵完成 fetch_n=173 wall=12:09:06.213 elapsed_ms=1364
[12:09:11] [极速订场] refill 本轮无满足约束候选，缺口={'17:00': 1}，短等待后重拉
[12:09:11] [极速订场] refill 矩阵完成 fetch_n=250 wall=12:09:06.853 elapsed_ms=1011
[12:09:11] [极速订场] refill 本轮无满足约束候选，缺口={'20:00': 2, '21:00': 0}，短等待后重拉
[12:09:12] [极速订场] refill 矩阵完成 fetch_n=174 wall=12:09:07.803 elapsed_ms=1238
[12:09:12] [极速订场] refill 本轮无满足约束候选，缺口={'17:00': 1}，短等待后重拉
[12:09:13] [极速订场] refill 矩阵完成 fetch_n=251 wall=12:09:08.266 elapsed_ms=1060
[12:09:13] [极速订场] refill 本轮无满足约束候选，缺口={'20:00': 2, '21:00': 0}，短等待后重拉
[12:09:14] [极速订场] refill 矩阵完成 fetch_n=175 wall=12:09:09.567 elapsed_ms=1411
[12:09:14] [极速订场] refill 本轮无满足约束候选，缺口={'17:00': 1}，短等待后重拉
[12:09:15] [极速订场] refill 矩阵完成 fetch_n=252 wall=12:09:10.053 elapsed_ms=1436
[12:09:15] [极速订场] refill 本轮无满足约束候选，缺口={'20:00': 2, '21:00': 0}，短等待后重拉
[12:09:15] [极速订场] refill 矩阵完成 fetch_n=176 wall=12:09:11.000 elapsed_ms=1080
[12:09:15] [极速订场] refill 本轮无满足约束候选，缺口={'17:00': 1}，短等待后重拉
[12:09:16] [极速订场] refill 矩阵完成 fetch_n=253 wall=12:09:11.320 elapsed_ms=914
[12:09:16] [极速订场] refill 本轮无满足约束候选，缺口={'20:00': 2, '21:00': 0}，短等待后重拉
[12:09:17] [极速订场] refill 矩阵完成 fetch_n=177 wall=12:09:12.633 elapsed_ms=1279
[12:09:17] [极速订场] refill 本轮无满足约束候选，缺口={'17:00': 1}，短等待后重拉
[12:09:17] [极速订场] refill 矩阵完成 fetch_n=254 wall=12:09:12.905 elapsed_ms=1233
[12:09:17] [极速订场] refill 本轮无满足约束候选，缺口={'20:00': 2, '21:00': 0}，短等待后重拉
[12:09:18] [极速订场] refill 矩阵完成 fetch_n=178 wall=12:09:13.876 elapsed_ms=890
[12:09:18] [极速订场] refill 本轮无满足约束候选，缺口={'17:00': 1}，短等待后重拉
[12:09:19] [极速订场] refill 矩阵完成 fetch_n=255 wall=12:09:14.189 elapsed_ms=931
[12:09:19] [极速订场] refill 本轮无满足约束候选，缺口={'20:00': 2, '21:00': 0}，短等待后重拉
[12:09:20] [极速订场] refill 矩阵完成 fetch_n=179 wall=12:09:15.214 elapsed_ms=985
[12:09:20] [极速订场] refill 本轮无满足约束候选，缺口={'17:00': 1}，短等待后重拉
[12:09:20] [极速订场] refill 矩阵完成 fetch_n=256 wall=12:09:15.749 elapsed_ms=1206
[12:09:20] [极速订场] refill 本轮无满足约束候选，缺口={'20:00': 2, '21:00': 0}，短等待后重拉
[12:09:22] [极速订场] refill 矩阵完成 fetch_n=180 wall=12:09:17.248 elapsed_ms=1680
[12:09:22] [极速订场] refill 本轮无满足约束候选，缺口={'17:00': 1}，短等待后重拉
[12:09:22] [极速订场] refill 矩阵完成 fetch_n=257 wall=12:09:17.611 elapsed_ms=1510
[12:09:22] [极速订场] refill 本轮无满足约束候选，缺口={'20:00': 2, '21:00': 0}，短等待后重拉
[12:09:23] [极速订场] refill 矩阵完成 fetch_n=181 wall=12:09:18.914 elapsed_ms=1315
[12:09:23] [极速订场] refill 本轮无满足约束候选，缺口={'17:00': 1}，短等待后重拉
[12:09:24] [极速订场] refill 矩阵完成 fetch_n=258 wall=12:09:19.249 elapsed_ms=1285
[12:09:24] [极速订场] refill 本轮无满足约束候选，缺口={'20:00': 2, '21:00': 0}，短等待后重拉
[12:09:25] [极速订场] refill 矩阵完成 fetch_n=182 wall=12:09:20.649 elapsed_ms=1382
[12:09:25] [极速订场] refill 本轮无满足约束候选，缺口={'17:00': 1}，短等待后重拉
[12:09:26] [极速订场] refill 矩阵完成 fetch_n=259 wall=12:09:21.040 elapsed_ms=1437
[12:09:26] [极速订场] refill 本轮无满足约束候选，缺口={'20:00': 2, '21:00': 0}，短等待后重拉
[12:09:27] [极速订场] refill 矩阵完成 fetch_n=183 wall=12:09:22.448 elapsed_ms=1445
[12:09:27] [极速订场] refill 本轮无满足约束候选，缺口={'17:00': 1}，短等待后重拉
[12:09:27] [极速订场] refill 矩阵完成 fetch_n=260 wall=12:09:22.802 elapsed_ms=1408
[12:09:27] [极速订场] refill 本轮无满足约束候选，缺口={'20:00': 2, '21:00': 0}，短等待后重拉
[12:09:29] [极速订场] refill 矩阵完成 fetch_n=184 wall=12:09:24.147 elapsed_ms=1345
[12:09:29] [极速订场] refill 本轮无满足约束候选，缺口={'17:00': 1}，短等待后重拉
[12:09:29] [极速订场] refill 矩阵完成 fetch_n=261 wall=12:09:24.389 elapsed_ms=1231
[12:09:29] [极速订场] refill 本轮无满足约束候选，缺口={'20:00': 2, '21:00': 0}，短等待后重拉
[12:09:30] [极速订场] refill 矩阵完成 fetch_n=185 wall=12:09:25.614 elapsed_ms=1113
[12:09:30] [极速订场] refill 本轮无满足约束候选，缺口={'17:00': 1}，短等待后重拉
[12:09:31] [极速订场] refill 矩阵完成 fetch_n=262 wall=12:09:26.189 elapsed_ms=1446
[12:09:31] [极速订场] refill 本轮无满足约束候选，缺口={'20:00': 2, '21:00': 0}，短等待后重拉
[12:09:32] [极速订场] refill 矩阵完成 fetch_n=186 wall=12:09:27.029 elapsed_ms=1061
[12:09:32] [极速订场] refill 本轮无满足约束候选，缺口={'17:00': 1}，短等待后重拉
[12:09:32] [极速订场] refill 矩阵完成 fetch_n=263 wall=12:09:27.842 elapsed_ms=1300
[12:09:32] [极速订场] refill 本轮无满足约束候选，缺口={'20:00': 2, '21:00': 0}，短等待后重拉
[12:09:33] [极速订场] refill 矩阵完成 fetch_n=187 wall=12:09:28.611 elapsed_ms=1228
[12:09:33] [极速订场] refill 本轮无满足约束候选，缺口={'17:00': 1}，短等待后重拉
[12:09:34] [极速订场] refill 矩阵完成 fetch_n=264 wall=12:09:29.613 elapsed_ms=1417
[12:09:34] [极速订场] refill 本轮无满足约束候选，缺口={'20:00': 2, '21:00': 0}，短等待后重拉
[12:09:35] [极速订场] refill 矩阵完成 fetch_n=188 wall=12:09:30.441 elapsed_ms=1477
[12:09:35] [极速订场] refill 本轮无满足约束候选，缺口={'17:00': 1}，短等待后重拉
[12:09:36] [极速订场] refill 矩阵完成 fetch_n=265 wall=12:09:31.247 elapsed_ms=1281
[12:09:36] [极速订场] refill 本轮无满足约束候选，缺口={'20:00': 2, '21:00': 0}，短等待后重拉
[12:09:37] [极速订场] refill 矩阵完成 fetch_n=189 wall=12:09:32.373 elapsed_ms=1577
[12:09:37] [极速订场] refill 本轮无满足约束候选，缺口={'17:00': 1}，短等待后重拉
[12:09:38] [极速订场] refill 矩阵完成 fetch_n=266 wall=12:09:33.150 elapsed_ms=1549
[12:09:38] [极速订场] refill 本轮无满足约束候选，缺口={'20:00': 2, '21:00': 0}，短等待后重拉
[12:09:38] [极速订场] refill 矩阵完成 fetch_n=190 wall=12:09:33.985 elapsed_ms=1259
[12:09:38] [极速订场] refill 本轮无满足约束候选，缺口={'17:00': 1}，短等待后重拉
[12:09:39] [极速订场] refill 矩阵完成 fetch_n=267 wall=12:09:34.523 elapsed_ms=1019
[12:09:39] [极速订场] refill 本轮无满足约束候选，缺口={'20:00': 2, '21:00': 0}，短等待后重拉
[12:09:40] [极速订场] refill 矩阵完成 fetch_n=191 wall=12:09:35.974 elapsed_ms=1635
[12:09:40] [极速订场] refill 本轮无满足约束候选，缺口={'17:00': 1}，短等待后重拉
[12:09:41] [极速订场] refill 矩阵完成 fetch_n=268 wall=12:09:36.590 elapsed_ms=1713
[12:09:41] [极速订场] refill 本轮无满足约束候选，缺口={'20:00': 2, '21:00': 0}，短等待后重拉
[12:09:42] [极速订场] refill 矩阵完成 fetch_n=192 wall=12:09:37.979 elapsed_ms=1652
[12:09:42] [极速订场] refill 本轮无满足约束候选，缺口={'17:00': 1}，短等待后重拉
[12:09:43] [极速订场] refill 矩阵完成 fetch_n=269 wall=12:09:38.456 elapsed_ms=1514
[12:09:43] [极速订场] refill 本轮无满足约束候选，缺口={'20:00': 2, '21:00': 0}，短等待后重拉
[12:09:45] [极速订场] refill 矩阵完成 fetch_n=193 wall=12:09:40.020 elapsed_ms=1686
[12:09:45] [极速订场] refill 本轮无满足约束候选，缺口={'17:00': 1}，短等待后重拉
[12:09:45] [极速订场] refill 矩阵完成 fetch_n=270 wall=12:09:40.205 elapsed_ms=1396
[12:09:45] [极速订场] refill 本轮无满足约束候选，缺口={'20:00': 2, '21:00': 0}，短等待后重拉
[12:09:46] [极速订场] refill 矩阵完成 fetch_n=194 wall=12:09:41.583 elapsed_ms=1208
[12:09:46] [极速订场] refill 本轮无满足约束候选，缺口={'17:00': 1}，短等待后重拉
[12:09:46] [极速订场] refill 矩阵完成 fetch_n=271 wall=12:09:41.839 elapsed_ms=1281
[12:09:46] [极速订场] refill 本轮无满足约束候选，缺口={'20:00': 2, '21:00': 0}，短等待后重拉
[12:09:48] [极速订场] refill 矩阵完成 fetch_n=195 wall=12:09:43.214 elapsed_ms=1277
[12:09:48] [极速订场] refill 本轮无满足约束候选，缺口={'17:00': 1}，短等待后重拉
[12:09:48] [极速订场] refill get_matrix 失败: fail，0.35s 后重试
[12:09:48] [极速订场] refill 矩阵完成 fetch_n=272 wall=12:09:43.781 elapsed_ms=1590
[12:09:48] [极速订场] refill 本轮无满足约束候选，缺口={'20:00': 2, '21:00': 0}，短等待后重拉
[12:09:49] [极速订场] refill 矩阵完成 fetch_n=197 wall=12:09:45.001 elapsed_ms=1033
[12:09:49] [极速订场] refill 本轮无满足约束候选，缺口={'17:00': 1}，短等待后重拉
[12:09:50] [极速订场] refill 矩阵完成 fetch_n=273 wall=12:09:45.211 elapsed_ms=1077
[12:09:50] [极速订场] refill 本轮无满足约束候选，缺口={'20:00': 2, '21:00': 0}，短等待后重拉
[12:09:51] [极速订场] refill 矩阵完成 fetch_n=198 wall=12:09:46.558 elapsed_ms=1204
[12:09:51] [极速订场] refill 本轮无满足约束候选，缺口={'17:00': 1}，短等待后重拉
[12:09:51] [极速订场] refill 矩阵完成 fetch_n=274 wall=12:09:46.747 elapsed_ms=1182
[12:09:51] [极速订场] refill 本轮无满足约束候选，缺口={'20:00': 2, '21:00': 0}，短等待后重拉
[12:09:53] [极速订场] refill 矩阵完成 fetch_n=199 wall=12:09:48.169 elapsed_ms=1258
[12:09:53] [极速订场] refill 本轮无满足约束候选，缺口={'17:00': 1}，短等待后重拉
[12:09:53] [极速订场] refill 矩阵完成 fetch_n=275 wall=12:09:48.319 elapsed_ms=1219
[12:09:53] [极速订场] refill 本轮无满足约束候选，缺口={'20:00': 2, '21:00': 0}，短等待后重拉
[12:09:55] [极速订场] refill 矩阵完成 fetch_n=200 wall=12:09:50.134 elapsed_ms=1611
[12:09:55] [极速订场] refill 本轮无满足约束候选，缺口={'17:00': 1}，短等待后重拉
[12:09:55] [极速订场] refill 矩阵完成 fetch_n=276 wall=12:09:50.256 elapsed_ms=1576
[12:09:55] [极速订场] refill 本轮无满足约束候选，缺口={'20:00': 2, '21:00': 0}，短等待后重拉
[12:09:57] [极速订场] refill 矩阵完成 fetch_n=201 wall=12:09:52.132 elapsed_ms=1645
[12:09:57] [极速订场] refill 本轮无满足约束候选，缺口={'17:00': 1}，短等待后重拉
[12:09:57] [极速订场] refill 矩阵完成 fetch_n=277 wall=12:09:52.218 elapsed_ms=1608
[12:09:57] [极速订场] refill 本轮无满足约束候选，缺口={'20:00': 2, '21:00': 0}，短等待后重拉
[12:09:58] [极速订场] refill 矩阵完成 fetch_n=202 wall=12:09:53.726 elapsed_ms=1242
[12:09:58] [极速订场] refill 本轮无满足约束候选，缺口={'17:00': 1}，短等待后重拉
[12:09:58] [极速订场] refill 矩阵完成 fetch_n=278 wall=12:09:53.774 elapsed_ms=1203
[12:09:58] [极速订场] refill 本轮无满足约束候选，缺口={'20:00': 2, '21:00': 0}，短等待后重拉
[12:10:00] [极速订场] refill 矩阵完成 fetch_n=203 wall=12:09:55.042 elapsed_ms=963
[12:10:00] [极速订场] refill 本轮无满足约束候选，缺口={'17:00': 1}，短等待后重拉
[12:10:00] [极速订场] refill 矩阵完成 fetch_n=279 wall=12:09:55.069 elapsed_ms=944
[12:10:00] [极速订场] refill 本轮无满足约束候选，缺口={'20:00': 2, '21:00': 0}，短等待后重拉
[12:10:01] [极速订场] refill 矩阵完成 fetch_n=204 wall=12:09:56.637 elapsed_ms=1239
[12:10:01] [极速订场] refill 本轮无满足约束候选，缺口={'17:00': 1}，短等待后重拉
[12:10:01] [极速订场] refill 矩阵完成 fetch_n=280 wall=12:09:56.664 elapsed_ms=1241
[12:10:01] [极速订场] refill 本轮无满足约束候选，缺口={'20:00': 2, '21:00': 0}，短等待后重拉
[12:10:01] [极速订场] 结束 status=fail(budget_exhausted) 总请求数=4 轮数=4
[12:10:02] 📩 PushPlus 发送成功
[12:10:02] 📊 [run-metric] task=1774502722796 matrix_attempts=1 submit_req=4 post_timeout=3 mx_fail=94 mx_timeout=18 first_matrix=Nonems first_submit=1ms first_post=1ms first_success=Nonems p95=601241ms last_ev='服务器返回无效数据(可能是崩了)'
[12:10:02] 🔄 [quiet-window] 进入 recovering，owner=1774502722796，reason=task-finally
[12:10:02] [极速订场] refill 矩阵完成 fetch_n=205 wall=12:09:57.769 elapsed_ms=778
[12:10:02] [极速订场] refill 本轮无满足约束候选，缺口={'17:00': 1}，短等待后重拉
[12:10:02] [极速订场] refill get_matrix 失败: 静默窗口中，已阻止场地矩阵查询访问馆方接口。，0.35s 后重试
[12:10:03] [极速订场] refill get_matrix 失败: 静默窗口中，已阻止场地矩阵查询访问馆方接口。，0.35s 后重试
[12:10:03] [极速订场] refill get_matrix 失败: 静默窗口中，已阻止场地矩阵查询访问馆方接口。，0.35s 后重试
[12:10:03] [极速订场] refill get_matrix 失败: 静默窗口中，已阻止场地矩阵查询访问馆方接口。，0.35s 后重试
[12:10:04] [极速订场] refill get_matrix 失败: 静默窗口中，已阻止场地矩阵查询访问馆方接口。，0.35s 后重试
[12:10:04] [极速订场] refill get_matrix 失败: 静默窗口中，已阻止场地矩阵查询访问馆方接口。，0.35s 后重试
[12:10:04] [极速订场] refill get_matrix 失败: 静默窗口中，已阻止场地矩阵查询访问馆方接口。，0.35s 后重试
[12:10:05] [极速订场] refill get_matrix 失败: 静默窗口中，已阻止场地矩阵查询访问馆方接口。，0.35s 后重试
[12:10:05] [极速订场] refill get_matrix 失败: 静默窗口中，已阻止场地矩阵查询访问馆方接口。，0.35s 后重试
[12:10:05] [极速订场] refill get_matrix 失败: 静默窗口中，已阻止场地矩阵查询访问馆方接口。，0.35s 后重试
[12:10:06] [极速订场] refill get_matrix 失败: 静默窗口中，已阻止场地矩阵查询访问馆方接口。，0.35s 后重试
[12:10:06] [极速订场] refill get_matrix 失败: 静默窗口中，已阻止场地矩阵查询访问馆方接口。，0.35s 后重试
[12:10:06] [极速订场] refill get_matrix 失败: 静默窗口中，已阻止场地矩阵查询访问馆方接口。，0.35s 后重试
[12:10:07] [极速订场] refill get_matrix 失败: 静默窗口中，已阻止场地矩阵查询访问馆方接口。，0.35s 后重试
[12:10:07] [极速订场] refill get_matrix 失败: 静默窗口中，已阻止场地矩阵查询访问馆方接口。，0.35s 后重试
[12:10:08] [极速订场] refill get_matrix 失败: 静默窗口中，已阻止场地矩阵查询访问馆方接口。，0.35s 后重试
[12:10:08] [极速订场] refill get_matrix 失败: 静默窗口中，已阻止场地矩阵查询访问馆方接口。，0.35s 后重试
[12:10:08] [极速订场] refill get_matrix 失败: 静默窗口中，已阻止场地矩阵查询访问馆方接口。，0.35s 后重试
[12:10:09] [极速订场] refill get_matrix 失败: 静默窗口中，已阻止场地矩阵查询访问馆方接口。，0.35s 后重试
[12:10:09] [极速订场] refill get_matrix 失败: 静默窗口中，已阻止场地矩阵查询访问馆方接口。，0.35s 后重试
[12:10:09] 🔓 [quiet-window] 已释放，reason=recovering-finished
[12:10:11] [极速订场] refill 矩阵完成 fetch_n=226 wall=12:10:06.204 elapsed_ms=1033
[12:10:11] [极速订场] refill 本轮无满足约束候选，缺口={'17:00': 1}，短等待后重拉
[12:10:12] [极速订场] refill 矩阵完成 fetch_n=227 wall=12:10:07.573 elapsed_ms=1017
[12:10:12] [极速订场] refill 本轮无满足约束候选，缺口={'17:00': 1}，短等待后重拉
[12:10:14] [极速订场] refill 矩阵完成 fetch_n=228 wall=12:10:09.141 elapsed_ms=1215
[12:10:14] [极速订场] refill 本轮无满足约束候选，缺口={'17:00': 1}，短等待后重拉
[12:10:15] [极速订场] refill 矩阵完成 fetch_n=229 wall=12:10:10.497 elapsed_ms=1003
[12:10:15] [极速订场] refill 本轮无满足约束候选，缺口={'17:00': 1}，短等待后重拉
[12:10:16] [极速订场] refill 矩阵完成 fetch_n=230 wall=12:10:11.989 elapsed_ms=1140
[12:10:16] [极速订场] refill 本轮无满足约束候选，缺口={'17:00': 1}，短等待后重拉
[12:10:18] [极速订场] refill 矩阵完成 fetch_n=231 wall=12:10:13.479 elapsed_ms=1137
[12:10:18] [极速订场] refill 本轮无满足约束候选，缺口={'17:00': 1}，短等待后重拉
[12:10:19] [极速订场] refill 矩阵完成 fetch_n=232 wall=12:10:14.887 elapsed_ms=1054
[12:10:19] [极速订场] refill 本轮无满足约束候选，缺口={'17:00': 1}，短等待后重拉
[12:10:21] [极速订场] refill 矩阵完成 fetch_n=233 wall=12:10:16.190 elapsed_ms=949
[12:10:21] [极速订场] refill 本轮无满足约束候选，缺口={'17:00': 1}，短等待后重拉
[12:10:22] [极速订场] refill 矩阵完成 fetch_n=234 wall=12:10:17.494 elapsed_ms=951
[12:10:22] [极速订场] refill 本轮无满足约束候选，缺口={'17:00': 1}，短等待后重拉
[12:10:23] [极速订场] refill 矩阵完成 fetch_n=235 wall=12:10:18.915 elapsed_ms=1067
[12:10:23] [极速订场] refill 本轮无满足约束候选，缺口={'17:00': 1}，短等待后重拉
[12:10:25] [极速订场] refill 矩阵完成 fetch_n=236 wall=12:10:20.449 elapsed_ms=1179
[12:10:25] [极速订场] refill 本轮无满足约束候选，缺口={'17:00': 1}，短等待后重拉
[12:10:27] [极速订场] refill 矩阵完成 fetch_n=237 wall=12:10:22.263 elapsed_ms=1461
[12:10:27] [极速订场] refill 本轮无满足约束候选，缺口={'17:00': 1}，短等待后重拉
[12:10:29] [极速订场] refill 矩阵完成 fetch_n=238 wall=12:10:24.028 elapsed_ms=1413
[12:10:29] [极速订场] refill 本轮无满足约束候选，缺口={'17:00': 1}，短等待后重拉
[12:10:30] [极速订场] refill 矩阵完成 fetch_n=239 wall=12:10:25.511 elapsed_ms=1131
[12:10:30] [极速订场] refill 本轮无满足约束候选，缺口={'17:00': 1}，短等待后重拉
[12:10:31] [极速订场] refill 矩阵完成 fetch_n=240 wall=12:10:26.721 elapsed_ms=856
[12:10:31] [极速订场] refill 本轮无满足约束候选，缺口={'17:00': 1}，短等待后重拉
[12:10:32] [极速订场] refill 矩阵完成 fetch_n=241 wall=12:10:27.920 elapsed_ms=847
[12:10:32] [极速订场] refill 本轮无满足约束候选，缺口={'17:00': 1}，短等待后重拉
[12:10:34] [极速订场] refill 矩阵完成 fetch_n=242 wall=12:10:29.286 elapsed_ms=1012
[12:10:34] [极速订场] refill 本轮无满足约束候选，缺口={'17:00': 1}，短等待后重拉
[12:10:35] [极速订场] refill 矩阵完成 fetch_n=243 wall=12:10:30.649 elapsed_ms=1010
[12:10:35] [极速订场] refill 本轮无满足约束候选，缺口={'17:00': 1}，短等待后重拉
[12:10:37] [极速订场] refill 矩阵完成 fetch_n=244 wall=12:10:32.167 elapsed_ms=1166
[12:10:37] [极速订场] refill 本轮无满足约束候选，缺口={'17:00': 1}，短等待后重拉
[12:10:38] [极速订场] refill 矩阵完成 fetch_n=245 wall=12:10:33.505 elapsed_ms=986
[12:10:38] [极速订场] refill 本轮无满足约束候选，缺口={'17:00': 1}，短等待后重拉
[12:10:39] [极速订场] refill 矩阵完成 fetch_n=246 wall=12:10:34.812 elapsed_ms=953
[12:10:39] [极速订场] refill 本轮无满足约束候选，缺口={'17:00': 1}，短等待后重拉
[12:10:41] [极速订场] refill 矩阵完成 fetch_n=247 wall=12:10:36.435 elapsed_ms=1269
[12:10:41] [极速订场] refill 本轮无满足约束候选，缺口={'17:00': 1}，短等待后重拉
[12:10:42] [极速订场] refill 矩阵完成 fetch_n=248 wall=12:10:37.843 elapsed_ms=1056
[12:10:42] [极速订场] refill 本轮无满足约束候选，缺口={'17:00': 1}，短等待后重拉
[12:10:44] [极速订场] refill 矩阵完成 fetch_n=249 wall=12:10:39.338 elapsed_ms=1143
[12:10:44] [极速订场] refill 本轮无满足约束候选，缺口={'17:00': 1}，短等待后重拉
[12:10:45] [极速订场] refill 矩阵完成 fetch_n=250 wall=12:10:40.697 elapsed_ms=1005
[12:10:45] [极速订场] refill 本轮无满足约束候选，缺口={'17:00': 1}，短等待后重拉
[12:10:47] [极速订场] refill 矩阵完成 fetch_n=251 wall=12:10:42.378 elapsed_ms=1326
[12:10:47] [极速订场] refill 本轮无满足约束候选，缺口={'17:00': 1}，短等待后重拉
[12:10:48] [极速订场] refill 矩阵完成 fetch_n=252 wall=12:10:43.867 elapsed_ms=1136
[12:10:48] [极速订场] refill 本轮无满足约束候选，缺口={'17:00': 1}，短等待后重拉
[12:10:50] [极速订场] refill 矩阵完成 fetch_n=253 wall=12:10:45.351 elapsed_ms=1131
[12:10:50] [极速订场] refill 本轮无满足约束候选，缺口={'17:00': 1}，短等待后重拉
[12:10:51] [极速订场] refill 矩阵完成 fetch_n=254 wall=12:10:46.588 elapsed_ms=885
[12:10:51] [极速订场] refill 本轮无满足约束候选，缺口={'17:00': 1}，短等待后重拉
[12:10:53] [极速订场] refill 矩阵完成 fetch_n=255 wall=12:10:48.399 elapsed_ms=1458
[12:10:53] [极速订场] refill 本轮无满足约束候选，缺口={'17:00': 1}，短等待后重拉
[12:10:54] [极速订场] refill 矩阵完成 fetch_n=256 wall=12:10:49.576 elapsed_ms=822
[12:10:54] [极速订场] refill 本轮无满足约束候选，缺口={'17:00': 1}，短等待后重拉
[12:10:55] [极速订场] refill 矩阵完成 fetch_n=257 wall=12:10:50.976 elapsed_ms=1048
[12:10:55] [极速订场] refill 本轮无满足约束候选，缺口={'17:00': 1}，短等待后重拉
[12:10:57] [极速订场] refill 矩阵完成 fetch_n=258 wall=12:10:52.640 elapsed_ms=1311
[12:10:57] [极速订场] refill 本轮无满足约束候选，缺口={'17:00': 1}，短等待后重拉
[12:10:59] [极速订场] refill 矩阵完成 fetch_n=259 wall=12:10:54.243 elapsed_ms=1249
[12:10:59] [极速订场] refill 本轮无满足约束候选，缺口={'17:00': 1}，短等待后重拉
[12:11:01] [极速订场] refill 矩阵完成 fetch_n=260 wall=12:10:56.125 elapsed_ms=1528
[12:11:01] [极速订场] refill 本轮无满足约束候选，缺口={'17:00': 1}，短等待后重拉
[12:11:02] [极速订场] refill 矩阵完成 fetch_n=261 wall=12:10:57.525 elapsed_ms=1047
[12:11:02] [极速订场] refill 本轮无满足约束候选，缺口={'17:00': 1}，短等待后重拉
[12:11:03] [极速订场] refill 矩阵完成 fetch_n=262 wall=12:10:58.929 elapsed_ms=1052
[12:11:03] [极速订场] refill 本轮无满足约束候选，缺口={'17:00': 1}，短等待后重拉
[12:11:05] [极速订场] refill 矩阵完成 fetch_n=263 wall=12:11:00.336 elapsed_ms=1053
[12:11:05] [极速订场] refill 本轮无满足约束候选，缺口={'17:00': 1}，短等待后重拉
[12:11:06] [极速订场] refill 矩阵完成 fetch_n=264 wall=12:11:01.761 elapsed_ms=1071
[12:11:06] [极速订场] refill 本轮无满足约束候选，缺口={'17:00': 1}，短等待后重拉
[12:11:08] [极速订场] refill 矩阵完成 fetch_n=265 wall=12:11:03.217 elapsed_ms=1103
[12:11:08] [极速订场] refill 本轮无满足约束候选，缺口={'17:00': 1}，短等待后重拉
[12:11:09] [极速订场] refill 矩阵完成 fetch_n=266 wall=12:11:04.807 elapsed_ms=1238
[12:11:09] [极速订场] refill 本轮无满足约束候选，缺口={'17:00': 1}，短等待后重拉
[12:11:11] [极速订场] refill 矩阵完成 fetch_n=267 wall=12:11:06.185 elapsed_ms=1024
[12:11:11] [极速订场] refill 本轮无满足约束候选，缺口={'17:00': 1}，短等待后重拉
[12:11:12] [极速订场] refill 矩阵完成 fetch_n=268 wall=12:11:07.964 elapsed_ms=1427
[12:11:12] [极速订场] refill 本轮无满足约束候选，缺口={'17:00': 1}，短等待后重拉
[12:11:14] [极速订场] refill 矩阵完成 fetch_n=269 wall=12:11:09.700 elapsed_ms=1382
[12:11:14] [极速订场] refill 本轮无满足约束候选，缺口={'17:00': 1}，短等待后重拉
[12:11:16] [极速订场] refill 矩阵完成 fetch_n=270 wall=12:11:11.517 elapsed_ms=1465
[12:11:16] [极速订场] refill 本轮无满足约束候选，缺口={'17:00': 1}，短等待后重拉
[12:11:17] [极速订场] refill 矩阵完成 fetch_n=271 wall=12:11:12.742 elapsed_ms=871
[12:11:17] [极速订场] refill 本轮无满足约束候选，缺口={'17:00': 1}，短等待后重拉
[12:11:19] [极速订场] refill 矩阵完成 fetch_n=272 wall=12:11:14.332 elapsed_ms=1237
[12:11:19] [极速订场] refill 本轮无满足约束候选，缺口={'17:00': 1}，短等待后重拉
[12:11:20] [极速订场] refill 矩阵完成 fetch_n=273 wall=12:11:15.687 elapsed_ms=1002
[12:11:20] [极速订场] refill 本轮无满足约束候选，缺口={'17:00': 1}，短等待后重拉
[12:11:22] [极速订场] refill 矩阵完成 fetch_n=274 wall=12:11:17.257 elapsed_ms=1217
[12:11:22] [极速订场] refill 本轮无满足约束候选，缺口={'17:00': 1}，短等待后重拉
[12:11:23] [极速订场] refill 矩阵完成 fetch_n=275 wall=12:11:18.301 elapsed_ms=692
[12:11:23] [极速订场] refill 本轮无满足约束候选，缺口={'17:00': 1}，短等待后重拉
[12:11:24] [极速订场] refill 矩阵完成 fetch_n=276 wall=12:11:19.526 elapsed_ms=871
[12:11:24] [极速订场] refill 本轮无满足约束候选，缺口={'17:00': 1}，短等待后重拉
[12:11:26] [极速订场] refill 矩阵完成 fetch_n=277 wall=12:11:21.112 elapsed_ms=1234
[12:11:26] [极速订场] refill 本轮无满足约束候选，缺口={'17:00': 1}，短等待后重拉
[12:11:27] [极速订场] refill 矩阵完成 fetch_n=278 wall=12:11:22.889 elapsed_ms=1423
[12:11:27] [极速订场] refill 本轮无满足约束候选，缺口={'17:00': 1}，短等待后重拉
[12:11:29] [极速订场] refill 矩阵完成 fetch_n=279 wall=12:11:24.753 elapsed_ms=1510
[12:11:29] [极速订场] refill 本轮无满足约束候选，缺口={'17:00': 1}，短等待后重拉
[12:11:31] [极速订场] refill 矩阵完成 fetch_n=280 wall=12:11:26.288 elapsed_ms=1183
[12:11:31] [极速订场] refill 本轮无满足约束候选，缺口={'17:00': 1}，短等待后重拉
[12:11:32] [极速订场] refill 矩阵完成 fetch_n=281 wall=12:11:27.880 elapsed_ms=1240
[12:11:32] [极速订场] refill 本轮无满足约束候选，缺口={'17:00': 1}，短等待后重拉
[12:11:34] [极速订场] refill 矩阵完成 fetch_n=282 wall=12:11:29.256 elapsed_ms=1024
[12:11:34] [极速订场] refill 本轮无满足约束候选，缺口={'17:00': 1}，短等待后重拉
[12:11:35] [极速订场] refill 矩阵完成 fetch_n=283 wall=12:11:30.488 elapsed_ms=878
[12:11:35] [极速订场] refill 本轮无满足约束候选，缺口={'17:00': 1}，短等待后重拉
[12:11:36] [极速订场] refill 矩阵完成 fetch_n=284 wall=12:11:32.002 elapsed_ms=1160
[12:11:36] [极速订场] refill 本轮无满足约束候选，缺口={'17:00': 1}，短等待后重拉
[12:11:38] [极速订场] refill 矩阵完成 fetch_n=285 wall=12:11:33.532 elapsed_ms=1175
[12:11:38] [极速订场] refill 本轮无满足约束候选，缺口={'17:00': 1}，短等待后重拉
[12:11:40] [极速订场] refill 矩阵完成 fetch_n=286 wall=12:11:35.148 elapsed_ms=1262
[12:11:40] [极速订场] refill 本轮无满足约束候选，缺口={'17:00': 1}，短等待后重拉
[12:11:41] [极速订场] refill 矩阵完成 fetch_n=287 wall=12:11:36.472 elapsed_ms=971
[12:11:41] [极速订场] refill 本轮无满足约束候选，缺口={'17:00': 1}，短等待后重拉
[12:11:43] [极速订场] refill 矩阵完成 fetch_n=288 wall=12:11:38.062 elapsed_ms=1238
[12:11:43] [极速订场] refill 本轮无满足约束候选，缺口={'17:00': 1}，短等待后重拉
[12:11:44] [极速订场] refill 矩阵完成 fetch_n=289 wall=12:11:39.516 elapsed_ms=1102
[12:11:44] [极速订场] refill 本轮无满足约束候选，缺口={'17:00': 1}，短等待后重拉
[12:11:46] [极速订场] refill 矩阵完成 fetch_n=290 wall=12:11:41.197 elapsed_ms=1327
[12:11:46] [极速订场] refill 本轮无满足约束候选，缺口={'17:00': 1}，短等待后重拉
[12:11:48] [极速订场] refill 矩阵完成 fetch_n=291 wall=12:11:43.240 elapsed_ms=1690
[12:11:48] [极速订场] refill 本轮无满足约束候选，缺口={'17:00': 1}，短等待后重拉
[12:11:50] [极速订场] refill 矩阵完成 fetch_n=292 wall=12:11:45.024 elapsed_ms=1431
[12:11:50] [极速订场] refill 本轮无满足约束候选，缺口={'17:00': 1}，短等待后重拉
[12:11:51] [极速订场] refill 矩阵完成 fetch_n=293 wall=12:11:46.445 elapsed_ms=1068
[12:11:51] [极速订场] refill 本轮无满足约束候选，缺口={'17:00': 1}，短等待后重拉
[12:11:53] [极速订场] refill 矩阵完成 fetch_n=294 wall=12:11:48.263 elapsed_ms=1465
[12:11:53] [极速订场] refill 本轮无满足约束候选，缺口={'17:00': 1}，短等待后重拉
[12:11:54] [极速订场] refill 矩阵完成 fetch_n=295 wall=12:11:49.811 elapsed_ms=1196
[12:11:54] [极速订场] refill 本轮无满足约束候选，缺口={'17:00': 1}，短等待后重拉
[12:11:56] [极速订场] refill 矩阵完成 fetch_n=296 wall=12:11:51.071 elapsed_ms=906
[12:11:56] [极速订场] refill 本轮无满足约束候选，缺口={'17:00': 1}，短等待后重拉
[12:11:57] [极速订场] refill 矩阵完成 fetch_n=297 wall=12:11:52.288 elapsed_ms=863
[12:11:57] [极速订场] refill 本轮无满足约束候选，缺口={'17:00': 1}，短等待后重拉
[12:11:58] [极速订场] refill 矩阵完成 fetch_n=298 wall=12:11:53.769 elapsed_ms=1128
[12:11:58] [极速订场] refill 本轮无满足约束候选，缺口={'17:00': 1}，短等待后重拉
[12:12:00] [极速订场] refill 矩阵完成 fetch_n=299 wall=12:11:55.570 elapsed_ms=1449
[12:12:00] [极速订场] refill 本轮无满足约束候选，缺口={'17:00': 1}，短等待后重拉
[12:12:02] [极速订场] refill 矩阵完成 fetch_n=300 wall=12:11:57.215 elapsed_ms=1277
[12:12:02] [极速订场] refill 本轮无满足约束候选，缺口={'17:00': 1}，短等待后重拉
[12:12:03] [极速订场] refill 矩阵完成 fetch_n=301 wall=12:11:58.814 elapsed_ms=1247
[12:12:03] [极速订场] refill 本轮无满足约束候选，缺口={'17:00': 1}，短等待后重拉
[12:12:05] [极速订场] refill 矩阵完成 fetch_n=302 wall=12:12:00.341 elapsed_ms=1174
[12:12:05] [极速订场] refill 本轮无满足约束候选，缺口={'17:00': 1}，短等待后重拉
[12:12:06] [极速订场] refill 矩阵完成 fetch_n=303 wall=12:12:01.722 elapsed_ms=1029
[12:12:06] [极速订场] refill 本轮无满足约束候选，缺口={'17:00': 1}，短等待后重拉
[12:12:07] [极速订场] refill 矩阵完成 fetch_n=304 wall=12:12:02.925 elapsed_ms=850
[12:12:07] [极速订场] refill 本轮无满足约束候选，缺口={'17:00': 1}，短等待后重拉
[12:12:09] [极速订场] refill 矩阵完成 fetch_n=305 wall=12:12:04.307 elapsed_ms=1028
[12:12:09] [极速订场] refill 本轮无满足约束候选，缺口={'17:00': 1}，短等待后重拉
[12:12:10] [极速订场] refill 矩阵完成 fetch_n=306 wall=12:12:05.649 elapsed_ms=988
[12:12:10] [极速订场] refill 本轮无满足约束候选，缺口={'17:00': 1}，短等待后重拉
[12:12:12] [极速订场] refill 矩阵完成 fetch_n=307 wall=12:12:07.361 elapsed_ms=1358
[12:12:12] [极速订场] refill 本轮无满足约束候选，缺口={'17:00': 1}，短等待后重拉
[12:12:13] [极速订场] refill 矩阵完成 fetch_n=308 wall=12:12:08.853 elapsed_ms=1139
[12:12:13] [极速订场] refill 本轮无满足约束候选，缺口={'17:00': 1}，短等待后重拉
[12:12:15] [极速订场] refill 矩阵完成 fetch_n=309 wall=12:12:10.431 elapsed_ms=1224
[12:12:15] [极速订场] refill 本轮无满足约束候选，缺口={'17:00': 1}，短等待后重拉
[12:12:16] [极速订场] refill 矩阵完成 fetch_n=310 wall=12:12:11.869 elapsed_ms=1083
[12:12:16] [极速订场] refill 本轮无满足约束候选，缺口={'17:00': 1}，短等待后重拉
[12:12:18] [极速订场] refill 矩阵完成 fetch_n=311 wall=12:12:13.512 elapsed_ms=1288
[12:12:18] [极速订场] refill 本轮无满足约束候选，缺口={'17:00': 1}，短等待后重拉
[12:12:19] [极速订场] refill 矩阵完成 fetch_n=312 wall=12:12:14.738 elapsed_ms=872
[12:12:19] [极速订场] refill 本轮无满足约束候选，缺口={'17:00': 1}，短等待后重拉
[12:12:21] [极速订场] refill 矩阵完成 fetch_n=313 wall=12:12:16.032 elapsed_ms=940
[12:12:21] [极速订场] refill 本轮无满足约束候选，缺口={'17:00': 1}，短等待后重拉
[12:12:22] [极速订场] refill 矩阵完成 fetch_n=314 wall=12:12:17.477 elapsed_ms=1089
[12:12:22] [极速订场] refill 本轮无满足约束候选，缺口={'17:00': 1}，短等待后重拉
[12:12:23] [极速订场] refill 矩阵完成 fetch_n=315 wall=12:12:18.937 elapsed_ms=1093
[12:12:23] [极速订场] refill 本轮无满足约束候选，缺口={'17:00': 1}，短等待后重拉
[12:12:25] [极速订场] refill 矩阵完成 fetch_n=316 wall=12:12:20.587 elapsed_ms=1297
[12:12:25] [极速订场] refill 本轮无满足约束候选，缺口={'17:00': 1}，短等待后重拉
[12:12:26] [极速订场] refill 矩阵完成 fetch_n=317 wall=12:12:21.796 elapsed_ms=855
[12:12:26] [极速订场] refill 本轮无满足约束候选，缺口={'17:00': 1}，短等待后重拉
[12:12:28] [极速订场] refill 矩阵完成 fetch_n=318 wall=12:12:23.206 elapsed_ms=1056
[12:12:28] [极速订场] refill 本轮无满足约束候选，缺口={'17:00': 1}，短等待后重拉
[12:12:29] [极速订场] refill 矩阵完成 fetch_n=319 wall=12:12:24.603 elapsed_ms=1044
[12:12:29] [极速订场] refill 本轮无满足约束候选，缺口={'17:00': 1}，短等待后重拉
[12:12:31] [极速订场] refill 矩阵完成 fetch_n=320 wall=12:12:26.232 elapsed_ms=1275
[12:12:31] [极速订场] refill 本轮无满足约束候选，缺口={'17:00': 1}，短等待后重拉
[12:12:32] [极速订场] refill 矩阵完成 fetch_n=321 wall=12:12:27.941 elapsed_ms=1355
[12:12:32] [极速订场] refill 本轮无满足约束候选，缺口={'17:00': 1}，短等待后重拉
[12:12:34] [极速订场] refill 矩阵完成 fetch_n=322 wall=12:12:29.315 elapsed_ms=1020
[12:12:34] [极速订场] refill 本轮无满足约束候选，缺口={'17:00': 1}，短等待后重拉
[12:12:35] [极速订场] refill 矩阵完成 fetch_n=323 wall=12:12:30.877 elapsed_ms=1209
[12:12:35] [极速订场] refill 本轮无满足约束候选，缺口={'17:00': 1}，短等待后重拉
[12:12:37] [极速订场] refill 矩阵完成 fetch_n=324 wall=12:12:32.273 elapsed_ms=1042
[12:12:37] [极速订场] refill 本轮无满足约束候选，缺口={'17:00': 1}，短等待后重拉
[12:12:38] [极速订场] refill 矩阵完成 fetch_n=325 wall=12:12:33.574 elapsed_ms=947
[12:12:38] [极速订场] refill 本轮无满足约束候选，缺口={'17:00': 1}，短等待后重拉
[12:12:39] [极速订场] refill 矩阵完成 fetch_n=326 wall=12:12:34.902 elapsed_ms=974
[12:12:39] [极速订场] refill 本轮无满足约束候选，缺口={'17:00': 1}，短等待后重拉
[12:12:41] [极速订场] refill 矩阵完成 fetch_n=327 wall=12:12:36.055 elapsed_ms=798
[12:12:41] [极速订场] refill 本轮无满足约束候选，缺口={'17:00': 1}，短等待后重拉
[12:12:42] [极速订场] refill 矩阵完成 fetch_n=328 wall=12:12:37.189 elapsed_ms=780
[12:12:42] [极速订场] refill 本轮无满足约束候选，缺口={'17:00': 1}，短等待后重拉
[12:12:43] [极速订场] refill 矩阵完成 fetch_n=329 wall=12:12:38.837 elapsed_ms=1294
[12:12:43] [极速订场] refill 本轮无满足约束候选，缺口={'17:00': 1}，短等待后重拉
[12:12:45] [极速订场] refill 矩阵完成 fetch_n=330 wall=12:12:40.488 elapsed_ms=1299
[12:12:45] [极速订场] refill 本轮无满足约束候选，缺口={'17:00': 1}，短等待后重拉
[12:12:47] [极速订场] refill 矩阵完成 fetch_n=331 wall=12:12:42.274 elapsed_ms=1432
[12:12:47] [极速订场] refill 本轮无满足约束候选，缺口={'17:00': 1}，短等待后重拉
[12:12:48] [极速订场] refill 矩阵完成 fetch_n=332 wall=12:12:43.503 elapsed_ms=875
[12:12:48] [极速订场] refill 本轮无满足约束候选，缺口={'17:00': 1}，短等待后重拉
[12:12:49] [极速订场] refill 矩阵完成 fetch_n=333 wall=12:12:44.767 elapsed_ms=910
[12:12:49] [极速订场] refill 本轮无满足约束候选，缺口={'17:00': 1}，短等待后重拉
[12:12:50] [极速订场] refill 矩阵完成 fetch_n=334 wall=12:12:45.973 elapsed_ms=852
[12:12:50] [极速订场] refill 本轮无满足约束候选，缺口={'17:00': 1}，短等待后重拉
[12:12:52] [极速订场] refill 矩阵完成 fetch_n=335 wall=12:12:47.187 elapsed_ms=860
[12:12:52] [极速订场] refill 本轮无满足约束候选，缺口={'17:00': 1}，短等待后重拉
[12:12:53] [极速订场] refill 矩阵完成 fetch_n=336 wall=12:12:48.445 elapsed_ms=904
[12:12:53] [极速订场] refill 本轮无满足约束候选，缺口={'17:00': 1}，短等待后重拉
[12:12:54] [极速订场] refill 矩阵完成 fetch_n=337 wall=12:12:49.805 elapsed_ms=1006
[12:12:54] [极速订场] refill 本轮无满足约束候选，缺口={'17:00': 1}，短等待后重拉
[12:12:55] [极速订场] refill 矩阵完成 fetch_n=338 wall=12:12:50.999 elapsed_ms=840
[12:12:55] [极速订场] refill 本轮无满足约束候选，缺口={'17:00': 1}，短等待后重拉
[12:12:57] [极速订场] refill 矩阵完成 fetch_n=339 wall=12:12:52.640 elapsed_ms=1287
[12:12:57] [极速订场] refill 本轮无满足约束候选，缺口={'17:00': 1}，短等待后重拉
[12:12:59] [极速订场] refill 矩阵完成 fetch_n=340 wall=12:12:54.158 elapsed_ms=1165
[12:12:59] [极速订场] refill 本轮无满足约束候选，缺口={'17:00': 1}，短等待后重拉
[12:13:00] [极速订场] refill 矩阵完成 fetch_n=341 wall=12:12:55.444 elapsed_ms=933
[12:13:00] [极速订场] refill 本轮无满足约束候选，缺口={'17:00': 1}，短等待后重拉
[12:13:01] [极速订场] refill 矩阵完成 fetch_n=342 wall=12:12:56.912 elapsed_ms=1115
[12:13:01] [极速订场] refill 本轮无满足约束候选，缺口={'17:00': 1}，短等待后重拉
[12:13:03] [极速订场] refill 矩阵完成 fetch_n=343 wall=12:12:58.921 elapsed_ms=1656
[12:13:03] [极速订场] refill 本轮无满足约束候选，缺口={'17:00': 1}，短等待后重拉
[12:13:05] [极速订场] refill 矩阵完成 fetch_n=344 wall=12:13:00.447 elapsed_ms=1173
[12:13:05] [极速订场] refill 本轮无满足约束候选，缺口={'17:00': 1}，短等待后重拉
[12:13:06] [极速订场] refill 矩阵完成 fetch_n=345 wall=12:13:01.803 elapsed_ms=1003
[12:13:06] [极速订场] refill 本轮无满足约束候选，缺口={'17:00': 1}，短等待后重拉
[12:13:08] [极速订场] refill 矩阵完成 fetch_n=346 wall=12:13:03.286 elapsed_ms=1130
[12:13:08] [极速订场] refill 本轮无满足约束候选，缺口={'17:00': 1}，短等待后重拉
[12:13:09] [极速订场] refill 矩阵完成 fetch_n=347 wall=12:13:04.709 elapsed_ms=1068
[12:13:09] [极速订场] refill 本轮无满足约束候选，缺口={'17:00': 1}，短等待后重拉
[12:13:11] [极速订场] refill 矩阵完成 fetch_n=348 wall=12:13:06.211 elapsed_ms=1149
[12:13:11] [极速订场] refill 本轮无满足约束候选，缺口={'17:00': 1}，短等待后重拉
[12:13:12] [极速订场] refill 矩阵完成 fetch_n=349 wall=12:13:07.295 elapsed_ms=731
[12:13:12] [极速订场] refill 本轮无满足约束候选，缺口={'17:00': 1}，短等待后重拉
[12:13:13] [极速订场] refill 矩阵完成 fetch_n=350 wall=12:13:08.347 elapsed_ms=698
[12:13:13] [极速订场] refill 本轮无满足约束候选，缺口={'17:00': 1}，短等待后重拉
[12:13:14] [极速订场] refill 矩阵完成 fetch_n=351 wall=12:13:10.004 elapsed_ms=1303
[12:13:14] [极速订场] refill 本轮无满足约束候选，缺口={'17:00': 1}，短等待后重拉
[12:13:16] [极速订场] refill 矩阵完成 fetch_n=352 wall=12:13:11.430 elapsed_ms=1072
[12:13:16] [极速订场] refill 本轮无满足约束候选，缺口={'17:00': 1}，短等待后重拉
[12:13:18] [极速订场] refill 矩阵完成 fetch_n=353 wall=12:13:13.296 elapsed_ms=1515
[12:13:18] [极速订场] refill 本轮无满足约束候选，缺口={'17:00': 1}，短等待后重拉
[12:13:19] [极速订场] refill 矩阵完成 fetch_n=354 wall=12:13:14.339 elapsed_ms=689
[12:13:19] [极速订场] refill 本轮无满足约束候选，缺口={'17:00': 1}，短等待后重拉
[12:13:20] [极速订场] refill 矩阵完成 fetch_n=355 wall=12:13:15.774 elapsed_ms=1082
[12:13:20] [极速订场] refill 本轮无满足约束候选，缺口={'17:00': 1}，短等待后重拉
[12:13:21] [极速订场] refill 矩阵完成 fetch_n=356 wall=12:13:16.879 elapsed_ms=751
[12:13:21] [极速订场] refill 本轮无满足约束候选，缺口={'17:00': 1}，短等待后重拉
[12:13:23] [极速订场] refill 矩阵完成 fetch_n=357 wall=12:13:18.009 elapsed_ms=776
[12:13:23] [极速订场] refill 本轮无满足约束候选，缺口={'17:00': 1}，短等待后重拉
[12:13:24] [极速订场] refill 矩阵完成 fetch_n=358 wall=12:13:19.620 elapsed_ms=1257
[12:13:24] [极速订场] refill 本轮无满足约束候选，缺口={'17:00': 1}，短等待后重拉
[12:13:25] [极速订场] refill 矩阵完成 fetch_n=359 wall=12:13:20.934 elapsed_ms=961
[12:13:25] [极速订场] refill 本轮无满足约束候选，缺口={'17:00': 1}，短等待后重拉
[12:13:27] [极速订场] refill 矩阵完成 fetch_n=360 wall=12:13:22.481 elapsed_ms=1194
[12:13:27] [极速订场] refill 本轮无满足约束候选，缺口={'17:00': 1}，短等待后重拉
[12:13:28] [极速订场] refill 矩阵完成 fetch_n=361 wall=12:13:23.717 elapsed_ms=884
[12:13:28] [极速订场] refill 本轮无满足约束候选，缺口={'17:00': 1}，短等待后重拉
[12:13:30] [极速订场] refill 矩阵完成 fetch_n=362 wall=12:13:25.122 elapsed_ms=1051
[12:13:30] [极速订场] refill 本轮无满足约束候选，缺口={'17:00': 1}，短等待后重拉
[12:13:31] [极速订场] refill 矩阵完成 fetch_n=363 wall=12:13:26.619 elapsed_ms=1145
[12:13:31] [极速订场] refill 本轮无满足约束候选，缺口={'17:00': 1}，短等待后重拉
[12:13:32] [极速订场] refill 矩阵完成 fetch_n=364 wall=12:13:27.959 elapsed_ms=987
[12:13:32] [极速订场] refill 本轮无满足约束候选，缺口={'17:00': 1}，短等待后重拉
[12:13:34] [极速订场] refill 矩阵完成 fetch_n=365 wall=12:13:29.837 elapsed_ms=1526
[12:13:34] [极速订场] refill 本轮无满足约束候选，缺口={'17:00': 1}，短等待后重拉
[12:13:36] [极速订场] refill 矩阵完成 fetch_n=366 wall=12:13:31.125 elapsed_ms=935
[12:13:36] [极速订场] refill 本轮无满足约束候选，缺口={'17:00': 1}，短等待后重拉
[12:13:37] [极速订场] refill 矩阵完成 fetch_n=367 wall=12:13:32.866 elapsed_ms=1388
[12:13:37] [极速订场] refill 本轮无满足约束候选，缺口={'17:00': 1}，短等待后重拉
[12:13:39] [极速订场] refill 矩阵完成 fetch_n=368 wall=12:13:34.207 elapsed_ms=987
[12:13:39] [极速订场] refill 本轮无满足约束候选，缺口={'17:00': 1}，短等待后重拉
[12:13:40] [极速订场] refill 矩阵完成 fetch_n=369 wall=12:13:35.528 elapsed_ms=967
[12:13:40] [极速订场] refill 本轮无满足约束候选，缺口={'17:00': 1}，短等待后重拉
[12:13:41] [极速订场] refill 矩阵完成 fetch_n=370 wall=12:13:36.665 elapsed_ms=785
[12:13:41] [极速订场] refill 本轮无满足约束候选，缺口={'17:00': 1}，短等待后重拉
[12:13:42] [极速订场] refill 矩阵完成 fetch_n=371 wall=12:13:37.848 elapsed_ms=830
[12:13:42] [极速订场] refill 本轮无满足约束候选，缺口={'17:00': 1}，短等待后重拉
[12:13:44] [极速订场] refill 矩阵完成 fetch_n=372 wall=12:13:39.381 elapsed_ms=1181
[12:13:44] [极速订场] refill 本轮无满足约束候选，缺口={'17:00': 1}，短等待后重拉
[12:13:45] [极速订场] refill 矩阵完成 fetch_n=373 wall=12:13:40.792 elapsed_ms=1058
[12:13:45] [极速订场] refill 本轮无满足约束候选，缺口={'17:00': 1}，短等待后重拉
[12:13:45] [极速订场] 结束 status=fail(budget_exhausted) 总请求数=2 轮数=2
