[07:25:30.849] tid=1775085929845| 🧩 [refill#1775085929845|auto|acc_2] 开始执行: date=2026-04-03, target_count=2, times=['20:00'], places=14
[07:25:38.280] tid=1775085929845| [组场引擎] policy=independent_refill allow_scatter=True tier= used_need={}
[07:25:38.292] tid=1775085929845| 🙈 [refill#1775085929845|auto|acc_2] 当前无可补订组合，缺口: {'20:00': 2}
[14:43:41.912] [极速订场] 开始 date=2026-04-06 单路递送+refill round_interval=0.25s refill_poll=0.35s min_post_interval=5.0s retry_jitter=180ms budget=360.0s
[14:43:41.914] [极速订场] skip_warmup=True：从分批阶段进入，不跑内部拉活循环（假定页面已拉过矩阵；若提示操作过快请刷新场地矩阵后再试）
[14:43:41.924] [极速订场] 首单分批参数 effective_target_blocks=1 fieldinfo_max_records_per_post=3 first_group_matrix=False
[14:43:41.925] [极速订场] 首单 group=primary (主组合) items=[{'place': '15', 'time': '12:00'}]
[14:43:42.149] [极速订场] 首单 第1次提交 action=stop_success items=[{'place': '15', 'time': '12:00'}]
[15:05:10.320] [极速订场] 开始 date=2026-04-06 单路递送+refill round_interval=0.25s refill_poll=0.35s min_post_interval=5.0s retry_jitter=180ms budget=360.0s
[15:05:10.321] [极速订场] skip_warmup=True：从分批阶段进入，不跑内部拉活循环（假定页面已拉过矩阵；若提示操作过快请刷新场地矩阵后再试）
[15:05:10.322] [极速订场] 首单分批参数 effective_target_blocks=1 fieldinfo_max_records_per_post=3 first_group_matrix=False
[15:05:10.323] [极速订场] 首单 group=primary (主组合) items=[{'place': '15', 'time': '11:00'}]
[15:05:10.140] [极速订场] 首单 第1次提交 action=stop_success items=[{'place': '15', 'time': '11:00'}]
[15:08:25.690] [极速订场] 开始 date=2026-04-06 单路递送+refill round_interval=0.25s refill_poll=0.35s min_post_interval=5.0s retry_jitter=180ms budget=360.0s
[15:08:25.691] [极速订场] skip_warmup=True：从分批阶段进入，不跑内部拉活循环（假定页面已拉过矩阵；若提示操作过快请刷新场地矩阵后再试）
[15:08:25.692] [极速订场] 首单分批参数 effective_target_blocks=1 fieldinfo_max_records_per_post=3 first_group_matrix=False
[15:08:25.693] [极速订场] 首单 group=primary (主组合) items=[{'place': '16', 'time': '12:00'}]
[15:08:26.159] [极速订场] 首单 第1次提交 action=stop_success items=[{'place': '16', 'time': '12:00'}]
[15:41:27.854] [极速订场] 开始 date=2026-04-06 单路递送+refill round_interval=0.25s refill_poll=0.35s min_post_interval=5.0s retry_jitter=180ms budget=360.0s
[15:41:27.855] [极速订场] skip_warmup=True：从分批阶段进入，不跑内部拉活循环（假定页面已拉过矩阵；若提示操作过快请刷新场地矩阵后再试）
[15:41:27.856] [极速订场] 首单分批参数 effective_target_blocks=1 fieldinfo_max_records_per_post=3 first_group_matrix=False
[15:41:27.857] [极速订场] 首单 group=primary (主组合) items=[{'place': '17', 'time': '12:00'}]
[15:41:28.156] [极速订场] 首单 第1次提交 action=stop_success items=[{'place': '17', 'time': '12:00'}]
[15:44:43.815] [极速订场] 开始 date=2026-04-06 单路递送+refill round_interval=0.25s refill_poll=0.35s min_post_interval=5.0s retry_jitter=180ms budget=360.0s
[15:44:43.816] [极速订场] skip_warmup=True：从分批阶段进入，不跑内部拉活循环（假定页面已拉过矩阵；若提示操作过快请刷新场地矩阵后再试）
[15:44:43.817] [极速订场] 首单分批参数 effective_target_blocks=1 fieldinfo_max_records_per_post=3 first_group_matrix=False
[15:44:43.817] [极速订场] 首单 group=primary (主组合) items=[{'place': '16', 'time': '12:00'}]
[15:44:44.199] [极速订场] 首单 第1次提交 action=stop_success items=[{'place': '16', 'time': '12:00'}]
[15:44:48.164] [极速订场] 开始 date=2026-04-06 单路递送+refill round_interval=0.25s refill_poll=0.35s min_post_interval=5.0s retry_jitter=180ms budget=360.0s
[15:44:48.165] [极速订场] skip_warmup=True：从分批阶段进入，不跑内部拉活循环（假定页面已拉过矩阵；若提示操作过快请刷新场地矩阵后再试）
[15:44:48.166] [极速订场] 首单分批参数 effective_target_blocks=1 fieldinfo_max_records_per_post=3 first_group_matrix=False
[15:44:48.167] [极速订场] 首单 group=primary (主组合) items=[{'place': '16', 'time': '12:00'}, {'place': '16', 'time': '13:00'}]
[15:44:48.096] [极速订场] 首单 第1次提交 action=switch_backup items=[{'place': '16', 'time': '12:00'}, {'place': '16', 'time': '13:00'}]
[15:44:52.223] [极速订场] 开始 date=2026-04-06 单路递送+refill round_interval=0.25s refill_poll=0.35s min_post_interval=5.0s retry_jitter=180ms budget=360.0s
[15:44:52.224] [极速订场] skip_warmup=True：从分批阶段进入，不跑内部拉活循环（假定页面已拉过矩阵；若提示操作过快请刷新场地矩阵后再试）
[15:44:52.225] [极速订场] 首单分批参数 effective_target_blocks=1 fieldinfo_max_records_per_post=3 first_group_matrix=False
[15:44:52.226] [极速订场] 首单 group=primary (主组合) items=[{'place': '16', 'time': '12:00'}, {'place': '16', 'time': '13:00'}, {'place': '16', 'time': '14:00'}]
[15:44:53.136] [极速订场] 首单 第1次提交 action=switch_backup items=[{'place': '16', 'time': '12:00'}, {'place': '16', 'time': '13:00'}, {'place': '16', 'time': '14:00'}]
[15:52:41.363] [极速订场] 开始 date=2026-04-06 单路递送+refill round_interval=0.25s refill_poll=0.35s min_post_interval=2.2s retry_jitter=180ms budget=360.0s
[15:52:41.364] [极速订场] skip_warmup=True：从分批阶段进入，不跑内部拉活循环（假定页面已拉过矩阵；若提示操作过快请刷新场地矩阵后再试）
[15:52:41.365] [极速订场] 首单分批参数 effective_target_blocks=1 fieldinfo_max_records_per_post=3 first_group_matrix=False
[15:52:41.366] [极速订场] 首单 group=primary (主组合) items=[{'place': '16', 'time': '13:00'}]
[15:52:50.151] [极速订场] 首单 第1次提交 action=stop_success items=[{'place': '16', 'time': '13:00'}]
[15:52:50.199] [极速订场] refill 矩阵完成 fetch_n=1 wall=15:52:42.069 elapsed_ms=396
[15:52:50.199] [极速订场] refill 缺口已归零，目标已满足，提前结束
[15:52:50.200] [极速订场] 结束 status=success 总请求数=1 group=primary
[15:52:54.496] [极速订场] 开始 date=2026-04-06 单路递送+refill round_interval=0.25s refill_poll=0.35s min_post_interval=2.2s retry_jitter=180ms budget=360.0s
[15:52:54.497] [极速订场] skip_warmup=True：从分批阶段进入，不跑内部拉活循环（假定页面已拉过矩阵；若提示操作过快请刷新场地矩阵后再试）
[15:52:54.498] [极速订场] 首单分批参数 effective_target_blocks=1 fieldinfo_max_records_per_post=3 first_group_matrix=False
[15:52:54.498] [极速订场] 首单 group=primary (主组合) items=[{'place': '16', 'time': '14:00'}]
[15:52:55.166] [极速订场] 首单 第1次提交 action=stop_success items=[{'place': '16', 'time': '14:00'}]
[15:52:55.184] [极速订场] refill 矩阵完成 fetch_n=1 wall=15:52:47.071 elapsed_ms=366
[15:52:55.186] [极速订场] refill 缺口已归零，目标已满足，提前结束
[15:52:55.187] [极速订场] 结束 status=success 总请求数=1 group=primary
[15:53:01.077] [极速订场] 开始 date=2026-04-06 单路递送+refill round_interval=0.25s refill_poll=0.35s min_post_interval=2.2s retry_jitter=180ms budget=360.0s
[15:53:01.078] [极速订场] skip_warmup=True：从分批阶段进入，不跑内部拉活循环（假定页面已拉过矩阵；若提示操作过快请刷新场地矩阵后再试）
[15:53:01.079] [极速订场] 首单分批参数 effective_target_blocks=1 fieldinfo_max_records_per_post=3 first_group_matrix=False
[15:53:01.080] [极速订场] 首单 group=primary (主组合) items=[{'place': '17', 'time': '12:00'}]
[15:53:01.175] [极速订场] 首单 第1次提交 action=stop_success items=[{'place': '17', 'time': '12:00'}]
[15:53:02.216] [极速订场] refill 矩阵完成 fetch_n=1 wall=15:52:53.751 elapsed_ms=431
[15:53:02.218] [极速订场] refill 缺口已归零，目标已满足，提前结束
[15:53:02.219] [极速订场] 结束 status=success 总请求数=1 group=primary
[15:53:14.125] [极速订场] 开始 date=2026-04-06 单路递送+refill round_interval=0.25s refill_poll=0.35s min_post_interval=2.2s retry_jitter=180ms budget=360.0s
[15:53:14.126] [极速订场] skip_warmup=True：从分批阶段进入，不跑内部拉活循环（假定页面已拉过矩阵；若提示操作过快请刷新场地矩阵后再试）
[15:53:14.127] [极速订场] 首单分批参数 effective_target_blocks=1 fieldinfo_max_records_per_post=3 first_group_matrix=False
[15:53:14.127] [极速订场] 首单 group=primary (主组合) items=[{'place': '17', 'time': '13:00'}]
[15:53:15.240] [极速订场] 首单 第1次提交 action=stop_success items=[{'place': '17', 'time': '13:00'}]
[15:53:15.169] [极速订场] refill 矩阵完成 fetch_n=1 wall=15:53:07.166 elapsed_ms=337
[15:53:15.171] [极速订场] refill 缺口已归零，目标已满足，提前结束
[15:53:15.173] [极速订场] 结束 status=success 总请求数=1 group=primary
[15:53:20.481] [极速订场] 开始 date=2026-04-06 单路递送+refill round_interval=0.25s refill_poll=0.35s min_post_interval=2.2s retry_jitter=180ms budget=360.0s
[15:53:20.482] [极速订场] skip_warmup=True：从分批阶段进入，不跑内部拉活循环（假定页面已拉过矩阵；若提示操作过快请刷新场地矩阵后再试）
[15:53:20.483] [极速订场] 首单分批参数 effective_target_blocks=1 fieldinfo_max_records_per_post=3 first_group_matrix=False
[15:53:20.484] [极速订场] 首单 group=primary (主组合) items=[{'place': '17', 'time': '14:00'}]
[15:53:21.150] [极速订场] 首单 第1次提交 action=stop_success items=[{'place': '17', 'time': '14:00'}]
[15:53:21.195] [极速订场] refill 矩阵完成 fetch_n=1 wall=15:53:13.178 elapsed_ms=388
[15:53:21.196] [极速订场] refill 缺口已归零，目标已满足，提前结束
[15:53:21.197] [极速订场] 结束 status=success 总请求数=1 group=primary
[15:56:10.724] [极速订场] 开始 date=2026-04-06 单路递送+refill round_interval=0.25s refill_poll=0.35s min_post_interval=5.0s retry_jitter=180ms budget=360.0s
[15:56:10.725] [极速订场] skip_warmup=True：从分批阶段进入，不跑内部拉活循环（假定页面已拉过矩阵；若提示操作过快请刷新场地矩阵后再试）
[15:56:10.726] [极速订场] 首单分批参数 effective_target_blocks=1 fieldinfo_max_records_per_post=3 first_group_matrix=False
[15:56:10.727] [极速订场] 首单 group=primary (主组合) items=[{'place': '15', 'time': '12:00'}]
[15:56:11.229] [极速订场] 首单 第1次提交 action=stop_success items=[{'place': '15', 'time': '12:00'}]
[15:56:12.226] [极速订场] refill 矩阵完成 fetch_n=1 wall=15:56:03.924 elapsed_ms=452
[15:56:12.227] [极速订场] refill 缺口已归零，目标已满足，提前结束
[15:56:12.228] [极速订场] 结束 status=success 总请求数=1 group=primary
[15:56:15.168] [极速订场] 开始 date=2026-04-06 单路递送+refill round_interval=0.25s refill_poll=0.35s min_post_interval=5.0s retry_jitter=180ms budget=360.0s
[15:56:15.169] [极速订场] skip_warmup=True：从分批阶段进入，不跑内部拉活循环（假定页面已拉过矩阵；若提示操作过快请刷新场地矩阵后再试）
[15:56:15.170] [极速订场] 首单分批参数 effective_target_blocks=1 fieldinfo_max_records_per_post=3 first_group_matrix=False
[15:56:15.171] [极速订场] 首单 group=primary (主组合) items=[{'place': '15', 'time': '13:00'}]
[15:56:15.092] [极速订场] 首单 too_fast: '操作过快,请稍后重试。'
[15:56:15.093] [极速订场] 首单 第1次提交 action=min_backoff_continue items=[{'place': '15', 'time': '13:00'}]
[15:56:16.202] [极速订场] refill 矩阵完成 fetch_n=1 wall=15:56:07.773 elapsed_ms=402
[15:56:16.204] [极速订场] refill 缺口已归零，目标已满足，提前结束
[15:56:16.206] [极速订场] 结束 status=success 总请求数=1 group=primary
[15:56:19.568] [极速订场] 开始 date=2026-04-06 单路递送+refill round_interval=0.25s refill_poll=0.35s min_post_interval=5.0s retry_jitter=180ms budget=360.0s
[15:56:19.569] [极速订场] skip_warmup=True：从分批阶段进入，不跑内部拉活循环（假定页面已拉过矩阵；若提示操作过快请刷新场地矩阵后再试）
[15:56:19.570] [极速订场] 首单分批参数 effective_target_blocks=1 fieldinfo_max_records_per_post=3 first_group_matrix=False
[15:56:19.570] [极速订场] 首单 group=primary (主组合) items=[{'place': '15', 'time': '14:00'}]
[15:56:19.157] [极速订场] 首单 第1次提交 action=stop_success items=[{'place': '15', 'time': '14:00'}]
[15:56:20.213] [极速订场] refill 矩阵完成 fetch_n=1 wall=15:56:11.884 elapsed_ms=426
[15:56:20.214] [极速订场] refill 缺口已归零，目标已满足，提前结束
[15:56:20.215] [极速订场] 结束 status=success 总请求数=1 group=primary
[16:33:43.701] [极速订场] 开始 date=2026-04-06 单路递送+refill round_interval=0.25s refill_poll=0.35s min_post_interval=2.2s retry_jitter=180ms budget=360.0s
[16:33:43.702] [极速订场] skip_warmup=True：从分批阶段进入，不跑内部拉活循环（假定页面已拉过矩阵；若提示操作过快请刷新场地矩阵后再试）
[16:33:43.703] [极速订场] 首单分批参数 effective_target_blocks=1 fieldinfo_max_records_per_post=3 first_group_matrix=False
[16:33:43.704] [极速订场] 首单 group=primary (主组合) items=[{'place': '15', 'time': '12:00'}]
[16:33:43.190] [极速订场] 首单 第1次提交 action=stop_success items=[{'place': '15', 'time': '12:00'}]
[16:33:44.205] [极速订场] refill 矩阵完成 fetch_n=1 wall=16:33:36.099 elapsed_ms=408
[16:33:44.205] [极速订场] refill 缺口已归零，目标已满足，提前结束
[16:33:44.207] [极速订场] 结束 status=success 总请求数=1 group=primary
[16:33:46.246] [极速订场] 开始 date=2026-04-06 单路递送+refill round_interval=0.25s refill_poll=0.35s min_post_interval=2.2s retry_jitter=180ms budget=360.0s
[16:33:46.246] [极速订场] skip_warmup=True：从分批阶段进入，不跑内部拉活循环（假定页面已拉过矩阵；若提示操作过快请刷新场地矩阵后再试）
[16:33:46.247] [极速订场] 首单分批参数 effective_target_blocks=1 fieldinfo_max_records_per_post=3 first_group_matrix=False
[16:33:46.248] [极速订场] 首单 group=primary (主组合) items=[{'place': '15', 'time': '13:00'}]
[16:33:46.209] [极速订场] 首单 too_fast: '操作过快,请稍后重试。'
[16:33:46.211] [极速订场] 首单 第1次提交 action=min_backoff_continue items=[{'place': '15', 'time': '13:00'}]
[16:33:47.179] [极速订场] refill 矩阵完成 fetch_n=1 wall=16:33:39.291 elapsed_ms=357
[16:33:47.180] [组场引擎] policy=auto_campaign allow_scatter=True tier=单调缺口递降 used_need={'13:00': 1}
[16:33:47.181] [极速订场] refill 分层求解 tier=单调缺口递降 used_need={'13:00': 1} 原缺口={'13:00': 1}
[16:33:47.182] [极速订场] refill group=primary (主组合) items=[{'place': '15', 'time': '13:00'}]
[16:33:48.651] [极速订场] refill POST发送 wall=16:33:40.762 campaign_ms=2622 tag=refill items=[{'place': '15', 'time': '13:00'}]
[16:33:49.124] [极速订场] refill 第2次提交 action=stop_success items=[{'place': '15', 'time': '13:00'}]
[16:33:49.125] [极速订场] refill 本轮多批已处理，下轮重拉矩阵校验满额
[16:33:50.233] [极速订场] refill 矩阵完成 fetch_n=2 wall=16:33:41.731 elapsed_ms=466
[16:33:50.235] [极速订场] refill 缺口已归零，目标已满足，提前结束
[16:33:50.236] [极速订场] 结束 status=success 总请求数=2 group=primary
[16:34:02.689] [极速订场] 开始 date=2026-04-06 单路递送+refill round_interval=0.25s refill_poll=0.35s min_post_interval=2.2s retry_jitter=180ms budget=360.0s
[16:34:02.689] [极速订场] skip_warmup=True：从分批阶段进入，不跑内部拉活循环（假定页面已拉过矩阵；若提示操作过快请刷新场地矩阵后再试）
[16:34:02.690] [极速订场] 首单分批参数 effective_target_blocks=1 fieldinfo_max_records_per_post=3 first_group_matrix=False
[16:34:02.691] [极速订场] 首单 group=primary (主组合) items=[{'place': '16', 'time': '14:00'}]
[16:34:02.169] [极速订场] 首单 第1次提交 action=stop_success items=[{'place': '16', 'time': '14:00'}]
[16:34:03.169] [极速订场] refill 矩阵完成 fetch_n=1 wall=16:33:54.868 elapsed_ms=338
[16:34:03.170] [极速订场] refill 缺口已归零，目标已满足，提前结束
[16:34:03.171] [极速订场] 结束 status=success 总请求数=1 group=primary
[16:34:09.897] [极速订场] 开始 date=2026-04-06 单路递送+refill round_interval=0.25s refill_poll=0.35s min_post_interval=2.2s retry_jitter=180ms budget=360.0s
[16:34:09.899] [极速订场] skip_warmup=True：从分批阶段进入，不跑内部拉活循环（假定页面已拉过矩阵；若提示操作过快请刷新场地矩阵后再试）
[16:34:09.900] [极速订场] 首单分批参数 effective_target_blocks=1 fieldinfo_max_records_per_post=3 first_group_matrix=False
[16:34:09.900] [极速订场] 首单 group=primary (主组合) items=[{'place': '16', 'time': '13:00'}]
[16:34:10.151] [极速订场] 首单 第1次提交 action=stop_success items=[{'place': '16', 'time': '13:00'}]
[16:34:10.170] [极速订场] refill 矩阵完成 fetch_n=1 wall=16:34:02.244 elapsed_ms=340
[16:34:10.171] [极速订场] refill 缺口已归零，目标已满足，提前结束
[16:34:10.172] [极速订场] 结束 status=success 总请求数=1 group=primary
[16:34:16.296] [极速订场] 开始 date=2026-04-06 单路递送+refill round_interval=0.25s refill_poll=0.35s min_post_interval=2.2s retry_jitter=180ms budget=360.0s
[16:34:16.297] [极速订场] skip_warmup=True：从分批阶段进入，不跑内部拉活循环（假定页面已拉过矩阵；若提示操作过快请刷新场地矩阵后再试）
[16:34:16.298] [极速订场] 首单分批参数 effective_target_blocks=1 fieldinfo_max_records_per_post=3 first_group_matrix=False
[16:34:16.298] [极速订场] 首单 group=primary (主组合) items=[{'place': '16', 'time': '12:00'}]
[16:34:17.194] [极速订场] 首单 第1次提交 action=stop_success items=[{'place': '16', 'time': '12:00'}]
[16:34:17.177] [极速订场] refill 矩阵完成 fetch_n=1 wall=16:34:09.118 elapsed_ms=353
[16:34:17.178] [极速订场] refill 缺口已归零，目标已满足，提前结束
[16:34:17.180] [极速订场] 结束 status=success 总请求数=1 group=primary
[16:34:23.783] [极速订场] 开始 date=2026-04-06 单路递送+refill round_interval=0.25s refill_poll=0.35s min_post_interval=2.2s retry_jitter=180ms budget=360.0s
[16:34:23.784] [极速订场] skip_warmup=True：从分批阶段进入，不跑内部拉活循环（假定页面已拉过矩阵；若提示操作过快请刷新场地矩阵后再试）
[16:34:23.786] [极速订场] 首单分批参数 effective_target_blocks=1 fieldinfo_max_records_per_post=3 first_group_matrix=False
[16:34:23.787] [极速订场] 首单 group=primary (主组合) items=[{'place': '15', 'time': '14:00'}]
[16:34:24.187] [极速订场] 首单 第1次提交 action=stop_success items=[{'place': '15', 'time': '14:00'}]
[16:34:25.208] [极速订场] refill 矩阵完成 fetch_n=1 wall=16:34:16.859 elapsed_ms=415
[16:34:25.209] [极速订场] refill 缺口已归零，目标已满足，提前结束
[16:34:25.209] [极速订场] 结束 status=success 总请求数=1 group=primary
[16:34:31.866] [极速订场] 开始 date=2026-04-06 单路递送+refill round_interval=0.25s refill_poll=0.35s min_post_interval=2.2s retry_jitter=180ms budget=360.0s
[16:34:31.867] [极速订场] skip_warmup=True：从分批阶段进入，不跑内部拉活循环（假定页面已拉过矩阵；若提示操作过快请刷新场地矩阵后再试）
[16:34:31.868] [极速订场] 首单分批参数 effective_target_blocks=1 fieldinfo_max_records_per_post=3 first_group_matrix=False
[16:34:31.869] [极速订场] 首单 group=primary (主组合) items=[{'place': '17', 'time': '12:00'}]
[16:34:32.158] [极速订场] 首单 第1次提交 action=stop_success items=[{'place': '17', 'time': '12:00'}]
[16:34:32.171] [极速订场] refill 矩阵完成 fetch_n=1 wall=16:34:24.180 elapsed_ms=341
[16:34:32.172] [极速订场] refill 缺口已归零，目标已满足，提前结束
[16:34:32.173] [极速订场] 结束 status=success 总请求数=1 group=primary
[16:35:13.215] [极速订场] 开始 date=2026-04-06 单路递送+refill round_interval=0.25s refill_poll=0.35s min_post_interval=2.2s retry_jitter=180ms budget=360.0s
[16:35:13.216] [极速订场] skip_warmup=True：从分批阶段进入，不跑内部拉活循环（假定页面已拉过矩阵；若提示操作过快请刷新场地矩阵后再试）
[16:35:13.217] [极速订场] 首单分批参数 effective_target_blocks=1 fieldinfo_max_records_per_post=3 first_group_matrix=False
[16:35:13.218] [极速订场] 首单 group=primary (主组合) items=[{'place': '17', 'time': '13:00'}]
[16:35:13.136] [极速订场] 首单 第1次提交 action=stop_success items=[{'place': '17', 'time': '13:00'}]
[16:35:14.303] [极速订场] refill 矩阵完成 fetch_n=1 wall=16:35:05.844 elapsed_ms=605
[16:35:14.303] [组场引擎] policy=auto_campaign allow_scatter=True tier= used_need={}
[16:35:14.304] [极速订场] refill 本轮无满足约束候选，缺口={'13:00': 1}，短等待后重拉
[16:35:14.115] [极速订场] refill 矩阵完成 fetch_n=2 wall=16:35:06.425 elapsed_ms=228
[16:35:14.116] [极速订场] refill 缺口已归零，目标已满足，提前结束
[16:35:14.117] [极速订场] 结束 status=success 总请求数=1 group=primary
[16:35:17.391] [极速订场] 开始 date=2026-04-06 单路递送+refill round_interval=0.25s refill_poll=0.35s min_post_interval=2.2s retry_jitter=180ms budget=360.0s
[16:35:17.392] [极速订场] skip_warmup=True：从分批阶段进入，不跑内部拉活循环（假定页面已拉过矩阵；若提示操作过快请刷新场地矩阵后再试）
[16:35:17.393] [极速订场] 首单分批参数 effective_target_blocks=1 fieldinfo_max_records_per_post=3 first_group_matrix=False
[16:35:17.393] [极速订场] 首单 group=primary (主组合) items=[{'place': '17', 'time': '14:00'}]
[16:35:18.147] [极速订场] 首单 第1次提交 action=stop_success items=[{'place': '17', 'time': '14:00'}]
[16:35:18.172] [极速订场] refill 矩阵完成 fetch_n=1 wall=16:35:10.343 elapsed_ms=343
[16:35:18.173] [极速订场] refill 缺口已归零，目标已满足，提前结束
[16:35:18.174] [极速订场] 结束 status=success 总请求数=1 group=primary
[16:39:31.472] [极速订场] 开始 date=2026-04-06 单路递送+refill round_interval=0.25s refill_poll=0.35s min_post_interval=5.0s retry_jitter=180ms budget=360.0s
[16:39:31.473] [极速订场] skip_warmup=True：从分批阶段进入，不跑内部拉活循环（假定页面已拉过矩阵；若提示操作过快请刷新场地矩阵后再试）
[16:39:31.474] [极速订场] 首单分批参数 effective_target_blocks=1 fieldinfo_max_records_per_post=3 first_group_matrix=False
[16:39:31.475] [极速订场] 首单 group=primary (主组合) items=[{'place': '15', 'time': '12:00'}]
[16:39:32.192] [极速订场] 首单 第1次提交 action=stop_success items=[{'place': '15', 'time': '12:00'}]
[16:39:32.179] [极速订场] refill 矩阵完成 fetch_n=1 wall=16:39:24.619 elapsed_ms=357
[16:39:32.181] [极速订场] refill 缺口已归零，目标已满足，提前结束
[16:39:32.182] [极速订场] 结束 status=success 总请求数=1 group=primary
[16:39:47.805] [极速订场] 开始 date=2026-04-06 单路递送+refill round_interval=0.25s refill_poll=0.35s min_post_interval=5.0s retry_jitter=180ms budget=360.0s
[16:39:47.806] [极速订场] skip_warmup=True：从分批阶段进入，不跑内部拉活循环（假定页面已拉过矩阵；若提示操作过快请刷新场地矩阵后再试）
[16:39:47.806] [极速订场] 首单分批参数 effective_target_blocks=1 fieldinfo_max_records_per_post=3 first_group_matrix=False
[16:39:47.807] [极速订场] 首单 group=primary (主组合) items=[{'place': '15', 'time': '13:00'}]
[16:39:48.147] [极速订场] 首单 第1次提交 action=stop_success items=[{'place': '15', 'time': '13:00'}]
[16:39:49.176] [极速订场] refill 矩阵完成 fetch_n=1 wall=16:39:40.896 elapsed_ms=351
[16:39:49.176] [极速订场] refill 缺口已归零，目标已满足，提前结束
[16:39:49.177] [极速订场] 结束 status=success 总请求数=1 group=primary
[16:39:51.939] [极速订场] 开始 date=2026-04-06 单路递送+refill round_interval=0.25s refill_poll=0.35s min_post_interval=5.0s retry_jitter=180ms budget=360.0s
[16:39:51.940] [极速订场] skip_warmup=True：从分批阶段进入，不跑内部拉活循环（假定页面已拉过矩阵；若提示操作过快请刷新场地矩阵后再试）
[16:39:51.941] [极速订场] 首单分批参数 effective_target_blocks=1 fieldinfo_max_records_per_post=3 first_group_matrix=False
[16:39:51.942] [极速订场] 首单 group=primary (主组合) items=[{'place': '15', 'time': '14:00'}]
[16:39:52.085] [极速订场] 首单 too_fast: '操作过快,请稍后重试。'
[16:39:52.087] [极速订场] 首单 第1次提交 action=min_backoff_continue items=[{'place': '15', 'time': '14:00'}]
[16:39:52.118] [极速订场] refill 矩阵完成 fetch_n=1 wall=16:39:44.447 elapsed_ms=235
[16:39:52.119] [极速订场] refill 缺口已归零，目标已满足，提前结束
[16:39:52.119] [极速订场] 结束 status=success 总请求数=1 group=primary
[16:46:58.526] [极速订场] 开始 date=2026-04-06 单路递送+refill round_interval=0.25s refill_poll=0.35s min_post_interval=5.0s retry_jitter=180ms budget=360.0s
[16:46:58.527] [极速订场] skip_warmup=True：从分批阶段进入，不跑内部拉活循环（假定页面已拉过矩阵；若提示操作过快请刷新场地矩阵后再试）
[16:46:58.528] [极速订场] 首单分批参数 effective_target_blocks=1 fieldinfo_max_records_per_post=3 first_group_matrix=False
[16:46:58.528] [极速订场] 首单 group=primary (主组合) items=[{'place': '16', 'time': '12:00'}]
[16:46:59.185] [极速订场] 首单 第1次提交 action=stop_success items=[{'place': '16', 'time': '12:00'}]
[16:46:59.179] [极速订场] refill 矩阵完成 fetch_n=1 wall=16:46:51.297 elapsed_ms=357
[16:46:59.181] [极速订场] refill 缺口已归零，目标已满足，提前结束
[16:46:59.181] [极速订场] 结束 status=success 总请求数=1 group=primary
[16:46:59.251] [极速订场] 开始 date=2026-04-06 单路递送+refill round_interval=0.25s refill_poll=0.35s min_post_interval=5.0s retry_jitter=180ms budget=360.0s
[16:46:59.252] [极速订场] skip_warmup=True：从分批阶段进入，不跑内部拉活循环（假定页面已拉过矩阵；若提示操作过快请刷新场地矩阵后再试）
[16:46:59.254] [极速订场] 首单分批参数 effective_target_blocks=1 fieldinfo_max_records_per_post=3 first_group_matrix=False
[16:46:59.255] [极速订场] 首单 group=primary (主组合) items=[{'place': '16', 'time': '12:00'}]
[16:46:59.059] [极速订场] 首单 too_fast: '操作过快,请稍后重试。'
[16:46:59.061] [极速订场] 首单 第1次提交 action=min_backoff_continue items=[{'place': '16', 'time': '12:00'}]
[16:47:00.143] [极速订场] refill 矩阵完成 fetch_n=1 wall=16:46:52.068 elapsed_ms=286
[16:47:00.144] [极速订场] refill 缺口已归零，目标已满足，提前结束
[16:47:00.146] [极速订场] 结束 status=success 总请求数=1 group=primary
[16:47:28.170] [极速订场] 开始 date=2026-04-06 单路递送+refill round_interval=0.25s refill_poll=0.35s min_post_interval=5.0s retry_jitter=180ms budget=360.0s
[16:47:28.171] [极速订场] skip_warmup=True：从分批阶段进入，不跑内部拉活循环（假定页面已拉过矩阵；若提示操作过快请刷新场地矩阵后再试）
[16:47:28.172] [极速订场] 首单分批参数 effective_target_blocks=1 fieldinfo_max_records_per_post=3 first_group_matrix=False
[16:47:28.173] [极速订场] 首单 group=primary (主组合) items=[{'place': '16', 'time': '13:00'}]
[16:47:28.164] [极速订场] 首单 第1次提交 action=stop_success items=[{'place': '16', 'time': '13:00'}]
[16:47:29.255] [极速订场] refill 矩阵完成 fetch_n=1 wall=16:47:20.939 elapsed_ms=511
[16:47:29.256] [极速订场] refill 缺口已归零，目标已满足，提前结束
[16:47:29.257] [极速订场] 结束 status=success 总请求数=1 group=primary
[16:47:30.694] [极速订场] 开始 date=2026-04-06 单路递送+refill round_interval=0.25s refill_poll=0.35s min_post_interval=5.0s retry_jitter=180ms budget=360.0s
[16:47:30.694] [极速订场] skip_warmup=True：从分批阶段进入，不跑内部拉活循环（假定页面已拉过矩阵；若提示操作过快请刷新场地矩阵后再试）
[16:47:30.695] [极速订场] 首单分批参数 effective_target_blocks=1 fieldinfo_max_records_per_post=3 first_group_matrix=False
[16:47:30.696] [极速订场] 首单 group=primary (主组合) items=[{'place': '16', 'time': '14:00'}]
[16:47:30.098] [极速订场] 首单 too_fast: '操作过快,请稍后重试。'
[16:47:30.099] [极速订场] 首单 第1次提交 action=min_backoff_continue items=[{'place': '16', 'time': '14:00'}]
[16:47:31.119] [极速订场] refill 矩阵完成 fetch_n=1 wall=16:47:23.237 elapsed_ms=237
[16:47:31.120] [极速订场] refill 缺口已归零，目标已满足，提前结束
[16:47:31.121] [极速订场] 结束 status=success 总请求数=1 group=primary
[17:04:58.862] [极速订场] 开始 date=2026-04-06 单路递送+refill round_interval=0.25s refill_poll=0.35s min_post_interval=5.0s retry_jitter=180ms budget=360.0s
[17:04:58.863] [极速订场] skip_warmup=True：从分批阶段进入，不跑内部拉活循环（假定页面已拉过矩阵；若提示操作过快请刷新场地矩阵后再试）
[17:04:58.864] [极速订场] 首单分批参数 effective_target_blocks=1 fieldinfo_max_records_per_post=3 first_group_matrix=False
[17:04:58.864] [极速订场] 首单 group=primary (主组合) items=[{'place': '16', 'time': '12:00'}]
[17:04:59.169] [极速订场] 首单 第1次提交 action=stop_success items=[{'place': '16', 'time': '12:00'}]
[17:04:59.205] [极速订场] refill 矩阵完成 fetch_n=1 wall=17:04:51.170 elapsed_ms=409
[17:04:59.205] [极速订场] refill 缺口已归零，目标已满足，提前结束
[17:04:59.206] [极速订场] 结束 status=success 总请求数=1 group=primary
[17:05:01.722] [极速订场] 开始 date=2026-04-06 单路递送+refill round_interval=0.25s refill_poll=0.35s min_post_interval=5.0s retry_jitter=180ms budget=360.0s
[17:05:01.723] [极速订场] skip_warmup=True：从分批阶段进入，不跑内部拉活循环（假定页面已拉过矩阵；若提示操作过快请刷新场地矩阵后再试）
[17:05:01.724] [极速订场] 首单分批参数 effective_target_blocks=1 fieldinfo_max_records_per_post=3 first_group_matrix=False
[17:05:01.724] [极速订场] 首单 group=primary (主组合) items=[{'place': '16', 'time': '13:00'}]
[17:05:02.079] [极速订场] 首单 too_fast: '操作过快,请稍后重试。'
[17:05:02.080] [极速订场] 首单 第1次提交 action=min_backoff_continue items=[{'place': '16', 'time': '13:00'}]
[17:05:02.139] [极速订场] refill 矩阵完成 fetch_n=1 wall=17:04:54.549 elapsed_ms=276
[17:05:02.141] [组场引擎] policy=auto_campaign allow_scatter=True tier=单调缺口递降 used_need={'13:00': 1}
[17:05:02.142] [极速订场] refill 分层求解 tier=单调缺口递降 used_need={'13:00': 1} 原缺口={'13:00': 1}
[17:05:02.144] [极速订场] refill group=primary (主组合) items=[{'place': '16', 'time': '13:00'}]
[17:05:06.439] [极速订场] refill POST发送 wall=17:04:58.849 campaign_ms=5162 tag=refill items=[{'place': '16', 'time': '13:00'}]
[17:05:07.101] [极速订场] refill 第2次提交 action=stop_success items=[{'place': '16', 'time': '13:00'}]
[17:05:07.101] [极速订场] refill 本轮多批已处理，下轮重拉矩阵校验满额
[17:05:08.237] [极速订场] refill 矩阵完成 fetch_n=2 wall=17:04:59.777 elapsed_ms=472
[17:05:08.238] [极速订场] refill 缺口已归零，目标已满足，提前结束
[17:05:08.240] [极速订场] 结束 status=success 总请求数=2 group=primary
[17:05:18.913] [极速订场] 开始 date=2026-04-06 单路递送+refill round_interval=0.25s refill_poll=0.35s min_post_interval=5.0s retry_jitter=180ms budget=360.0s
[17:05:18.914] [极速订场] skip_warmup=True：从分批阶段进入，不跑内部拉活循环（假定页面已拉过矩阵；若提示操作过快请刷新场地矩阵后再试）
[17:05:18.915] [极速订场] 首单分批参数 effective_target_blocks=1 fieldinfo_max_records_per_post=3 first_group_matrix=False
[17:05:18.916] [极速订场] 首单 group=primary (主组合) items=[{'place': '17', 'time': '12:00'}]
[17:05:19.134] [极速订场] 首单 第1次提交 action=stop_success items=[{'place': '17', 'time': '12:00'}]
[17:05:19.174] [极速订场] refill 矩阵完成 fetch_n=1 wall=17:05:11.076 elapsed_ms=347
[17:05:19.174] [极速订场] refill 缺口已归零，目标已满足，提前结束
[17:05:19.176] [极速订场] 结束 status=success 总请求数=1 group=primary
[17:05:23.102] [极速订场] 开始 date=2026-04-06 单路递送+refill round_interval=0.25s refill_poll=0.35s min_post_interval=5.0s retry_jitter=180ms budget=360.0s
[17:05:23.103] [极速订场] skip_warmup=True：从分批阶段进入，不跑内部拉活循环（假定页面已拉过矩阵；若提示操作过快请刷新场地矩阵后再试）
[17:05:23.105] [极速订场] 首单分批参数 effective_target_blocks=1 fieldinfo_max_records_per_post=3 first_group_matrix=False
[17:05:23.105] [极速订场] 首单 group=primary (主组合) items=[{'place': '17', 'time': '13:00'}]
[17:05:23.180] [极速订场] 首单 第1次提交 action=stop_success items=[{'place': '17', 'time': '13:00'}]
[17:05:24.238] [极速订场] refill 矩阵完成 fetch_n=1 wall=17:05:15.847 elapsed_ms=476
[17:05:24.239] [极速订场] refill 缺口已归零，目标已满足，提前结束
[17:05:24.240] [极速订场] 结束 status=success 总请求数=1 group=primary
[17:05:28.112] [极速订场] 开始 date=2026-04-06 单路递送+refill round_interval=0.25s refill_poll=0.35s min_post_interval=5.0s retry_jitter=180ms budget=360.0s
[17:05:28.114] [极速订场] skip_warmup=True：从分批阶段进入，不跑内部拉活循环（假定页面已拉过矩阵；若提示操作过快请刷新场地矩阵后再试）
[17:05:28.115] [极速订场] 首单分批参数 effective_target_blocks=1 fieldinfo_max_records_per_post=3 first_group_matrix=False
[17:05:28.116] [极速订场] 首单 group=primary (主组合) items=[{'place': '17', 'time': '14:00'}]
[17:05:28.211] [极速订场] 首单 第1次提交 action=stop_success items=[{'place': '17', 'time': '14:00'}]
[17:05:28.204] [极速订场] refill 矩阵完成 fetch_n=1 wall=17:05:20.559 elapsed_ms=408
[17:05:28.205] [极速订场] refill 缺口已归零，目标已满足，提前结束
[17:05:28.206] [极速订场] 结束 status=success 总请求数=1 group=primary
[17:05:32.809] [极速订场] 开始 date=2026-04-06 单路递送+refill round_interval=0.25s refill_poll=0.35s min_post_interval=5.0s retry_jitter=180ms budget=360.0s
[17:05:32.810] [极速订场] skip_warmup=True：从分批阶段进入，不跑内部拉活循环（假定页面已拉过矩阵；若提示操作过快请刷新场地矩阵后再试）
[17:05:32.811] [极速订场] 首单分批参数 effective_target_blocks=1 fieldinfo_max_records_per_post=3 first_group_matrix=False
[17:05:32.811] [极速订场] 首单 group=primary (主组合) items=[{'place': '16', 'time': '14:00'}]
[17:05:33.177] [极速订场] 首单 第1次提交 action=stop_success items=[{'place': '16', 'time': '14:00'}]
[17:05:34.252] [极速订场] refill 矩阵完成 fetch_n=1 wall=17:05:26.087 elapsed_ms=505
[17:05:34.253] [极速订场] refill 缺口已归零，目标已满足，提前结束
[17:05:34.254] [极速订场] 结束 status=success 总请求数=1 group=primary
[17:05:38.831] [极速订场] 开始 date=2026-04-06 单路递送+refill round_interval=0.25s refill_poll=0.35s min_post_interval=5.0s retry_jitter=180ms budget=360.0s
[17:05:38.832] [极速订场] skip_warmup=True：从分批阶段进入，不跑内部拉活循环（假定页面已拉过矩阵；若提示操作过快请刷新场地矩阵后再试）
[17:05:38.833] [极速订场] 首单分批参数 effective_target_blocks=1 fieldinfo_max_records_per_post=3 first_group_matrix=False
[17:05:38.834] [极速订场] 首单 group=primary (主组合) items=[{'place': '15', 'time': '12:00'}]
[17:05:39.182] [极速订场] 首单 第1次提交 action=stop_success items=[{'place': '15', 'time': '12:00'}]
[17:05:39.190] [极速订场] refill 矩阵完成 fetch_n=1 wall=17:05:31.415 elapsed_ms=378
[17:05:39.190] [极速订场] refill 缺口已归零，目标已满足，提前结束
[17:05:39.191] [极速订场] 结束 status=success 总请求数=1 group=primary
[17:05:42.127] [极速订场] 开始 date=2026-04-06 单路递送+refill round_interval=0.25s refill_poll=0.35s min_post_interval=5.0s retry_jitter=180ms budget=360.0s
[17:05:42.129] [极速订场] skip_warmup=True：从分批阶段进入，不跑内部拉活循环（假定页面已拉过矩阵；若提示操作过快请刷新场地矩阵后再试）
[17:05:42.129] [极速订场] 首单分批参数 effective_target_blocks=1 fieldinfo_max_records_per_post=3 first_group_matrix=False
[17:05:42.131] [极速订场] 首单 group=primary (主组合) items=[{'place': '15', 'time': '13:00'}]
[17:05:42.072] [极速订场] 首单 too_fast: '操作过快,请稍后重试。'
[17:05:42.074] [极速订场] 首单 第1次提交 action=min_backoff_continue items=[{'place': '15', 'time': '13:00'}]
[17:05:43.129] [极速订场] refill 矩阵完成 fetch_n=1 wall=17:05:35.100 elapsed_ms=258
[17:05:43.130] [极速订场] refill 缺口已归零，目标已满足，提前结束
[17:05:43.131] [极速订场] 结束 status=success 总请求数=1 group=primary
[22:54:39.941] [极速订场] 开始 date=2026-04-06 单路递送+refill round_interval=0.25s refill_poll=0.35s min_post_interval=5.0s retry_jitter=180ms budget=360.0s
[22:54:39.943] [极速订场] skip_warmup=True：从分批阶段进入，不跑内部拉活循环（假定页面已拉过矩阵；若提示操作过快请刷新场地矩阵后再试）
[22:54:39.943] [极速订场] 首单分批参数 effective_target_blocks=1 fieldinfo_max_records_per_post=3 first_group_matrix=False
[22:54:39.944] [极速订场] 首单 group=primary (主组合) items=[{'place': '16', 'time': '12:00'}]
[22:54:40.180] [极速订场] 首单 第1次提交 action=stop_success items=[{'place': '16', 'time': '12:00'}]
[22:54:40.189] [极速订场] refill 矩阵完成 fetch_n=1 wall=22:54:32.184 elapsed_ms=377
[22:54:40.191] [极速订场] refill 缺口已归零，目标已满足，提前结束
[22:54:40.192] [极速订场] 结束 status=success 总请求数=1 group=primary
[22:54:44.205] [极速订场] 开始 date=2026-04-06 单路递送+refill round_interval=0.25s refill_poll=0.35s min_post_interval=5.0s retry_jitter=180ms budget=360.0s
[22:54:44.206] [极速订场] skip_warmup=True：从分批阶段进入，不跑内部拉活循环（假定页面已拉过矩阵；若提示操作过快请刷新场地矩阵后再试）
[22:54:44.207] [极速订场] 首单分批参数 effective_target_blocks=1 fieldinfo_max_records_per_post=3 first_group_matrix=False
[22:54:44.207] [极速订场] 首单 group=primary (主组合) items=[{'place': '16', 'time': '13:00'}]
[22:54:44.156] [极速订场] 首单 第1次提交 action=stop_success items=[{'place': '16', 'time': '13:00'}]
[22:54:45.192] [极速订场] refill 矩阵完成 fetch_n=1 wall=22:54:36.900 elapsed_ms=382
[22:54:45.193] [极速订场] refill 缺口已归零，目标已满足，提前结束
[22:54:45.194] [极速订场] 结束 status=success 总请求数=1 group=primary
[22:54:48.162] [极速订场] 开始 date=2026-04-06 单路递送+refill round_interval=0.25s refill_poll=0.35s min_post_interval=5.0s retry_jitter=180ms budget=360.0s
[22:54:48.163] [极速订场] skip_warmup=True：从分批阶段进入，不跑内部拉活循环（假定页面已拉过矩阵；若提示操作过快请刷新场地矩阵后再试）
[22:54:48.164] [极速订场] 首单分批参数 effective_target_blocks=1 fieldinfo_max_records_per_post=3 first_group_matrix=False
[22:54:48.165] [极速订场] 首单 group=primary (主组合) items=[{'place': '16', 'time': '14:00'}]
[22:54:48.079] [极速订场] 首单 too_fast: '操作过快,请稍后重试。'
[22:54:48.080] [极速订场] 首单 第1次提交 action=min_backoff_continue items=[{'place': '16', 'time': '14:00'}]
[22:54:49.145] [极速订场] refill 矩阵完成 fetch_n=1 wall=22:54:40.732 elapsed_ms=289
[22:54:49.146] [组场引擎] policy=auto_campaign allow_scatter=True tier=单调缺口递降 used_need={'14:00': 1}
[22:54:49.147] [极速订场] refill 分层求解 tier=单调缺口递降 used_need={'14:00': 1} 原缺口={'14:00': 1}
[22:54:49.148] [极速订场] refill group=primary (主组合) items=[{'place': '16', 'time': '14:00'}]
[22:54:50.893] [极速订场] 开始 date=2026-04-06 单路递送+refill round_interval=0.25s refill_poll=0.35s min_post_interval=5.0s retry_jitter=180ms budget=360.0s
[22:54:50.894] [极速订场] skip_warmup=True：从分批阶段进入，不跑内部拉活循环（假定页面已拉过矩阵；若提示操作过快请刷新场地矩阵后再试）
[22:54:50.895] [极速订场] 首单分批参数 effective_target_blocks=1 fieldinfo_max_records_per_post=3 first_group_matrix=False
[22:54:50.896] [极速订场] 首单 group=primary (主组合) items=[{'place': '16', 'time': '14:00'}, {'place': '17', 'time': '12:00'}]
[22:54:51.143] [极速订场] 首单 第1次提交 action=stop_success items=[{'place': '16', 'time': '14:00'}, {'place': '17', 'time': '12:00'}]
[22:54:51.185] [极速订场] refill 矩阵完成 fetch_n=1 wall=22:54:43.143 elapsed_ms=370
[22:54:51.187] [极速订场] refill 缺口已归零，目标已满足，提前结束
[22:54:51.188] [极速订场] 结束 status=success 总请求数=1 group=primary
[22:54:53.075] [极速订场] refill POST发送 wall=22:54:45.032 campaign_ms=5162 tag=refill items=[{'place': '16', 'time': '14:00'}]
[22:54:53.015] [极速订场] refill too_fast: '操作过快,请稍后重试。'
[22:54:53.016] [极速订场] refill 第2次提交 action=min_backoff_continue items=[{'place': '16', 'time': '14:00'}]
[22:54:53.404] [极速订场] refill 本轮多批已处理，下轮重拉矩阵校验满额
[22:54:54.131] [极速订场] refill 矩阵完成 fetch_n=2 wall=22:54:45.967 elapsed_ms=262
[22:54:54.132] [极速订场] refill 缺口已归零，目标已满足，提前结束
[22:54:54.133] [极速订场] 结束 status=success 总请求数=2 group=primary
[22:54:58.985] [极速订场] 开始 date=2026-04-06 单路递送+refill round_interval=0.25s refill_poll=0.35s min_post_interval=5.0s retry_jitter=180ms budget=360.0s
[22:54:58.986] [极速订场] skip_warmup=True：从分批阶段进入，不跑内部拉活循环（假定页面已拉过矩阵；若提示操作过快请刷新场地矩阵后再试）
[22:54:58.987] [极速订场] 首单分批参数 effective_target_blocks=1 fieldinfo_max_records_per_post=3 first_group_matrix=False
[22:54:58.987] [极速订场] 首单 group=primary (主组合) items=[{'place': '17', 'time': '13:00'}]
[22:54:59.164] [极速订场] 首单 第1次提交 action=stop_success items=[{'place': '17', 'time': '13:00'}]
[22:54:59.218] [极速订场] refill 矩阵完成 fetch_n=1 wall=22:54:51.589 elapsed_ms=433
[22:54:59.219] [极速订场] refill 缺口已归零，目标已满足，提前结束
[22:54:59.220] [极速订场] 结束 status=success 总请求数=1 group=primary
[22:55:03.049] [极速订场] 开始 date=2026-04-06 单路递送+refill round_interval=0.25s refill_poll=0.35s min_post_interval=5.0s retry_jitter=180ms budget=360.0s
[22:55:03.050] [极速订场] skip_warmup=True：从分批阶段进入，不跑内部拉活循环（假定页面已拉过矩阵；若提示操作过快请刷新场地矩阵后再试）
[22:55:03.051] [极速订场] 首单分批参数 effective_target_blocks=1 fieldinfo_max_records_per_post=3 first_group_matrix=False
[22:55:03.051] [极速订场] 首单 group=primary (主组合) items=[{'place': '17', 'time': '14:00'}]
[22:55:04.162] [极速订场] 首单 第1次提交 action=stop_success items=[{'place': '17', 'time': '14:00'}]
[22:55:04.185] [极速订场] refill 矩阵完成 fetch_n=1 wall=22:54:56.120 elapsed_ms=368
[22:55:04.186] [极速订场] refill 缺口已归零，目标已满足，提前结束
[22:55:04.187] [极速订场] 结束 status=success 总请求数=1 group=primary
[23:18:37.954] [极速订场] 开始 date=2026-04-06 单路递送+refill round_interval=0.25s refill_poll=0.35s min_post_interval=5.0s retry_jitter=180ms budget=360.0s
[23:18:37.955] [极速订场] skip_warmup=True：从分批阶段进入，不跑内部拉活循环（假定页面已拉过矩阵；若提示操作过快请刷新场地矩阵后再试）
[23:18:37.956] [极速订场] 首单分批参数 effective_target_blocks=1 fieldinfo_max_records_per_post=3 first_group_matrix=False
[23:18:37.957] [极速订场] 首单 group=primary (主组合) items=[{'place': '15', 'time': '12:00'}]
[23:18:38.157] [极速订场] 首单 第1次提交 action=stop_success items=[{'place': '15', 'time': '12:00'}]
[23:18:39.183] [极速订场] refill 矩阵完成 fetch_n=1 wall=23:18:30.901 elapsed_ms=366
[23:18:39.184] [极速订场] refill 缺口已归零，目标已满足，提前结束
[23:18:39.185] [极速订场] 结束 status=success 总请求数=1 group=primary
