[14:46:00] 🔇 [quiet-window] 进入 pre_quiet，owner=1771732252398，fire_at=14:47:00
[14:47:00] 🔫 [quiet-window] 进入 fire_window，owner=1771732252398
[14:47:00] ⏰ [自动任务] 开始执行任务: 1771732252398
[14:47:00] 🕒 [时间对齐] server_offset=0.533s, base_run=2026-03-23 14:47:00, target_date=2026-03-28
[14:47:00] 🚀 [终极递送器] 启动主组合递送: [{'place': '4', 'time': '20:00'}, {'place': '4', 'time': '21:00'}, {'place': '5', 'time': '20:00'}, {'place': '5', 'time': '21:00'}]
[14:47:00] [极速订场] 开始 date=2026-03-28 单路递送+refill round_interval=0.8s refill_poll=0.35s min_post_interval=4.0s budget=600.0s
[14:47:03] [极速订场] 拉活成功，开始递送
[14:47:03] [极速订场] 第一组由 matrix 算出 level=2 items=[{'place': '14', 'time': '14:00'}, {'place': '15', 'time': '14:00'}]
[14:47:03] [极速订场] 首单批次 group=primary (主组) items=[{'place': '14', 'time': '14:00'}, {'place': '15', 'time': '14:00'}]
[14:47:03] [极速订场] 首单 第1次提交 action=stop_success items=[{'place': '14', 'time': '14:00'}, {'place': '15', 'time': '14:00'}]
[14:47:03] [极速订场] 首单被接受但目标约束未满足，进入refill继续重算
[14:47:07] [极速订场] refill 矩阵完成 fetch_n=1 wall=14:47:06.118 elapsed_ms=2549
[14:47:07] [极速订场] refill 分层求解 tier=散号满 used_need={'15:00': 2} 原缺口={'14:00': 0, '15:00': 2}
[14:47:08] [极速订场] refill POST发送 wall=14:47:07.566 campaign_ms=7110 items=[{'place': '15', 'time': '15:00'}]
[14:47:08] [极速订场] refill 第2次提交 action=stop_success items=[{'place': '15', 'time': '15:00'}]
[14:47:08] [极速订场] refill 请求被接受但目标约束未满足，继续下一轮重算
[14:47:12] [极速订场] refill 矩阵完成 fetch_n=2 wall=14:47:11.418 elapsed_ms=2536
[14:47:12] [极速订场] refill 本轮无满足约束候选，缺口={'14:00': 0, '15:00': 1}，短等待后重拉
[14:47:15] [极速订场] refill 矩阵完成 fetch_n=3 wall=14:47:14.442 elapsed_ms=2672
[14:47:15] [极速订场] refill 本轮无满足约束候选，缺口={'14:00': 0, '15:00': 1}，短等待后重拉
[14:47:18] [极速订场] refill 矩阵完成 fetch_n=4 wall=14:47:17.076 elapsed_ms=2282
[14:47:18] [极速订场] refill 本轮无满足约束候选，缺口={'14:00': 0, '15:00': 1}，短等待后重拉
[14:47:21] [极速订场] refill 矩阵完成 fetch_n=5 wall=14:47:20.027 elapsed_ms=2599
[14:47:21] [极速订场] refill 本轮无满足约束候选，缺口={'14:00': 0, '15:00': 1}，短等待后重拉
[14:47:24] [极速订场] refill 矩阵完成 fetch_n=6 wall=14:47:23.206 elapsed_ms=2827
[14:47:24] [极速订场] refill 本轮无满足约束候选，缺口={'14:00': 0, '15:00': 1}，短等待后重拉
[14:47:27] [极速订场] refill 矩阵完成 fetch_n=7 wall=14:47:25.965 elapsed_ms=2407
[14:47:27] [极速订场] refill 本轮无满足约束候选，缺口={'14:00': 0, '15:00': 1}，短等待后重拉
[14:47:29] [极速订场] refill 矩阵完成 fetch_n=8 wall=14:47:28.732 elapsed_ms=2414
[14:47:29] [极速订场] refill 本轮无满足约束候选，缺口={'14:00': 0, '15:00': 1}，短等待后重拉
[14:47:32] [极速订场] refill 矩阵完成 fetch_n=9 wall=14:47:31.710 elapsed_ms=2625
[14:47:32] [极速订场] refill 本轮无满足约束候选，缺口={'14:00': 0, '15:00': 1}，短等待后重拉
[14:47:35] [极速订场] refill 矩阵完成 fetch_n=10 wall=14:47:34.362 elapsed_ms=2299
[14:47:35] [极速订场] refill 本轮无满足约束候选，缺口={'14:00': 0, '15:00': 1}，短等待后重拉
[14:47:38] [极速订场] refill 矩阵完成 fetch_n=11 wall=14:47:37.026 elapsed_ms=2311
[14:47:38] [极速订场] refill 本轮无满足约束候选，缺口={'14:00': 0, '15:00': 1}，短等待后重拉
[14:47:40] [极速订场] refill 矩阵完成 fetch_n=12 wall=14:47:39.609 elapsed_ms=2231
[14:47:40] [极速订场] refill 本轮无满足约束候选，缺口={'14:00': 0, '15:00': 1}，短等待后重拉
[14:47:43] [极速订场] refill 矩阵完成 fetch_n=13 wall=14:47:42.657 elapsed_ms=2694
[14:47:43] [极速订场] refill 本轮无满足约束候选，缺口={'14:00': 0, '15:00': 1}，短等待后重拉
[14:47:46] [极速订场] refill 矩阵完成 fetch_n=14 wall=14:47:45.620 elapsed_ms=2611
[14:47:46] [极速订场] refill 本轮无满足约束候选，缺口={'14:00': 0, '15:00': 1}，短等待后重拉
[14:47:49] [极速订场] refill 矩阵完成 fetch_n=15 wall=14:47:48.698 elapsed_ms=2726
[14:47:49] [极速订场] refill 本轮无满足约束候选，缺口={'14:00': 0, '15:00': 1}，短等待后重拉
[14:47:52] [极速订场] refill 矩阵完成 fetch_n=16 wall=14:47:51.487 elapsed_ms=2436
[14:47:52] [极速订场] refill 本轮无满足约束候选，缺口={'14:00': 0, '15:00': 1}，短等待后重拉
[14:47:55] [极速订场] refill 矩阵完成 fetch_n=17 wall=14:47:54.127 elapsed_ms=2287
[14:47:55] [极速订场] refill 本轮无满足约束候选，缺口={'14:00': 0, '15:00': 1}，短等待后重拉
[14:47:57] [极速订场] refill 矩阵完成 fetch_n=18 wall=14:47:56.892 elapsed_ms=2411
[14:47:57] [极速订场] refill 本轮无满足约束候选，缺口={'14:00': 0, '15:00': 1}，短等待后重拉
[14:48:00] [极速订场] refill 矩阵完成 fetch_n=19 wall=14:47:59.780 elapsed_ms=2534
[14:48:00] [极速订场] refill 本轮无满足约束候选，缺口={'14:00': 0, '15:00': 1}，短等待后重拉
[14:48:03] [极速订场] refill 矩阵完成 fetch_n=20 wall=14:48:02.625 elapsed_ms=2493
[14:48:03] [极速订场] refill 本轮无满足约束候选，缺口={'14:00': 0, '15:00': 1}，短等待后重拉
[14:48:06] [极速订场] refill 矩阵完成 fetch_n=21 wall=14:48:05.408 elapsed_ms=2430
[14:48:06] [极速订场] refill 本轮无满足约束候选，缺口={'14:00': 0, '15:00': 1}，短等待后重拉
[14:48:09] [极速订场] refill 矩阵完成 fetch_n=22 wall=14:48:08.182 elapsed_ms=2420
[14:48:09] [极速订场] refill 本轮无满足约束候选，缺口={'14:00': 0, '15:00': 1}，短等待后重拉
[14:48:11] [极速订场] refill 矩阵完成 fetch_n=23 wall=14:48:10.920 elapsed_ms=2384
[14:48:11] [极速订场] refill 本轮无满足约束候选，缺口={'14:00': 0, '15:00': 1}，短等待后重拉
[22:05:26] 🧩 [refill#1772093525261|auto] 开始执行: date=2026-03-28, target_count=2, times=['14:00', '15:00'], places=14
[22:05:30] 🙈 [refill#1772093525261|auto] 当前无可补订组合，缺口: {'14:00': 1, '15:00': 2}
[22:05:39] 🧩 [refill#1772093525261|auto] 开始执行: date=2026-03-28, target_count=2, times=['14:00', '15:00'], places=14
[22:05:41] 🙈 [refill#1772093525261|auto] 当前无可补订组合，缺口: {'14:00': 1, '15:00': 2}
[22:05:51] 🧩 [refill#1772093525261|auto] 开始执行: date=2026-03-28, target_count=2, times=['14:00', '15:00'], places=14
[22:05:53] 🙈 [refill#1772093525261|auto] 当前无可补订组合，缺口: {'14:00': 2, '15:00': 2}
[22:06:02] 🧩 [refill#1772093525261|auto] 开始执行: date=2026-03-28, target_count=2, times=['14:00', '15:00'], places=14
[22:06:04] 📦 [refill#1772093525261|auto] 分层 tier=散号满 used_need={'14:00': 2, '15:00': 2} 本轮提交: [{'place': '14', 'time': '14:00'}]
[22:06:16] 🧾 [refill#1772093525261|auto] 本轮结果: verify_pending - 提交已返回success，但验证尚未收敛(矩阵校验超时/失败)，将快速复核。
[22:06:17] 🧩 [refill#1772093525261|auto] 开始执行: date=2026-03-28, target_count=2, times=['14:00', '15:00'], places=14
[22:06:21] 🙈 [refill#1772093525261|auto] 当前无可补订组合，缺口: {'14:00': 1, '15:00': 2}
[22:06:29] 🧩 [refill#1772093525261|auto] 开始执行: date=2026-03-28, target_count=2, times=['14:00', '15:00'], places=14
[22:06:32] 🙈 [refill#1772093525261|auto] 当前无可补订组合，缺口: {'14:00': 1, '15:00': 2}
[22:06:42] 🧩 [refill#1772093525261|auto] 开始执行: date=2026-03-28, target_count=2, times=['14:00', '15:00'], places=14
[22:06:44] 🙈 [refill#1772093525261|auto] 当前无可补订组合，缺口: {'14:00': 1, '15:00': 2}
[22:06:53] 🧩 [refill#1772093525261|auto] 开始执行: date=2026-03-28, target_count=2, times=['14:00', '15:00'], places=14
[22:06:56] 🙈 [refill#1772093525261|auto] 当前无可补订组合，缺口: {'14:00': 1, '15:00': 2}
[22:07:04] 🧩 [refill#1772093525261|auto] 开始执行: date=2026-03-28, target_count=2, times=['14:00', '15:00'], places=14
[22:07:06] 🙈 [refill#1772093525261|auto] 当前无可补订组合，缺口: {'14:00': 1, '15:00': 2}
[22:07:16] 🧩 [refill#1772093525261|auto] 开始执行: date=2026-03-28, target_count=2, times=['14:00', '15:00'], places=14
[22:07:18] 🙈 [refill#1772093525261|auto] 当前无可补订组合，缺口: {'14:00': 1, '15:00': 2}
[22:07:27] 🧩 [refill#1772093525261|auto] 开始执行: date=2026-03-28, target_count=2, times=['14:00', '15:00'], places=14
[22:07:28] 🙈 [refill#1772093525261|auto] 当前无可补订组合，缺口: {'14:00': 1, '15:00': 2}
[22:07:38] 🧩 [refill#1772093525261|auto] 开始执行: date=2026-03-28, target_count=2, times=['14:00', '15:00'], places=14
[22:07:41] 🙈 [refill#1772093525261|auto] 当前无可补订组合，缺口: {'14:00': 1, '15:00': 2}
[22:07:51] 🧩 [refill#1772093525261|auto] 开始执行: date=2026-03-28, target_count=2, times=['14:00', '15:00'], places=14
[22:07:54] 🙈 [refill#1772093525261|auto] 当前无可补订组合，缺口: {'14:00': 1, '15:00': 2}
[22:08:02] 🧩 [refill#1772093525261|auto] 开始执行: date=2026-03-28, target_count=2, times=['14:00', '15:00'], places=14
[22:08:04] 🙈 [refill#1772093525261|auto] 当前无可补订组合，缺口: {'14:00': 1, '15:00': 2}
[22:08:13] 🧩 [refill#1772093525261|auto] 开始执行: date=2026-03-28, target_count=2, times=['14:00', '15:00'], places=14
[22:08:15] 🙈 [refill#1772093525261|auto] 当前无可补订组合，缺口: {'14:00': 1, '15:00': 2}
[22:08:25] 🧩 [refill#1772093525261|auto] 开始执行: date=2026-03-28, target_count=2, times=['14:00', '15:00'], places=14
[22:08:27] 🙈 [refill#1772093525261|auto] 当前无可补订组合，缺口: {'14:00': 1, '15:00': 2}
[22:08:35] 🧩 [refill#1772093525261|auto] 开始执行: date=2026-03-28, target_count=2, times=['14:00', '15:00'], places=14
[22:08:38] 🙈 [refill#1772093525261|auto] 当前无可补订组合，缺口: {'14:00': 1, '15:00': 2}
[22:08:47] 🧩 [refill#1772093525261|auto] 开始执行: date=2026-03-28, target_count=2, times=['14:00', '15:00'], places=14
[22:08:49] 🙈 [refill#1772093525261|auto] 当前无可补订组合，缺口: {'14:00': 1, '15:00': 2}
[22:08:59] 🧩 [refill#1772093525261|auto] 开始执行: date=2026-03-28, target_count=2, times=['14:00', '15:00'], places=14
[22:09:01] 🙈 [refill#1772093525261|auto] 当前无可补订组合，缺口: {'14:00': 1, '15:00': 2}
[22:09:11] 🧩 [refill#1772093525261|auto] 开始执行: date=2026-03-28, target_count=2, times=['14:00', '15:00'], places=14
[22:09:13] 🙈 [refill#1772093525261|auto] 当前无可补订组合，缺口: {'14:00': 1, '15:00': 2}
[22:09:22] 🧩 [refill#1772093525261|auto] 开始执行: date=2026-03-28, target_count=2, times=['14:00', '15:00'], places=14
[22:09:24] 🙈 [refill#1772093525261|auto] 当前无可补订组合，缺口: {'14:00': 1, '15:00': 2}
[22:09:33] 🧩 [refill#1772093525261|auto] 开始执行: date=2026-03-28, target_count=2, times=['14:00', '15:00'], places=14
[22:09:36] 🙈 [refill#1772093525261|auto] 当前无可补订组合，缺口: {'14:00': 1, '15:00': 2}
[22:09:45] 🧩 [refill#1772093525261|auto] 开始执行: date=2026-03-28, target_count=2, times=['14:00', '15:00'], places=14
[22:09:47] 🙈 [refill#1772093525261|auto] 当前无可补订组合，缺口: {'14:00': 1, '15:00': 2}
[22:09:56] 🧩 [refill#1772093525261|auto] 开始执行: date=2026-03-28, target_count=2, times=['14:00', '15:00'], places=14
[22:09:59] 🙈 [refill#1772093525261|auto] 当前无可补订组合，缺口: {'14:00': 1, '15:00': 2}
[22:10:09] 🧩 [refill#1772093525261|auto] 开始执行: date=2026-03-28, target_count=2, times=['14:00', '15:00'], places=14
[22:10:12] 🙈 [refill#1772093525261|auto] 当前无可补订组合，缺口: {'14:00': 1, '15:00': 2}
[22:10:22] 🧩 [refill#1772093525261|auto] 开始执行: date=2026-03-28, target_count=2, times=['14:00', '15:00'], places=14
[22:10:24] 🙈 [refill#1772093525261|auto] 当前无可补订组合，缺口: {'14:00': 1, '15:00': 2}
[22:10:34] 🧩 [refill#1772093525261|auto] 开始执行: date=2026-03-28, target_count=2, times=['14:00', '15:00'], places=14
[22:10:36] 🙈 [refill#1772093525261|auto] 当前无可补订组合，缺口: {'14:00': 1, '15:00': 2}
[22:10:46] 🧩 [refill#1772093525261|auto] 开始执行: date=2026-03-28, target_count=2, times=['14:00', '15:00'], places=14
[22:10:48] 🙈 [refill#1772093525261|auto] 当前无可补订组合，缺口: {'14:00': 1, '15:00': 2}
[22:10:57] 🧩 [refill#1772093525261|auto] 开始执行: date=2026-03-28, target_count=2, times=['14:00', '15:00'], places=14
[22:11:00] 🙈 [refill#1772093525261|auto] 当前无可补订组合，缺口: {'14:00': 1, '15:00': 2}
[22:11:09] 🧩 [refill#1772093525261|auto] 开始执行: date=2026-03-28, target_count=2, times=['14:00', '15:00'], places=14
[22:11:11] 🙈 [refill#1772093525261|auto] 当前无可补订组合，缺口: {'14:00': 1, '15:00': 2}
[22:11:20] 🧩 [refill#1772093525261|auto] 开始执行: date=2026-03-28, target_count=2, times=['14:00', '15:00'], places=14
[22:11:22] 🙈 [refill#1772093525261|auto] 当前无可补订组合，缺口: {'14:00': 1, '15:00': 2}
[22:11:31] 🧩 [refill#1772093525261|auto] 开始执行: date=2026-03-28, target_count=2, times=['14:00', '15:00'], places=14
[22:11:33] 🙈 [refill#1772093525261|auto] 当前无可补订组合，缺口: {'14:00': 1, '15:00': 2}
[22:11:42] 🧩 [refill#1772093525261|auto] 开始执行: date=2026-03-28, target_count=2, times=['14:00', '15:00'], places=14
[22:11:44] 🙈 [refill#1772093525261|auto] 当前无可补订组合，缺口: {'14:00': 1, '15:00': 2}
[22:11:53] 🧩 [refill#1772093525261|auto] 开始执行: date=2026-03-28, target_count=2, times=['14:00', '15:00'], places=17
[22:11:56] 🙈 [refill#1772093525261|auto] 当前无可补订组合，缺口: {'14:00': 1, '15:00': 1}
[22:12:05] 🧩 [refill#1772093525261|auto] 开始执行: date=2026-03-28, target_count=2, times=['14:00', '15:00'], places=17
[22:12:07] 🙈 [refill#1772093525261|auto] 当前无可补订组合，缺口: {'14:00': 2, '15:00': 2}
[22:12:15] 🧩 [refill#1772093525261|auto] 开始执行: date=2026-03-28, target_count=2, times=['14:00', '15:00'], places=17
[22:12:17] 🙈 [refill#1772093525261|auto] 当前无可补订组合，缺口: {'14:00': 2, '15:00': 2}
[22:12:27] 🧩 [refill#1772093525261|auto] 开始执行: date=2026-03-28, target_count=2, times=['14:00', '15:00'], places=17
[22:12:29] 🙈 [refill#1772093525261|auto] 当前无可补订组合，缺口: {'14:00': 2, '15:00': 2}
[22:12:38] 🧩 [refill#1772093525261|auto] 开始执行: date=2026-03-28, target_count=2, times=['14:00', '15:00'], places=17
[22:12:41] 🙈 [refill#1772093525261|auto] 当前无可补订组合，缺口: {'14:00': 2, '15:00': 2}
[22:12:50] 🧩 [refill#1772093525261|auto] 开始执行: date=2026-03-28, target_count=2, times=['14:00', '15:00'], places=17
[22:12:52] 🙈 [refill#1772093525261|auto] 当前无可补订组合，缺口: {'14:00': 2, '15:00': 2}
[22:13:01] 🧩 [refill#1772093525261|auto] 开始执行: date=2026-03-28, target_count=2, times=['14:00', '15:00'], places=17
[22:13:03] 🙈 [refill#1772093525261|auto] 当前无可补订组合，缺口: {'14:00': 2, '15:00': 2}
[22:13:13] 🧩 [refill#1772093525261|auto] 开始执行: date=2026-03-28, target_count=2, times=['14:00', '15:00'], places=17
[22:13:15] 🙈 [refill#1772093525261|auto] 当前无可补订组合，缺口: {'14:00': 2, '15:00': 2}
[22:13:25] 🧩 [refill#1772093525261|auto] 开始执行: date=2026-03-28, target_count=2, times=['14:00', '15:00'], places=17
[22:13:28] 🙈 [refill#1772093525261|auto] 当前无可补订组合，缺口: {'14:00': 2, '15:00': 2}
[22:13:38] 🧩 [refill#1772093525261|auto] 开始执行: date=2026-03-28, target_count=2, times=['14:00', '15:00'], places=17
[22:13:40] 🙈 [refill#1772093525261|auto] 当前无可补订组合，缺口: {'14:00': 2, '15:00': 2}
[22:13:49] 🧩 [refill#1772093525261|auto] 开始执行: date=2026-03-28, target_count=2, times=['14:00', '15:00'], places=17
[22:13:51] 🙈 [refill#1772093525261|auto] 当前无可补订组合，缺口: {'14:00': 2, '15:00': 2}
[22:14:00] 🧩 [refill#1772093525261|auto] 开始执行: date=2026-03-28, target_count=2, times=['14:00', '15:00'], places=17
[22:14:03] 🙈 [refill#1772093525261|auto] 当前无可补订组合，缺口: {'14:00': 2, '15:00': 2}
[22:14:13] 🧩 [refill#1772093525261|auto] 开始执行: date=2026-03-28, target_count=2, times=['14:00', '15:00'], places=17
[22:14:15] 🙈 [refill#1772093525261|auto] 当前无可补订组合，缺口: {'14:00': 2, '15:00': 2}
[22:14:23] 🧩 [refill#1772093525261|auto] 开始执行: date=2026-03-28, target_count=2, times=['14:00', '15:00'], places=17
[22:14:25] 🙈 [refill#1772093525261|auto] 当前无可补订组合，缺口: {'14:00': 2, '15:00': 2}
[22:14:34] 🧩 [refill#1772093525261|auto] 开始执行: date=2026-03-28, target_count=2, times=['14:00', '15:00'], places=17
[22:14:37] 🙈 [refill#1772093525261|auto] 当前无可补订组合，缺口: {'14:00': 2, '15:00': 2}
[22:14:45] 🧩 [refill#1772093525261|auto] 开始执行: date=2026-03-28, target_count=2, times=['14:00', '15:00'], places=17
[22:14:47] 🙈 [refill#1772093525261|auto] 当前无可补订组合，缺口: {'14:00': 2, '15:00': 2}
[22:14:55] 🧩 [refill#1772093525261|auto] 开始执行: date=2026-03-28, target_count=2, times=['14:00', '15:00'], places=17
[22:14:57] 🙈 [refill#1772093525261|auto] 当前无可补订组合，缺口: {'14:00': 2, '15:00': 2}
[22:15:06] 🧩 [refill#1772093525261|auto] 开始执行: date=2026-03-28, target_count=2, times=['14:00', '15:00'], places=17
[22:15:09] 🙈 [refill#1772093525261|auto] 当前无可补订组合，缺口: {'14:00': 2, '15:00': 2}
[22:15:17] 🧩 [refill#1772093525261|auto] 开始执行: date=2026-03-28, target_count=2, times=['14:00', '15:00'], places=17
[22:15:19] 🙈 [refill#1772093525261|auto] 当前无可补订组合，缺口: {'14:00': 2, '15:00': 2}
[22:15:28] 🧩 [refill#1772093525261|auto] 开始执行: date=2026-03-28, target_count=2, times=['14:00', '15:00'], places=17
[22:15:30] 🙈 [refill#1772093525261|auto] 当前无可补订组合，缺口: {'14:00': 2, '15:00': 2}
[22:15:39] 🧩 [refill#1772093525261|auto] 开始执行: date=2026-03-28, target_count=2, times=['14:00', '15:00'], places=17
[22:15:42] 🙈 [refill#1772093525261|auto] 当前无可补订组合，缺口: {'14:00': 2, '15:00': 2}
[22:15:52] 🧩 [refill#1772093525261|auto] 开始执行: date=2026-03-28, target_count=2, times=['14:00', '15:00'], places=17
[22:15:54] 🙈 [refill#1772093525261|auto] 当前无可补订组合，缺口: {'14:00': 2, '15:00': 2}
[22:16:03] 🧩 [refill#1772093525261|auto] 开始执行: date=2026-03-28, target_count=2, times=['14:00', '15:00'], places=17
[22:16:05] 🙈 [refill#1772093525261|auto] 当前无可补订组合，缺口: {'14:00': 2, '15:00': 2}
[22:16:15] 🧩 [refill#1772093525261|auto] 开始执行: date=2026-03-28, target_count=2, times=['14:00', '15:00'], places=17
[22:16:16] 🙈 [refill#1772093525261|auto] 当前无可补订组合，缺口: {'14:00': 2, '15:00': 2}
[22:16:26] 🧩 [refill#1772093525261|auto] 开始执行: date=2026-03-28, target_count=2, times=['14:00', '15:00'], places=17
[22:16:29] 🙈 [refill#1772093525261|auto] 当前无可补订组合，缺口: {'14:00': 2, '15:00': 2}
[22:16:38] 🧩 [refill#1772093525261|auto] 开始执行: date=2026-03-28, target_count=2, times=['14:00', '15:00'], places=17
[22:16:40] 🙈 [refill#1772093525261|auto] 当前无可补订组合，缺口: {'14:00': 2, '15:00': 2}
[22:16:50] 🧩 [refill#1772093525261|auto] 开始执行: date=2026-03-28, target_count=2, times=['14:00', '15:00'], places=17
[22:16:52] 🙈 [refill#1772093525261|auto] 当前无可补订组合，缺口: {'14:00': 2, '15:00': 2}
[22:17:02] 🧩 [refill#1772093525261|auto] 开始执行: date=2026-03-28, target_count=2, times=['14:00', '15:00'], places=17
[22:17:04] 🙈 [refill#1772093525261|auto] 当前无可补订组合，缺口: {'14:00': 2, '15:00': 2}
[22:17:13] 🧩 [refill#1772093525261|auto] 开始执行: date=2026-03-28, target_count=2, times=['14:00', '15:00'], places=17
[22:17:15] 🙈 [refill#1772093525261|auto] 当前无可补订组合，缺口: {'14:00': 2, '15:00': 2}
[22:17:25] 🧩 [refill#1772093525261|auto] 开始执行: date=2026-03-28, target_count=2, times=['14:00', '15:00'], places=17
[22:17:28] 🙈 [refill#1772093525261|auto] 当前无可补订组合，缺口: {'14:00': 2, '15:00': 2}
[22:17:38] 🧩 [refill#1772093525261|auto] 开始执行: date=2026-03-28, target_count=2, times=['14:00', '15:00'], places=17
[22:17:40] 🙈 [refill#1772093525261|auto] 当前无可补订组合，缺口: {'14:00': 2, '15:00': 2}
[22:17:48] 🧩 [refill#1772093525261|auto] 开始执行: date=2026-03-28, target_count=2, times=['14:00', '15:00'], places=17
[22:17:50] 🙈 [refill#1772093525261|auto] 当前无可补订组合，缺口: {'14:00': 2, '15:00': 2}
[22:18:00] 🧩 [refill#1772093525261|auto] 开始执行: date=2026-03-28, target_count=2, times=['14:00', '15:00'], places=17
[22:18:02] 🙈 [refill#1772093525261|auto] 当前无可补订组合，缺口: {'14:00': 2, '15:00': 2}
[22:18:11] 🧩 [refill#1772093525261|auto] 开始执行: date=2026-03-28, target_count=2, times=['14:00', '15:00'], places=17
[22:18:12] 🙈 [refill#1772093525261|auto] 当前无可补订组合，缺口: {'14:00': 2, '15:00': 2}
[22:18:22] 🧩 [refill#1772093525261|auto] 开始执行: date=2026-03-28, target_count=2, times=['14:00', '15:00'], places=17
[22:18:24] 🙈 [refill#1772093525261|auto] 当前无可补订组合，缺口: {'14:00': 2, '15:00': 2}
[22:18:33] 🧩 [refill#1772093525261|auto] 开始执行: date=2026-03-28, target_count=2, times=['14:00', '15:00'], places=17
[22:18:36] 🙈 [refill#1772093525261|auto] 当前无可补订组合，缺口: {'14:00': 2, '15:00': 2}
[22:18:44] 🧩 [refill#1772093525261|auto] 开始执行: date=2026-03-28, target_count=2, times=['14:00', '15:00'], places=17
[22:18:46] 🙈 [refill#1772093525261|auto] 当前无可补订组合，缺口: {'14:00': 2, '15:00': 2}
[22:18:55] 🧩 [refill#1772093525261|auto] 开始执行: date=2026-03-28, target_count=2, times=['14:00', '15:00'], places=17
[22:18:57] 🙈 [refill#1772093525261|auto] 当前无可补订组合，缺口: {'14:00': 2, '15:00': 2}
[22:19:06] 🧩 [refill#1772093525261|auto] 开始执行: date=2026-03-28, target_count=2, times=['14:00', '15:00'], places=17
[22:19:08] 🙈 [refill#1772093525261|auto] 当前无可补订组合，缺口: {'14:00': 2, '15:00': 2}
[22:19:18] 🧩 [refill#1772093525261|auto] 开始执行: date=2026-03-28, target_count=2, times=['14:00', '15:00'], places=17
[22:19:21] 🙈 [refill#1772093525261|auto] 当前无可补订组合，缺口: {'14:00': 2, '15:00': 2}
[22:19:30] 🧩 [refill#1772093525261|auto] 开始执行: date=2026-03-28, target_count=2, times=['14:00', '15:00'], places=17
[22:19:32] 🙈 [refill#1772093525261|auto] 当前无可补订组合，缺口: {'14:00': 2, '15:00': 2}
[22:19:42] 🧩 [refill#1772093525261|auto] 开始执行: date=2026-03-28, target_count=2, times=['14:00', '15:00'], places=17
[22:19:44] 🙈 [refill#1772093525261|auto] 当前无可补订组合，缺口: {'14:00': 2, '15:00': 2}
[22:19:53] 🧩 [refill#1772093525261|auto] 开始执行: date=2026-03-28, target_count=2, times=['14:00', '15:00'], places=17
[22:19:56] 🙈 [refill#1772093525261|auto] 当前无可补订组合，缺口: {'14:00': 2, '15:00': 2}
[22:20:05] 🧩 [refill#1772093525261|auto] 开始执行: date=2026-03-28, target_count=2, times=['14:00', '15:00'], places=17
[22:20:07] 🙈 [refill#1772093525261|auto] 当前无可补订组合，缺口: {'14:00': 2, '15:00': 2}
[22:20:16] 🧩 [refill#1772093525261|auto] 开始执行: date=2026-03-28, target_count=2, times=['14:00', '15:00'], places=17
[22:20:18] 🙈 [refill#1772093525261|auto] 当前无可补订组合，缺口: {'14:00': 2, '15:00': 2}
[22:20:28] 🧩 [refill#1772093525261|auto] 开始执行: date=2026-03-28, target_count=2, times=['14:00', '15:00'], places=17
[22:20:29] 🙈 [refill#1772093525261|auto] 当前无可补订组合，缺口: {'14:00': 2, '15:00': 2}
[22:20:39] 🧩 [refill#1772093525261|auto] 开始执行: date=2026-03-28, target_count=2, times=['14:00', '15:00'], places=17
[22:20:42] 🙈 [refill#1772093525261|auto] 当前无可补订组合，缺口: {'14:00': 2, '15:00': 2}
[22:20:51] 🧩 [refill#1772093525261|auto] 开始执行: date=2026-03-28, target_count=2, times=['14:00', '15:00'], places=17
[22:20:53] 🙈 [refill#1772093525261|auto] 当前无可补订组合，缺口: {'14:00': 2, '15:00': 2}
[22:21:02] 🧩 [refill#1772093525261|auto] 开始执行: date=2026-03-28, target_count=2, times=['14:00', '15:00'], places=17
[22:21:04] 🙈 [refill#1772093525261|auto] 当前无可补订组合，缺口: {'14:00': 2, '15:00': 2}
[22:21:14] 🧩 [refill#1772093525261|auto] 开始执行: date=2026-03-28, target_count=2, times=['14:00', '15:00'], places=17
[22:21:17] 🙈 [refill#1772093525261|auto] 当前无可补订组合，缺口: {'14:00': 2, '15:00': 2}
[22:21:27] 🧩 [refill#1772093525261|auto] 开始执行: date=2026-03-28, target_count=2, times=['14:00', '15:00'], places=17
[22:21:29] 🙈 [refill#1772093525261|auto] 当前无可补订组合，缺口: {'14:00': 2, '15:00': 2}
[22:21:37] 🧩 [refill#1772093525261|auto] 开始执行: date=2026-03-28, target_count=2, times=['14:00', '15:00'], places=17
[22:21:39] 🙈 [refill#1772093525261|auto] 当前无可补订组合，缺口: {'14:00': 2, '15:00': 2}
[22:21:48] 🧩 [refill#1772093525261|auto] 开始执行: date=2026-03-28, target_count=2, times=['14:00', '15:00'], places=17
[22:21:51] 🙈 [refill#1772093525261|auto] 当前无可补订组合，缺口: {'14:00': 2, '15:00': 2}
[22:21:59] 🧩 [refill#1772093525261|auto] 开始执行: date=2026-03-28, target_count=2, times=['14:00', '15:00'], places=17
[22:22:01] 🙈 [refill#1772093525261|auto] 当前无可补订组合，缺口: {'14:00': 2, '15:00': 2}
[22:22:10] 🧩 [refill#1772093525261|auto] 开始执行: date=2026-03-28, target_count=2, times=['14:00', '15:00'], places=17
[22:22:12] 🙈 [refill#1772093525261|auto] 当前无可补订组合，缺口: {'14:00': 2, '15:00': 2}
[22:22:22] 🧩 [refill#1772093525261|auto] 开始执行: date=2026-03-28, target_count=2, times=['14:00', '15:00'], places=17
[22:22:24] 🙈 [refill#1772093525261|auto] 当前无可补订组合，缺口: {'14:00': 2, '15:00': 2}
[22:25:01] 🧩 [refill#1772093525261|auto] 开始执行: date=2026-03-28, target_count=2, times=['14:00', '15:00'], places=17
[22:25:08] 📦 [refill#1772093525261|auto] 分层 tier=散号满 used_need={'14:00': 2, '15:00': 2} 本轮提交: [{'place': '15', 'time': '14:00'}, {'place': '15', 'time': '15:00'}]
[22:25:19] 🧾 [refill#1772093525261|auto] 本轮结果: verify_pending - 提交已返回success，但验证尚未收敛(矩阵校验超时/失败)，将快速复核。
[22:25:20] 🧩 [refill#1772093525261|auto] 开始执行: date=2026-03-28, target_count=2, times=['14:00', '15:00'], places=17
[22:25:22] 🙈 [refill#1772093525261|auto] 当前无可补订组合，缺口: {'14:00': 1, '15:00': 1}
[22:25:32] 🧩 [refill#1772093525261|auto] 开始执行: date=2026-03-28, target_count=2, times=['14:00', '15:00'], places=17
[22:25:34] 🙈 [refill#1772093525261|auto] 当前无可补订组合，缺口: {'14:00': 1, '15:00': 1}
[22:25:43] 🧩 [refill#1772093525261|auto] 开始执行: date=2026-03-28, target_count=2, times=['14:00', '15:00'], places=17
[22:25:46] 🙈 [refill#1772093525261|auto] 当前无可补订组合，缺口: {'14:00': 1, '15:00': 1}
[22:25:55] 🧩 [refill#1772093525261|auto] 开始执行: date=2026-03-28, target_count=2, times=['14:00', '15:00'], places=17
[22:25:57] 🙈 [refill#1772093525261|auto] 当前无可补订组合，缺口: {'14:00': 1, '15:00': 1}
[22:26:06] 🧩 [refill#1772093525261|auto] 开始执行: date=2026-03-28, target_count=2, times=['14:00', '15:00'], places=17
[22:26:08] 🙈 [refill#1772093525261|auto] 当前无可补订组合，缺口: {'14:00': 1, '15:00': 1}
[22:28:08] 🧩 [refill#1772093525261|auto] 开始执行: date=2026-03-28, target_count=2, times=['14:00', '15:00'], places=17
[22:28:13] 🙈 [refill#1772093525261|auto] 当前无可补订组合，缺口: {'14:00': 1, '15:00': 1}
[22:28:22] 🧩 [refill#1772093525261|auto] 开始执行: date=2026-03-28, target_count=2, times=['14:00', '15:00'], places=17
[22:28:25] 🙈 [refill#1772093525261|auto] 当前无可补订组合，缺口: {'14:00': 1, '15:00': 1}
[22:28:35] 🧩 [refill#1772093525261|auto] 开始执行: date=2026-03-28, target_count=2, times=['14:00', '15:00'], places=17
[22:28:37] 🙈 [refill#1772093525261|auto] 当前无可补订组合，缺口: {'14:00': 1, '15:00': 1}
[22:28:46] 🧩 [refill#1772093525261|auto] 开始执行: date=2026-03-28, target_count=2, times=['14:00', '15:00'], places=17
[22:28:49] 🙈 [refill#1772093525261|auto] 当前无可补订组合，缺口: {'14:00': 1, '15:00': 1}
[22:28:59] 🧩 [refill#1772093525261|auto] 开始执行: date=2026-03-28, target_count=2, times=['14:00', '15:00'], places=17
[22:29:01] 🙈 [refill#1772093525261|auto] 当前无可补订组合，缺口: {'14:00': 1, '15:00': 1}
[22:29:11] 🧩 [refill#1772093525261|auto] 开始执行: date=2026-03-28, target_count=2, times=['14:00', '15:00'], places=17
[22:29:13] 🙈 [refill#1772093525261|auto] 当前无可补订组合，缺口: {'14:00': 1, '15:00': 1}
[22:29:22] 🧩 [refill#1772093525261|auto] 开始执行: date=2026-03-28, target_count=2, times=['14:00', '15:00'], places=17
[22:29:24] 🙈 [refill#1772093525261|auto] 当前无可补订组合，缺口: {'14:00': 1, '15:00': 1}
[22:29:33] 🧩 [refill#1772093525261|auto] 开始执行: date=2026-03-28, target_count=2, times=['14:00', '15:00'], places=17
[22:29:35] 🙈 [refill#1772093525261|auto] 当前无可补订组合，缺口: {'14:00': 1, '15:00': 1}
[22:29:44] 🧩 [refill#1772093525261|auto] 开始执行: date=2026-03-28, target_count=2, times=['14:00', '15:00'], places=17
[22:29:46] 🙈 [refill#1772093525261|auto] 当前无可补订组合，缺口: {'14:00': 1, '15:00': 1}
[22:29:55] 🧩 [refill#1772093525261|auto] 开始执行: date=2026-03-28, target_count=2, times=['14:00', '15:00'], places=17
[22:29:56] 🙈 [refill#1772093525261|auto] 当前无可补订组合，缺口: {'14:00': 1, '15:00': 1}
[22:30:06] 🧩 [refill#1772093525261|auto] 开始执行: date=2026-03-28, target_count=2, times=['14:00', '15:00'], places=17
[22:30:08] 🙈 [refill#1772093525261|auto] 当前无可补订组合，缺口: {'14:00': 1, '15:00': 1}
[22:30:17] 🧩 [refill#1772093525261|auto] 开始执行: date=2026-03-28, target_count=2, times=['14:00', '15:00'], places=17
[22:30:21] 🙈 [refill#1772093525261|auto] 当前无可补订组合，缺口: {'14:00': 1, '15:00': 1}
[22:30:30] 🧩 [refill#1772093525261|auto] 开始执行: date=2026-03-28, target_count=2, times=['14:00', '15:00'], places=17
[22:30:32] 🙈 [refill#1772093525261|auto] 当前无可补订组合，缺口: {'14:00': 1, '15:00': 1}
[22:30:42] 🧩 [refill#1772093525261|auto] 开始执行: date=2026-03-28, target_count=2, times=['14:00', '15:00'], places=17
[22:30:44] 🙈 [refill#1772093525261|auto] 当前无可补订组合，缺口: {'14:00': 1, '15:00': 1}
[22:30:53] 🧩 [refill#1772093525261|auto] 开始执行: date=2026-03-28, target_count=2, times=['14:00', '15:00'], places=17
[22:30:54] 🙈 [refill#1772093525261|auto] 当前无可补订组合，缺口: {'14:00': 1, '15:00': 1}
[22:31:04] 🧩 [refill#1772093525261|auto] 开始执行: date=2026-03-28, target_count=2, times=['14:00', '15:00'], places=17
[22:31:06] 🙈 [refill#1772093525261|auto] 当前无可补订组合，缺口: {'14:00': 1, '15:00': 1}
[22:31:14] 🧩 [refill#1772093525261|auto] 开始执行: date=2026-03-28, target_count=2, times=['14:00', '15:00'], places=17
[22:31:15] 🙈 [refill#1772093525261|auto] 当前无可补订组合，缺口: {'14:00': 1, '15:00': 1}
[22:31:25] 🧩 [refill#1772093525261|auto] 开始执行: date=2026-03-28, target_count=2, times=['14:00', '15:00'], places=17
[22:31:28] 🙈 [refill#1772093525261|auto] 当前无可补订组合，缺口: {'14:00': 1, '15:00': 1}
[22:31:38] 🧩 [refill#1772093525261|auto] 开始执行: date=2026-03-28, target_count=2, times=['14:00', '15:00'], places=17
[22:31:40] 🙈 [refill#1772093525261|auto] 当前无可补订组合，缺口: {'14:00': 1, '15:00': 1}
[22:31:49] 🧩 [refill#1772093525261|auto] 开始执行: date=2026-03-28, target_count=2, times=['14:00', '15:00'], places=17
[22:31:51] 🙈 [refill#1772093525261|auto] 当前无可补订组合，缺口: {'14:00': 1, '15:00': 1}
[22:32:00] 🧩 [refill#1772093525261|auto] 开始执行: date=2026-03-28, target_count=2, times=['14:00', '15:00'], places=17
[22:32:02] 🙈 [refill#1772093525261|auto] 当前无可补订组合，缺口: {'14:00': 1, '15:00': 1}
[22:32:12] 🧩 [refill#1772093525261|auto] 开始执行: date=2026-03-28, target_count=2, times=['14:00', '15:00'], places=17
[22:32:14] 🙈 [refill#1772093525261|auto] 当前无可补订组合，缺口: {'14:00': 1, '15:00': 1}
[22:32:24] 🧩 [refill#1772093525261|auto] 开始执行: date=2026-03-28, target_count=2, times=['14:00', '15:00'], places=17
[22:32:27] 🙈 [refill#1772093525261|auto] 当前无可补订组合，缺口: {'14:00': 1, '15:00': 1}
[22:32:36] 🧩 [refill#1772093525261|auto] 开始执行: date=2026-03-28, target_count=2, times=['14:00', '15:00'], places=17
[22:32:38] 🙈 [refill#1772093525261|auto] 当前无可补订组合，缺口: {'14:00': 1, '15:00': 1}
[22:32:47] 🧩 [refill#1772093525261|auto] 开始执行: date=2026-03-28, target_count=2, times=['14:00', '15:00'], places=17
[22:32:49] 🙈 [refill#1772093525261|auto] 当前无可补订组合，缺口: {'14:00': 1, '15:00': 1}
[22:32:58] 🧩 [refill#1772093525261|auto] 开始执行: date=2026-03-28, target_count=2, times=['14:00', '15:00'], places=17
[22:33:00] 🙈 [refill#1772093525261|auto] 当前无可补订组合，缺口: {'14:00': 1, '15:00': 1}
[22:33:09] 🧩 [refill#1772093525261|auto] 开始执行: date=2026-03-28, target_count=2, times=['14:00', '15:00'], places=17
[22:33:11] 🙈 [refill#1772093525261|auto] 当前无可补订组合，缺口: {'14:00': 1, '15:00': 1}
[22:33:20] 🧩 [refill#1772093525261|auto] 开始执行: date=2026-03-28, target_count=2, times=['14:00', '15:00'], places=17
[22:33:22] 🙈 [refill#1772093525261|auto] 当前无可补订组合，缺口: {'14:00': 1, '15:00': 1}
[22:33:32] 🧩 [refill#1772093525261|auto] 开始执行: date=2026-03-28, target_count=2, times=['14:00', '15:00'], places=17
[22:33:35] 🙈 [refill#1772093525261|auto] 当前无可补订组合，缺口: {'14:00': 1, '15:00': 1}
[22:33:44] 🧩 [refill#1772093525261|auto] 开始执行: date=2026-03-28, target_count=2, times=['14:00', '15:00'], places=17
[22:33:45] 🙈 [refill#1772093525261|auto] 当前无可补订组合，缺口: {'14:00': 1, '15:00': 1}
[22:33:55] 🧩 [refill#1772093525261|auto] 开始执行: date=2026-03-28, target_count=2, times=['14:00', '15:00'], places=17
[22:33:56] 🙈 [refill#1772093525261|auto] 当前无可补订组合，缺口: {'14:00': 1, '15:00': 1}
[22:34:05] 🧩 [refill#1772093525261|auto] 开始执行: date=2026-03-28, target_count=2, times=['14:00', '15:00'], places=17
[22:34:09] 🙈 [refill#1772093525261|auto] 当前无可补订组合，缺口: {'14:00': 1, '15:00': 1}
[22:34:19] 🧩 [refill#1772093525261|auto] 开始执行: date=2026-03-28, target_count=2, times=['14:00', '15:00'], places=17
[22:34:20] 🙈 [refill#1772093525261|auto] 当前无可补订组合，缺口: {'14:00': 1, '15:00': 1}
[22:34:31] 🧩 [refill#1772093525261|auto] 开始执行: date=2026-03-28, target_count=2, times=['14:00', '15:00'], places=17
[22:34:32] 🙈 [refill#1772093525261|auto] 当前无可补订组合，缺口: {'14:00': 1, '15:00': 1}
[22:34:41] 🧩 [refill#1772093525261|auto] 开始执行: date=2026-03-28, target_count=2, times=['14:00', '15:00'], places=17
[22:34:44] 🙈 [refill#1772093525261|auto] 当前无可补订组合，缺口: {'14:00': 1, '15:00': 1}
[22:34:54] 🧩 [refill#1772093525261|auto] 开始执行: date=2026-03-28, target_count=2, times=['14:00', '15:00'], places=17
[22:34:56] 🙈 [refill#1772093525261|auto] 当前无可补订组合，缺口: {'14:00': 1, '15:00': 1}
[22:35:04] 🧩 [refill#1772093525261|auto] 开始执行: date=2026-03-28, target_count=2, times=['14:00', '15:00'], places=17
[22:35:06] 🙈 [refill#1772093525261|auto] 当前无可补订组合，缺口: {'14:00': 1, '15:00': 1}
[22:35:15] 🧩 [refill#1772093525261|auto] 开始执行: date=2026-03-28, target_count=2, times=['14:00', '15:00'], places=17
[22:35:17] 🙈 [refill#1772093525261|auto] 当前无可补订组合，缺口: {'14:00': 1, '15:00': 1}
[22:35:26] 🧩 [refill#1772093525261|auto] 开始执行: date=2026-03-28, target_count=2, times=['14:00', '15:00'], places=17
[22:35:28] 🙈 [refill#1772093525261|auto] 当前无可补订组合，缺口: {'14:00': 1, '15:00': 1}
[22:35:38] 🧩 [refill#1772093525261|auto] 开始执行: date=2026-03-28, target_count=2, times=['14:00', '15:00'], places=17
[22:35:41] 🙈 [refill#1772093525261|auto] 当前无可补订组合，缺口: {'14:00': 1, '15:00': 1}
[22:35:49] 🧩 [refill#1772093525261|auto] 开始执行: date=2026-03-28, target_count=2, times=['14:00', '15:00'], places=17
[22:35:51] 🙈 [refill#1772093525261|auto] 当前无可补订组合，缺口: {'14:00': 1, '15:00': 1}
[22:36:01] 🧩 [refill#1772093525261|auto] 开始执行: date=2026-03-28, target_count=2, times=['14:00', '15:00'], places=17
[22:36:03] 🙈 [refill#1772093525261|auto] 当前无可补订组合，缺口: {'14:00': 1, '15:00': 1}
[22:36:13] 🧩 [refill#1772093525261|auto] 开始执行: date=2026-03-28, target_count=2, times=['14:00', '15:00'], places=17
[22:36:14] 🙈 [refill#1772093525261|auto] 当前无可补订组合，缺口: {'14:00': 1, '15:00': 1}
[22:36:24] 🧩 [refill#1772093525261|auto] 开始执行: date=2026-03-28, target_count=2, times=['14:00', '15:00'], places=17
[22:36:27] 🙈 [refill#1772093525261|auto] 当前无可补订组合，缺口: {'14:00': 1, '15:00': 1}
[22:36:36] 🧩 [refill#1772093525261|auto] 开始执行: date=2026-03-28, target_count=2, times=['14:00', '15:00'], places=17
[22:36:38] 🙈 [refill#1772093525261|auto] 当前无可补订组合，缺口: {'14:00': 1, '15:00': 1}
[22:36:48] 🧩 [refill#1772093525261|auto] 开始执行: date=2026-03-28, target_count=2, times=['14:00', '15:00'], places=17
[22:36:49] 🙈 [refill#1772093525261|auto] 当前无可补订组合，缺口: {'14:00': 1, '15:00': 1}
[22:37:00] 🧩 [refill#1772093525261|auto] 开始执行: date=2026-03-28, target_count=2, times=['14:00', '15:00'], places=17
[22:37:03] 🙈 [refill#1772093525261|auto] 当前无可补订组合，缺口: {'14:00': 1, '15:00': 1}
[22:37:12] 🧩 [refill#1772093525261|auto] 开始执行: date=2026-03-28, target_count=2, times=['14:00', '15:00'], places=17
[22:37:13] 🙈 [refill#1772093525261|auto] 当前无可补订组合，缺口: {'14:00': 1, '15:00': 1}
[22:37:23] 🧩 [refill#1772093525261|auto] 开始执行: date=2026-03-28, target_count=2, times=['14:00', '15:00'], places=17
[22:37:25] 🙈 [refill#1772093525261|auto] 当前无可补订组合，缺口: {'14:00': 1, '15:00': 1}
[22:37:34] 🧩 [refill#1772093525261|auto] 开始执行: date=2026-03-28, target_count=2, times=['14:00', '15:00'], places=17
[22:37:36] 🙈 [refill#1772093525261|auto] 当前无可补订组合，缺口: {'14:00': 1, '15:00': 1}
[22:37:44] 🧩 [refill#1772093525261|auto] 开始执行: date=2026-03-28, target_count=2, times=['14:00', '15:00'], places=17
[22:37:47] 🙈 [refill#1772093525261|auto] 当前无可补订组合，缺口: {'14:00': 1, '15:00': 1}
[22:37:55] 🧩 [refill#1772093525261|auto] 开始执行: date=2026-03-28, target_count=2, times=['14:00', '15:00'], places=17
[22:37:57] 🙈 [refill#1772093525261|auto] 当前无可补订组合，缺口: {'14:00': 1, '15:00': 1}
[22:38:05] 🧩 [refill#1772093525261|auto] 开始执行: date=2026-03-28, target_count=2, times=['14:00', '15:00'], places=17
[22:38:07] 🙈 [refill#1772093525261|auto] 当前无可补订组合，缺口: {'14:00': 1, '15:00': 1}
[22:38:16] 🧩 [refill#1772093525261|auto] 开始执行: date=2026-03-28, target_count=2, times=['14:00', '15:00'], places=17
[22:38:18] 🙈 [refill#1772093525261|auto] 当前无可补订组合，缺口: {'14:00': 1, '15:00': 1}
[22:38:28] 🧩 [refill#1772093525261|auto] 开始执行: date=2026-03-28, target_count=2, times=['14:00', '15:00'], places=17
[22:38:31] 🙈 [refill#1772093525261|auto] 当前无可补订组合，缺口: {'14:00': 1, '15:00': 1}
[22:38:40] 🧩 [refill#1772093525261|auto] 开始执行: date=2026-03-28, target_count=2, times=['14:00', '15:00'], places=17
[22:38:42] 🙈 [refill#1772093525261|auto] 当前无可补订组合，缺口: {'14:00': 1, '15:00': 1}
[22:38:52] 🧩 [refill#1772093525261|auto] 开始执行: date=2026-03-28, target_count=2, times=['14:00', '15:00'], places=17
[22:38:54] 🙈 [refill#1772093525261|auto] 当前无可补订组合，缺口: {'14:00': 1, '15:00': 1}
[22:39:03] 🧩 [refill#1772093525261|auto] 开始执行: date=2026-03-28, target_count=2, times=['14:00', '15:00'], places=17
[22:39:04] 🙈 [refill#1772093525261|auto] 当前无可补订组合，缺口: {'14:00': 1, '15:00': 1}
[22:39:14] 🧩 [refill#1772093525261|auto] 开始执行: date=2026-03-28, target_count=2, times=['14:00', '15:00'], places=17
[22:39:16] 🙈 [refill#1772093525261|auto] 当前无可补订组合，缺口: {'14:00': 1, '15:00': 1}
[22:39:26] 🧩 [refill#1772093525261|auto] 开始执行: date=2026-03-28, target_count=2, times=['14:00', '15:00'], places=17
[22:39:28] 🙈 [refill#1772093525261|auto] 当前无可补订组合，缺口: {'14:00': 1, '15:00': 1}
[22:39:38] 🧩 [refill#1772093525261|auto] 开始执行: date=2026-03-28, target_count=2, times=['14:00', '15:00'], places=17
[22:39:40] 🙈 [refill#1772093525261|auto] 当前无可补订组合，缺口: {'14:00': 1, '15:00': 1}
[22:39:50] 🧩 [refill#1772093525261|auto] 开始执行: date=2026-03-28, target_count=2, times=['14:00', '15:00'], places=17
[22:39:53] 🙈 [refill#1772093525261|auto] 当前无可补订组合，缺口: {'14:00': 1, '15:00': 1}
[22:40:03] 🧩 [refill#1772093525261|auto] 开始执行: date=2026-03-28, target_count=2, times=['14:00', '15:00'], places=17
[22:40:04] 🙈 [refill#1772093525261|auto] 当前无可补订组合，缺口: {'14:00': 1, '15:00': 1}
[22:40:14] 🧩 [refill#1772093525261|auto] 开始执行: date=2026-03-28, target_count=2, times=['14:00', '15:00'], places=17
[22:40:16] 🙈 [refill#1772093525261|auto] 当前无可补订组合，缺口: {'14:00': 2, '15:00': 2}
[22:40:25] 🧩 [refill#1772093525261|auto] 开始执行: date=2026-03-28, target_count=2, times=['14:00', '15:00'], places=17
[22:40:28] 🙈 [refill#1772093525261|auto] 当前无可补订组合，缺口: {'14:00': 1, '15:00': 1}
[22:40:38] 🧩 [refill#1772093525261|auto] 开始执行: date=2026-03-28, target_count=2, times=['14:00', '15:00'], places=17
[22:40:40] 🙈 [refill#1772093525261|auto] 当前无可补订组合，缺口: {'14:00': 1, '15:00': 1}
[22:40:50] 🧩 [refill#1772093525261|auto] 开始执行: date=2026-03-28, target_count=2, times=['14:00', '15:00'], places=17
[22:40:52] 🙈 [refill#1772093525261|auto] 当前无可补订组合，缺口: {'14:00': 1, '15:00': 1}
[22:41:01] 🧩 [refill#1772093525261|auto] 开始执行: date=2026-03-28, target_count=2, times=['14:00', '15:00'], places=17
[22:41:03] 🙈 [refill#1772093525261|auto] 当前无可补订组合，缺口: {'14:00': 1, '15:00': 1}
[22:41:11] 🧩 [refill#1772093525261|auto] 开始执行: date=2026-03-28, target_count=2, times=['14:00', '15:00'], places=17
[22:41:14] 🙈 [refill#1772093525261|auto] 当前无可补订组合，缺口: {'14:00': 1, '15:00': 1}
[22:41:24] 🧩 [refill#1772093525261|auto] 开始执行: date=2026-03-28, target_count=2, times=['14:00', '15:00'], places=17
[22:41:26] 🙈 [refill#1772093525261|auto] 当前无可补订组合，缺口: {'14:00': 1, '15:00': 1}
[22:41:36] 🧩 [refill#1772093525261|auto] 开始执行: date=2026-03-28, target_count=2, times=['14:00', '15:00'], places=17
[22:41:39] 🙈 [refill#1772093525261|auto] 当前无可补订组合，缺口: {'14:00': 1, '15:00': 1}
[22:41:48] 🧩 [refill#1772093525261|auto] 开始执行: date=2026-03-28, target_count=2, times=['14:00', '15:00'], places=17
[22:41:50] 🙈 [refill#1772093525261|auto] 当前无可补订组合，缺口: {'14:00': 1, '15:00': 1}
[22:41:59] 🧩 [refill#1772093525261|auto] 开始执行: date=2026-03-28, target_count=2, times=['14:00', '15:00'], places=17
[22:42:01] 🙈 [refill#1772093525261|auto] 当前无可补订组合，缺口: {'14:00': 1, '15:00': 1}
[22:42:10] 🧩 [refill#1772093525261|auto] 开始执行: date=2026-03-28, target_count=2, times=['14:00', '15:00'], places=17
[22:42:13] 🙈 [refill#1772093525261|auto] 当前无可补订组合，缺口: {'14:00': 1, '15:00': 1}
[22:42:22] 🧩 [refill#1772093525261|auto] 开始执行: date=2026-03-28, target_count=2, times=['14:00', '15:00'], places=17
[22:42:24] 🙈 [refill#1772093525261|auto] 当前无可补订组合，缺口: {'14:00': 1, '15:00': 1}
[22:42:33] 🧩 [refill#1772093525261|auto] 开始执行: date=2026-03-28, target_count=2, times=['14:00', '15:00'], places=17
[22:42:34] 🙈 [refill#1772093525261|auto] 当前无可补订组合，缺口: {'14:00': 1, '15:00': 1}
[22:42:44] 🧩 [refill#1772093525261|auto] 开始执行: date=2026-03-28, target_count=2, times=['14:00', '15:00'], places=17
[22:42:47] 🙈 [refill#1772093525261|auto] 当前无可补订组合，缺口: {'14:00': 1, '15:00': 1}
[22:42:57] 🧩 [refill#1772093525261|auto] 开始执行: date=2026-03-28, target_count=2, times=['14:00', '15:00'], places=17
[22:42:59] 🙈 [refill#1772093525261|auto] 当前无可补订组合，缺口: {'14:00': 1, '15:00': 1}
[22:43:08] 🧩 [refill#1772093525261|auto] 开始执行: date=2026-03-28, target_count=2, times=['14:00', '15:00'], places=17
[22:43:09] 🙈 [refill#1772093525261|auto] 当前无可补订组合，缺口: {'14:00': 1, '15:00': 1}
[22:43:18] 🧩 [refill#1772093525261|auto] 开始执行: date=2026-03-28, target_count=2, times=['14:00', '15:00'], places=17
[22:43:21] 🙈 [refill#1772093525261|auto] 当前无可补订组合，缺口: {'14:00': 1, '15:00': 1}
[22:43:30] 🧩 [refill#1772093525261|auto] 开始执行: date=2026-03-28, target_count=2, times=['14:00', '15:00'], places=17
[22:43:32] 🙈 [refill#1772093525261|auto] 当前无可补订组合，缺口: {'14:00': 1, '15:00': 1}
[22:43:42] 🧩 [refill#1772093525261|auto] 开始执行: date=2026-03-28, target_count=2, times=['14:00', '15:00'], places=17
[22:43:43] 🙈 [refill#1772093525261|auto] 当前无可补订组合，缺口: {'14:00': 1, '15:00': 1}
[22:43:53] 🧩 [refill#1772093525261|auto] 开始执行: date=2026-03-28, target_count=2, times=['14:00', '15:00'], places=17
[22:43:55] 🙈 [refill#1772093525261|auto] 当前无可补订组合，缺口: {'14:00': 1, '15:00': 1}
[22:44:04] 🧩 [refill#1772093525261|auto] 开始执行: date=2026-03-28, target_count=2, times=['14:00', '15:00'], places=17
[22:44:07] 🙈 [refill#1772093525261|auto] 当前无可补订组合，缺口: {'14:00': 1, '15:00': 1}
[22:54:57] 🧩 [refill#1772093525261|auto] 开始执行: date=2026-03-28, target_count=2, times=['14:00', '15:00'], places=17
[22:55:02] 🙈 [refill#1772093525261|auto] 当前无可补订组合，缺口: {'14:00': 1, '15:00': 1}
