[11:58:55] 🔇 [quiet-window] 进入 pre_quiet，owner=1771732252398，fire_at=11:59:50
[11:59:54] 🔫 [quiet-window] 进入 fire_window，owner=1771732252398
[11:59:54] ⏰ [自动任务] 开始执行任务: 1771732252398
[11:59:54] 🕒 [时间对齐] server_offset=4.68s, base_run=2026-03-26 11:59:50, target_date=2026-04-01
[11:59:54] 🚀 [终极递送器] 启动主组合递送: [{'place': '4', 'time': '20:00'}, {'place': '4', 'time': '21:00'}, {'place': '5', 'time': '20:00'}, {'place': '5', 'time': '21:00'}]
[11:59:54] [极速订场] 开始 date=2026-04-01 单路递送+refill round_interval=0.8s refill_poll=0.35s min_post_interval=4.0s budget=600.0s
[12:00:04] [极速订场] 拉活失败(可重试) 第1次: HTTPSConnectionPool(host='gymvip.bfsu.edu.cn', port=443): Read timed out. (read timeout=10.0)
[12:00:05] [极速订场] 拉活失败(可重试) 第2次: 服务器返回无效数据(可能是崩了)
[12:00:05] [极速订场] 拉活失败(可重试) 第3次: 服务器返回无效数据(可能是崩了)
[12:00:06] [极速订场] 拉活失败(可重试) 第4次: 服务器返回无效数据(可能是崩了)
[12:00:07] [极速订场] 拉活失败(可重试) 第5次: 服务器返回无效数据(可能是崩了)
[12:00:08] [极速订场] 拉活失败(可重试) 第6次: 服务器返回无效数据(可能是崩了)
[12:00:09] [极速订场] 拉活失败(可重试) 第7次: 服务器返回无效数据(可能是崩了)
[12:00:09] [极速订场] 拉活失败(可重试) 第8次: 服务器返回无效数据(可能是崩了)
[12:00:10] [极速订场] 拉活失败(可重试) 第9次: 服务器返回无效数据(可能是崩了)
[12:00:11] [极速订场] 拉活失败(可重试) 第10次: 服务器返回无效数据(可能是崩了)
[12:00:12] [极速订场] 拉活失败(可重试) 第11次: 服务器返回无效数据(可能是崩了)
[12:00:13] [极速订场] 拉活失败(可重试) 第12次: 服务器返回无效数据(可能是崩了)
[12:00:14] [极速订场] 拉活失败(可重试) 第13次: 服务器返回无效数据(可能是崩了)
[12:00:14] [极速订场] 拉活失败(可重试) 第14次: 服务器返回无效数据(可能是崩了)
[12:00:24] [极速订场] 拉活失败(可重试) 第15次: HTTPSConnectionPool(host='gymvip.bfsu.edu.cn', port=443): Read timed out. (read timeout=10.0)
[12:00:26] [极速订场] 拉活失败(可重试) 第16次: 服务器返回无效数据(可能是崩了)
[12:00:27] [极速订场] 拉活失败(可重试) 第17次: 服务器返回无效数据(可能是崩了)
[12:00:28] [极速订场] 拉活失败(可重试) 第18次: 服务器返回无效数据(可能是崩了)
[12:00:29] [极速订场] 拉活失败(可重试) 第19次: 服务器返回无效数据(可能是崩了)
[12:00:29] [极速订场] 拉活失败(可重试) 第20次: 服务器返回无效数据(可能是崩了)
[12:00:30] [极速订场] 拉活失败(可重试) 第21次: 服务器返回无效数据(可能是崩了)
[12:00:31] [极速订场] 拉活失败(可重试) 第22次: 服务器返回无效数据(可能是崩了)
[12:00:32] [极速订场] 拉活失败(可重试) 第23次: 服务器返回无效数据(可能是崩了)
[12:00:33] [极速订场] 拉活失败(可重试) 第24次: 服务器返回无效数据(可能是崩了)
[12:00:43] [极速订场] 拉活失败(可重试) 第25次: HTTPSConnectionPool(host='gymvip.bfsu.edu.cn', port=443): Read timed out. (read timeout=10.0)
[12:00:54] [极速订场] 拉活失败(可重试) 第26次: HTTPSConnectionPool(host='gymvip.bfsu.edu.cn', port=443): Read timed out. (read timeout=10.0)
[12:00:55] [极速订场] 拉活失败(可重试) 第27次: 服务器返回无效数据(可能是崩了)
[12:00:56] [极速订场] 拉活失败(可重试) 第28次: 服务器返回无效数据(可能是崩了)
[12:00:57] [极速订场] 拉活失败(可重试) 第29次: 服务器返回无效数据(可能是崩了)
[12:01:02] [极速订场] 拉活成功，开始递送
[12:01:02] [极速订场] 第一组由 matrix 算出 level=0 items=[{'place': '4', 'time': '20:00'}, {'place': '5', 'time': '20:00'}, {'place': '4', 'time': '21:00'}, {'place': '5', 'time': '21:00'}]
[12:01:02] [极速订场] 首单批次 group=primary (主组) items=[{'place': '4', 'time': '20:00'}, {'place': '4', 'time': '21:00'}, {'place': '5', 'time': '20:00'}, {'place': '5', 'time': '21:00'}]
[12:01:12] [极速订场] 首单 第1次提交 action=continue_delivery items=[{'place': '4', 'time': '20:00'}, {'place': '4', 'time': '21:00'}, {'place': '5', 'time': '20:00'}, {'place': '5', 'time': '21:00'}]
[12:01:11] [极速订场] refill get_matrix 失败: 服务器返回无效数据(可能是崩了)，0.35s 后重试
[12:01:12] [极速订场] refill get_matrix 失败: 服务器返回无效数据(可能是崩了)，0.35s 后重试
[12:01:12] [极速订场] refill get_matrix 失败: 服务器返回无效数据(可能是崩了)，0.35s 后重试
[12:01:12] [极速订场] refill get_matrix 失败: 服务器返回无效数据(可能是崩了)，0.35s 后重试
[12:01:15] [极速订场] refill 矩阵完成 fetch_n=5 wall=12:01:11.183 elapsed_ms=1903
[12:01:15] [极速订场] refill 分层求解 tier=连号满 used_need={'20:00': 2, '21:00': 2} 原缺口={'20:00': 2, '21:00': 2}
[12:01:16] [极速订场] refill POST发送 wall=12:01:11.580 campaign_ms=81534 items=[{'place': '4', 'time': '20:00'}, {'place': '4', 'time': '21:00'}, {'place': '5', 'time': '20:00'}, {'place': '5', 'time': '21:00'}]
[12:01:26] [极速订场] refill 第2次提交 action=continue_delivery items=[{'place': '4', 'time': '20:00'}, {'place': '4', 'time': '21:00'}, {'place': '5', 'time': '20:00'}, {'place': '5', 'time': '21:00'}]
[12:01:33] [极速订场] refill 矩阵完成 fetch_n=6 wall=12:01:27.580 elapsed_ms=5192
[12:01:33] [极速订场] refill 分层求解 tier=连号满 used_need={'20:00': 2, '21:00': 2} 原缺口={'20:00': 2, '21:00': 2}
[12:01:33] [极速订场] refill POST发送 wall=12:01:27.585 campaign_ms=97539 items=[{'place': '4', 'time': '20:00'}, {'place': '4', 'time': '21:00'}, {'place': '5', 'time': '20:00'}, {'place': '5', 'time': '21:00'}]
[12:01:43] [极速订场] refill 第3次提交 action=continue_delivery items=[{'place': '4', 'time': '20:00'}, {'place': '4', 'time': '21:00'}, {'place': '5', 'time': '20:00'}, {'place': '5', 'time': '21:00'}]
[12:01:52] [极速订场] refill 矩阵完成 fetch_n=7 wall=12:01:45.479 elapsed_ms=7082
[12:01:52] [极速订场] refill 分层求解 tier=连号满 used_need={'20:00': 2, '21:00': 2} 原缺口={'20:00': 2, '21:00': 2}
[12:01:52] [极速订场] refill POST发送 wall=12:01:45.483 campaign_ms=115437 items=[{'place': '4', 'time': '20:00'}, {'place': '4', 'time': '21:00'}, {'place': '5', 'time': '20:00'}, {'place': '5', 'time': '21:00'}]
[12:02:02] [极速订场] refill 第4次提交 action=continue_delivery items=[{'place': '4', 'time': '20:00'}, {'place': '4', 'time': '21:00'}, {'place': '5', 'time': '20:00'}, {'place': '5', 'time': '21:00'}]
[12:02:07] [极速订场] refill 矩阵完成 fetch_n=8 wall=12:02:01.580 elapsed_ms=5282
[12:02:07] [极速订场] refill 分层求解 tier=散号满 used_need={'20:00': 2, '21:00': 2} 原缺口={'20:00': 2, '21:00': 2}
[12:02:07] [极速订场] refill POST发送 wall=12:02:01.585 campaign_ms=131539 items=[{'place': '5', 'time': '20:00'}, {'place': '5', 'time': '21:00'}, {'place': '10', 'time': '20:00'}, {'place': '4', 'time': '21:00'}]
[12:02:17] [极速订场] refill 第5次提交 action=continue_delivery items=[{'place': '5', 'time': '20:00'}, {'place': '5', 'time': '21:00'}, {'place': '10', 'time': '20:00'}, {'place': '4', 'time': '21:00'}]
[12:02:16] [极速订场] refill get_matrix 失败: 服务器返回无效数据(可能是崩了)，0.35s 后重试
[12:02:16] [极速订场] refill get_matrix 失败: 服务器返回无效数据(可能是崩了)，0.35s 后重试
[12:02:17] [极速订场] refill get_matrix 失败: 服务器返回无效数据(可能是崩了)，0.35s 后重试
[12:02:17] [极速订场] refill get_matrix 失败: 服务器返回无效数据(可能是崩了)，0.35s 后重试
[12:02:18] [极速订场] refill get_matrix 失败: 服务器返回无效数据(可能是崩了)，0.35s 后重试
[12:02:18] [极速订场] refill get_matrix 失败: 服务器返回无效数据(可能是崩了)，0.35s 后重试
[12:02:18] [极速订场] refill get_matrix 失败: 服务器返回无效数据(可能是崩了)，0.35s 后重试
[12:02:19] [极速订场] refill get_matrix 失败: 服务器返回无效数据(可能是崩了)，0.35s 后重试
[12:02:19] [极速订场] refill get_matrix 失败: 服务器返回无效数据(可能是崩了)，0.35s 后重试
[12:02:20] [极速订场] refill get_matrix 失败: 服务器返回无效数据(可能是崩了)，0.35s 后重试
[12:02:20] [极速订场] refill get_matrix 失败: 服务器返回无效数据(可能是崩了)，0.35s 后重试
[12:02:20] [极速订场] refill get_matrix 失败: 服务器返回无效数据(可能是崩了)，0.35s 后重试
[12:02:21] [极速订场] refill get_matrix 失败: 服务器返回无效数据(可能是崩了)，0.35s 后重试
[12:02:21] [极速订场] refill get_matrix 失败: 服务器返回无效数据(可能是崩了)，0.35s 后重试
[12:02:22] [极速订场] refill get_matrix 失败: 服务器返回无效数据(可能是崩了)，0.35s 后重试
[12:02:22] [极速订场] refill get_matrix 失败: 服务器返回无效数据(可能是崩了)，0.35s 后重试
[12:02:22] [极速订场] refill get_matrix 失败: 服务器返回无效数据(可能是崩了)，0.35s 后重试
[12:02:23] [极速订场] refill get_matrix 失败: 服务器返回无效数据(可能是崩了)，0.35s 后重试
[12:02:23] [极速订场] refill get_matrix 失败: 服务器返回无效数据(可能是崩了)，0.35s 后重试
[12:02:24] [极速订场] refill get_matrix 失败: 服务器返回无效数据(可能是崩了)，0.35s 后重试
[12:02:24] [极速订场] refill get_matrix 失败: 服务器返回无效数据(可能是崩了)，0.35s 后重试
[12:02:24] [极速订场] refill get_matrix 失败: 服务器返回无效数据(可能是崩了)，0.35s 后重试
[12:02:25] [极速订场] refill get_matrix 失败: 服务器返回无效数据(可能是崩了)，0.35s 后重试
[12:02:25] [极速订场] refill get_matrix 失败: 服务器返回无效数据(可能是崩了)，0.35s 后重试
[12:02:26] [极速订场] refill get_matrix 失败: 服务器返回无效数据(可能是崩了)，0.35s 后重试
[12:02:27] [极速订场] refill 矩阵完成 fetch_n=34 wall=12:02:23.681 elapsed_ms=1237
[12:02:27] [极速订场] refill 分层求解 tier=散号满 used_need={'20:00': 2, '21:00': 2} 原缺口={'20:00': 2, '21:00': 2}
[12:02:27] [极速订场] refill POST发送 wall=12:02:23.684 campaign_ms=153639 items=[{'place': '4', 'time': '21:00'}, {'place': '5', 'time': '21:00'}]
[12:02:27] [极速订场] refill 第6次提交 action=continue_delivery items=[{'place': '4', 'time': '21:00'}, {'place': '5', 'time': '21:00'}]
[12:02:28] [极速订场] refill get_matrix 失败: 服务器返回无效数据(可能是崩了)，0.35s 后重试
[12:02:28] [极速订场] refill get_matrix 失败: 服务器返回无效数据(可能是崩了)，0.35s 后重试
[12:02:29] [极速订场] refill get_matrix 失败: 服务器返回无效数据(可能是崩了)，0.35s 后重试
[12:02:30] [极速订场] refill 矩阵完成 fetch_n=38 wall=12:02:26.959 elapsed_ms=1287
[12:02:30] [极速订场] refill 分层求解 tier=散号满 used_need={'20:00': 2, '21:00': 2} 原缺口={'20:00': 2, '21:00': 2}
[12:02:31] [极速订场] refill POST发送 wall=12:02:27.698 campaign_ms=157653 items=[{'place': '4', 'time': '21:00'}, {'place': '5', 'time': '21:00'}]
[12:02:41] [极速订场] refill 第7次提交 action=continue_delivery items=[{'place': '4', 'time': '21:00'}, {'place': '5', 'time': '21:00'}]
[12:02:46] [极速订场] refill 矩阵完成 fetch_n=39 wall=12:02:41.904 elapsed_ms=3388
[12:02:46] [极速订场] refill 分层求解 tier=散号满 used_need={'20:00': 2, '21:00': 2} 原缺口={'20:00': 2, '21:00': 2}
[12:02:46] [极速订场] refill POST发送 wall=12:02:41.906 campaign_ms=171861 items=[{'place': '4', 'time': '21:00'}, {'place': '5', 'time': '21:00'}]
[12:02:56] [极速订场] refill 第8次提交 action=continue_delivery items=[{'place': '4', 'time': '21:00'}, {'place': '5', 'time': '21:00'}]
[12:03:00] [极速订场] refill 矩阵完成 fetch_n=40 wall=12:02:55.831 elapsed_ms=3101
[12:03:00] [极速订场] refill 分层求解 tier=散号满 used_need={'20:00': 2, '21:00': 2} 原缺口={'20:00': 2, '21:00': 2}
[12:03:00] [极速订场] refill POST发送 wall=12:02:55.929 campaign_ms=185883 items=[{'place': '4', 'time': '21:00'}, {'place': '5', 'time': '21:00'}]
[12:03:10] [极速订场] refill 第9次提交 action=continue_delivery items=[{'place': '4', 'time': '21:00'}, {'place': '5', 'time': '21:00'}]
[12:03:13] [极速订场] refill 矩阵完成 fetch_n=41 wall=12:03:08.865 elapsed_ms=2115
[12:03:13] [极速订场] refill 分层求解 tier=散号满 used_need={'20:00': 2, '21:00': 2} 原缺口={'20:00': 2, '21:00': 2}
[12:03:14] [极速订场] refill POST发送 wall=12:03:09.949 campaign_ms=199903 items=[{'place': '4', 'time': '21:00'}, {'place': '6', 'time': '21:00'}]
[12:03:13] [极速订场] refill 第10次提交 action=continue_delivery items=[{'place': '4', 'time': '21:00'}, {'place': '6', 'time': '21:00'}]
[12:03:14] [极速订场] refill get_matrix 失败: 服务器返回无效数据(可能是崩了)，0.35s 后重试
[12:03:15] [极速订场] refill get_matrix 失败: 服务器返回无效数据(可能是崩了)，0.35s 后重试
[12:03:15] [极速订场] refill get_matrix 失败: 服务器返回无效数据(可能是崩了)，0.35s 后重试
[12:03:16] [极速订场] refill get_matrix 失败: 服务器返回无效数据(可能是崩了)，0.35s 后重试
[12:03:16] [极速订场] refill get_matrix 失败: 服务器返回无效数据(可能是崩了)，0.35s 后重试
[12:03:16] [极速订场] refill get_matrix 失败: 服务器返回无效数据(可能是崩了)，0.35s 后重试
[12:03:17] [极速订场] refill get_matrix 失败: 服务器返回无效数据(可能是崩了)，0.35s 后重试
[12:03:17] [极速订场] refill get_matrix 失败: 服务器返回无效数据(可能是崩了)，0.35s 后重试
[12:03:18] [极速订场] refill get_matrix 失败: 服务器返回无效数据(可能是崩了)，0.35s 后重试
[12:03:18] [极速订场] refill get_matrix 失败: 服务器返回无效数据(可能是崩了)，0.35s 后重试
[12:03:18] [极速订场] refill get_matrix 失败: 服务器返回无效数据(可能是崩了)，0.35s 后重试
[12:03:19] [极速订场] refill get_matrix 失败: 服务器返回无效数据(可能是崩了)，0.35s 后重试
[12:03:19] [极速订场] refill get_matrix 失败: 服务器返回无效数据(可能是崩了)，0.35s 后重试
[12:03:19] [极速订场] refill get_matrix 失败: 服务器返回无效数据(可能是崩了)，0.35s 后重试
[12:03:20] [极速订场] refill get_matrix 失败: 服务器返回无效数据(可能是崩了)，0.35s 后重试
[12:03:20] [极速订场] refill get_matrix 失败: 服务器返回无效数据(可能是崩了)，0.35s 后重试
[12:03:21] [极速订场] refill get_matrix 失败: 服务器返回无效数据(可能是崩了)，0.35s 后重试
[12:03:21] [极速订场] refill get_matrix 失败: 服务器返回无效数据(可能是崩了)，0.35s 后重试
[12:03:21] [极速订场] refill get_matrix 失败: 服务器返回无效数据(可能是崩了)，0.35s 后重试
[12:03:24] [极速订场] refill 矩阵完成 fetch_n=61 wall=12:03:20.302 elapsed_ms=1901
[12:03:24] [极速订场] refill 分层求解 tier=散号满 used_need={'20:00': 2, '21:00': 2} 原缺口={'20:00': 2, '21:00': 2}
[12:03:24] [极速订场] refill POST发送 wall=12:03:20.303 campaign_ms=210258 items=[{'place': '7', 'time': '21:00'}, {'place': '2', 'time': '21:00'}]
[12:03:25] [极速订场] refill 第11次提交 action=switch_backup items=[{'place': '7', 'time': '21:00'}, {'place': '2', 'time': '21:00'}]
[12:03:25] [极速订场] refill 业务可重试/冲突类响应，下轮重拉矩阵: '预定失败,请返回重新选择日期'
[12:03:27] [极速订场] refill 矩阵完成 fetch_n=62 wall=12:03:23.178 elapsed_ms=1850
[12:03:27] [极速订场] refill 分层求解 tier=散号满 used_need={'20:00': 2, '21:00': 2} 原缺口={'20:00': 2, '21:00': 2}
[12:03:30] [极速订场] refill POST发送 wall=12:03:25.326 campaign_ms=215280 items=[{'place': '7', 'time': '21:00'}]
[12:03:33] [极速订场] refill 第12次提交 action=switch_backup items=[{'place': '7', 'time': '21:00'}]
[12:03:33] [极速订场] refill 业务可重试/冲突类响应，下轮重拉矩阵: '预定失败,请返回重新选择日期'
[12:03:33] [极速订场] refill 矩阵完成 fetch_n=63 wall=12:03:30.067 elapsed_ms=1632
[12:03:33] [极速订场] refill 本轮无满足约束候选，缺口={'20:00': 2, '21:00': 2}，短等待后重拉
[12:03:37] [极速订场] refill 矩阵完成 fetch_n=64 wall=12:03:32.598 elapsed_ms=2177
[12:03:37] [极速订场] refill 本轮无满足约束候选，缺口={'20:00': 2, '21:00': 2}，短等待后重拉
[12:03:40] [极速订场] refill 矩阵完成 fetch_n=65 wall=12:03:35.875 elapsed_ms=2923
[12:03:40] [极速订场] refill 本轮无满足约束候选，缺口={'20:00': 2, '21:00': 2}，短等待后重拉
[12:03:43] [极速订场] refill 矩阵完成 fetch_n=66 wall=12:03:38.334 elapsed_ms=2106
[12:03:43] [极速订场] refill 本轮无满足约束候选，缺口={'20:00': 2, '21:00': 2}，短等待后重拉
[12:03:46] [极速订场] refill 矩阵完成 fetch_n=67 wall=12:03:41.201 elapsed_ms=2513
[12:03:46] [极速订场] refill 本轮无满足约束候选，缺口={'20:00': 2, '21:00': 2}，短等待后重拉
[12:03:49] [极速订场] refill 矩阵完成 fetch_n=68 wall=12:03:44.885 elapsed_ms=3331
[12:03:49] [极速订场] refill 本轮无满足约束候选，缺口={'20:00': 2, '21:00': 2}，短等待后重拉
[12:03:52] [极速订场] refill 矩阵完成 fetch_n=69 wall=12:03:47.854 elapsed_ms=2617
[12:03:52] [极速订场] refill 本轮无满足约束候选，缺口={'20:00': 2, '21:00': 2}，短等待后重拉
[12:03:55] [极速订场] refill 矩阵完成 fetch_n=70 wall=12:03:50.928 elapsed_ms=2722
[12:03:55] [极速订场] refill 本轮无满足约束候选，缺口={'20:00': 2, '21:00': 2}，短等待后重拉
[12:04:00] [极速订场] refill 矩阵完成 fetch_n=71 wall=12:03:55.129 elapsed_ms=3847
[12:04:00] [极速订场] refill 本轮无满足约束候选，缺口={'20:00': 2, '21:00': 2}，短等待后重拉
[12:04:05] [极速订场] refill 矩阵完成 fetch_n=72 wall=12:03:59.542 elapsed_ms=4060
[12:04:05] [极速订场] refill 本轮无满足约束候选，缺口={'20:00': 2, '21:00': 2}，短等待后重拉
[12:04:08] [极速订场] refill 矩阵完成 fetch_n=73 wall=12:04:03.824 elapsed_ms=3928
[12:04:08] [极速订场] refill 本轮无满足约束候选，缺口={'20:00': 2, '21:00': 2}，短等待后重拉
[12:04:11] [极速订场] refill 矩阵完成 fetch_n=74 wall=12:04:06.720 elapsed_ms=2542
[12:04:11] [极速订场] refill 本轮无满足约束候选，缺口={'20:00': 2, '21:00': 2}，短等待后重拉
[12:04:12] [极速订场] refill 矩阵完成 fetch_n=75 wall=12:04:08.774 elapsed_ms=1701
[12:04:12] [极速订场] refill 本轮无满足约束候选，缺口={'20:00': 2, '21:00': 2}，短等待后重拉
[12:04:16] [极速订场] refill 矩阵完成 fetch_n=76 wall=12:04:11.308 elapsed_ms=2176
[12:04:16] [极速订场] refill 本轮无满足约束候选，缺口={'20:00': 2, '21:00': 2}，短等待后重拉
[12:04:17] [极速订场] refill 矩阵完成 fetch_n=77 wall=12:04:13.561 elapsed_ms=1900
[12:04:17] [极速订场] refill 本轮无满足约束候选，缺口={'20:00': 2, '21:00': 2}，短等待后重拉
[12:04:19] [极速订场] refill 矩阵完成 fetch_n=78 wall=12:04:15.509 elapsed_ms=1596
[12:04:19] [极速订场] refill 本轮无满足约束候选，缺口={'20:00': 2, '21:00': 2}，短等待后重拉
[12:04:22] [极速订场] refill 矩阵完成 fetch_n=79 wall=12:04:17.961 elapsed_ms=2100
[12:04:22] [极速订场] refill 本轮无满足约束候选，缺口={'20:00': 2, '21:00': 2}，短等待后重拉
[12:04:25] [极速订场] refill 矩阵完成 fetch_n=80 wall=12:04:20.333 elapsed_ms=2020
[12:04:25] [极速订场] refill 本轮无满足约束候选，缺口={'20:00': 2, '21:00': 2}，短等待后重拉
[12:04:26] [极速订场] refill 矩阵完成 fetch_n=81 wall=12:04:22.673 elapsed_ms=1988
[12:04:26] [极速订场] refill 本轮无满足约束候选，缺口={'20:00': 2, '21:00': 2}，短等待后重拉
[12:04:30] [极速订场] refill 矩阵完成 fetch_n=82 wall=12:04:25.434 elapsed_ms=2407
[12:04:30] [极速订场] refill 本轮无满足约束候选，缺口={'20:00': 2, '21:00': 2}，短等待后重拉
[12:04:31] [极速订场] refill 矩阵完成 fetch_n=83 wall=12:04:27.283 elapsed_ms=1497
[12:04:31] [极速订场] refill 本轮无满足约束候选，缺口={'20:00': 2, '21:00': 2}，短等待后重拉
[12:04:33] [极速订场] refill 矩阵完成 fetch_n=84 wall=12:04:29.447 elapsed_ms=1809
[12:04:33] [极速订场] refill 本轮无满足约束候选，缺口={'20:00': 2, '21:00': 2}，短等待后重拉
[12:04:35] [极速订场] refill 矩阵完成 fetch_n=85 wall=12:04:31.422 elapsed_ms=1623
[12:04:35] [极速订场] refill 本轮无满足约束候选，缺口={'20:00': 2, '21:00': 2}，短等待后重拉
[12:04:36] [极速订场] refill 矩阵完成 fetch_n=86 wall=12:04:32.707 elapsed_ms=933
[12:04:36] [极速订场] refill 本轮无满足约束候选，缺口={'20:00': 2, '21:00': 2}，短等待后重拉
[12:04:38] [极速订场] refill 矩阵完成 fetch_n=87 wall=12:04:34.360 elapsed_ms=1300
[12:04:38] [极速订场] refill 本轮无满足约束候选，缺口={'20:00': 2, '21:00': 2}，短等待后重拉
[12:04:39] [极速订场] refill 矩阵完成 fetch_n=88 wall=12:04:36.086 elapsed_ms=1373
[12:04:39] [极速订场] refill 本轮无满足约束候选，缺口={'20:00': 2, '21:00': 2}，短等待后重拉
[12:04:41] [极速订场] refill 矩阵完成 fetch_n=89 wall=12:04:37.671 elapsed_ms=1232
[12:04:41] [极速订场] refill 本轮无满足约束候选，缺口={'20:00': 2, '21:00': 2}，短等待后重拉
[12:04:42] [极速订场] refill 矩阵完成 fetch_n=90 wall=12:04:38.851 elapsed_ms=826
[12:04:42] [极速订场] refill 本轮无满足约束候选，缺口={'20:00': 2, '21:00': 2}，短等待后重拉
[12:04:44] [极速订场] refill 矩阵完成 fetch_n=91 wall=12:04:41.005 elapsed_ms=1801
[12:04:44] [极速订场] refill 本轮无满足约束候选，缺口={'20:00': 2, '21:00': 2}，短等待后重拉
[12:04:47] [极速订场] refill 矩阵完成 fetch_n=92 wall=12:04:43.152 elapsed_ms=1794
[12:04:47] [极速订场] refill 本轮无满足约束候选，缺口={'20:00': 2, '21:00': 2}，短等待后重拉
[12:04:50] [极速订场] refill 矩阵完成 fetch_n=93 wall=12:04:45.609 elapsed_ms=2104
[12:04:50] [极速订场] refill 本轮无满足约束候选，缺口={'20:00': 2, '21:00': 2}，短等待后重拉
[12:04:53] [极速订场] refill 矩阵完成 fetch_n=94 wall=12:04:48.271 elapsed_ms=2309
[12:04:53] [极速订场] refill 本轮无满足约束候选，缺口={'20:00': 2, '21:00': 2}，短等待后重拉
[12:04:54] [极速订场] refill 矩阵完成 fetch_n=95 wall=12:04:50.549 elapsed_ms=1926
[12:04:54] [极速订场] refill 本轮无满足约束候选，缺口={'20:00': 2, '21:00': 2}，短等待后重拉
[12:04:56] [极速订场] refill 矩阵完成 fetch_n=96 wall=12:04:52.879 elapsed_ms=1976
[12:04:56] [极速订场] refill 本轮无满足约束候选，缺口={'20:00': 2, '21:00': 2}，短等待后重拉
[12:05:00] [极速订场] refill 矩阵完成 fetch_n=97 wall=12:04:55.275 elapsed_ms=2044
[12:05:00] [极速订场] refill 本轮无满足约束候选，缺口={'20:00': 2, '21:00': 2}，短等待后重拉
[12:05:01] [极速订场] refill 矩阵完成 fetch_n=98 wall=12:04:57.490 elapsed_ms=1860
[12:05:01] [极速订场] refill 本轮无满足约束候选，缺口={'20:00': 2, '21:00': 2}，短等待后重拉
[12:05:05] [极速订场] refill 矩阵完成 fetch_n=99 wall=12:05:00.593 elapsed_ms=2750
[12:05:05] [极速订场] refill 本轮无满足约束候选，缺口={'20:00': 2, '21:00': 2}，短等待后重拉
[12:05:08] [极速订场] refill 矩阵完成 fetch_n=100 wall=12:05:03.665 elapsed_ms=2718
[12:05:08] [极速订场] refill 本轮无满足约束候选，缺口={'20:00': 2, '21:00': 2}，短等待后重拉
[12:05:11] [极速订场] refill 矩阵完成 fetch_n=101 wall=12:05:06.628 elapsed_ms=2609
[12:05:11] [极速订场] refill 本轮无满足约束候选，缺口={'20:00': 2, '21:00': 2}，短等待后重拉
[12:05:14] [极速订场] refill 矩阵完成 fetch_n=102 wall=12:05:09.883 elapsed_ms=2902
[12:05:14] [极速订场] refill 本轮无满足约束候选，缺口={'20:00': 2, '21:00': 2}，短等待后重拉
[12:05:17] [极速订场] refill 矩阵完成 fetch_n=103 wall=12:05:12.864 elapsed_ms=2627
[12:05:17] [极速订场] refill 本轮无满足约束候选，缺口={'20:00': 2, '21:00': 2}，短等待后重拉
[12:05:20] [极速订场] refill 矩阵完成 fetch_n=104 wall=12:05:15.538 elapsed_ms=2322
[12:05:20] [极速订场] refill 本轮无满足约束候选，缺口={'20:00': 2, '21:00': 2}，短等待后重拉
[12:05:22] [极速订场] refill 矩阵完成 fetch_n=105 wall=12:05:17.914 elapsed_ms=2022
[12:05:22] [极速订场] refill 本轮无满足约束候选，缺口={'20:00': 2, '21:00': 2}，短等待后重拉
[12:05:24] [极速订场] refill 矩阵完成 fetch_n=106 wall=12:05:20.247 elapsed_ms=1980
[12:05:24] [极速订场] refill 本轮无满足约束候选，缺口={'20:00': 2, '21:00': 2}，短等待后重拉
[12:05:26] [极速订场] refill 矩阵完成 fetch_n=107 wall=12:05:22.474 elapsed_ms=1874
[12:05:26] [极速订场] refill 本轮无满足约束候选，缺口={'20:00': 2, '21:00': 2}，短等待后重拉
[12:05:30] [极速订场] refill 矩阵完成 fetch_n=108 wall=12:05:25.241 elapsed_ms=2414
[12:05:30] [极速订场] refill 本轮无满足约束候选，缺口={'20:00': 2, '21:00': 2}，短等待后重拉
[12:05:33] [极速订场] refill 矩阵完成 fetch_n=109 wall=12:05:28.446 elapsed_ms=2850
[12:05:33] [极速订场] refill 本轮无满足约束候选，缺口={'20:00': 2, '21:00': 2}，短等待后重拉
[12:05:36] [极速订场] refill 矩阵完成 fetch_n=110 wall=12:05:31.581 elapsed_ms=2782
[12:05:36] [极速订场] refill 本轮无满足约束候选，缺口={'20:00': 2, '21:00': 2}，短等待后重拉
[12:05:39] [极速订场] refill 矩阵完成 fetch_n=111 wall=12:05:34.346 elapsed_ms=2413
[12:05:39] [极速订场] refill 本轮无满足约束候选，缺口={'20:00': 2, '21:00': 2}，短等待后重拉
[12:05:40] [极速订场] refill 矩阵完成 fetch_n=112 wall=12:05:36.542 elapsed_ms=1842
[12:05:40] [极速订场] refill 本轮无满足约束候选，缺口={'20:00': 2, '21:00': 2}，短等待后重拉
[12:05:43] [极速订场] refill 矩阵完成 fetch_n=113 wall=12:05:39.002 elapsed_ms=2107
[12:05:43] [极速订场] refill 本轮无满足约束候选，缺口={'20:00': 2, '21:00': 2}，短等待后重拉
[12:05:47] [极速订场] refill 矩阵完成 fetch_n=114 wall=12:05:42.182 elapsed_ms=2827
[12:05:47] [极速订场] refill 本轮无满足约束候选，缺口={'20:00': 2, '21:00': 2}，短等待后重拉
[12:05:49] [极速订场] refill 矩阵完成 fetch_n=115 wall=12:05:44.949 elapsed_ms=2414
[12:05:49] [极速订场] refill 本轮无满足约束候选，缺口={'20:00': 2, '21:00': 2}，短等待后重拉
[12:05:52] [极速订场] refill 矩阵完成 fetch_n=116 wall=12:05:47.873 elapsed_ms=2571
[12:05:52] [极速订场] refill 本轮无满足约束候选，缺口={'20:00': 2, '21:00': 2}，短等待后重拉
[12:05:55] [极速订场] refill 矩阵完成 fetch_n=117 wall=12:05:50.985 elapsed_ms=2758
[12:05:55] [极速订场] refill 本轮无满足约束候选，缺口={'20:00': 2, '21:00': 2}，短等待后重拉
[12:05:59] [极速订场] refill 矩阵完成 fetch_n=118 wall=12:05:54.436 elapsed_ms=3097
[12:05:59] [极速订场] refill 本轮无满足约束候选，缺口={'20:00': 2, '21:00': 2}，短等待后重拉
[12:06:00] [极速订场] refill 矩阵完成 fetch_n=119 wall=12:05:56.780 elapsed_ms=1991
[12:06:00] [极速订场] refill 本轮无满足约束候选，缺口={'20:00': 2, '21:00': 2}，短等待后重拉
[12:06:04] [极速订场] refill 矩阵完成 fetch_n=120 wall=12:05:59.238 elapsed_ms=2104
[12:06:04] [极速订场] refill 本轮无满足约束候选，缺口={'20:00': 2, '21:00': 2}，短等待后重拉
[12:06:06] [极速订场] refill 矩阵完成 fetch_n=121 wall=12:06:01.931 elapsed_ms=2339
[12:06:06] [极速订场] refill 本轮无满足约束候选，缺口={'20:00': 2, '21:00': 2}，短等待后重拉
[12:06:10] [极速订场] refill 矩阵完成 fetch_n=122 wall=12:06:05.179 elapsed_ms=2896
[12:06:10] [极速订场] refill 本轮无满足约束候选，缺口={'20:00': 2, '21:00': 2}，短等待后重拉
[12:06:12] [极速订场] refill 矩阵完成 fetch_n=123 wall=12:06:07.532 elapsed_ms=1999
[12:06:12] [极速订场] refill 本轮无满足约束候选，缺口={'20:00': 2, '21:00': 2}，短等待后重拉
[12:06:14] [极速订场] refill 矩阵完成 fetch_n=124 wall=12:06:09.915 elapsed_ms=2029
[12:06:14] [极速订场] refill 本轮无满足约束候选，缺口={'20:00': 2, '21:00': 2}，短等待后重拉
[12:06:16] [极速订场] refill 矩阵完成 fetch_n=125 wall=12:06:12.247 elapsed_ms=1978
[12:06:16] [极速订场] refill 本轮无满足约束候选，缺口={'20:00': 2, '21:00': 2}，短等待后重拉
[12:06:18] [极速订场] refill 矩阵完成 fetch_n=126 wall=12:06:14.401 elapsed_ms=1800
[12:06:18] [极速订场] refill 本轮无满足约束候选，缺口={'20:00': 2, '21:00': 2}，短等待后重拉
[13:08:54] 🧩 [refill#1772093525261|auto] 开始执行: date=2026-04-01, target_count=2, times=['20:00', '21:00'], places=14
[13:09:02] 🙈 [refill#1772093525261|auto] 当前无可补订组合，缺口: {'20:00': 2, '21:00': 2}
[13:09:12] 🧩 [refill#1772093525261|auto] 开始执行: date=2026-04-01, target_count=2, times=['20:00', '21:00'], places=14
[13:09:14] 🙈 [refill#1772093525261|auto] 当前无可补订组合，缺口: {'20:00': 2, '21:00': 2}
[13:09:23] 🧩 [refill#1772093525261|auto] 开始执行: date=2026-04-01, target_count=2, times=['20:00', '21:00'], places=14
[13:09:23] 🙈 [refill#1772093525261|auto] 当前无可补订组合，缺口: {'20:00': 2, '21:00': 2}
[13:09:33] 🧩 [refill#1772093525261|auto] 开始执行: date=2026-04-01, target_count=2, times=['20:00', '21:00'], places=14
[13:09:35] 🙈 [refill#1772093525261|auto] 当前无可补订组合，缺口: {'20:00': 2, '21:00': 2}
[13:09:44] 🧩 [refill#1772093525261|auto] 开始执行: date=2026-04-01, target_count=2, times=['20:00', '21:00'], places=14
[13:09:46] 🙈 [refill#1772093525261|auto] 当前无可补订组合，缺口: {'20:00': 2, '21:00': 2}
[13:09:55] 🧩 [refill#1772093525261|auto] 开始执行: date=2026-04-01, target_count=2, times=['20:00', '21:00'], places=14
[13:09:57] 🙈 [refill#1772093525261|auto] 当前无可补订组合，缺口: {'20:00': 2, '21:00': 2}
[13:10:07] 🧩 [refill#1772093525261|auto] 开始执行: date=2026-04-01, target_count=2, times=['20:00', '21:00'], places=14
[13:10:09] 🙈 [refill#1772093525261|auto] 当前无可补订组合，缺口: {'20:00': 2, '21:00': 2}
[13:10:19] 🧩 [refill#1772093525261|auto] 开始执行: date=2026-04-01, target_count=2, times=['20:00', '21:00'], places=14
[13:10:22] 🙈 [refill#1772093525261|auto] 当前无可补订组合，缺口: {'20:00': 2, '21:00': 2}
[13:10:31] 🧩 [refill#1772093525261|auto] 开始执行: date=2026-04-01, target_count=2, times=['20:00', '21:00'], places=14
[13:10:32] 🙈 [refill#1772093525261|auto] 当前无可补订组合，缺口: {'20:00': 2, '21:00': 2}
[13:10:42] 🧩 [refill#1772093525261|auto] 开始执行: date=2026-04-01, target_count=2, times=['20:00', '21:00'], places=14
[13:10:43] 🙈 [refill#1772093525261|auto] 当前无可补订组合，缺口: {'20:00': 2, '21:00': 2}
[13:10:52] 🧩 [refill#1772093525261|auto] 开始执行: date=2026-04-01, target_count=2, times=['20:00', '21:00'], places=14
[13:10:56] 🙈 [refill#1772093525261|auto] 当前无可补订组合，缺口: {'20:00': 2, '21:00': 2}
[13:11:05] 🧩 [refill#1772093525261|auto] 开始执行: date=2026-04-01, target_count=2, times=['20:00', '21:00'], places=14
[13:11:05] 🙈 [refill#1772093525261|auto] 当前无可补订组合，缺口: {'20:00': 2, '21:00': 2}
[13:11:16] 🧩 [refill#1772093525261|auto] 开始执行: date=2026-04-01, target_count=2, times=['20:00', '21:00'], places=14
[13:11:18] 🙈 [refill#1772093525261|auto] 当前无可补订组合，缺口: {'20:00': 2, '21:00': 2}
[13:11:28] 🧩 [refill#1772093525261|auto] 开始执行: date=2026-04-01, target_count=2, times=['20:00', '21:00'], places=14
[13:11:30] 🙈 [refill#1772093525261|auto] 当前无可补订组合，缺口: {'20:00': 2, '21:00': 2}
[13:11:40] 🧩 [refill#1772093525261|auto] 开始执行: date=2026-04-01, target_count=2, times=['20:00', '21:00'], places=14
[13:11:42] 🙈 [refill#1772093525261|auto] 当前无可补订组合，缺口: {'20:00': 2, '21:00': 2}
[13:11:52] 🧩 [refill#1772093525261|auto] 开始执行: date=2026-04-01, target_count=2, times=['20:00', '21:00'], places=14
[13:11:53] 🙈 [refill#1772093525261|auto] 当前无可补订组合，缺口: {'20:00': 2, '21:00': 2}
[13:12:02] 🧩 [refill#1772093525261|auto] 开始执行: date=2026-04-01, target_count=2, times=['20:00', '21:00'], places=14
[13:12:04] 🙈 [refill#1772093525261|auto] 当前无可补订组合，缺口: {'20:00': 2, '21:00': 2}
[13:12:13] 🧩 [refill#1772093525261|auto] 开始执行: date=2026-04-01, target_count=2, times=['20:00', '21:00'], places=14
[13:12:15] 🙈 [refill#1772093525261|auto] 当前无可补订组合，缺口: {'20:00': 2, '21:00': 2}
[13:12:24] 🧩 [refill#1772093525261|auto] 开始执行: date=2026-04-01, target_count=2, times=['20:00', '21:00'], places=14
[13:12:26] 🙈 [refill#1772093525261|auto] 当前无可补订组合，缺口: {'20:00': 2, '21:00': 2}
[13:12:35] 🧩 [refill#1772093525261|auto] 开始执行: date=2026-04-01, target_count=2, times=['20:00', '21:00'], places=14
[13:12:37] 🙈 [refill#1772093525261|auto] 当前无可补订组合，缺口: {'20:00': 2, '21:00': 2}
[13:12:47] 🧩 [refill#1772093525261|auto] 开始执行: date=2026-04-01, target_count=2, times=['20:00', '21:00'], places=14
[13:12:48] 🙈 [refill#1772093525261|auto] 当前无可补订组合，缺口: {'20:00': 2, '21:00': 2}
[13:12:58] 🧩 [refill#1772093525261|auto] 开始执行: date=2026-04-01, target_count=2, times=['20:00', '21:00'], places=14
[13:13:01] 🙈 [refill#1772093525261|auto] 当前无可补订组合，缺口: {'20:00': 2, '21:00': 2}
[13:13:09] 🧩 [refill#1772093525261|auto] 开始执行: date=2026-04-01, target_count=2, times=['20:00', '21:00'], places=14
[13:13:11] 🙈 [refill#1772093525261|auto] 当前无可补订组合，缺口: {'20:00': 2, '21:00': 2}
[13:13:21] 🧩 [refill#1772093525261|auto] 开始执行: date=2026-04-01, target_count=2, times=['20:00', '21:00'], places=14
[13:13:22] 🙈 [refill#1772093525261|auto] 当前无可补订组合，缺口: {'20:00': 2, '21:00': 2}
[13:13:33] 🧩 [refill#1772093525261|auto] 开始执行: date=2026-04-01, target_count=2, times=['20:00', '21:00'], places=14
[13:13:34] 🙈 [refill#1772093525261|auto] 当前无可补订组合，缺口: {'20:00': 2, '21:00': 2}
[13:13:45] 🧩 [refill#1772093525261|auto] 开始执行: date=2026-04-01, target_count=2, times=['20:00', '21:00'], places=14
[13:13:47] 🙈 [refill#1772093525261|auto] 当前无可补订组合，缺口: {'20:00': 2, '21:00': 2}
[13:13:57] 🧩 [refill#1772093525261|auto] 开始执行: date=2026-04-01, target_count=2, times=['20:00', '21:00'], places=14
[13:13:59] 🙈 [refill#1772093525261|auto] 当前无可补订组合，缺口: {'20:00': 2, '21:00': 2}
[13:14:09] 🧩 [refill#1772093525261|auto] 开始执行: date=2026-04-01, target_count=2, times=['20:00', '21:00'], places=14
[13:14:10] 🙈 [refill#1772093525261|auto] 当前无可补订组合，缺口: {'20:00': 2, '21:00': 2}
[13:14:20] 🧩 [refill#1772093525261|auto] 开始执行: date=2026-04-01, target_count=2, times=['20:00', '21:00'], places=14
[13:14:22] 🙈 [refill#1772093525261|auto] 当前无可补订组合，缺口: {'20:00': 2, '21:00': 2}
[13:14:32] 🧩 [refill#1772093525261|auto] 开始执行: date=2026-04-01, target_count=2, times=['20:00', '21:00'], places=14
[13:14:34] 🙈 [refill#1772093525261|auto] 当前无可补订组合，缺口: {'20:00': 2, '21:00': 2}
[13:14:45] 🧩 [refill#1772093525261|auto] 开始执行: date=2026-04-01, target_count=2, times=['20:00', '21:00'], places=14
[13:14:46] 🙈 [refill#1772093525261|auto] 当前无可补订组合，缺口: {'20:00': 2, '21:00': 2}
[13:14:55] 🧩 [refill#1772093525261|auto] 开始执行: date=2026-04-01, target_count=2, times=['20:00', '21:00'], places=14
[13:14:58] 🙈 [refill#1772093525261|auto] 当前无可补订组合，缺口: {'20:00': 2, '21:00': 2}
[13:15:08] 🧩 [refill#1772093525261|auto] 开始执行: date=2026-04-01, target_count=2, times=['20:00', '21:00'], places=14
[13:15:08] 🙈 [refill#1772093525261|auto] 当前无可补订组合，缺口: {'20:00': 2, '21:00': 2}
[13:15:17] 🧩 [refill#1772093525261|auto] 开始执行: date=2026-04-01, target_count=2, times=['20:00', '21:00'], places=14
[13:15:19] 🙈 [refill#1772093525261|auto] 当前无可补订组合，缺口: {'20:00': 2, '21:00': 2}
[13:15:29] 🧩 [refill#1772093525261|auto] 开始执行: date=2026-04-01, target_count=2, times=['20:00', '21:00'], places=14
[13:15:32] 🙈 [refill#1772093525261|auto] 当前无可补订组合，缺口: {'20:00': 2, '21:00': 2}
[13:15:42] 🧩 [refill#1772093525261|auto] 开始执行: date=2026-04-01, target_count=2, times=['20:00', '21:00'], places=14
[13:15:43] 🙈 [refill#1772093525261|auto] 当前无可补订组合，缺口: {'20:00': 2, '21:00': 2}
[13:15:52] 🧩 [refill#1772093525261|auto] 开始执行: date=2026-04-01, target_count=2, times=['20:00', '21:00'], places=14
[13:15:53] 🙈 [refill#1772093525261|auto] 当前无可补订组合，缺口: {'20:00': 2, '21:00': 2}
[13:16:03] 🧩 [refill#1772093525261|auto] 开始执行: date=2026-04-01, target_count=2, times=['20:00', '21:00'], places=14
[13:16:05] 🙈 [refill#1772093525261|auto] 当前无可补订组合，缺口: {'20:00': 2, '21:00': 2}
[13:16:14] 🧩 [refill#1772093525261|auto] 开始执行: date=2026-04-01, target_count=2, times=['20:00', '21:00'], places=14
[13:16:15] 🙈 [refill#1772093525261|auto] 当前无可补订组合，缺口: {'20:00': 2, '21:00': 2}
[13:16:24] 🧩 [refill#1772093525261|auto] 开始执行: date=2026-04-01, target_count=2, times=['20:00', '21:00'], places=14
[13:16:26] 🙈 [refill#1772093525261|auto] 当前无可补订组合，缺口: {'20:00': 2, '21:00': 2}
[13:16:36] 🧩 [refill#1772093525261|auto] 开始执行: date=2026-04-01, target_count=2, times=['20:00', '21:00'], places=14
[13:16:38] 🙈 [refill#1772093525261|auto] 当前无可补订组合，缺口: {'20:00': 2, '21:00': 2}
[13:16:49] 🧩 [refill#1772093525261|auto] 开始执行: date=2026-04-01, target_count=2, times=['20:00', '21:00'], places=14
[13:16:50] 🙈 [refill#1772093525261|auto] 当前无可补订组合，缺口: {'20:00': 2, '21:00': 2}
[13:17:01] 🧩 [refill#1772093525261|auto] 开始执行: date=2026-04-01, target_count=2, times=['20:00', '21:00'], places=14
[13:17:03] 🙈 [refill#1772093525261|auto] 当前无可补订组合，缺口: {'20:00': 2, '21:00': 2}
[13:17:14] 🧩 [refill#1772093525261|auto] 开始执行: date=2026-04-01, target_count=2, times=['20:00', '21:00'], places=14
[13:17:15] 🙈 [refill#1772093525261|auto] 当前无可补订组合，缺口: {'20:00': 2, '21:00': 2}
[13:17:25] 🧩 [refill#1772093525261|auto] 开始执行: date=2026-04-01, target_count=2, times=['20:00', '21:00'], places=14
[13:17:27] 🙈 [refill#1772093525261|auto] 当前无可补订组合，缺口: {'20:00': 2, '21:00': 2}
[13:17:37] 🧩 [refill#1772093525261|auto] 开始执行: date=2026-04-01, target_count=2, times=['20:00', '21:00'], places=14
[13:17:39] 🙈 [refill#1772093525261|auto] 当前无可补订组合，缺口: {'20:00': 2, '21:00': 2}
[13:17:48] 🧩 [refill#1772093525261|auto] 开始执行: date=2026-04-01, target_count=2, times=['20:00', '21:00'], places=14
[13:17:49] 🙈 [refill#1772093525261|auto] 当前无可补订组合，缺口: {'20:00': 2, '21:00': 2}
[13:17:58] 🧩 [refill#1772093525261|auto] 开始执行: date=2026-04-01, target_count=2, times=['20:00', '21:00'], places=14
[13:18:00] 🙈 [refill#1772093525261|auto] 当前无可补订组合，缺口: {'20:00': 2, '21:00': 2}
[13:18:10] 🧩 [refill#1772093525261|auto] 开始执行: date=2026-04-01, target_count=2, times=['20:00', '21:00'], places=14
[13:18:12] 🙈 [refill#1772093525261|auto] 当前无可补订组合，缺口: {'20:00': 2, '21:00': 2}
[13:18:21] 🧩 [refill#1772093525261|auto] 开始执行: date=2026-04-01, target_count=2, times=['20:00', '21:00'], places=14
[13:18:24] 🙈 [refill#1772093525261|auto] 当前无可补订组合，缺口: {'20:00': 2, '21:00': 2}
[13:18:34] 🧩 [refill#1772093525261|auto] 开始执行: date=2026-04-01, target_count=2, times=['20:00', '21:00'], places=14
[13:18:37] 🙈 [refill#1772093525261|auto] 当前无可补订组合，缺口: {'20:00': 2, '21:00': 2}
[13:18:46] 🧩 [refill#1772093525261|auto] 开始执行: date=2026-04-01, target_count=2, times=['20:00', '21:00'], places=14
[13:18:46] 🙈 [refill#1772093525261|auto] 当前无可补订组合，缺口: {'20:00': 2, '21:00': 2}
[13:18:56] 🧩 [refill#1772093525261|auto] 开始执行: date=2026-04-01, target_count=2, times=['20:00', '21:00'], places=14
[13:18:58] 🙈 [refill#1772093525261|auto] 当前无可补订组合，缺口: {'20:00': 2, '21:00': 2}
[13:19:07] 🧩 [refill#1772093525261|auto] 开始执行: date=2026-04-01, target_count=2, times=['20:00', '21:00'], places=14
[13:19:09] 🙈 [refill#1772093525261|auto] 当前无可补订组合，缺口: {'20:00': 2, '21:00': 2}
[13:19:20] 🧩 [refill#1772093525261|auto] 开始执行: date=2026-04-01, target_count=2, times=['20:00', '21:00'], places=14
[13:19:21] 🙈 [refill#1772093525261|auto] 当前无可补订组合，缺口: {'20:00': 2, '21:00': 2}
[13:19:31] 🧩 [refill#1772093525261|auto] 开始执行: date=2026-04-01, target_count=2, times=['20:00', '21:00'], places=14
[13:19:33] 🙈 [refill#1772093525261|auto] 当前无可补订组合，缺口: {'20:00': 2, '21:00': 2}
[13:19:43] 🧩 [refill#1772093525261|auto] 开始执行: date=2026-04-01, target_count=2, times=['20:00', '21:00'], places=14
[13:19:45] 🙈 [refill#1772093525261|auto] 当前无可补订组合，缺口: {'20:00': 2, '21:00': 2}
[13:19:55] 🧩 [refill#1772093525261|auto] 开始执行: date=2026-04-01, target_count=2, times=['20:00', '21:00'], places=14
[13:19:55] 🙈 [refill#1772093525261|auto] 当前无可补订组合，缺口: {'20:00': 2, '21:00': 2}
[13:20:06] 🧩 [refill#1772093525261|auto] 开始执行: date=2026-04-01, target_count=2, times=['20:00', '21:00'], places=14
[13:20:08] 🙈 [refill#1772093525261|auto] 当前无可补订组合，缺口: {'20:00': 2, '21:00': 2}
[13:20:18] 🧩 [refill#1772093525261|auto] 开始执行: date=2026-04-01, target_count=2, times=['20:00', '21:00'], places=14
[13:20:20] 🙈 [refill#1772093525261|auto] 当前无可补订组合，缺口: {'20:00': 2, '21:00': 2}
[13:20:29] 🧩 [refill#1772093525261|auto] 开始执行: date=2026-04-01, target_count=2, times=['20:00', '21:00'], places=14
[13:20:30] 🙈 [refill#1772093525261|auto] 当前无可补订组合，缺口: {'20:00': 2, '21:00': 2}
[13:20:39] 🧩 [refill#1772093525261|auto] 开始执行: date=2026-04-01, target_count=2, times=['20:00', '21:00'], places=14
[13:20:43] 🙈 [refill#1772093525261|auto] 当前无可补订组合，缺口: {'20:00': 2, '21:00': 2}
[13:20:52] 🧩 [refill#1772093525261|auto] 开始执行: date=2026-04-01, target_count=2, times=['20:00', '21:00'], places=14
[13:20:53] 🙈 [refill#1772093525261|auto] 当前无可补订组合，缺口: {'20:00': 2, '21:00': 2}
[13:21:04] 🧩 [refill#1772093525261|auto] 开始执行: date=2026-04-01, target_count=2, times=['20:00', '21:00'], places=14
[13:21:04] 🙈 [refill#1772093525261|auto] 当前无可补订组合，缺口: {'20:00': 2, '21:00': 2}
[13:21:13] 🧩 [refill#1772093525261|auto] 开始执行: date=2026-04-01, target_count=2, times=['20:00', '21:00'], places=14
[13:21:15] 🙈 [refill#1772093525261|auto] 当前无可补订组合，缺口: {'20:00': 2, '21:00': 2}
[13:22:42] 🧩 [refill#1772093525261|auto] 开始执行: date=2026-04-01, target_count=2, times=['20:00', '21:00'], places=14
[13:22:48] 🙈 [refill#1772093525261|auto] 当前无可补订组合，缺口: {'20:00': 2, '21:00': 2}
[13:22:58] 🧩 [refill#1772093525261|auto] 开始执行: date=2026-04-01, target_count=2, times=['20:00', '21:00'], places=14
[13:23:00] 🙈 [refill#1772093525261|auto] 当前无可补订组合，缺口: {'20:00': 2, '21:00': 2}
[13:23:10] 🧩 [refill#1772093525261|auto] 开始执行: date=2026-04-01, target_count=2, times=['20:00', '21:00'], places=14
[13:23:11] 🙈 [refill#1772093525261|auto] 当前无可补订组合，缺口: {'20:00': 2, '21:00': 2}
[13:23:20] 🧩 [refill#1772093525261|auto] 开始执行: date=2026-04-01, target_count=2, times=['20:00', '21:00'], places=14
[13:23:23] 🙈 [refill#1772093525261|auto] 当前无可补订组合，缺口: {'20:00': 2, '21:00': 2}
[13:23:33] 🧩 [refill#1772093525261|auto] 开始执行: date=2026-04-01, target_count=2, times=['20:00', '21:00'], places=14
[13:23:34] 🙈 [refill#1772093525261|auto] 当前无可补订组合，缺口: {'20:00': 2, '21:00': 2}
[13:23:44] 🧩 [refill#1772093525261|auto] 开始执行: date=2026-04-01, target_count=2, times=['20:00', '21:00'], places=14
[13:23:47] 🙈 [refill#1772093525261|auto] 当前无可补订组合，缺口: {'20:00': 2, '21:00': 2}
[13:23:56] 🧩 [refill#1772093525261|auto] 开始执行: date=2026-04-01, target_count=2, times=['20:00', '21:00'], places=14
[13:23:58] 🙈 [refill#1772093525261|auto] 当前无可补订组合，缺口: {'20:00': 2, '21:00': 2}
[13:24:07] 🧩 [refill#1772093525261|auto] 开始执行: date=2026-04-01, target_count=2, times=['20:00', '21:00'], places=14
[13:24:08] 🙈 [refill#1772093525261|auto] 当前无可补订组合，缺口: {'20:00': 2, '21:00': 2}
[13:24:18] 🧩 [refill#1772093525261|auto] 开始执行: date=2026-04-01, target_count=2, times=['20:00', '21:00'], places=14
[13:24:20] 🙈 [refill#1772093525261|auto] 当前无可补订组合，缺口: {'20:00': 2, '21:00': 2}
[13:24:29] 🧩 [refill#1772093525261|auto] 开始执行: date=2026-04-01, target_count=2, times=['20:00', '21:00'], places=14
[13:24:30] 🙈 [refill#1772093525261|auto] 当前无可补订组合，缺口: {'20:00': 2, '21:00': 2}
[13:24:40] 🧩 [refill#1772093525261|auto] 开始执行: date=2026-04-01, target_count=2, times=['20:00', '21:00'], places=14
[13:24:42] 🙈 [refill#1772093525261|auto] 当前无可补订组合，缺口: {'20:00': 2, '21:00': 2}
[13:24:52] 🧩 [refill#1772093525261|auto] 开始执行: date=2026-04-01, target_count=2, times=['20:00', '21:00'], places=14
[13:24:54] 🙈 [refill#1772093525261|auto] 当前无可补订组合，缺口: {'20:00': 2, '21:00': 2}
[13:25:04] 🧩 [refill#1772093525261|auto] 开始执行: date=2026-04-01, target_count=2, times=['20:00', '21:00'], places=14
[13:25:05] 🙈 [refill#1772093525261|auto] 当前无可补订组合，缺口: {'20:00': 2, '21:00': 2}
[13:25:15] 🧩 [refill#1772093525261|auto] 开始执行: date=2026-04-01, target_count=2, times=['20:00', '21:00'], places=14
[13:25:17] 🙈 [refill#1772093525261|auto] 当前无可补订组合，缺口: {'20:00': 2, '21:00': 2}
[13:25:26] 🧩 [refill#1772093525261|auto] 开始执行: date=2026-04-01, target_count=2, times=['20:00', '21:00'], places=14
[13:25:28] 🙈 [refill#1772093525261|auto] 当前无可补订组合，缺口: {'20:00': 2, '21:00': 2}
[13:25:37] 🧩 [refill#1772093525261|auto] 开始执行: date=2026-04-01, target_count=2, times=['20:00', '21:00'], places=14
[13:25:38] 🙈 [refill#1772093525261|auto] 当前无可补订组合，缺口: {'20:00': 2, '21:00': 2}
[13:25:48] 🧩 [refill#1772093525261|auto] 开始执行: date=2026-04-01, target_count=2, times=['20:00', '21:00'], places=14
[13:25:50] 🙈 [refill#1772093525261|auto] 当前无可补订组合，缺口: {'20:00': 2, '21:00': 2}
[13:26:00] 🧩 [refill#1772093525261|auto] 开始执行: date=2026-04-01, target_count=2, times=['20:00', '21:00'], places=14
[13:26:01] 🙈 [refill#1772093525261|auto] 当前无可补订组合，缺口: {'20:00': 2, '21:00': 2}
[13:26:11] 🧩 [refill#1772093525261|auto] 开始执行: date=2026-04-01, target_count=2, times=['20:00', '21:00'], places=14
[13:26:13] 🙈 [refill#1772093525261|auto] 当前无可补订组合，缺口: {'20:00': 2, '21:00': 2}
[13:26:22] 🧩 [refill#1772093525261|auto] 开始执行: date=2026-04-01, target_count=2, times=['20:00', '21:00'], places=14
[13:26:24] 🙈 [refill#1772093525261|auto] 当前无可补订组合，缺口: {'20:00': 2, '21:00': 2}
[13:26:34] 🧩 [refill#1772093525261|auto] 开始执行: date=2026-04-01, target_count=2, times=['20:00', '21:00'], places=14
[13:26:36] 🙈 [refill#1772093525261|auto] 当前无可补订组合，缺口: {'20:00': 2, '21:00': 2}
[13:26:45] 🧩 [refill#1772093525261|auto] 开始执行: date=2026-04-01, target_count=2, times=['20:00', '21:00'], places=14
[13:26:46] 🙈 [refill#1772093525261|auto] 当前无可补订组合，缺口: {'20:00': 2, '21:00': 2}
[13:26:55] 🧩 [refill#1772093525261|auto] 开始执行: date=2026-04-01, target_count=2, times=['20:00', '21:00'], places=14
[13:26:57] 🙈 [refill#1772093525261|auto] 当前无可补订组合，缺口: {'20:00': 2, '21:00': 2}
[13:27:06] 🧩 [refill#1772093525261|auto] 开始执行: date=2026-04-01, target_count=2, times=['20:00', '21:00'], places=14
[13:27:09] 🙈 [refill#1772093525261|auto] 当前无可补订组合，缺口: {'20:00': 2, '21:00': 2}
[13:27:18] 🧩 [refill#1772093525261|auto] 开始执行: date=2026-04-01, target_count=2, times=['20:00', '21:00'], places=14
[13:27:20] 🙈 [refill#1772093525261|auto] 当前无可补订组合，缺口: {'20:00': 2, '21:00': 2}
[13:27:29] 🧩 [refill#1772093525261|auto] 开始执行: date=2026-04-01, target_count=2, times=['20:00', '21:00'], places=14
[13:27:30] 🙈 [refill#1772093525261|auto] 当前无可补订组合，缺口: {'20:00': 2, '21:00': 2}
[13:27:34] 🔇 [quiet-window] 进入 pre_quiet，owner=1774502722796，fire_at=13:27:36
[13:27:40] 🔫 [quiet-window] 进入 fire_window，owner=1774502722796
[13:27:40] ⏰ [自动任务] 开始执行任务: 1774502722796
[13:27:40] 🕒 [时间对齐] server_offset=4.15s, base_run=2026-03-26 13:27:36, target_date=2026-03-27
[13:27:40] 🚀 [终极递送器] 启动主组合递送: [{'place': '4', 'time': '20:00'}, {'place': '4', 'time': '21:00'}, {'place': '5', 'time': '20:00'}, {'place': '5', 'time': '21:00'}]
[13:27:40] [极速订场] 开始 date=2026-03-27 单路递送+refill round_interval=0.8s refill_poll=0.35s min_post_interval=4.0s budget=600.0s
[13:27:43] [极速订场] 拉活成功，开始递送
[13:27:43] [极速订场] 第一组矩阵无解，回退主组原 items 继续递送
[13:27:43] [极速订场] 首单批次 group=primary (主组) items=[{'place': '4', 'time': '20:00'}, {'place': '4', 'time': '21:00'}, {'place': '5', 'time': '20:00'}, {'place': '5', 'time': '21:00'}]
[13:27:43] [极速订场] 首单 第1次提交 action=switch_backup items=[{'place': '4', 'time': '20:00'}, {'place': '4', 'time': '21:00'}, {'place': '5', 'time': '20:00'}, {'place': '5', 'time': '21:00'}]
[13:27:46] [极速订场] refill 矩阵完成 fetch_n=1 wall=13:27:41.298 elapsed_ms=2132
[13:27:46] [极速订场] refill 本轮无满足约束候选，缺口={'14:00': 2, '15:00': 2}，短等待后重拉
[13:27:47] [极速订场] refill 矩阵完成 fetch_n=2 wall=13:27:43.280 elapsed_ms=1627
[13:27:47] [极速订场] refill 本轮无满足约束候选，缺口={'14:00': 2, '15:00': 2}，短等待后重拉
[13:27:49] [极速订场] refill 矩阵完成 fetch_n=3 wall=13:27:45.191 elapsed_ms=1557
[13:27:49] [极速订场] refill 本轮无满足约束候选，缺口={'14:00': 2, '15:00': 2}，短等待后重拉
[13:27:50] [极速订场] refill 矩阵完成 fetch_n=4 wall=13:27:47.029 elapsed_ms=1484
[13:27:50] [极速订场] refill 本轮无满足约束候选，缺口={'14:00': 2, '15:00': 2}，短等待后重拉
[13:27:52] [极速订场] refill 矩阵完成 fetch_n=5 wall=13:27:48.979 elapsed_ms=1596
[13:27:52] [极速订场] refill 本轮无满足约束候选，缺口={'14:00': 2, '15:00': 2}，短等待后重拉
[13:27:54] [极速订场] refill 矩阵完成 fetch_n=6 wall=13:27:51.053 elapsed_ms=1719
[13:27:54] [极速订场] refill 本轮无满足约束候选，缺口={'14:00': 2, '15:00': 2}，短等待后重拉
[13:27:57] [极速订场] refill 矩阵完成 fetch_n=7 wall=13:27:53.280 elapsed_ms=1874
[13:27:57] [极速订场] refill 本轮无满足约束候选，缺口={'14:00': 2, '15:00': 2}，短等待后重拉
[13:27:59] [极速订场] refill 矩阵完成 fetch_n=8 wall=13:27:55.457 elapsed_ms=1824
[13:27:59] [极速订场] refill 本轮无满足约束候选，缺口={'14:00': 2, '15:00': 2}，短等待后重拉
[13:28:01] [极速订场] refill 矩阵完成 fetch_n=9 wall=13:27:57.509 elapsed_ms=1698
[13:28:01] [极速订场] refill 本轮无满足约束候选，缺口={'14:00': 2, '15:00': 2}，短等待后重拉
[13:28:03] [极速订场] refill 矩阵完成 fetch_n=10 wall=13:27:59.324 elapsed_ms=1463
[13:28:03] [极速订场] refill 本轮无满足约束候选，缺口={'14:00': 2, '15:00': 2}，短等待后重拉
[13:28:05] [极速订场] refill 矩阵完成 fetch_n=11 wall=13:28:01.267 elapsed_ms=1589
[13:28:05] [极速订场] refill 本轮无满足约束候选，缺口={'14:00': 2, '15:00': 2}，短等待后重拉
[13:28:07] [极速订场] refill 矩阵完成 fetch_n=12 wall=13:28:03.524 elapsed_ms=1904
[13:28:07] [极速订场] refill 本轮无满足约束候选，缺口={'14:00': 2, '15:00': 2}，短等待后重拉
[13:28:09] [极速订场] refill 矩阵完成 fetch_n=13 wall=13:28:05.617 elapsed_ms=1739
[13:28:09] [极速订场] refill 本轮无满足约束候选，缺口={'14:00': 2, '15:00': 2}，短等待后重拉
[13:28:11] [极速订场] refill 矩阵完成 fetch_n=14 wall=13:28:07.709 elapsed_ms=1738
[13:28:11] [极速订场] refill 本轮无满足约束候选，缺口={'14:00': 2, '15:00': 2}，短等待后重拉
[13:28:13] [极速订场] refill 矩阵完成 fetch_n=15 wall=13:28:09.694 elapsed_ms=1632
[13:28:13] [极速订场] refill 本轮无满足约束候选，缺口={'14:00': 2, '15:00': 2}，短等待后重拉
[13:28:15] [极速订场] refill 矩阵完成 fetch_n=16 wall=13:28:12.011 elapsed_ms=1963
[13:28:15] [极速订场] refill 本轮无满足约束候选，缺口={'14:00': 2, '15:00': 2}，短等待后重拉
[13:28:18] [极速订场] refill 矩阵完成 fetch_n=17 wall=13:28:14.306 elapsed_ms=1941
[13:28:18] [极速订场] refill 本轮无满足约束候选，缺口={'14:00': 2, '15:00': 2}，短等待后重拉
[13:28:20] [极速订场] refill 矩阵完成 fetch_n=18 wall=13:28:16.426 elapsed_ms=1766
[13:28:20] [极速订场] refill 本轮无满足约束候选，缺口={'14:00': 2, '15:00': 2}，短等待后重拉
[13:28:22] [极速订场] refill 矩阵完成 fetch_n=19 wall=13:28:18.473 elapsed_ms=1692
[13:28:22] [极速订场] refill 本轮无满足约束候选，缺口={'14:00': 2, '15:00': 2}，短等待后重拉
[13:28:24] [极速订场] refill 矩阵完成 fetch_n=20 wall=13:28:20.724 elapsed_ms=1897
[13:28:24] [极速订场] refill 本轮无满足约束候选，缺口={'14:00': 2, '15:00': 2}，短等待后重拉
[13:28:26] [极速订场] refill 矩阵完成 fetch_n=21 wall=13:28:22.812 elapsed_ms=1734
[13:28:26] [极速订场] refill 本轮无满足约束候选，缺口={'14:00': 2, '15:00': 2}，短等待后重拉
[13:28:28] [极速订场] refill 矩阵完成 fetch_n=22 wall=13:28:24.828 elapsed_ms=1664
[13:28:28] [极速订场] refill 本轮无满足约束候选，缺口={'14:00': 2, '15:00': 2}，短等待后重拉
[13:28:32] [极速订场] refill 矩阵完成 fetch_n=23 wall=13:28:27.483 elapsed_ms=2300
[13:28:32] [极速订场] refill 本轮无满足约束候选，缺口={'14:00': 2, '15:00': 2}，短等待后重拉
[13:28:34] [极速订场] refill 矩阵完成 fetch_n=24 wall=13:28:29.966 elapsed_ms=2130
[13:28:34] [极速订场] refill 本轮无满足约束候选，缺口={'14:00': 2, '15:00': 2}，短等待后重拉
[13:28:36] [极速订场] refill 矩阵完成 fetch_n=25 wall=13:28:32.182 elapsed_ms=1862
[13:28:36] [极速订场] refill 本轮无满足约束候选，缺口={'14:00': 2, '15:00': 2}，短等待后重拉
[13:28:39] [极速订场] refill 矩阵完成 fetch_n=26 wall=13:28:34.547 elapsed_ms=2012
[13:28:39] [极速订场] refill 本轮无满足约束候选，缺口={'14:00': 2, '15:00': 2}，短等待后重拉
[13:28:40] [极速订场] refill 矩阵完成 fetch_n=27 wall=13:28:36.801 elapsed_ms=1902
[13:28:40] [极速订场] refill 本轮无满足约束候选，缺口={'14:00': 2, '15:00': 2}，短等待后重拉
[13:28:42] [极速订场] refill 矩阵完成 fetch_n=28 wall=13:28:38.871 elapsed_ms=1718
[13:28:42] [极速订场] refill 本轮无满足约束候选，缺口={'14:00': 2, '15:00': 2}，短等待后重拉
[13:28:45] [极速订场] refill 矩阵完成 fetch_n=29 wall=13:28:41.125 elapsed_ms=1901
[13:28:45] [极速订场] refill 本轮无满足约束候选，缺口={'14:00': 2, '15:00': 2}，短等待后重拉
[13:28:47] [极速订场] refill 矩阵完成 fetch_n=30 wall=13:28:43.270 elapsed_ms=1790
[13:28:47] [极速订场] refill 本轮无满足约束候选，缺口={'14:00': 2, '15:00': 2}，短等待后重拉
[13:28:50] [极速订场] refill 矩阵完成 fetch_n=31 wall=13:28:45.721 elapsed_ms=2098
[13:28:50] [极速订场] refill 本轮无满足约束候选，缺口={'14:00': 2, '15:00': 2}，短等待后重拉
[13:28:51] [极速订场] refill 矩阵完成 fetch_n=32 wall=13:28:48.064 elapsed_ms=1991
[13:28:51] [极速订场] refill 本轮无满足约束候选，缺口={'14:00': 2, '15:00': 2}，短等待后重拉
[13:28:54] [极速订场] refill 矩阵完成 fetch_n=33 wall=13:28:50.411 elapsed_ms=1994
[13:28:55] [极速订场] refill 本轮无满足约束候选，缺口={'14:00': 2, '15:00': 2}，短等待后重拉
[13:28:56] [极速订场] refill 矩阵完成 fetch_n=34 wall=13:28:52.589 elapsed_ms=1823
[13:28:56] [极速订场] refill 本轮无满足约束候选，缺口={'14:00': 2, '15:00': 2}，短等待后重拉
[13:28:58] [极速订场] refill 矩阵完成 fetch_n=35 wall=13:28:54.621 elapsed_ms=1680
[13:28:58] [极速订场] refill 本轮无满足约束候选，缺口={'14:00': 2, '15:00': 2}，短等待后重拉
[13:29:00] [极速订场] refill 矩阵完成 fetch_n=36 wall=13:28:56.489 elapsed_ms=1515
[13:29:00] [极速订场] refill 本轮无满足约束候选，缺口={'14:00': 2, '15:00': 2}，短等待后重拉
[13:29:02] [极速订场] refill 矩阵完成 fetch_n=37 wall=13:28:58.746 elapsed_ms=1904
[13:29:02] [极速订场] refill 本轮无满足约束候选，缺口={'14:00': 2, '15:00': 2}，短等待后重拉
[13:29:04] [极速订场] refill 矩阵完成 fetch_n=38 wall=13:29:00.880 elapsed_ms=1782
[13:29:04] [极速订场] refill 本轮无满足约束候选，缺口={'14:00': 2, '15:00': 2}，短等待后重拉
[13:29:06] [极速订场] refill 矩阵完成 fetch_n=39 wall=13:29:02.801 elapsed_ms=1567
[13:29:06] [极速订场] refill 本轮无满足约束候选，缺口={'14:00': 2, '15:00': 2}，短等待后重拉
[13:29:10] [极速订场] refill 矩阵完成 fetch_n=40 wall=13:29:05.165 elapsed_ms=2010
[13:29:10] [极速订场] refill 本轮无满足约束候选，缺口={'14:00': 2, '15:00': 2}，短等待后重拉
[13:29:11] [极速订场] refill 矩阵完成 fetch_n=41 wall=13:29:07.145 elapsed_ms=1628
[13:29:11] [极速订场] refill 本轮无满足约束候选，缺口={'14:00': 2, '15:00': 2}，短等待后重拉
[13:29:13] [极速订场] refill 矩阵完成 fetch_n=42 wall=13:29:09.387 elapsed_ms=1889
[13:29:13] [极速订场] refill 本轮无满足约束候选，缺口={'14:00': 2, '15:00': 2}，短等待后重拉
[13:29:15] [极速订场] refill 矩阵完成 fetch_n=43 wall=13:29:11.316 elapsed_ms=1576
[13:29:15] [极速订场] refill 本轮无满足约束候选，缺口={'14:00': 2, '15:00': 2}，短等待后重拉
[13:29:17] [极速订场] refill 矩阵完成 fetch_n=44 wall=13:29:13.579 elapsed_ms=1909
[13:29:17] [极速订场] refill 本轮无满足约束候选，缺口={'14:00': 2, '15:00': 2}，短等待后重拉
[13:29:19] [极速订场] refill 矩阵完成 fetch_n=45 wall=13:29:15.918 elapsed_ms=1984
[13:29:19] [极速订场] refill 本轮无满足约束候选，缺口={'14:00': 2, '15:00': 2}，短等待后重拉
[13:29:21] [极速订场] refill 矩阵完成 fetch_n=46 wall=13:29:17.892 elapsed_ms=1621
[13:29:21] [极速订场] refill 本轮无满足约束候选，缺口={'14:00': 2, '15:00': 2}，短等待后重拉
[13:29:23] [极速订场] refill 矩阵完成 fetch_n=47 wall=13:29:20.034 elapsed_ms=1788
[13:29:23] [极速订场] refill 本轮无满足约束候选，缺口={'14:00': 2, '15:00': 2}，短等待后重拉
[13:29:27] [极速订场] refill 矩阵完成 fetch_n=48 wall=13:29:22.508 elapsed_ms=2120
[13:29:27] [极速订场] refill 本轮无满足约束候选，缺口={'14:00': 2, '15:00': 2}，短等待后重拉
[13:29:30] [极速订场] refill 矩阵完成 fetch_n=49 wall=13:29:25.146 elapsed_ms=2282
[13:29:30] [极速订场] refill 本轮无满足约束候选，缺口={'14:00': 2, '15:00': 2}，短等待后重拉
[13:29:31] [极速订场] refill 矩阵完成 fetch_n=50 wall=13:29:27.204 elapsed_ms=1706
[13:29:31] [极速订场] refill 本轮无满足约束候选，缺口={'14:00': 2, '15:00': 2}，短等待后重拉
[13:29:32] [极速订场] refill 矩阵完成 fetch_n=51 wall=13:29:29.118 elapsed_ms=1561
[13:29:32] [极速订场] refill 本轮无满足约束候选，缺口={'14:00': 2, '15:00': 2}，短等待后重拉
[13:29:34] [极速订场] refill 矩阵完成 fetch_n=52 wall=13:29:30.913 elapsed_ms=1443
[13:29:34] [极速订场] refill 本轮无满足约束候选，缺口={'14:00': 2, '15:00': 2}，短等待后重拉
[13:29:36] [极速订场] refill 矩阵完成 fetch_n=53 wall=13:29:33.051 elapsed_ms=1784
[13:29:36] [极速订场] refill 本轮无满足约束候选，缺口={'14:00': 2, '15:00': 2}，短等待后重拉
[13:29:38] [极速订场] refill 矩阵完成 fetch_n=54 wall=13:29:34.856 elapsed_ms=1451
[13:29:38] [极速订场] refill 本轮无满足约束候选，缺口={'14:00': 2, '15:00': 2}，短等待后重拉
[13:29:40] [极速订场] refill 矩阵完成 fetch_n=55 wall=13:29:36.818 elapsed_ms=1609
[13:29:40] [极速订场] refill 本轮无满足约束候选，缺口={'14:00': 2, '15:00': 2}，短等待后重拉
[13:29:44] [极速订场] refill 矩阵完成 fetch_n=56 wall=13:29:39.257 elapsed_ms=2087
[13:29:44] [极速订场] refill 本轮无满足约束候选，缺口={'14:00': 2, '15:00': 2}，短等待后重拉
[13:29:46] [极速订场] refill 矩阵完成 fetch_n=57 wall=13:29:41.724 elapsed_ms=2113
[13:29:46] [极速订场] refill 本轮无满足约束候选，缺口={'14:00': 2, '15:00': 2}，短等待后重拉
[13:29:47] [极速订场] refill 矩阵完成 fetch_n=58 wall=13:29:43.970 elapsed_ms=1892
[13:29:47] [极速订场] refill 本轮无满足约束候选，缺口={'14:00': 2, '15:00': 2}，短等待后重拉
[13:29:49] [极速订场] refill 矩阵完成 fetch_n=59 wall=13:29:46.033 elapsed_ms=1708
[13:29:49] [极速订场] refill 本轮无满足约束候选，缺口={'14:00': 2, '15:00': 2}，短等待后重拉
[13:29:51] [极速订场] refill 矩阵完成 fetch_n=60 wall=13:29:47.870 elapsed_ms=1484
[13:29:51] [极速订场] refill 本轮无满足约束候选，缺口={'14:00': 2, '15:00': 2}，短等待后重拉
[13:29:53] [极速订场] refill 矩阵完成 fetch_n=61 wall=13:29:50.029 elapsed_ms=1804
[13:29:53] [极速订场] refill 本轮无满足约束候选，缺口={'14:00': 2, '15:00': 2}，短等待后重拉
[13:29:55] [极速订场] refill 矩阵完成 fetch_n=62 wall=13:29:51.982 elapsed_ms=1599
[13:29:55] [极速订场] refill 本轮无满足约束候选，缺口={'14:00': 2, '15:00': 2}，短等待后重拉
[13:29:57] [极速订场] refill 矩阵完成 fetch_n=63 wall=13:29:54.011 elapsed_ms=1676
[13:29:57] [极速订场] refill 本轮无满足约束候选，缺口={'14:00': 2, '15:00': 2}，短等待后重拉
[13:30:01] [极速订场] refill 矩阵完成 fetch_n=64 wall=13:29:56.368 elapsed_ms=2003
[13:30:01] [极速订场] refill 本轮无满足约束候选，缺口={'14:00': 2, '15:00': 2}，短等待后重拉
[13:30:02] [极速订场] refill 矩阵完成 fetch_n=65 wall=13:29:58.354 elapsed_ms=1631
[13:30:02] [极速订场] refill 本轮无满足约束候选，缺口={'14:00': 2, '15:00': 2}，短等待后重拉
[13:30:04] [极速订场] refill 矩阵完成 fetch_n=66 wall=13:30:00.564 elapsed_ms=1857
[13:30:04] [极速订场] refill 本轮无满足约束候选，缺口={'14:00': 2, '15:00': 2}，短等待后重拉
[13:30:03] 🧩 [refill#1772093525261|auto] 开始执行: date=2026-04-01, target_count=2, times=['20:00', '21:00'], places=14
[13:30:09] 🙈 [refill#1772093525261|auto] 当前无可补订组合，缺口: {'20:00': 2, '21:00': 2}
[13:30:19] 🧩 [refill#1772093525261|auto] 开始执行: date=2026-04-01, target_count=2, times=['20:00', '21:00'], places=14
[13:30:21] 🙈 [refill#1772093525261|auto] 当前无可补订组合，缺口: {'20:00': 2, '21:00': 2}
[13:30:32] 🧩 [refill#1772093525261|auto] 开始执行: date=2026-04-01, target_count=2, times=['20:00', '21:00'], places=14
[13:30:33] 🙈 [refill#1772093525261|auto] 当前无可补订组合，缺口: {'20:00': 2, '21:00': 2}
[13:30:43] 🧩 [refill#1772093525261|auto] 开始执行: date=2026-04-01, target_count=2, times=['20:00', '21:00'], places=14
[13:30:45] 🙈 [refill#1772093525261|auto] 当前无可补订组合，缺口: {'20:00': 2, '21:00': 2}
[13:30:55] 🧩 [refill#1772093525261|auto] 开始执行: date=2026-04-01, target_count=2, times=['20:00', '21:00'], places=14
[13:30:57] 🙈 [refill#1772093525261|auto] 当前无可补订组合，缺口: {'20:00': 2, '21:00': 2}
[13:31:07] 🧩 [refill#1772093525261|auto] 开始执行: date=2026-04-01, target_count=2, times=['20:00', '21:00'], places=14
[13:31:08] 🙈 [refill#1772093525261|auto] 当前无可补订组合，缺口: {'20:00': 2, '21:00': 2}
[13:31:18] 🧩 [refill#1772093525261|auto] 开始执行: date=2026-04-01, target_count=2, times=['20:00', '21:00'], places=14
[13:31:20] 🙈 [refill#1772093525261|auto] 当前无可补订组合，缺口: {'20:00': 2, '21:00': 2}
[13:31:30] 🧩 [refill#1772093525261|auto] 开始执行: date=2026-04-01, target_count=2, times=['20:00', '21:00'], places=14
[13:31:32] 🙈 [refill#1772093525261|auto] 当前无可补订组合，缺口: {'20:00': 2, '21:00': 2}
[13:31:42] 🧩 [refill#1772093525261|auto] 开始执行: date=2026-04-01, target_count=2, times=['20:00', '21:00'], places=14
[13:31:44] 🙈 [refill#1772093525261|auto] 当前无可补订组合，缺口: {'20:00': 2, '21:00': 2}
[13:31:53] 🧩 [refill#1772093525261|auto] 开始执行: date=2026-04-01, target_count=2, times=['20:00', '21:00'], places=14
[13:31:54] 🙈 [refill#1772093525261|auto] 当前无可补订组合，缺口: {'20:00': 2, '21:00': 2}
[13:32:05] 🧩 [refill#1772093525261|auto] 开始执行: date=2026-04-01, target_count=2, times=['20:00', '21:00'], places=14
[13:32:08] 🙈 [refill#1772093525261|auto] 当前无可补订组合，缺口: {'20:00': 2, '21:00': 2}
[13:32:17] 🧩 [refill#1772093525261|auto] 开始执行: date=2026-04-01, target_count=2, times=['20:00', '21:00'], places=14
[13:32:18] 🙈 [refill#1772093525261|auto] 当前无可补订组合，缺口: {'20:00': 2, '21:00': 2}
[13:32:27] 🧩 [refill#1772093525261|auto] 开始执行: date=2026-04-01, target_count=2, times=['20:00', '21:00'], places=14
[13:32:29] 🙈 [refill#1772093525261|auto] 当前无可补订组合，缺口: {'20:00': 2, '21:00': 2}
[13:32:40] 🧩 [refill#1772093525261|auto] 开始执行: date=2026-04-01, target_count=2, times=['20:00', '21:00'], places=14
[13:32:42] 🙈 [refill#1772093525261|auto] 当前无可补订组合，缺口: {'20:00': 2, '21:00': 2}
[13:32:53] 🧩 [refill#1772093525261|auto] 开始执行: date=2026-04-01, target_count=2, times=['20:00', '21:00'], places=14
[13:32:55] 🙈 [refill#1772093525261|auto] 当前无可补订组合，缺口: {'20:00': 2, '21:00': 2}
[13:33:05] 🧩 [refill#1772093525261|auto] 开始执行: date=2026-04-01, target_count=2, times=['20:00', '21:00'], places=14
[13:33:06] 🙈 [refill#1772093525261|auto] 当前无可补订组合，缺口: {'20:00': 2, '21:00': 2}
[13:33:17] 🧩 [refill#1772093525261|auto] 开始执行: date=2026-04-01, target_count=2, times=['20:00', '21:00'], places=14
[13:33:20] 🙈 [refill#1772093525261|auto] 当前无可补订组合，缺口: {'20:00': 2, '21:00': 2}
[13:33:29] 🧩 [refill#1772093525261|auto] 开始执行: date=2026-04-01, target_count=2, times=['20:00', '21:00'], places=14
[13:33:30] 🙈 [refill#1772093525261|auto] 当前无可补订组合，缺口: {'20:00': 2, '21:00': 2}
[13:33:39] 🧩 [refill#1772093525261|auto] 开始执行: date=2026-04-01, target_count=2, times=['20:00', '21:00'], places=14
[13:33:40] 🙈 [refill#1772093525261|auto] 当前无可补订组合，缺口: {'20:00': 2, '21:00': 2}
[13:33:51] 🧩 [refill#1772093525261|auto] 开始执行: date=2026-04-01, target_count=2, times=['20:00', '21:00'], places=14
[13:33:53] 🙈 [refill#1772093525261|auto] 当前无可补订组合，缺口: {'20:00': 2, '21:00': 2}
[13:34:04] 🧩 [refill#1772093525261|auto] 开始执行: date=2026-04-01, target_count=2, times=['20:00', '21:00'], places=14
[13:34:07] 🙈 [refill#1772093525261|auto] 当前无可补订组合，缺口: {'20:00': 2, '21:00': 2}
[13:34:15] 🧩 [refill#1772093525261|auto] 开始执行: date=2026-04-01, target_count=2, times=['20:00', '21:00'], places=14
[13:34:16] 🙈 [refill#1772093525261|auto] 当前无可补订组合，缺口: {'20:00': 2, '21:00': 2}
[13:34:25] 🧩 [refill#1772093525261|auto] 开始执行: date=2026-04-01, target_count=2, times=['20:00', '21:00'], places=14
[13:34:28] 🙈 [refill#1772093525261|auto] 当前无可补订组合，缺口: {'20:00': 2, '21:00': 2}
[13:34:37] 🧩 [refill#1772093525261|auto] 开始执行: date=2026-04-01, target_count=2, times=['20:00', '21:00'], places=14
[13:34:40] 🙈 [refill#1772093525261|auto] 当前无可补订组合，缺口: {'20:00': 2, '21:00': 2}
[13:34:50] 🧩 [refill#1772093525261|auto] 开始执行: date=2026-04-01, target_count=2, times=['20:00', '21:00'], places=14
[13:34:50] 🙈 [refill#1772093525261|auto] 当前无可补订组合，缺口: {'20:00': 2, '21:00': 2}
[13:35:00] 🧩 [refill#1772093525261|auto] 开始执行: date=2026-04-01, target_count=2, times=['20:00', '21:00'], places=14
[13:35:02] 🙈 [refill#1772093525261|auto] 当前无可补订组合，缺口: {'20:00': 2, '21:00': 2}
[13:35:12] 🧩 [refill#1772093525261|auto] 开始执行: date=2026-04-01, target_count=2, times=['20:00', '21:00'], places=14
[13:35:14] 🙈 [refill#1772093525261|auto] 当前无可补订组合，缺口: {'20:00': 2, '21:00': 2}
[13:35:25] 🧩 [refill#1772093525261|auto] 开始执行: date=2026-04-01, target_count=2, times=['20:00', '21:00'], places=14
[13:35:27] 🙈 [refill#1772093525261|auto] 当前无可补订组合，缺口: {'20:00': 2, '21:00': 2}
[13:35:38] 🧩 [refill#1772093525261|auto] 开始执行: date=2026-04-01, target_count=2, times=['20:00', '21:00'], places=14
[13:35:39] 🙈 [refill#1772093525261|auto] 当前无可补订组合，缺口: {'20:00': 2, '21:00': 2}
[13:35:49] 🧩 [refill#1772093525261|auto] 开始执行: date=2026-04-01, target_count=2, times=['20:00', '21:00'], places=14
[13:35:51] 🙈 [refill#1772093525261|auto] 当前无可补订组合，缺口: {'20:00': 2, '21:00': 2}
[13:36:01] 🧩 [refill#1772093525261|auto] 开始执行: date=2026-04-01, target_count=2, times=['20:00', '21:00'], places=14
[13:36:04] 🙈 [refill#1772093525261|auto] 当前无可补订组合，缺口: {'20:00': 2, '21:00': 2}
[13:36:14] 🧩 [refill#1772093525261|auto] 开始执行: date=2026-04-01, target_count=2, times=['20:00', '21:00'], places=14
[13:36:15] 🙈 [refill#1772093525261|auto] 当前无可补订组合，缺口: {'20:00': 2, '21:00': 2}
[13:36:26] 🧩 [refill#1772093525261|auto] 开始执行: date=2026-04-01, target_count=2, times=['20:00', '21:00'], places=14
[13:36:28] 🙈 [refill#1772093525261|auto] 当前无可补订组合，缺口: {'20:00': 2, '21:00': 2}
[13:36:38] 🧩 [refill#1772093525261|auto] 开始执行: date=2026-04-01, target_count=2, times=['20:00', '21:00'], places=14
[13:36:40] 🙈 [refill#1772093525261|auto] 当前无可补订组合，缺口: {'20:00': 2, '21:00': 2}
[13:36:50] 🧩 [refill#1772093525261|auto] 开始执行: date=2026-04-01, target_count=2, times=['20:00', '21:00'], places=14
[13:36:52] 🙈 [refill#1772093525261|auto] 当前无可补订组合，缺口: {'20:00': 2, '21:00': 2}
[13:37:01] 🧩 [refill#1772093525261|auto] 开始执行: date=2026-04-01, target_count=2, times=['20:00', '21:00'], places=14
[13:37:03] 🙈 [refill#1772093525261|auto] 当前无可补订组合，缺口: {'20:00': 2, '21:00': 2}
[13:37:12] 🧩 [refill#1772093525261|auto] 开始执行: date=2026-04-01, target_count=2, times=['20:00', '21:00'], places=14
[13:37:14] 🙈 [refill#1772093525261|auto] 当前无可补订组合，缺口: {'20:00': 2, '21:00': 2}
[13:37:23] 🧩 [refill#1772093525261|auto] 开始执行: date=2026-04-01, target_count=2, times=['20:00', '21:00'], places=14
[13:37:24] 🙈 [refill#1772093525261|auto] 当前无可补订组合，缺口: {'20:00': 2, '21:00': 2}
[13:37:33] 🧩 [refill#1772093525261|auto] 开始执行: date=2026-04-01, target_count=2, times=['20:00', '21:00'], places=14
[13:37:35] 🙈 [refill#1772093525261|auto] 当前无可补订组合，缺口: {'20:00': 2, '21:00': 2}
[13:37:45] 🧩 [refill#1772093525261|auto] 开始执行: date=2026-04-01, target_count=2, times=['20:00', '21:00'], places=14
[13:37:47] 🙈 [refill#1772093525261|auto] 当前无可补订组合，缺口: {'20:00': 2, '21:00': 2}
[13:37:56] 🧩 [refill#1772093525261|auto] 开始执行: date=2026-04-01, target_count=2, times=['20:00', '21:00'], places=14
[13:37:58] 🙈 [refill#1772093525261|auto] 当前无可补订组合，缺口: {'20:00': 2, '21:00': 2}
[13:38:09] 🧩 [refill#1772093525261|auto] 开始执行: date=2026-04-01, target_count=2, times=['20:00', '21:00'], places=14
[13:38:12] 🙈 [refill#1772093525261|auto] 当前无可补订组合，缺口: {'20:00': 2, '21:00': 2}
[13:38:22] 🧩 [refill#1772093525261|auto] 开始执行: date=2026-04-01, target_count=2, times=['20:00', '21:00'], places=14
[13:38:23] 🙈 [refill#1772093525261|auto] 当前无可补订组合，缺口: {'20:00': 2, '21:00': 2}
[13:38:33] 🧩 [refill#1772093525261|auto] 开始执行: date=2026-04-01, target_count=2, times=['20:00', '21:00'], places=14
[13:38:35] 🙈 [refill#1772093525261|auto] 当前无可补订组合，缺口: {'20:00': 2, '21:00': 2}
[13:38:45] 🧩 [refill#1772093525261|auto] 开始执行: date=2026-04-01, target_count=2, times=['20:00', '21:00'], places=14
[13:38:46] 🙈 [refill#1772093525261|auto] 当前无可补订组合，缺口: {'20:00': 2, '21:00': 2}
[13:38:56] 🧩 [refill#1772093525261|auto] 开始执行: date=2026-04-01, target_count=2, times=['20:00', '21:00'], places=14
[13:38:58] 🙈 [refill#1772093525261|auto] 当前无可补订组合，缺口: {'20:00': 2, '21:00': 2}
[13:39:07] 🧩 [refill#1772093525261|auto] 开始执行: date=2026-04-01, target_count=2, times=['20:00', '21:00'], places=14
[13:39:08] 🙈 [refill#1772093525261|auto] 当前无可补订组合，缺口: {'20:00': 2, '21:00': 2}
[13:39:19] 🧩 [refill#1772093525261|auto] 开始执行: date=2026-04-01, target_count=2, times=['20:00', '21:00'], places=14
[13:39:21] 🙈 [refill#1772093525261|auto] 当前无可补订组合，缺口: {'20:00': 2, '21:00': 2}
[13:39:32] 🧩 [refill#1772093525261|auto] 开始执行: date=2026-04-01, target_count=2, times=['20:00', '21:00'], places=14
[13:39:35] 🙈 [refill#1772093525261|auto] 当前无可补订组合，缺口: {'20:00': 2, '21:00': 2}
[13:39:44] 🧩 [refill#1772093525261|auto] 开始执行: date=2026-04-01, target_count=2, times=['20:00', '21:00'], places=14
[13:39:45] 🙈 [refill#1772093525261|auto] 当前无可补订组合，缺口: {'20:00': 2, '21:00': 2}
[13:39:56] 🧩 [refill#1772093525261|auto] 开始执行: date=2026-04-01, target_count=2, times=['20:00', '21:00'], places=14
[13:39:58] 🙈 [refill#1772093525261|auto] 当前无可补订组合，缺口: {'20:00': 2, '21:00': 2}
[13:40:08] 🧩 [refill#1772093525261|auto] 开始执行: date=2026-04-01, target_count=2, times=['20:00', '21:00'], places=14
[13:40:11] 🙈 [refill#1772093525261|auto] 当前无可补订组合，缺口: {'20:00': 2, '21:00': 2}
[13:40:20] 🧩 [refill#1772093525261|auto] 开始执行: date=2026-04-01, target_count=2, times=['20:00', '21:00'], places=14
[13:40:20] 🙈 [refill#1772093525261|auto] 当前无可补订组合，缺口: {'20:00': 2, '21:00': 2}
[13:40:29] 🧩 [refill#1772093525261|auto] 开始执行: date=2026-04-01, target_count=2, times=['20:00', '21:00'], places=14
[13:40:33] 🙈 [refill#1772093525261|auto] 当前无可补订组合，缺口: {'20:00': 2, '21:00': 2}
[13:40:43] 🧩 [refill#1772093525261|auto] 开始执行: date=2026-04-01, target_count=2, times=['20:00', '21:00'], places=14
[13:40:43] 🙈 [refill#1772093525261|auto] 当前无可补订组合，缺口: {'20:00': 2, '21:00': 2}
[13:40:53] 🧩 [refill#1772093525261|auto] 开始执行: date=2026-04-01, target_count=2, times=['20:00', '21:00'], places=14
[13:40:55] 🙈 [refill#1772093525261|auto] 当前无可补订组合，缺口: {'20:00': 2, '21:00': 2}
[13:45:58] 🧩 [refill#1772093525261|auto] 开始执行: date=2026-04-01, target_count=2, times=['20:00', '21:00'], places=14
[13:46:04] 🙈 [refill#1772093525261|auto] 当前无可补订组合，缺口: {'20:00': 2, '21:00': 2}
[13:46:13] 🧩 [refill#1772093525261|auto] 开始执行: date=2026-04-01, target_count=2, times=['20:00', '21:00'], places=14
[13:46:15] 🙈 [refill#1772093525261|auto] 当前无可补订组合，缺口: {'20:00': 2, '21:00': 2}
[13:46:25] 🧩 [refill#1772093525261|auto] 开始执行: date=2026-04-01, target_count=2, times=['20:00', '21:00'], places=14
[13:46:28] 🙈 [refill#1772093525261|auto] 当前无可补订组合，缺口: {'20:00': 2, '21:00': 2}
[13:46:37] 🧩 [refill#1772093525261|auto] 开始执行: date=2026-04-01, target_count=2, times=['20:00', '21:00'], places=14
[13:46:38] 🙈 [refill#1772093525261|auto] 当前无可补订组合，缺口: {'20:00': 2, '21:00': 2}
[13:46:48] 🧩 [refill#1772093525261|auto] 开始执行: date=2026-04-01, target_count=2, times=['20:00', '21:00'], places=14
[13:46:50] 🙈 [refill#1772093525261|auto] 当前无可补订组合，缺口: {'20:00': 2, '21:00': 2}
[13:46:59] 🧩 [refill#1772093525261|auto] 开始执行: date=2026-04-01, target_count=2, times=['20:00', '21:00'], places=14
[13:47:01] 🙈 [refill#1772093525261|auto] 当前无可补订组合，缺口: {'20:00': 2, '21:00': 2}
[13:47:11] 🧩 [refill#1772093525261|auto] 开始执行: date=2026-04-01, target_count=2, times=['20:00', '21:00'], places=14
[13:47:12] 🙈 [refill#1772093525261|auto] 当前无可补订组合，缺口: {'20:00': 2, '21:00': 2}
[13:47:21] 🧩 [refill#1772093525261|auto] 开始执行: date=2026-04-01, target_count=2, times=['20:00', '21:00'], places=14
[13:47:23] 🙈 [refill#1772093525261|auto] 当前无可补订组合，缺口: {'20:00': 2, '21:00': 2}
[13:47:32] 🧩 [refill#1772093525261|auto] 开始执行: date=2026-04-01, target_count=2, times=['20:00', '21:00'], places=14
[13:47:34] 🙈 [refill#1772093525261|auto] 当前无可补订组合，缺口: {'20:00': 2, '21:00': 2}
[13:47:45] 🧩 [refill#1772093525261|auto] 开始执行: date=2026-04-01, target_count=2, times=['20:00', '21:00'], places=14
[13:47:47] 🙈 [refill#1772093525261|auto] 当前无可补订组合，缺口: {'20:00': 2, '21:00': 2}
[13:47:57] 🧩 [refill#1772093525261|auto] 开始执行: date=2026-04-01, target_count=2, times=['20:00', '21:00'], places=14
[13:47:59] 🙈 [refill#1772093525261|auto] 当前无可补订组合，缺口: {'20:00': 2, '21:00': 2}
[13:48:08] 🧩 [refill#1772093525261|auto] 开始执行: date=2026-04-01, target_count=2, times=['20:00', '21:00'], places=14
[13:48:11] 🙈 [refill#1772093525261|auto] 当前无可补订组合，缺口: {'20:00': 2, '21:00': 2}
[13:48:21] 🧩 [refill#1772093525261|auto] 开始执行: date=2026-04-01, target_count=2, times=['20:00', '21:00'], places=14
[13:48:23] 🙈 [refill#1772093525261|auto] 当前无可补订组合，缺口: {'20:00': 2, '21:00': 2}
[13:48:33] 🧩 [refill#1772093525261|auto] 开始执行: date=2026-04-01, target_count=2, times=['20:00', '21:00'], places=14
[13:48:33] 🙈 [refill#1772093525261|auto] 当前无可补订组合，缺口: {'20:00': 2, '21:00': 2}
[13:48:43] 🧩 [refill#1772093525261|auto] 开始执行: date=2026-04-01, target_count=2, times=['20:00', '21:00'], places=14
[13:48:45] 🙈 [refill#1772093525261|auto] 当前无可补订组合，缺口: {'20:00': 2, '21:00': 2}
[13:48:56] 🧩 [refill#1772093525261|auto] 开始执行: date=2026-04-01, target_count=2, times=['20:00', '21:00'], places=14
[13:48:57] 🙈 [refill#1772093525261|auto] 当前无可补订组合，缺口: {'20:00': 2, '21:00': 2}
[13:49:06] 🧩 [refill#1772093525261|auto] 开始执行: date=2026-04-01, target_count=2, times=['20:00', '21:00'], places=14
[13:49:08] 🙈 [refill#1772093525261|auto] 当前无可补订组合，缺口: {'20:00': 2, '21:00': 2}
[13:49:18] 🧩 [refill#1772093525261|auto] 开始执行: date=2026-04-01, target_count=2, times=['20:00', '21:00'], places=14
[13:49:20] 🙈 [refill#1772093525261|auto] 当前无可补订组合，缺口: {'20:00': 2, '21:00': 2}
[13:49:30] 🧩 [refill#1772093525261|auto] 开始执行: date=2026-04-01, target_count=2, times=['20:00', '21:00'], places=14
[13:49:31] 🙈 [refill#1772093525261|auto] 当前无可补订组合，缺口: {'20:00': 2, '21:00': 2}
[13:49:40] 🧩 [refill#1772093525261|auto] 开始执行: date=2026-04-01, target_count=2, times=['20:00', '21:00'], places=14
[13:49:42] 🙈 [refill#1772093525261|auto] 当前无可补订组合，缺口: {'20:00': 2, '21:00': 2}
[13:49:52] 🧩 [refill#1772093525261|auto] 开始执行: date=2026-04-01, target_count=2, times=['20:00', '21:00'], places=14
[13:49:54] 🙈 [refill#1772093525261|auto] 当前无可补订组合，缺口: {'20:00': 2, '21:00': 2}
[13:50:03] 🧩 [refill#1772093525261|auto] 开始执行: date=2026-04-01, target_count=2, times=['20:00', '21:00'], places=14
[13:50:05] 🙈 [refill#1772093525261|auto] 当前无可补订组合，缺口: {'20:00': 2, '21:00': 2}
[13:50:14] 🧩 [refill#1772093525261|auto] 开始执行: date=2026-04-01, target_count=2, times=['20:00', '21:00'], places=14
[13:50:17] 🙈 [refill#1772093525261|auto] 当前无可补订组合，缺口: {'20:00': 2, '21:00': 2}
[13:50:26] 🧩 [refill#1772093525261|auto] 开始执行: date=2026-04-01, target_count=2, times=['20:00', '21:00'], places=14
[13:50:27] 🙈 [refill#1772093525261|auto] 当前无可补订组合，缺口: {'20:00': 2, '21:00': 2}
[13:50:37] 🧩 [refill#1772093525261|auto] 开始执行: date=2026-04-01, target_count=2, times=['20:00', '21:00'], places=14
[13:50:39] 🙈 [refill#1772093525261|auto] 当前无可补订组合，缺口: {'20:00': 2, '21:00': 2}
[13:50:48] 🧩 [refill#1772093525261|auto] 开始执行: date=2026-04-01, target_count=2, times=['20:00', '21:00'], places=14
[13:50:49] 🙈 [refill#1772093525261|auto] 当前无可补订组合，缺口: {'20:00': 2, '21:00': 2}
[13:50:58] 🧩 [refill#1772093525261|auto] 开始执行: date=2026-04-01, target_count=2, times=['20:00', '21:00'], places=14
[13:51:00] 🙈 [refill#1772093525261|auto] 当前无可补订组合，缺口: {'20:00': 2, '21:00': 2}
[13:51:10] 🧩 [refill#1772093525261|auto] 开始执行: date=2026-04-01, target_count=2, times=['20:00', '21:00'], places=14
[13:51:12] 🙈 [refill#1772093525261|auto] 当前无可补订组合，缺口: {'20:00': 2, '21:00': 2}
[13:51:23] 🧩 [refill#1772093525261|auto] 开始执行: date=2026-04-01, target_count=2, times=['20:00', '21:00'], places=14
[13:51:26] 🙈 [refill#1772093525261|auto] 当前无可补订组合，缺口: {'20:00': 2, '21:00': 2}
[13:51:35] 🧩 [refill#1772093525261|auto] 开始执行: date=2026-04-01, target_count=2, times=['20:00', '21:00'], places=14
[13:51:36] 🙈 [refill#1772093525261|auto] 当前无可补订组合，缺口: {'20:00': 2, '21:00': 2}
[13:51:45] 🧩 [refill#1772093525261|auto] 开始执行: date=2026-04-01, target_count=2, times=['20:00', '21:00'], places=14
[13:51:46] 🙈 [refill#1772093525261|auto] 当前无可补订组合，缺口: {'20:00': 2, '21:00': 2}
[13:51:56] 🧩 [refill#1772093525261|auto] 开始执行: date=2026-04-01, target_count=2, times=['20:00', '21:00'], places=14
[13:51:58] 🙈 [refill#1772093525261|auto] 当前无可补订组合，缺口: {'20:00': 2, '21:00': 2}
[13:52:09] 🧩 [refill#1772093525261|auto] 开始执行: date=2026-04-01, target_count=2, times=['20:00', '21:00'], places=14
[13:52:12] 🙈 [refill#1772093525261|auto] 当前无可补订组合，缺口: {'20:00': 2, '21:00': 2}
[13:52:22] 🧩 [refill#1772093525261|auto] 开始执行: date=2026-04-01, target_count=2, times=['20:00', '21:00'], places=14
[13:52:23] 🙈 [refill#1772093525261|auto] 当前无可补订组合，缺口: {'20:00': 2, '21:00': 2}
[13:52:32] 🧩 [refill#1772093525261|auto] 开始执行: date=2026-04-01, target_count=2, times=['20:00', '21:00'], places=14
[13:52:34] 🙈 [refill#1772093525261|auto] 当前无可补订组合，缺口: {'20:00': 2, '21:00': 2}
[13:52:45] 🧩 [refill#1772093525261|auto] 开始执行: date=2026-04-01, target_count=2, times=['20:00', '21:00'], places=14
[13:52:47] 🙈 [refill#1772093525261|auto] 当前无可补订组合，缺口: {'20:00': 2, '21:00': 2}
[13:52:56] 🧩 [refill#1772093525261|auto] 开始执行: date=2026-04-01, target_count=2, times=['20:00', '21:00'], places=14
[13:52:57] 🙈 [refill#1772093525261|auto] 当前无可补订组合，缺口: {'20:00': 2, '21:00': 2}
[13:53:06] 🧩 [refill#1772093525261|auto] 开始执行: date=2026-04-01, target_count=2, times=['20:00', '21:00'], places=14
[13:53:08] 🙈 [refill#1772093525261|auto] 当前无可补订组合，缺口: {'20:00': 2, '21:00': 2}
[13:53:17] 🧩 [refill#1772093525261|auto] 开始执行: date=2026-04-01, target_count=2, times=['20:00', '21:00'], places=14
[13:53:19] 🙈 [refill#1772093525261|auto] 当前无可补订组合，缺口: {'20:00': 2, '21:00': 2}
[13:53:29] 🧩 [refill#1772093525261|auto] 开始执行: date=2026-04-01, target_count=2, times=['20:00', '21:00'], places=14
[13:53:31] 🙈 [refill#1772093525261|auto] 当前无可补订组合，缺口: {'20:00': 2, '21:00': 2}
[13:53:41] 🧩 [refill#1772093525261|auto] 开始执行: date=2026-04-01, target_count=2, times=['20:00', '21:00'], places=14
[13:53:42] 🙈 [refill#1772093525261|auto] 当前无可补订组合，缺口: {'20:00': 2, '21:00': 2}
[13:53:52] 🧩 [refill#1772093525261|auto] 开始执行: date=2026-04-01, target_count=2, times=['20:00', '21:00'], places=14
[13:53:54] 🙈 [refill#1772093525261|auto] 当前无可补订组合，缺口: {'20:00': 2, '21:00': 2}
[13:54:04] 🧩 [refill#1772093525261|auto] 开始执行: date=2026-04-01, target_count=2, times=['20:00', '21:00'], places=14
[13:54:06] 🙈 [refill#1772093525261|auto] 当前无可补订组合，缺口: {'20:00': 2, '21:00': 2}
[13:54:16] 🧩 [refill#1772093525261|auto] 开始执行: date=2026-04-01, target_count=2, times=['20:00', '21:00'], places=14
[13:54:18] 🙈 [refill#1772093525261|auto] 当前无可补订组合，缺口: {'20:00': 2, '21:00': 2}
[13:54:27] 🧩 [refill#1772093525261|auto] 开始执行: date=2026-04-01, target_count=2, times=['20:00', '21:00'], places=14
[13:54:30] 🙈 [refill#1772093525261|auto] 当前无可补订组合，缺口: {'20:00': 2, '21:00': 2}
[13:54:39] 🧩 [refill#1772093525261|auto] 开始执行: date=2026-04-01, target_count=2, times=['20:00', '21:00'], places=14
[13:54:39] 🙈 [refill#1772093525261|auto] 当前无可补订组合，缺口: {'20:00': 2, '21:00': 2}
[13:54:48] 🧩 [refill#1772093525261|auto] 开始执行: date=2026-04-01, target_count=2, times=['20:00', '21:00'], places=14
[13:54:50] 🙈 [refill#1772093525261|auto] 当前无可补订组合，缺口: {'20:00': 2, '21:00': 2}
[13:54:59] 🧩 [refill#1772093525261|auto] 开始执行: date=2026-04-01, target_count=2, times=['20:00', '21:00'], places=14
[13:55:01] 🙈 [refill#1772093525261|auto] 当前无可补订组合，缺口: {'20:00': 2, '21:00': 2}
[13:55:10] 🧩 [refill#1772093525261|auto] 开始执行: date=2026-04-01, target_count=2, times=['20:00', '21:00'], places=14
[13:55:12] 🙈 [refill#1772093525261|auto] 当前无可补订组合，缺口: {'20:00': 2, '21:00': 2}
[13:55:22] 🧩 [refill#1772093525261|auto] 开始执行: date=2026-04-01, target_count=2, times=['20:00', '21:00'], places=14
[13:55:25] 🙈 [refill#1772093525261|auto] 当前无可补订组合，缺口: {'20:00': 2, '21:00': 2}
[13:55:35] 🧩 [refill#1772093525261|auto] 开始执行: date=2026-04-01, target_count=2, times=['20:00', '21:00'], places=14
[13:55:36] 🙈 [refill#1772093525261|auto] 当前无可补订组合，缺口: {'20:00': 2, '21:00': 2}
[13:55:45] 🧩 [refill#1772093525261|auto] 开始执行: date=2026-04-01, target_count=2, times=['20:00', '21:00'], places=14
[13:55:47] 🙈 [refill#1772093525261|auto] 当前无可补订组合，缺口: {'20:00': 2, '21:00': 2}
[13:55:58] 🧩 [refill#1772093525261|auto] 开始执行: date=2026-04-01, target_count=2, times=['20:00', '21:00'], places=14
[13:56:00] 🙈 [refill#1772093525261|auto] 当前无可补订组合，缺口: {'20:00': 2, '21:00': 2}
[13:56:09] 🧩 [refill#1772093525261|auto] 开始执行: date=2026-04-01, target_count=2, times=['20:00', '21:00'], places=14
[13:56:10] 🙈 [refill#1772093525261|auto] 当前无可补订组合，缺口: {'20:00': 2, '21:00': 2}
[13:56:19] 🧩 [refill#1772093525261|auto] 开始执行: date=2026-04-01, target_count=2, times=['20:00', '21:00'], places=14
[13:56:20] 🙈 [refill#1772093525261|auto] 当前无可补订组合，缺口: {'20:00': 2, '21:00': 2}
[13:56:29] 🧩 [refill#1772093525261|auto] 开始执行: date=2026-04-01, target_count=2, times=['20:00', '21:00'], places=14
[13:56:31] 🙈 [refill#1772093525261|auto] 当前无可补订组合，缺口: {'20:00': 2, '21:00': 2}
[13:56:40] 🧩 [refill#1772093525261|auto] 开始执行: date=2026-04-01, target_count=2, times=['20:00', '21:00'], places=14
[13:56:42] 🙈 [refill#1772093525261|auto] 当前无可补订组合，缺口: {'20:00': 2, '21:00': 2}
[13:56:51] 🧩 [refill#1772093525261|auto] 开始执行: date=2026-04-01, target_count=2, times=['20:00', '21:00'], places=14
[13:56:53] 🙈 [refill#1772093525261|auto] 当前无可补订组合，缺口: {'20:00': 2, '21:00': 2}
[13:57:03] 🧩 [refill#1772093525261|auto] 开始执行: date=2026-04-01, target_count=2, times=['20:00', '21:00'], places=14
[13:57:05] 🙈 [refill#1772093525261|auto] 当前无可补订组合，缺口: {'20:00': 2, '21:00': 2}
[13:57:16] 🧩 [refill#1772093525261|auto] 开始执行: date=2026-04-01, target_count=2, times=['20:00', '21:00'], places=14
[13:57:17] 🙈 [refill#1772093525261|auto] 当前无可补订组合，缺口: {'20:00': 2, '21:00': 2}
[13:57:27] 🧩 [refill#1772093525261|auto] 开始执行: date=2026-04-01, target_count=2, times=['20:00', '21:00'], places=14
[13:57:29] 🙈 [refill#1772093525261|auto] 当前无可补订组合，缺口: {'20:00': 2, '21:00': 2}
[13:57:39] 🧩 [refill#1772093525261|auto] 开始执行: date=2026-04-01, target_count=2, times=['20:00', '21:00'], places=14
[13:57:42] 🙈 [refill#1772093525261|auto] 当前无可补订组合，缺口: {'20:00': 2, '21:00': 2}
[13:57:52] 🧩 [refill#1772093525261|auto] 开始执行: date=2026-04-01, target_count=2, times=['20:00', '21:00'], places=14
[13:57:53] 🙈 [refill#1772093525261|auto] 当前无可补订组合，缺口: {'20:00': 2, '21:00': 2}
[13:58:02] 🧩 [refill#1772093525261|auto] 开始执行: date=2026-04-01, target_count=2, times=['20:00', '21:00'], places=14
[13:58:04] 🙈 [refill#1772093525261|auto] 当前无可补订组合，缺口: {'20:00': 2, '21:00': 2}
[13:58:14] 🧩 [refill#1772093525261|auto] 开始执行: date=2026-04-01, target_count=2, times=['20:00', '21:00'], places=14
[13:58:16] 🙈 [refill#1772093525261|auto] 当前无可补订组合，缺口: {'20:00': 2, '21:00': 2}
[13:58:25] 🧩 [refill#1772093525261|auto] 开始执行: date=2026-04-01, target_count=2, times=['20:00', '21:00'], places=14
[13:58:26] 🙈 [refill#1772093525261|auto] 当前无可补订组合，缺口: {'20:00': 2, '21:00': 2}
[13:58:37] 🧩 [refill#1772093525261|auto] 开始执行: date=2026-04-01, target_count=2, times=['20:00', '21:00'], places=14
[13:58:39] 🙈 [refill#1772093525261|auto] 当前无可补订组合，缺口: {'20:00': 2, '21:00': 2}
[13:58:49] 🧩 [refill#1772093525261|auto] 开始执行: date=2026-04-01, target_count=2, times=['20:00', '21:00'], places=14
[13:58:52] 🙈 [refill#1772093525261|auto] 当前无可补订组合，缺口: {'20:00': 2, '21:00': 2}
[13:59:01] 🧩 [refill#1772093525261|auto] 开始执行: date=2026-04-01, target_count=2, times=['20:00', '21:00'], places=14
[13:59:02] 🙈 [refill#1772093525261|auto] 当前无可补订组合，缺口: {'20:00': 2, '21:00': 2}
[13:59:12] 🧩 [refill#1772093525261|auto] 开始执行: date=2026-04-01, target_count=2, times=['20:00', '21:00'], places=14
[13:59:14] 🙈 [refill#1772093525261|auto] 当前无可补订组合，缺口: {'20:00': 2, '21:00': 2}
[13:59:25] 🧩 [refill#1772093525261|auto] 开始执行: date=2026-04-01, target_count=2, times=['20:00', '21:00'], places=14
[13:59:27] 🙈 [refill#1772093525261|auto] 当前无可补订组合，缺口: {'20:00': 2, '21:00': 2}
[13:59:37] 🧩 [refill#1772093525261|auto] 开始执行: date=2026-04-01, target_count=2, times=['20:00', '21:00'], places=14
[13:59:38] 🙈 [refill#1772093525261|auto] 当前无可补订组合，缺口: {'20:00': 2, '21:00': 2}
[13:59:48] 🧩 [refill#1772093525261|auto] 开始执行: date=2026-04-01, target_count=2, times=['20:00', '21:00'], places=14
[13:59:49] 🙈 [refill#1772093525261|auto] 当前无可补订组合，缺口: {'20:00': 2, '21:00': 2}
[13:59:58] 🧩 [refill#1772093525261|auto] 开始执行: date=2026-04-01, target_count=2, times=['20:00', '21:00'], places=14
[14:00:00] 🙈 [refill#1772093525261|auto] 当前无可补订组合，缺口: {'20:00': 2, '21:00': 2}
[14:00:10] 🧩 [refill#1772093525261|auto] 开始执行: date=2026-04-01, target_count=2, times=['20:00', '21:00'], places=14
[14:00:12] 🙈 [refill#1772093525261|auto] 当前无可补订组合，缺口: {'20:00': 2, '21:00': 2}
[14:00:21] 🧩 [refill#1772093525261|auto] 开始执行: date=2026-04-01, target_count=2, times=['20:00', '21:00'], places=14
[14:00:23] 🙈 [refill#1772093525261|auto] 当前无可补订组合，缺口: {'20:00': 2, '21:00': 2}
[14:00:32] 🧩 [refill#1772093525261|auto] 开始执行: date=2026-04-01, target_count=2, times=['20:00', '21:00'], places=14
[14:00:35] 🙈 [refill#1772093525261|auto] 当前无可补订组合，缺口: {'20:00': 2, '21:00': 2}
[14:00:44] 🧩 [refill#1772093525261|auto] 开始执行: date=2026-04-01, target_count=2, times=['20:00', '21:00'], places=14
[14:00:45] 🙈 [refill#1772093525261|auto] 当前无可补订组合，缺口: {'20:00': 2, '21:00': 2}
[14:00:55] 🧩 [refill#1772093525261|auto] 开始执行: date=2026-04-01, target_count=2, times=['20:00', '21:00'], places=14
[14:00:57] 🙈 [refill#1772093525261|auto] 当前无可补订组合，缺口: {'20:00': 2, '21:00': 2}
[14:01:06] 🧩 [refill#1772093525261|auto] 开始执行: date=2026-04-01, target_count=2, times=['20:00', '21:00'], places=14
[14:01:08] 🙈 [refill#1772093525261|auto] 当前无可补订组合，缺口: {'20:00': 2, '21:00': 2}
[14:01:18] 🧩 [refill#1772093525261|auto] 开始执行: date=2026-04-01, target_count=2, times=['20:00', '21:00'], places=14
[14:01:18] 🙈 [refill#1772093525261|auto] 当前无可补订组合，缺口: {'20:00': 2, '21:00': 2}
[14:01:28] 🧩 [refill#1772093525261|auto] 开始执行: date=2026-04-01, target_count=2, times=['20:00', '21:00'], places=14
[14:01:30] 🙈 [refill#1772093525261|auto] 当前无可补订组合，缺口: {'20:00': 2, '21:00': 2}
[14:01:39] 🧩 [refill#1772093525261|auto] 开始执行: date=2026-04-01, target_count=2, times=['20:00', '21:00'], places=14
[14:01:42] 🙈 [refill#1772093525261|auto] 当前无可补订组合，缺口: {'20:00': 2, '21:00': 2}
[14:01:52] 🧩 [refill#1772093525261|auto] 开始执行: date=2026-04-01, target_count=2, times=['20:00', '21:00'], places=14
[14:01:55] 🙈 [refill#1772093525261|auto] 当前无可补订组合，缺口: {'20:00': 2, '21:00': 2}
[14:02:04] 🧩 [refill#1772093525261|auto] 开始执行: date=2026-04-01, target_count=2, times=['20:00', '21:00'], places=14
[14:02:04] 🙈 [refill#1772093525261|auto] 当前无可补订组合，缺口: {'20:00': 2, '21:00': 2}
[14:02:15] 🧩 [refill#1772093525261|auto] 开始执行: date=2026-04-01, target_count=2, times=['20:00', '21:00'], places=14
[14:02:17] 🙈 [refill#1772093525261|auto] 当前无可补订组合，缺口: {'20:00': 2, '21:00': 2}
[14:02:26] 🧩 [refill#1772093525261|auto] 开始执行: date=2026-04-01, target_count=2, times=['20:00', '21:00'], places=14
[14:02:28] 🙈 [refill#1772093525261|auto] 当前无可补订组合，缺口: {'20:00': 2, '21:00': 2}
[14:02:37] 🧩 [refill#1772093525261|auto] 开始执行: date=2026-04-01, target_count=2, times=['20:00', '21:00'], places=14
[14:02:39] 🙈 [refill#1772093525261|auto] 当前无可补订组合，缺口: {'20:00': 2, '21:00': 2}
[14:02:49] 🧩 [refill#1772093525261|auto] 开始执行: date=2026-04-01, target_count=2, times=['20:00', '21:00'], places=14
[14:02:50] 🙈 [refill#1772093525261|auto] 当前无可补订组合，缺口: {'20:00': 2, '21:00': 2}
[14:02:59] 🧩 [refill#1772093525261|auto] 开始执行: date=2026-04-01, target_count=2, times=['20:00', '21:00'], places=14
[14:03:00] 🙈 [refill#1772093525261|auto] 当前无可补订组合，缺口: {'20:00': 2, '21:00': 2}
[14:03:10] 🧩 [refill#1772093525261|auto] 开始执行: date=2026-04-01, target_count=2, times=['20:00', '21:00'], places=14
[14:03:14] 🙈 [refill#1772093525261|auto] 当前无可补订组合，缺口: {'20:00': 2, '21:00': 2}
[14:03:23] 🧩 [refill#1772093525261|auto] 开始执行: date=2026-04-01, target_count=2, times=['20:00', '21:00'], places=14
[14:03:23] 🙈 [refill#1772093525261|auto] 当前无可补订组合，缺口: {'20:00': 2, '21:00': 2}
[14:03:33] 🧩 [refill#1772093525261|auto] 开始执行: date=2026-04-01, target_count=2, times=['20:00', '21:00'], places=14
[14:03:35] 🙈 [refill#1772093525261|auto] 当前无可补订组合，缺口: {'20:00': 2, '21:00': 2}
[14:03:45] 🧩 [refill#1772093525261|auto] 开始执行: date=2026-04-01, target_count=2, times=['20:00', '21:00'], places=14
[14:03:47] 🙈 [refill#1772093525261|auto] 当前无可补订组合，缺口: {'20:00': 2, '21:00': 2}
[14:03:56] 🧩 [refill#1772093525261|auto] 开始执行: date=2026-04-01, target_count=2, times=['20:00', '21:00'], places=14
[14:03:58] 🙈 [refill#1772093525261|auto] 当前无可补订组合，缺口: {'20:00': 2, '21:00': 2}
[14:04:07] 🧩 [refill#1772093525261|auto] 开始执行: date=2026-04-01, target_count=2, times=['20:00', '21:00'], places=14
[14:04:08] 🙈 [refill#1772093525261|auto] 当前无可补订组合，缺口: {'20:00': 2, '21:00': 2}
[14:04:17] 🧩 [refill#1772093525261|auto] 开始执行: date=2026-04-01, target_count=2, times=['20:00', '21:00'], places=14
[14:04:20] 🙈 [refill#1772093525261|auto] 当前无可补订组合，缺口: {'20:00': 2, '21:00': 2}
