[13:14:52] ⏰ [自动任务] 开始执行任务: 1772630208932
[13:14:53] 🕒 [时间对齐] server_offset=21.078s, base_run=2026-03-06 16:16:00, target_date=2026-03-10
[13:18:00] ⏭️ [任务锁] 任务1772630208932仍在执行，跳过本次触发
[13:20:25] 📧 正在发送短信通知给: ['13910424189']
[13:20:26] 📧 短信接口返回: [0] 发送成功
[13:20:26] 📩 PushPlus 发送成功
[13:30:01] ✅ 健康检查通过：场地状态获取正常；⚠️ 下单链路仅完成探测，结果未确认( 探测响应: success )
[14:00:03] ✅ 健康检查通过：场地状态获取正常；⚠️ 下单链路仅完成探测，结果未确认( 探测响应: success )
[15:30:34] ✅ 健康检查通过：场地状态获取正常；⚠️ 下单链路仅完成探测，结果未确认( 探测响应: success )
[16:00:39] ✅ 健康检查通过：场地状态获取正常；⚠️ 下单链路仅完成探测，结果未确认( 探测响应: success )
[16:30:44] ✅ 健康检查通过：场地状态获取正常；⚠️ 下单链路仅完成探测，结果未确认( 探测响应: success )
[17:00:48] ✅ 健康检查通过：场地状态获取正常；⚠️ 下单链路仅完成探测，结果未确认( 探测响应: success )
[17:30:53] ✅ 健康检查通过：场地状态获取正常；⚠️ 下单链路仅完成探测，结果未确认( 探测响应: success )
[18:00:57] ✅ 健康检查通过：场地状态获取正常；⚠️ 下单链路仅完成探测，结果未确认( 探测响应: success )
[18:31:01] ✅ 健康检查通过：场地状态获取正常；⚠️ 下单链路仅完成探测，结果未确认( 探测响应: success )
[19:00:06] ✅ 健康检查通过：场地状态获取正常；⚠️ 下单链路仅完成探测，结果未确认( 探测响应: success )
[19:30:09] ✅ 健康检查通过：场地状态获取正常；⚠️ 下单链路仅完成探测，结果未确认( 探测响应: success )
[20:00:13] ✅ 健康检查通过：场地状态获取正常；⚠️ 下单链路仅完成探测，结果未确认( 探测响应: success )
[20:30:17] ✅ 健康检查通过：场地状态获取正常；⚠️ 下单链路仅完成探测，结果未确认( 探测响应: success )
[21:00:20] ✅ 健康检查通过：场地状态获取正常；⚠️ 下单链路仅完成探测，结果未确认( 探测响应: success )
[21:30:24] ✅ 健康检查通过：场地状态获取正常；⚠️ 下单链路仅完成探测，结果未确认( 探测响应: success )
[22:00:29] ✅ 健康检查通过：场地状态获取正常；⚠️ 下单链路仅完成探测，结果未确认( 探测响应: success )
