[11:59:40] ⏰ [自动任务] 开始执行任务: 1771732252398
[11:59:43] 🕒 [时间对齐] server_offset=18.648s, base_run=2026-03-04 11:59:40, target_date=2026-03-10
[11:59:43] 🔄 第 1 轮无限尝试...喵
[11:59:43] ⚡ [加速] 首轮跳过mine覆盖，优先抢占可用库存
[11:59:44] 获取状态失败: fail 喵
[11:59:44] 🔄 第 2 轮无限尝试...喵
[11:59:47] 获取状态失败: HTTPSConnectionPool(host='gymvip.bfsu.edu.cn', port=443): Read timed out. (read timeout=3.0) 喵
[11:59:47] ⚠️ 检测到服务器短时异常，启用高频重试 (0.2s)
[11:59:47] 🔄 第 3 轮无限尝试...喵
[11:59:48] 获取状态失败: fail 喵
[11:59:48] 🔄 第 4 轮无限尝试...喵
[11:59:51] 获取状态失败: HTTPSConnectionPool(host='gymvip.bfsu.edu.cn', port=443): Read timed out. (read timeout=3.0) 喵
[11:59:51] ⚠️ 检测到服务器短时异常，启用高频重试 (0.2s)
[11:59:51] 🔄 第 5 轮无限尝试...喵
[11:59:55] 获取状态失败: HTTPSConnectionPool(host='gymvip.bfsu.edu.cn', port=443): Read timed out. (read timeout=3.0) 喵
[11:59:55] ⚠️ 检测到服务器短时异常，启用高频重试 (0.2s)
[11:59:55] 🔄 第 6 轮无限尝试...喵
[12:00:00] 获取状态失败: HTTPSConnectionPool(host='gymvip.bfsu.edu.cn', port=443): Read timed out. (read timeout=5.0) 喵
[12:00:00] ⚠️ 检测到服务器短时异常，启用高频重试 (0.2s)
[12:00:00] 🔄 第 7 轮无限尝试...喵
[12:00:05] 获取状态失败: HTTPSConnectionPool(host='gymvip.bfsu.edu.cn', port=443): Read timed out. (read timeout=5.0) 喵
[12:00:05] ⚠️ 连续 5 次服务器异常，退避 2.5s 后继续
[12:00:08] ⚠️ 检测到服务器短时异常，启用高频重试 (0.2s)
[12:00:08] 🔄 第 8 轮无限尝试...喵
[12:00:08] 获取状态失败: 服务器返回无效数据(可能是崩了) 喵
[12:00:08] ⚠️ 检测到服务器短时异常，启用高频重试 (0.2s)
[12:00:08] 🔄 第 9 轮无限尝试...喵
[12:00:08] 获取状态失败: 服务器返回无效数据(可能是崩了) 喵
[12:00:08] ⚠️ 检测到服务器短时异常，启用高频重试 (0.2s)
[12:00:08] 🔄 第 10 轮无限尝试...喵
[12:00:09] 获取状态失败: 服务器返回无效数据(可能是崩了) 喵
[12:00:09] ⚠️ 检测到服务器短时异常，启用高频重试 (0.2s)
[12:00:09] 🔄 第 11 轮无限尝试...喵
[12:00:09] 获取状态失败: 服务器返回无效数据(可能是崩了) 喵
[12:00:09] ⚠️ 检测到服务器短时异常，启用高频重试 (0.2s)
[12:00:09] 🔄 第 12 轮无限尝试...喵
[12:00:09] 获取状态失败: 服务器返回无效数据(可能是崩了) 喵
[12:00:09] ⚠️ 连续 5 次服务器异常，退避 2.5s 后继续
[12:00:12] ⚠️ 检测到服务器短时异常，启用高频重试 (0.2s)
[12:00:12] 🔄 第 13 轮无限尝试...喵
[12:00:12] 获取状态失败: 服务器返回无效数据(可能是崩了) 喵
[12:00:12] ⚠️ 检测到服务器短时异常，启用高频重试 (0.2s)
[12:00:12] 🔄 第 14 轮无限尝试...喵
[12:00:12] 获取状态失败: 服务器返回无效数据(可能是崩了) 喵
[12:00:12] ⚠️ 检测到服务器短时异常，启用高频重试 (0.2s)
[12:00:12] 🔄 第 15 轮无限尝试...喵
[12:00:12] 获取状态失败: 服务器返回无效数据(可能是崩了) 喵
[12:00:12] ⚠️ 检测到服务器短时异常，启用高频重试 (0.2s)
[12:00:12] 🔄 第 16 轮无限尝试...喵
[12:00:12] 获取状态失败: 服务器返回无效数据(可能是崩了) 喵
[12:00:12] ⚠️ 检测到服务器短时异常，启用高频重试 (0.2s)
[12:00:13] 🔄 第 17 轮无限尝试...喵
[12:00:13] 获取状态失败: 服务器返回无效数据(可能是崩了) 喵
[12:00:13] ⚠️ 连续 5 次服务器异常，退避 2.5s 后继续
[12:00:15] ⚠️ 检测到服务器短时异常，启用高频重试 (0.2s)
[12:00:15] 🔄 第 18 轮无限尝试...喵
[12:00:18] 获取状态失败: HTTPSConnectionPool(host='gymvip.bfsu.edu.cn', port=443): Read timed out. (read timeout=3.0) 喵
[12:00:18] ⚠️ 检测到服务器短时异常，启用高频重试 (0.2s)
[12:00:19] 🔄 第 19 轮无限尝试...喵
[12:00:22] 获取状态失败: HTTPSConnectionPool(host='gymvip.bfsu.edu.cn', port=443): Read timed out. (read timeout=3.0) 喵
[12:00:22] ⚠️ 检测到服务器短时异常，启用高频重试 (0.2s)
[12:00:22] 🔄 第 20 轮无限尝试...喵
[12:00:25] 获取状态失败: HTTPSConnectionPool(host='gymvip.bfsu.edu.cn', port=443): Read timed out. (read timeout=3.0) 喵
[12:00:25] ⚠️ 检测到服务器短时异常，启用高频重试 (0.2s)
[12:00:25] 🔄 第 21 轮无限尝试...喵
[12:00:30] 获取状态失败: HTTPSConnectionPool(host='gymvip.bfsu.edu.cn', port=443): Read timed out. (read timeout=5.0) 喵
[12:00:30] ⚠️ 检测到服务器短时异常，启用高频重试 (0.2s)
[12:00:31] 🔄 第 22 轮无限尝试...喵
[12:00:36] 获取状态失败: HTTPSConnectionPool(host='gymvip.bfsu.edu.cn', port=443): Read timed out. (read timeout=5.0) 喵
[12:00:36] ⚠️ 连续 5 次服务器异常，退避 2.5s 后继续
[12:00:38] ⚠️ 检测到服务器短时异常，启用高频重试 (0.2s)
[12:00:38] 🔄 第 23 轮无限尝试...喵
[12:00:42] 获取状态失败: HTTPSConnectionPool(host='gymvip.bfsu.edu.cn', port=443): Read timed out. (read timeout=3.0) 喵
[12:00:42] ⚠️ 检测到服务器短时异常，启用高频重试 (0.2s)
[12:00:42] 🔄 第 24 轮无限尝试...喵
[12:00:45] 获取状态失败: HTTPSConnectionPool(host='gymvip.bfsu.edu.cn', port=443): Read timed out. (read timeout=3.0) 喵
[12:00:45] ⚠️ 检测到服务器短时异常，启用高频重试 (0.2s)
[12:00:45] 🔄 第 25 轮无限尝试...喵
[12:00:48] 获取状态失败: HTTPSConnectionPool(host='gymvip.bfsu.edu.cn', port=443): Read timed out. (read timeout=3.0) 喵
[12:00:48] ⚠️ 检测到服务器短时异常，启用高频重试 (0.2s)
[12:00:49] 🔄 第 26 轮无限尝试...喵
[12:00:54] 获取状态失败: HTTPSConnectionPool(host='gymvip.bfsu.edu.cn', port=443): Read timed out. (read timeout=5.0) 喵
[12:00:54] ⚠️ 检测到服务器短时异常，启用高频重试 (0.2s)
[12:00:54] 🔄 第 27 轮无限尝试...喵
[12:01:17] ⚠️ [pipeline] 订单拉取失败，按0占位处理: 订单接口返回异常: fail
[12:01:17] 🧪 [pipeline] 当前阶段=continuous elapsed=0.0s
[12:01:17] 正在提交分批订单: [{'place': '4', 'time': '20:00'}, {'place': '4', 'time': '21:00'}, {'place': '6', 'time': '20:00'}, {'place': '6', 'time': '21:00'}]
[12:01:20] ⏱️ [pipeline] 扣除本轮提交流水耗时 2.87s，避免阶段窗口被网络耗时吃掉
[12:01:20] [submit_order调试] 批次响应: {'status': 'fail', 'msg': '操作过快,请稍后重试。', 'success_items': [], 'failed_items': [], 'run_metric': {'submit_req_count': 2, 'submit_success_resp_count': 0, 'submit_retry_count': 0, 'fast_lane_used_seconds': 2.0, 'confirm_matrix_poll_count': 0, 'confirm_orders_poll_count': 0, 't_confirm_ms': 0, 'verify_exception_count': 0, 'effective_initial_batch_size': 2, 'submit_strategy_mode': 'adaptive', 'retry_budget_total': 3, 'retry_budget_used': 0, 'adaptive_small_n_merge_applied': False, 'submit_grouping_mode': 'smart', 'place_first_grouping_applied': True, 'submit_profile': 'auto_high_concurrency', 'effective_fast_lane_enabled': True, 'effective_fast_lane_seconds': 2.0, 'effective_batch_min_interval': 0.8, 'effective_too_fast_cooldown_seconds': 1.4, 'effective_batch_retry_times': 1}}
[12:01:30] 🔁 [pipeline] 本轮提交后仍缺 4 个时段，缺口明细: {'20:00': 2, '21:00': 2}，继续补齐下一轮
[12:01:31] 🔄 第 28 轮无限尝试...喵
[12:01:54] 🧪 [pipeline] 当前阶段=none elapsed=31.83s
[12:01:54] 🧪 [pipeline] 阶段窗口已结束且未启用refill，按配置立即结束任务
[12:01:54] ⚠️ 未配置短信手机号，通知内容未发送: 【预订失败】2026-03-10（周二） pipeline阶段窗口已结束且未启用refill，停止继续轮询
[12:01:55] 📩 PushPlus 发送成功
[12:01:55] 📊 [run-metric] task=1771732252398 attempts=28 first_matrix=85999ms first_submit=94156ms first_success=Nonems p95=2870ms
[12:02:09] ⏰ [自动任务] 开始执行任务: 1771732252398
[12:02:20] 🕒 [时间对齐] server_offset=19.64s, base_run=2026-03-05 11:59:40, target_date=2026-03-11
[12:05:00] 🧩 [refill#1772093525261|auto] 开始执行: date=2026-03-10, target_count=2, times=['20:00', '21:00'], places=14
[12:05:08] 🙈 [refill#1772093525261|auto] 当前无可补订组合，缺口: {'20:00': 2, '21:00': 2}
[12:06:00] 🧩 [refill#1772093525261|auto] 开始执行: date=2026-03-10, target_count=2, times=['20:00', '21:00'], places=14
[12:06:09] 🙈 [refill#1772093525261|auto] 当前无可补订组合，缺口: {'20:00': 2, '21:00': 2}
[12:07:01] 🧩 [refill#1772093525261|auto] 开始执行: date=2026-03-10, target_count=2, times=['20:00', '21:00'], places=14
[12:07:06] 🙈 [refill#1772093525261|auto] 当前无可补订组合，缺口: {'20:00': 2, '21:00': 2}
[12:08:01] 🧩 [refill#1772093525261|auto] 开始执行: date=2026-03-10, target_count=2, times=['20:00', '21:00'], places=14
[12:08:11] 🙈 [refill#1772093525261|auto] 当前无可补订组合，缺口: {'20:00': 2, '21:00': 2}
[12:09:02] 🧩 [refill#1772093525261|auto] 开始执行: date=2026-03-10, target_count=2, times=['20:00', '21:00'], places=14
[12:09:05] 🙈 [refill#1772093525261|auto] 当前无可补订组合，缺口: {'20:00': 2, '21:00': 2}
[12:10:02] 🧩 [refill#1772093525261|auto] 开始执行: date=2026-03-10, target_count=2, times=['20:00', '21:00'], places=14
[12:10:12] 🙈 [refill#1772093525261|auto] 当前无可补订组合，缺口: {'20:00': 2, '21:00': 2}
[12:11:03] 🧩 [refill#1772093525261|auto] 开始执行: date=2026-03-10, target_count=2, times=['20:00', '21:00'], places=14
[12:11:05] 🙈 [refill#1772093525261|auto] 当前无可补订组合，缺口: {'20:00': 2, '21:00': 2}
[12:12:03] 🧩 [refill#1772093525261|auto] 开始执行: date=2026-03-10, target_count=2, times=['20:00', '21:00'], places=14
[12:12:14] 🙈 [refill#1772093525261|auto] 当前无可补订组合，缺口: {'20:00': 2, '21:00': 2}
[12:13:04] 🧩 [refill#1772093525261|auto] 开始执行: date=2026-03-10, target_count=2, times=['20:00', '21:00'], places=14
[12:13:14] 🙈 [refill#1772093525261|auto] 当前无可补订组合，缺口: {'20:00': 2, '21:00': 2}
[12:14:04] 🧩 [refill#1772093525261|auto] 开始执行: date=2026-03-10, target_count=2, times=['20:00', '21:00'], places=14
[12:14:07] 🙈 [refill#1772093525261|auto] 当前无可补订组合，缺口: {'20:00': 2, '21:00': 2}
[12:15:04] 🧩 [refill#1772093525261|auto] 开始执行: date=2026-03-10, target_count=2, times=['20:00', '21:00'], places=14
[12:15:07] 🙈 [refill#1772093525261|auto] 当前无可补订组合，缺口: {'20:00': 2, '21:00': 2}
[12:16:05] 🧩 [refill#1772093525261|auto] 开始执行: date=2026-03-10, target_count=2, times=['20:00', '21:00'], places=14
[12:16:15] 🙈 [refill#1772093525261|auto] 当前无可补订组合，缺口: {'20:00': 2, '21:00': 2}
[12:17:06] 🧩 [refill#1772093525261|auto] 开始执行: date=2026-03-10, target_count=2, times=['20:00', '21:00'], places=14
[12:17:09] 🙈 [refill#1772093525261|auto] 当前无可补订组合，缺口: {'20:00': 2, '21:00': 2}
[12:18:07] 🧩 [refill#1772093525261|auto] 开始执行: date=2026-03-10, target_count=2, times=['20:00', '21:00'], places=14
[12:18:09] 🙈 [refill#1772093525261|auto] 当前无可补订组合，缺口: {'20:00': 2, '21:00': 2}
[12:19:08] 🧩 [refill#1772093525261|auto] 开始执行: date=2026-03-10, target_count=2, times=['20:00', '21:00'], places=14
[12:19:17] 🙈 [refill#1772093525261|auto] 当前无可补订组合，缺口: {'20:00': 2, '21:00': 2}
[12:20:08] 🧩 [refill#1772093525261|auto] 开始执行: date=2026-03-10, target_count=2, times=['20:00', '21:00'], places=14
[12:20:18] 🙈 [refill#1772093525261|auto] 当前无可补订组合，缺口: {'20:00': 2, '21:00': 2}
[12:21:09] 🧩 [refill#1772093525261|auto] 开始执行: date=2026-03-10, target_count=2, times=['20:00', '21:00'], places=14
[12:21:12] 🙈 [refill#1772093525261|auto] 当前无可补订组合，缺口: {'20:00': 2, '21:00': 2}
[12:22:10] 🧩 [refill#1772093525261|auto] 开始执行: date=2026-03-10, target_count=2, times=['20:00', '21:00'], places=14
[12:22:12] 🙈 [refill#1772093525261|auto] 当前无可补订组合，缺口: {'20:00': 2, '21:00': 2}
[12:23:10] 🧩 [refill#1772093525261|auto] 开始执行: date=2026-03-10, target_count=2, times=['20:00', '21:00'], places=14
[12:23:13] 🙈 [refill#1772093525261|auto] 当前无可补订组合，缺口: {'20:00': 2, '21:00': 2}
[12:24:11] 🧩 [refill#1772093525261|auto] 开始执行: date=2026-03-10, target_count=2, times=['20:00', '21:00'], places=14
[12:24:14] 🙈 [refill#1772093525261|auto] 当前无可补订组合，缺口: {'20:00': 2, '21:00': 2}
[12:25:12] 🧩 [refill#1772093525261|auto] 开始执行: date=2026-03-10, target_count=2, times=['20:00', '21:00'], places=14
[12:25:14] 🙈 [refill#1772093525261|auto] 当前无可补订组合，缺口: {'20:00': 2, '21:00': 2}
[12:26:12] 🧩 [refill#1772093525261|auto] 开始执行: date=2026-03-10, target_count=2, times=['20:00', '21:00'], places=14
[12:26:15] 🙈 [refill#1772093525261|auto] 当前无可补订组合，缺口: {'20:00': 2, '21:00': 2}
[12:27:12] 🧩 [refill#1772093525261|auto] 开始执行: date=2026-03-10, target_count=2, times=['20:00', '21:00'], places=14
[12:27:15] 🙈 [refill#1772093525261|auto] 当前无可补订组合，缺口: {'20:00': 2, '21:00': 2}
[12:28:13] 🧩 [refill#1772093525261|auto] 开始执行: date=2026-03-10, target_count=2, times=['20:00', '21:00'], places=14
[12:28:16] 🙈 [refill#1772093525261|auto] 当前无可补订组合，缺口: {'20:00': 2, '21:00': 2}
[12:29:14] 🧩 [refill#1772093525261|auto] 开始执行: date=2026-03-10, target_count=2, times=['20:00', '21:00'], places=14
[12:29:18] 🙈 [refill#1772093525261|auto] 当前无可补订组合，缺口: {'20:00': 2, '21:00': 2}
[12:30:15] 🧩 [refill#1772093525261|auto] 开始执行: date=2026-03-10, target_count=2, times=['20:00', '21:00'], places=14
[12:30:25] 🙈 [refill#1772093525261|auto] 当前无可补订组合，缺口: {'20:00': 2, '21:00': 2}
[12:31:16] 🧩 [refill#1772093525261|auto] 开始执行: date=2026-03-10, target_count=2, times=['20:00', '21:00'], places=14
[12:31:18] 🙈 [refill#1772093525261|auto] 当前无可补订组合，缺口: {'20:00': 2, '21:00': 2}
[12:32:17] 🧩 [refill#1772093525261|auto] 开始执行: date=2026-03-10, target_count=2, times=['20:00', '21:00'], places=14
[12:32:26] 🙈 [refill#1772093525261|auto] 当前无可补订组合，缺口: {'20:00': 2, '21:00': 2}
[12:33:17] 🧩 [refill#1772093525261|auto] 开始执行: date=2026-03-10, target_count=2, times=['20:00', '21:00'], places=14
[12:33:20] 🙈 [refill#1772093525261|auto] 当前无可补订组合，缺口: {'20:00': 2, '21:00': 2}
[12:34:18] 🧩 [refill#1772093525261|auto] 开始执行: date=2026-03-10, target_count=2, times=['20:00', '21:00'], places=14
[12:34:21] 🙈 [refill#1772093525261|auto] 当前无可补订组合，缺口: {'20:00': 2, '21:00': 2}
[12:35:18] 🧩 [refill#1772093525261|auto] 开始执行: date=2026-03-10, target_count=2, times=['20:00', '21:00'], places=14
[12:35:29] 🙈 [refill#1772093525261|auto] 当前无可补订组合，缺口: {'20:00': 2, '21:00': 2}
[12:36:19] 🧩 [refill#1772093525261|auto] 开始执行: date=2026-03-10, target_count=2, times=['20:00', '21:00'], places=14
[12:36:22] 🙈 [refill#1772093525261|auto] 当前无可补订组合，缺口: {'20:00': 2, '21:00': 2}
[12:37:19] 🧩 [refill#1772093525261|auto] 开始执行: date=2026-03-10, target_count=2, times=['20:00', '21:00'], places=14
[12:37:30] 🙈 [refill#1772093525261|auto] 当前无可补订组合，缺口: {'20:00': 2, '21:00': 2}
[12:38:20] 🧩 [refill#1772093525261|auto] 开始执行: date=2026-03-10, target_count=2, times=['20:00', '21:00'], places=14
[12:38:23] 🙈 [refill#1772093525261|auto] 当前无可补订组合，缺口: {'20:00': 2, '21:00': 2}
[12:39:20] 🧩 [refill#1772093525261|auto] 开始执行: date=2026-03-10, target_count=2, times=['20:00', '21:00'], places=14
[12:39:25] 🙈 [refill#1772093525261|auto] 当前无可补订组合，缺口: {'20:00': 2, '21:00': 2}
[12:40:21] 🧩 [refill#1772093525261|auto] 开始执行: date=2026-03-10, target_count=2, times=['20:00', '21:00'], places=14
[12:40:24] 🙈 [refill#1772093525261|auto] 当前无可补订组合，缺口: {'20:00': 2, '21:00': 2}
[12:41:21] 🧩 [refill#1772093525261|auto] 开始执行: date=2026-03-10, target_count=2, times=['20:00', '21:00'], places=14
[12:41:25] 🙈 [refill#1772093525261|auto] 当前无可补订组合，缺口: {'20:00': 2, '21:00': 2}
[12:42:22] 🧩 [refill#1772093525261|auto] 开始执行: date=2026-03-10, target_count=2, times=['20:00', '21:00'], places=14
[12:42:25] 🙈 [refill#1772093525261|auto] 当前无可补订组合，缺口: {'20:00': 2, '21:00': 2}
[12:43:22] 🧩 [refill#1772093525261|auto] 开始执行: date=2026-03-10, target_count=2, times=['20:00', '21:00'], places=14
[12:43:25] 🙈 [refill#1772093525261|auto] 当前无可补订组合，缺口: {'20:00': 2, '21:00': 2}
[12:44:22] 🧩 [refill#1772093525261|auto] 开始执行: date=2026-03-10, target_count=2, times=['20:00', '21:00'], places=14
[12:44:26] 🙈 [refill#1772093525261|auto] 当前无可补订组合，缺口: {'20:00': 2, '21:00': 2}
[12:45:23] 🧩 [refill#1772093525261|auto] 开始执行: date=2026-03-10, target_count=2, times=['20:00', '21:00'], places=14
[12:45:26] 🙈 [refill#1772093525261|auto] 当前无可补订组合，缺口: {'20:00': 2, '21:00': 2}
[12:46:23] 🧩 [refill#1772093525261|auto] 开始执行: date=2026-03-10, target_count=2, times=['20:00', '21:00'], places=14
[12:46:26] 🙈 [refill#1772093525261|auto] 当前无可补订组合，缺口: {'20:00': 2, '21:00': 2}
[12:47:23] 🧩 [refill#1772093525261|auto] 开始执行: date=2026-03-10, target_count=2, times=['20:00', '21:00'], places=14
[12:47:33] 🙈 [refill#1772093525261|auto] 当前无可补订组合，缺口: {'20:00': 2, '21:00': 2}
[12:48:23] 🧩 [refill#1772093525261|auto] 开始执行: date=2026-03-10, target_count=2, times=['20:00', '21:00'], places=14
[12:48:27] 🙈 [refill#1772093525261|auto] 当前无可补订组合，缺口: {'20:00': 2, '21:00': 2}
[12:49:24] 🧩 [refill#1772093525261|auto] 开始执行: date=2026-03-10, target_count=2, times=['20:00', '21:00'], places=14
[12:49:29] 🙈 [refill#1772093525261|auto] 当前无可补订组合，缺口: {'20:00': 2, '21:00': 2}
[12:50:25] 🧩 [refill#1772093525261|auto] 开始执行: date=2026-03-10, target_count=2, times=['20:00', '21:00'], places=14
[12:50:28] 🙈 [refill#1772093525261|auto] 当前无可补订组合，缺口: {'20:00': 2, '21:00': 2}
[12:51:25] 🧩 [refill#1772093525261|auto] 开始执行: date=2026-03-10, target_count=2, times=['20:00', '21:00'], places=14
[12:51:36] 🙈 [refill#1772093525261|auto] 当前无可补订组合，缺口: {'20:00': 2, '21:00': 2}
[12:52:26] 🧩 [refill#1772093525261|auto] 开始执行: date=2026-03-10, target_count=2, times=['20:00', '21:00'], places=14
[12:52:30] 🙈 [refill#1772093525261|auto] 当前无可补订组合，缺口: {'20:00': 2, '21:00': 2}
[12:53:27] 🧩 [refill#1772093525261|auto] 开始执行: date=2026-03-10, target_count=2, times=['20:00', '21:00'], places=14
[12:53:31] 🙈 [refill#1772093525261|auto] 当前无可补订组合，缺口: {'20:00': 2, '21:00': 2}
[12:54:28] 🧩 [refill#1772093525261|auto] 开始执行: date=2026-03-10, target_count=2, times=['20:00', '21:00'], places=14
[12:54:31] 🙈 [refill#1772093525261|auto] 当前无可补订组合，缺口: {'20:00': 2, '21:00': 2}
[12:55:28] 🧩 [refill#1772093525261|auto] 开始执行: date=2026-03-10, target_count=2, times=['20:00', '21:00'], places=14
[12:55:32] 🙈 [refill#1772093525261|auto] 当前无可补订组合，缺口: {'20:00': 2, '21:00': 2}
[12:56:29] 🧩 [refill#1772093525261|auto] 开始执行: date=2026-03-10, target_count=2, times=['20:00', '21:00'], places=14
[12:56:32] 🙈 [refill#1772093525261|auto] 当前无可补订组合，缺口: {'20:00': 2, '21:00': 2}
[12:57:29] 🧩 [refill#1772093525261|auto] 开始执行: date=2026-03-10, target_count=2, times=['20:00', '21:00'], places=14
[12:57:33] 🙈 [refill#1772093525261|auto] 当前无可补订组合，缺口: {'20:00': 2, '21:00': 2}
[12:58:30] 🧩 [refill#1772093525261|auto] 开始执行: date=2026-03-10, target_count=2, times=['20:00', '21:00'], places=14
[12:58:32] 🙈 [refill#1772093525261|auto] 当前无可补订组合，缺口: {'20:00': 2, '21:00': 2}
[12:59:30] 🧩 [refill#1772093525261|auto] 开始执行: date=2026-03-10, target_count=2, times=['20:00', '21:00'], places=14
[12:59:34] 🙈 [refill#1772093525261|auto] 当前无可补订组合，缺口: {'20:00': 2, '21:00': 2}
[13:00:31] 🧩 [refill#1772093525261|auto] 开始执行: date=2026-03-10, target_count=2, times=['20:00', '21:00'], places=14
[13:00:34] 🙈 [refill#1772093525261|auto] 当前无可补订组合，缺口: {'20:00': 2, '21:00': 2}
[13:01:31] 🧩 [refill#1772093525261|auto] 开始执行: date=2026-03-10, target_count=2, times=['20:00', '21:00'], places=14
[13:01:34] 🙈 [refill#1772093525261|auto] 当前无可补订组合，缺口: {'20:00': 2, '21:00': 2}
[13:02:31] 🧩 [refill#1772093525261|auto] 开始执行: date=2026-03-10, target_count=2, times=['20:00', '21:00'], places=14
[13:02:35] 🙈 [refill#1772093525261|auto] 当前无可补订组合，缺口: {'20:00': 2, '21:00': 2}
[13:03:32] 🧩 [refill#1772093525261|auto] 开始执行: date=2026-03-10, target_count=2, times=['20:00', '21:00'], places=14
[13:03:35] 🙈 [refill#1772093525261|auto] 当前无可补订组合，缺口: {'20:00': 2, '21:00': 2}
[13:04:32] 🧩 [refill#1772093525261|auto] 开始执行: date=2026-03-10, target_count=2, times=['20:00', '21:00'], places=14
[13:04:35] 🙈 [refill#1772093525261|auto] 当前无可补订组合，缺口: {'20:00': 2, '21:00': 2}
[13:05:32] 🧩 [refill#1772093525261|auto] 开始执行: date=2026-03-10, target_count=2, times=['20:00', '21:00'], places=14
[13:05:35] 🙈 [refill#1772093525261|auto] 当前无可补订组合，缺口: {'20:00': 2, '21:00': 2}
[13:06:15] 🧩 [refill#1772093525261|auto] 开始执行: date=2026-03-10, target_count=2, times=['20:00', '21:00'], places=14
[13:06:18] 🙈 [refill#1772093525261|auto] 当前无可补订组合，缺口: {'20:00': 2, '21:00': 2}
[13:07:15] 🧩 [refill#1772093525261|auto] 开始执行: date=2026-03-10, target_count=2, times=['20:00', '21:00'], places=14
[13:07:25] 🙈 [refill#1772093525261|auto] 当前无可补订组合，缺口: {'20:00': 2, '21:00': 2}
[13:08:15] 🧩 [refill#1772093525261|auto] 开始执行: date=2026-03-10, target_count=2, times=['20:00', '21:00'], places=14
[13:08:25] 🙈 [refill#1772093525261|auto] 当前无可补订组合，缺口: {'20:00': 2, '21:00': 2}
[13:09:16] 🧩 [refill#1772093525261|auto] 开始执行: date=2026-03-10, target_count=2, times=['20:00', '21:00'], places=14
[13:09:19] 🙈 [refill#1772093525261|auto] 当前无可补订组合，缺口: {'20:00': 2, '21:00': 2}
[13:10:17] 🧩 [refill#1772093525261|auto] 开始执行: date=2026-03-10, target_count=2, times=['20:00', '21:00'], places=14
[13:10:20] 🙈 [refill#1772093525261|auto] 当前无可补订组合，缺口: {'20:00': 2, '21:00': 2}
[13:11:17] 🧩 [refill#1772093525261|auto] 开始执行: date=2026-03-10, target_count=2, times=['20:00', '21:00'], places=14
[13:11:27] 🙈 [refill#1772093525261|auto] 当前无可补订组合，缺口: {'20:00': 2, '21:00': 2}
[13:12:17] 🧩 [refill#1772093525261|auto] 开始执行: date=2026-03-10, target_count=2, times=['20:00', '21:00'], places=14
[13:12:20] 🙈 [refill#1772093525261|auto] 当前无可补订组合，缺口: {'20:00': 2, '21:00': 2}
[13:13:17] 🧩 [refill#1772093525261|auto] 开始执行: date=2026-03-10, target_count=2, times=['20:00', '21:00'], places=14
[13:13:21] 🙈 [refill#1772093525261|auto] 当前无可补订组合，缺口: {'20:00': 2, '21:00': 2}
[13:14:18] 🧩 [refill#1772093525261|auto] 开始执行: date=2026-03-10, target_count=2, times=['20:00', '21:00'], places=14
[13:14:28] 🙈 [refill#1772093525261|auto] 当前无可补订组合，缺口: {'20:00': 2, '21:00': 2}
[13:15:18] 🧩 [refill#1772093525261|auto] 开始执行: date=2026-03-10, target_count=2, times=['20:00', '21:00'], places=14
[13:15:22] 🙈 [refill#1772093525261|auto] 当前无可补订组合，缺口: {'20:00': 2, '21:00': 2}
[13:16:19] 🧩 [refill#1772093525261|auto] 开始执行: date=2026-03-10, target_count=2, times=['20:00', '21:00'], places=14
[13:16:21] 🙈 [refill#1772093525261|auto] 当前无可补订组合，缺口: {'20:00': 2, '21:00': 2}
[13:17:19] 🧩 [refill#1772093525261|auto] 开始执行: date=2026-03-10, target_count=2, times=['20:00', '21:00'], places=14
[13:17:22] 🙈 [refill#1772093525261|auto] 当前无可补订组合，缺口: {'20:00': 2, '21:00': 2}
[13:18:20] 🧩 [refill#1772093525261|auto] 开始执行: date=2026-03-10, target_count=2, times=['20:00', '21:00'], places=14
[13:18:30] 🙈 [refill#1772093525261|auto] 当前无可补订组合，缺口: {'20:00': 2, '21:00': 2}
[13:19:21] 🧩 [refill#1772093525261|auto] 开始执行: date=2026-03-10, target_count=2, times=['20:00', '21:00'], places=14
[13:19:24] 🙈 [refill#1772093525261|auto] 当前无可补订组合，缺口: {'20:00': 2, '21:00': 2}
[13:20:21] 🧩 [refill#1772093525261|auto] 开始执行: date=2026-03-10, target_count=2, times=['20:00', '21:00'], places=14
[13:20:24] 🙈 [refill#1772093525261|auto] 当前无可补订组合，缺口: {'20:00': 2, '21:00': 2}
[13:21:21] 🧩 [refill#1772093525261|auto] 开始执行: date=2026-03-10, target_count=2, times=['20:00', '21:00'], places=14
[13:21:24] 🙈 [refill#1772093525261|auto] 当前无可补订组合，缺口: {'20:00': 2, '21:00': 2}
[13:22:21] 🧩 [refill#1772093525261|auto] 开始执行: date=2026-03-10, target_count=2, times=['20:00', '21:00'], places=14
[13:22:32] 🙈 [refill#1772093525261|auto] 当前无可补订组合，缺口: {'20:00': 2, '21:00': 2}
[13:23:22] 🧩 [refill#1772093525261|auto] 开始执行: date=2026-03-10, target_count=2, times=['20:00', '21:00'], places=14
[13:23:25] 🙈 [refill#1772093525261|auto] 当前无可补订组合，缺口: {'20:00': 2, '21:00': 2}
[13:24:22] 🧩 [refill#1772093525261|auto] 开始执行: date=2026-03-10, target_count=2, times=['20:00', '21:00'], places=14
[13:24:26] 🙈 [refill#1772093525261|auto] 当前无可补订组合，缺口: {'20:00': 2, '21:00': 2}
[13:25:23] 🧩 [refill#1772093525261|auto] 开始执行: date=2026-03-10, target_count=2, times=['20:00', '21:00'], places=14
[13:25:26] 🙈 [refill#1772093525261|auto] 当前无可补订组合，缺口: {'20:00': 2, '21:00': 2}
[13:26:23] 🧩 [refill#1772093525261|auto] 开始执行: date=2026-03-10, target_count=2, times=['20:00', '21:00'], places=14
[13:26:26] 🙈 [refill#1772093525261|auto] 当前无可补订组合，缺口: {'20:00': 2, '21:00': 2}
[13:27:23] 🧩 [refill#1772093525261|auto] 开始执行: date=2026-03-10, target_count=2, times=['20:00', '21:00'], places=14
[13:27:26] 🙈 [refill#1772093525261|auto] 当前无可补订组合，缺口: {'20:00': 2, '21:00': 2}
[13:28:24] 🧩 [refill#1772093525261|auto] 开始执行: date=2026-03-10, target_count=2, times=['20:00', '21:00'], places=14
[13:28:27] 🙈 [refill#1772093525261|auto] 当前无可补订组合，缺口: {'20:00': 2, '21:00': 2}
[13:29:24] 🧩 [refill#1772093525261|auto] 开始执行: date=2026-03-10, target_count=2, times=['20:00', '21:00'], places=14
[13:29:28] 🙈 [refill#1772093525261|auto] 当前无可补订组合，缺口: {'20:00': 2, '21:00': 2}
[13:30:25] 🧩 [refill#1772093525261|auto] 开始执行: date=2026-03-10, target_count=2, times=['20:00', '21:00'], places=14
[13:30:35] 🙈 [refill#1772093525261|auto] 当前无可补订组合，缺口: {'20:00': 2, '21:00': 2}
[13:31:25] 🧩 [refill#1772093525261|auto] 开始执行: date=2026-03-10, target_count=2, times=['20:00', '21:00'], places=14
[13:31:28] 🙈 [refill#1772093525261|auto] 当前无可补订组合，缺口: {'20:00': 2, '21:00': 2}
[13:32:16] 🧩 [refill#1772093525261|auto] 开始执行: date=2026-03-10, target_count=2, times=['20:00', '21:00'], places=14
[13:32:19] 🙈 [refill#1772093525261|auto] 当前无可补订组合，缺口: {'20:00': 2, '21:00': 2}
[13:33:16] 🧩 [refill#1772093525261|auto] 开始执行: date=2026-03-10, target_count=2, times=['20:00', '21:00'], places=14
[13:33:19] 🙈 [refill#1772093525261|auto] 当前无可补订组合，缺口: {'20:00': 2, '21:00': 2}
[13:34:17] 🧩 [refill#1772093525261|auto] 开始执行: date=2026-03-10, target_count=2, times=['20:00', '21:00'], places=14
[13:34:20] 🙈 [refill#1772093525261|auto] 当前无可补订组合，缺口: {'20:00': 2, '21:00': 2}
[13:35:18] 🧩 [refill#1772093525261|auto] 开始执行: date=2026-03-10, target_count=2, times=['20:00', '21:00'], places=14
[13:35:21] 🙈 [refill#1772093525261|auto] 当前无可补订组合，缺口: {'20:00': 2, '21:00': 2}
[13:36:18] 🧩 [refill#1772093525261|auto] 开始执行: date=2026-03-10, target_count=2, times=['20:00', '21:00'], places=14
[13:36:21] 🙈 [refill#1772093525261|auto] 当前无可补订组合，缺口: {'20:00': 2, '21:00': 2}
[13:37:18] 🧩 [refill#1772093525261|auto] 开始执行: date=2026-03-10, target_count=2, times=['20:00', '21:00'], places=14
[13:37:21] 🙈 [refill#1772093525261|auto] 当前无可补订组合，缺口: {'20:00': 2, '21:00': 2}
[13:38:18] 🧩 [refill#1772093525261|auto] 开始执行: date=2026-03-10, target_count=2, times=['20:00', '21:00'], places=14
[13:38:21] 🙈 [refill#1772093525261|auto] 当前无可补订组合，缺口: {'20:00': 2, '21:00': 2}
[13:39:18] 🧩 [refill#1772093525261|auto] 开始执行: date=2026-03-10, target_count=2, times=['20:00', '21:00'], places=14
[13:39:22] 🙈 [refill#1772093525261|auto] 当前无可补订组合，缺口: {'20:00': 2, '21:00': 2}
[13:40:19] 🧩 [refill#1772093525261|auto] 开始执行: date=2026-03-10, target_count=2, times=['20:00', '21:00'], places=14
[13:40:22] 🙈 [refill#1772093525261|auto] 当前无可补订组合，缺口: {'20:00': 2, '21:00': 2}
[13:41:20] 🧩 [refill#1772093525261|auto] 开始执行: date=2026-03-10, target_count=2, times=['20:00', '21:00'], places=14
[13:41:30] 🙈 [refill#1772093525261|auto] 当前无可补订组合，缺口: {'20:00': 2, '21:00': 2}
[13:42:20] 🧩 [refill#1772093525261|auto] 开始执行: date=2026-03-10, target_count=2, times=['20:00', '21:00'], places=14
[13:42:23] 🙈 [refill#1772093525261|auto] 当前无可补订组合，缺口: {'20:00': 2, '21:00': 2}
[13:43:21] 🧩 [refill#1772093525261|auto] 开始执行: date=2026-03-10, target_count=2, times=['20:00', '21:00'], places=14
[13:43:24] 🙈 [refill#1772093525261|auto] 当前无可补订组合，缺口: {'20:00': 2, '21:00': 2}
[13:44:21] 🧩 [refill#1772093525261|auto] 开始执行: date=2026-03-10, target_count=2, times=['20:00', '21:00'], places=14
[13:44:25] 🙈 [refill#1772093525261|auto] 当前无可补订组合，缺口: {'20:00': 2, '21:00': 2}
[13:45:22] 🧩 [refill#1772093525261|auto] 开始执行: date=2026-03-10, target_count=2, times=['20:00', '21:00'], places=14
[13:45:25] 🙈 [refill#1772093525261|auto] 当前无可补订组合，缺口: {'20:00': 2, '21:00': 2}
[13:46:22] 🧩 [refill#1772093525261|auto] 开始执行: date=2026-03-10, target_count=2, times=['20:00', '21:00'], places=14
[13:46:25] 🙈 [refill#1772093525261|auto] 当前无可补订组合，缺口: {'20:00': 2, '21:00': 2}
[13:47:22] 🧩 [refill#1772093525261|auto] 开始执行: date=2026-03-10, target_count=2, times=['20:00', '21:00'], places=14
[13:47:25] 🙈 [refill#1772093525261|auto] 当前无可补订组合，缺口: {'20:00': 2, '21:00': 2}
[13:48:22] 🧩 [refill#1772093525261|auto] 开始执行: date=2026-03-10, target_count=2, times=['20:00', '21:00'], places=14
[13:48:32] 🙈 [refill#1772093525261|auto] 当前无可补订组合，缺口: {'20:00': 2, '21:00': 2}
[13:49:22] 🧩 [refill#1772093525261|auto] 开始执行: date=2026-03-10, target_count=2, times=['20:00', '21:00'], places=14
[13:49:26] 🙈 [refill#1772093525261|auto] 当前无可补订组合，缺口: {'20:00': 2, '21:00': 2}
[13:50:23] 🧩 [refill#1772093525261|auto] 开始执行: date=2026-03-10, target_count=2, times=['20:00', '21:00'], places=14
[13:50:26] 🙈 [refill#1772093525261|auto] 当前无可补订组合，缺口: {'20:00': 2, '21:00': 2}
[13:51:23] 🧩 [refill#1772093525261|auto] 开始执行: date=2026-03-10, target_count=2, times=['20:00', '21:00'], places=14
[13:51:33] 🙈 [refill#1772093525261|auto] 当前无可补订组合，缺口: {'20:00': 2, '21:00': 2}
[13:52:23] 🧩 [refill#1772093525261|auto] 开始执行: date=2026-03-10, target_count=2, times=['20:00', '21:00'], places=14
[13:52:26] 🙈 [refill#1772093525261|auto] 当前无可补订组合，缺口: {'20:00': 2, '21:00': 2}
[13:53:23] 🧩 [refill#1772093525261|auto] 开始执行: date=2026-03-10, target_count=2, times=['20:00', '21:00'], places=14
[13:53:26] 🙈 [refill#1772093525261|auto] 当前无可补订组合，缺口: {'20:00': 2, '21:00': 2}
[13:54:14] 🧩 [refill#1772093525261|auto] 开始执行: date=2026-03-10, target_count=2, times=['20:00', '21:00'], places=14
[13:54:15] ❌ [refill#1772093525261|auto] 获取矩阵失败: 会话失效(返回-1)，请更新Token（必要）与Cookie（可选）
[13:54:45] ⚠️ 未配置短信手机号，通知内容未发送: 警告：您的 Token 可能已失效 (会话失效(返回-1)，请更新Token（必要）与Cookie（可选）)，请及时更新喵！
[13:55:15] 🧩 [refill#1772093525261|auto] 开始执行: date=2026-03-10, target_count=2, times=['20:00', '21:00'], places=14
[13:55:15] ❌ [refill#1772093525261|auto] 获取矩阵失败: 会话失效(返回-1)，请更新Token（必要）与Cookie（可选）
[13:56:15] 🧩 [refill#1772093525261|auto] 开始执行: date=2026-03-10, target_count=2, times=['20:00', '21:00'], places=14
[13:56:15] ❌ [refill#1772093525261|auto] 获取矩阵失败: 会话失效(返回-1)，请更新Token（必要）与Cookie（可选）
[13:57:15] 🧩 [refill#1772093525261|auto] 开始执行: date=2026-03-10, target_count=2, times=['20:00', '21:00'], places=14
[13:57:15] ❌ [refill#1772093525261|auto] 获取矩阵失败: 会话失效(返回-1)，请更新Token（必要）与Cookie（可选）
[13:58:15] 🧩 [refill#1772093525261|auto] 开始执行: date=2026-03-10, target_count=2, times=['20:00', '21:00'], places=14
[13:58:15] ❌ [refill#1772093525261|auto] 获取矩阵失败: 会话失效(返回-1)，请更新Token（必要）与Cookie（可选）
[13:59:15] 🧩 [refill#1772093525261|auto] 开始执行: date=2026-03-10, target_count=2, times=['20:00', '21:00'], places=14
[13:59:15] ❌ [refill#1772093525261|auto] 获取矩阵失败: 会话失效(返回-1)，请更新Token（必要）与Cookie（可选）
[14:00:15] 🧩 [refill#1772093525261|auto] 开始执行: date=2026-03-10, target_count=2, times=['20:00', '21:00'], places=14
[14:00:16] ❌ [refill#1772093525261|auto] 获取矩阵失败: 会话失效(返回-1)，请更新Token（必要）与Cookie（可选）
[14:01:16] 🧩 [refill#1772093525261|auto] 开始执行: date=2026-03-10, target_count=2, times=['20:00', '21:00'], places=14
[14:01:16] ❌ [refill#1772093525261|auto] 获取矩阵失败: 会话失效(返回-1)，请更新Token（必要）与Cookie（可选）
[14:02:16] 🧩 [refill#1772093525261|auto] 开始执行: date=2026-03-10, target_count=2, times=['20:00', '21:00'], places=14
[14:02:16] ❌ [refill#1772093525261|auto] 获取矩阵失败: 会话失效(返回-1)，请更新Token（必要）与Cookie（可选）
[14:03:16] 🧩 [refill#1772093525261|auto] 开始执行: date=2026-03-10, target_count=2, times=['20:00', '21:00'], places=14
[14:03:16] ❌ [refill#1772093525261|auto] 获取矩阵失败: 会话失效(返回-1)，请更新Token（必要）与Cookie（可选）
[14:04:16] 🧩 [refill#1772093525261|auto] 开始执行: date=2026-03-10, target_count=2, times=['20:00', '21:00'], places=14
[14:04:16] ❌ [refill#1772093525261|auto] 获取矩阵失败: 会话失效(返回-1)，请更新Token（必要）与Cookie（可选）
[14:05:16] 🧩 [refill#1772093525261|auto] 开始执行: date=2026-03-10, target_count=2, times=['20:00', '21:00'], places=14
[14:05:26] 🙈 [refill#1772093525261|auto] 当前无可补订组合，缺口: {'20:00': 2, '21:00': 2}
[14:06:16] 🧩 [refill#1772093525261|auto] 开始执行: date=2026-03-10, target_count=2, times=['20:00', '21:00'], places=14
[14:06:20] 🙈 [refill#1772093525261|auto] 当前无可补订组合，缺口: {'20:00': 2, '21:00': 2}
[14:07:17] 🧩 [refill#1772093525261|auto] 开始执行: date=2026-03-10, target_count=2, times=['20:00', '21:00'], places=14
[14:07:19] 🙈 [refill#1772093525261|auto] 当前无可补订组合，缺口: {'20:00': 2, '21:00': 2}
[14:08:17] 🧩 [refill#1772093525261|auto] 开始执行: date=2026-03-10, target_count=2, times=['20:00', '21:00'], places=14
[14:08:20] 🙈 [refill#1772093525261|auto] 当前无可补订组合，缺口: {'20:00': 2, '21:00': 2}
[14:09:18] 🧩 [refill#1772093525261|auto] 开始执行: date=2026-03-10, target_count=2, times=['20:00', '21:00'], places=14
[14:09:21] 🙈 [refill#1772093525261|auto] 当前无可补订组合，缺口: {'20:00': 2, '21:00': 2}
[14:10:18] 🧩 [refill#1772093525261|auto] 开始执行: date=2026-03-10, target_count=2, times=['20:00', '21:00'], places=14
[14:10:28] 🙈 [refill#1772093525261|auto] 当前无可补订组合，缺口: {'20:00': 2, '21:00': 2}
[14:11:19] 🧩 [refill#1772093525261|auto] 开始执行: date=2026-03-10, target_count=2, times=['20:00', '21:00'], places=14
[14:11:22] 🙈 [refill#1772093525261|auto] 当前无可补订组合，缺口: {'20:00': 2, '21:00': 2}
[14:12:20] 🧩 [refill#1772093525261|auto] 开始执行: date=2026-03-10, target_count=2, times=['20:00', '21:00'], places=14
[14:12:30] 🙈 [refill#1772093525261|auto] 当前无可补订组合，缺口: {'20:00': 2, '21:00': 2}
[14:13:20] 🧩 [refill#1772093525261|auto] 开始执行: date=2026-03-10, target_count=2, times=['20:00', '21:00'], places=14
[14:13:23] 🙈 [refill#1772093525261|auto] 当前无可补订组合，缺口: {'20:00': 2, '21:00': 2}
[14:14:20] 🧩 [refill#1772093525261|auto] 开始执行: date=2026-03-10, target_count=2, times=['20:00', '21:00'], places=14
[14:14:24] 🙈 [refill#1772093525261|auto] 当前无可补订组合，缺口: {'20:00': 2, '21:00': 2}
[14:15:21] 🧩 [refill#1772093525261|auto] 开始执行: date=2026-03-10, target_count=2, times=['20:00', '21:00'], places=14
[14:15:25] 🙈 [refill#1772093525261|auto] 当前无可补订组合，缺口: {'20:00': 2, '21:00': 2}
[14:16:21] 🧩 [refill#1772093525261|auto] 开始执行: date=2026-03-10, target_count=2, times=['20:00', '21:00'], places=14
[14:16:32] 🙈 [refill#1772093525261|auto] 当前无可补订组合，缺口: {'20:00': 2, '21:00': 2}
[14:17:22] 🧩 [refill#1772093525261|auto] 开始执行: date=2026-03-10, target_count=2, times=['20:00', '21:00'], places=14
[14:17:25] 🙈 [refill#1772093525261|auto] 当前无可补订组合，缺口: {'20:00': 2, '21:00': 2}
[14:18:22] 🧩 [refill#1772093525261|auto] 开始执行: date=2026-03-10, target_count=2, times=['20:00', '21:00'], places=14
[14:18:26] 🙈 [refill#1772093525261|auto] 当前无可补订组合，缺口: {'20:00': 2, '21:00': 2}
[14:19:23] 🧩 [refill#1772093525261|auto] 开始执行: date=2026-03-10, target_count=2, times=['20:00', '21:00'], places=14
[14:19:25] 🙈 [refill#1772093525261|auto] 当前无可补订组合，缺口: {'20:00': 2, '21:00': 2}
[14:20:23] 🧩 [refill#1772093525261|auto] 开始执行: date=2026-03-10, target_count=2, times=['20:00', '21:00'], places=14
[14:20:33] 🙈 [refill#1772093525261|auto] 当前无可补订组合，缺口: {'20:00': 2, '21:00': 2}
[14:21:23] 🧩 [refill#1772093525261|auto] 开始执行: date=2026-03-10, target_count=2, times=['20:00', '21:00'], places=14
[14:21:33] 🙈 [refill#1772093525261|auto] 当前无可补订组合，缺口: {'20:00': 2, '21:00': 2}
[14:22:23] 🧩 [refill#1772093525261|auto] 开始执行: date=2026-03-10, target_count=2, times=['20:00', '21:00'], places=14
[14:22:26] 🙈 [refill#1772093525261|auto] 当前无可补订组合，缺口: {'20:00': 2, '21:00': 2}
[14:23:23] 🧩 [refill#1772093525261|auto] 开始执行: date=2026-03-10, target_count=2, times=['20:00', '21:00'], places=14
[14:23:34] 🙈 [refill#1772093525261|auto] 当前无可补订组合，缺口: {'20:00': 2, '21:00': 2}
[14:24:24] 🧩 [refill#1772093525261|auto] 开始执行: date=2026-03-10, target_count=2, times=['20:00', '21:00'], places=14
[14:24:27] 🙈 [refill#1772093525261|auto] 当前无可补订组合，缺口: {'20:00': 2, '21:00': 2}
[14:25:24] 🧩 [refill#1772093525261|auto] 开始执行: date=2026-03-10, target_count=2, times=['20:00', '21:00'], places=14
[14:25:34] 🙈 [refill#1772093525261|auto] 当前无可补订组合，缺口: {'20:00': 2, '21:00': 2}
[14:26:24] 🧩 [refill#1772093525261|auto] 开始执行: date=2026-03-10, target_count=2, times=['20:00', '21:00'], places=14
[14:26:42] 🙈 [refill#1772093525261|auto] 当前无可补订组合，缺口: {'20:00': 2, '21:00': 2}
[14:27:25] 🧩 [refill#1772093525261|auto] 开始执行: date=2026-03-10, target_count=2, times=['20:00', '21:00'], places=14
[14:27:35] 🙈 [refill#1772093525261|auto] 当前无可补订组合，缺口: {'20:00': 2, '21:00': 2}
[14:28:25] 🧩 [refill#1772093525261|auto] 开始执行: date=2026-03-10, target_count=2, times=['20:00', '21:00'], places=14
[14:28:42] 🙈 [refill#1772093525261|auto] 当前无可补订组合，缺口: {'20:00': 2, '21:00': 2}
[14:29:25] 🧩 [refill#1772093525261|auto] 开始执行: date=2026-03-10, target_count=2, times=['20:00', '21:00'], places=14
[14:29:35] 🙈 [refill#1772093525261|auto] 当前无可补订组合，缺口: {'20:00': 2, '21:00': 2}
[14:30:25] 🧩 [refill#1772093525261|auto] 开始执行: date=2026-03-10, target_count=2, times=['20:00', '21:00'], places=14
[14:30:35] 🙈 [refill#1772093525261|auto] 当前无可补订组合，缺口: {'20:00': 2, '21:00': 2}
[14:31:25] 🧩 [refill#1772093525261|auto] 开始执行: date=2026-03-10, target_count=2, times=['20:00', '21:00'], places=14
[14:31:29] 🙈 [refill#1772093525261|auto] 当前无可补订组合，缺口: {'20:00': 2, '21:00': 2}
[14:32:26] 🧩 [refill#1772093525261|auto] 开始执行: date=2026-03-10, target_count=2, times=['20:00', '21:00'], places=14
[14:32:29] 🙈 [refill#1772093525261|auto] 当前无可补订组合，缺口: {'20:00': 2, '21:00': 2}
[14:33:26] 🧩 [refill#1772093525261|auto] 开始执行: date=2026-03-10, target_count=2, times=['20:00', '21:00'], places=14
[14:33:29] 🙈 [refill#1772093525261|auto] 当前无可补订组合，缺口: {'20:00': 2, '21:00': 2}
[14:34:27] 🧩 [refill#1772093525261|auto] 开始执行: date=2026-03-10, target_count=2, times=['20:00', '21:00'], places=14
[14:34:30] 🙈 [refill#1772093525261|auto] 当前无可补订组合，缺口: {'20:00': 2, '21:00': 2}
[14:35:27] 🧩 [refill#1772093525261|auto] 开始执行: date=2026-03-10, target_count=2, times=['20:00', '21:00'], places=14
[14:35:31] 🙈 [refill#1772093525261|auto] 当前无可补订组合，缺口: {'20:00': 2, '21:00': 2}
[14:36:28] 🧩 [refill#1772093525261|auto] 开始执行: date=2026-03-10, target_count=2, times=['20:00', '21:00'], places=14
[14:36:38] 🙈 [refill#1772093525261|auto] 当前无可补订组合，缺口: {'20:00': 2, '21:00': 2}
[14:37:28] 🧩 [refill#1772093525261|auto] 开始执行: date=2026-03-10, target_count=2, times=['20:00', '21:00'], places=14
[14:37:45] 🙈 [refill#1772093525261|auto] 当前无可补订组合，缺口: {'20:00': 2, '21:00': 2}
[14:38:29] 🧩 [refill#1772093525261|auto] 开始执行: date=2026-03-10, target_count=2, times=['20:00', '21:00'], places=14
[14:38:32] 🙈 [refill#1772093525261|auto] 当前无可补订组合，缺口: {'20:00': 2, '21:00': 2}
[14:39:29] 🧩 [refill#1772093525261|auto] 开始执行: date=2026-03-10, target_count=2, times=['20:00', '21:00'], places=14
[14:39:33] 🙈 [refill#1772093525261|auto] 当前无可补订组合，缺口: {'20:00': 2, '21:00': 2}
[14:40:30] 🧩 [refill#1772093525261|auto] 开始执行: date=2026-03-10, target_count=2, times=['20:00', '21:00'], places=14
[14:40:41] 🙈 [refill#1772093525261|auto] 当前无可补订组合，缺口: {'20:00': 2, '21:00': 2}
[14:41:30] 🧩 [refill#1772093525261|auto] 开始执行: date=2026-03-10, target_count=2, times=['20:00', '21:00'], places=14
[14:41:34] 🙈 [refill#1772093525261|auto] 当前无可补订组合，缺口: {'20:00': 2, '21:00': 2}
[14:42:31] 🧩 [refill#1772093525261|auto] 开始执行: date=2026-03-10, target_count=2, times=['20:00', '21:00'], places=14
[14:42:34] 🙈 [refill#1772093525261|auto] 当前无可补订组合，缺口: {'20:00': 2, '21:00': 2}
[14:43:31] 🧩 [refill#1772093525261|auto] 开始执行: date=2026-03-10, target_count=2, times=['20:00', '21:00'], places=14
[14:43:36] 🙈 [refill#1772093525261|auto] 当前无可补订组合，缺口: {'20:00': 2, '21:00': 2}
[14:44:32] 🧩 [refill#1772093525261|auto] 开始执行: date=2026-03-10, target_count=2, times=['20:00', '21:00'], places=14
[14:44:43] 🙈 [refill#1772093525261|auto] 当前无可补订组合，缺口: {'20:00': 2, '21:00': 2}
[14:45:32] 🧩 [refill#1772093525261|auto] 开始执行: date=2026-03-10, target_count=2, times=['20:00', '21:00'], places=14
[14:45:42] 🙈 [refill#1772093525261|auto] 当前无可补订组合，缺口: {'20:00': 2, '21:00': 2}
[14:46:32] 🧩 [refill#1772093525261|auto] 开始执行: date=2026-03-10, target_count=2, times=['20:00', '21:00'], places=14
[14:46:36] 🙈 [refill#1772093525261|auto] 当前无可补订组合，缺口: {'20:00': 2, '21:00': 2}
[14:47:33] 🧩 [refill#1772093525261|auto] 开始执行: date=2026-03-10, target_count=2, times=['20:00', '21:00'], places=14
[14:47:43] 🙈 [refill#1772093525261|auto] 当前无可补订组合，缺口: {'20:00': 2, '21:00': 2}
[14:48:34] 🧩 [refill#1772093525261|auto] 开始执行: date=2026-03-10, target_count=2, times=['20:00', '21:00'], places=14
[14:48:37] 🙈 [refill#1772093525261|auto] 当前无可补订组合，缺口: {'20:00': 2, '21:00': 2}
[14:49:34] 🧩 [refill#1772093525261|auto] 开始执行: date=2026-03-10, target_count=2, times=['20:00', '21:00'], places=14
[14:49:45] 🙈 [refill#1772093525261|auto] 当前无可补订组合，缺口: {'20:00': 2, '21:00': 2}
[14:50:35] 🧩 [refill#1772093525261|auto] 开始执行: date=2026-03-10, target_count=2, times=['20:00', '21:00'], places=14
[14:50:39] 🙈 [refill#1772093525261|auto] 当前无可补订组合，缺口: {'20:00': 2, '21:00': 2}
[14:51:03] 🧩 [refill#1772093525261|auto] 开始执行: date=2026-03-10, target_count=2, times=['20:00', '21:00'], places=14
[14:51:03] ❌ [refill#1772093525261|auto] 获取矩阵失败: 会话失效(返回-1)，请更新Token（必要）与Cookie（可选）
[14:52:03] 🧩 [refill#1772093525261|auto] 开始执行: date=2026-03-10, target_count=2, times=['20:00', '21:00'], places=14
[14:52:03] ❌ [refill#1772093525261|auto] 获取矩阵失败: 会话失效(返回-1)，请更新Token（必要）与Cookie（可选）
[14:53:03] 🧩 [refill#1772093525261|auto] 开始执行: date=2026-03-10, target_count=2, times=['20:00', '21:00'], places=14
[14:53:03] ❌ [refill#1772093525261|auto] 获取矩阵失败: 会话失效(返回-1)，请更新Token（必要）与Cookie（可选）
[14:54:03] 🧩 [refill#1772093525261|auto] 开始执行: date=2026-03-10, target_count=2, times=['20:00', '21:00'], places=14
[14:54:04] ❌ [refill#1772093525261|auto] 获取矩阵失败: 会话失效(返回-1)，请更新Token（必要）与Cookie（可选）
[14:55:04] 🧩 [refill#1772093525261|auto] 开始执行: date=2026-03-10, target_count=2, times=['20:00', '21:00'], places=14
[14:55:04] ❌ [refill#1772093525261|auto] 获取矩阵失败: 会话失效(返回-1)，请更新Token（必要）与Cookie（可选）
[14:56:04] 🧩 [refill#1772093525261|auto] 开始执行: date=2026-03-10, target_count=2, times=['20:00', '21:00'], places=14
[14:56:04] ❌ [refill#1772093525261|auto] 获取矩阵失败: 会话失效(返回-1)，请更新Token（必要）与Cookie（可选）
[14:57:04] 🧩 [refill#1772093525261|auto] 开始执行: date=2026-03-10, target_count=2, times=['20:00', '21:00'], places=14
[14:57:04] ❌ [refill#1772093525261|auto] 获取矩阵失败: 会话失效(返回-1)，请更新Token（必要）与Cookie（可选）
[14:58:04] 🧩 [refill#1772093525261|auto] 开始执行: date=2026-03-10, target_count=2, times=['20:00', '21:00'], places=14
[14:58:05] ❌ [refill#1772093525261|auto] 获取矩阵失败: 会话失效(返回-1)，请更新Token（必要）与Cookie（可选）
[14:59:05] 🧩 [refill#1772093525261|auto] 开始执行: date=2026-03-10, target_count=2, times=['20:00', '21:00'], places=14
[14:59:05] ❌ [refill#1772093525261|auto] 获取矩阵失败: 会话失效(返回-1)，请更新Token（必要）与Cookie（可选）
[15:00:05] 🧩 [refill#1772093525261|auto] 开始执行: date=2026-03-10, target_count=2, times=['20:00', '21:00'], places=14
[15:00:05] ❌ [refill#1772093525261|auto] 获取矩阵失败: 会话失效(返回-1)，请更新Token（必要）与Cookie（可选）
[15:01:05] 🧩 [refill#1772093525261|auto] 开始执行: date=2026-03-10, target_count=2, times=['20:00', '21:00'], places=14
[15:01:05] ❌ [refill#1772093525261|auto] 获取矩阵失败: 会话失效(返回-1)，请更新Token（必要）与Cookie（可选）
[15:02:05] 🧩 [refill#1772093525261|auto] 开始执行: date=2026-03-10, target_count=2, times=['20:00', '21:00'], places=14
[15:02:05] ❌ [refill#1772093525261|auto] 获取矩阵失败: 会话失效(返回-1)，请更新Token（必要）与Cookie（可选）
[15:03:05] 🧩 [refill#1772093525261|auto] 开始执行: date=2026-03-10, target_count=2, times=['20:00', '21:00'], places=14
[15:03:05] ❌ [refill#1772093525261|auto] 获取矩阵失败: 会话失效(返回-1)，请更新Token（必要）与Cookie（可选）
[15:04:05] 🧩 [refill#1772093525261|auto] 开始执行: date=2026-03-10, target_count=2, times=['20:00', '21:00'], places=14
[15:04:06] ❌ [refill#1772093525261|auto] 获取矩阵失败: 会话失效(返回-1)，请更新Token（必要）与Cookie（可选）
[15:05:06] 🧩 [refill#1772093525261|auto] 开始执行: date=2026-03-10, target_count=2, times=['20:00', '21:00'], places=14
[15:05:06] ❌ [refill#1772093525261|auto] 获取矩阵失败: 会话失效(返回-1)，请更新Token（必要）与Cookie（可选）
[15:06:06] 🧩 [refill#1772093525261|auto] 开始执行: date=2026-03-10, target_count=2, times=['20:00', '21:00'], places=14
[15:06:09] 🙈 [refill#1772093525261|auto] 当前无可补订组合，缺口: {'20:00': 2, '21:00': 2}
[15:07:06] 🧩 [refill#1772093525261|auto] 开始执行: date=2026-03-10, target_count=2, times=['20:00', '21:00'], places=14
[15:07:08] 🙈 [refill#1772093525261|auto] 当前无可补订组合，缺口: {'20:00': 2, '21:00': 2}
[15:08:07] 🧩 [refill#1772093525261|auto] 开始执行: date=2026-03-10, target_count=2, times=['20:00', '21:00'], places=14
[15:08:09] 🙈 [refill#1772093525261|auto] 当前无可补订组合，缺口: {'20:00': 2, '21:00': 2}
[15:09:08] 🧩 [refill#1772093525261|auto] 开始执行: date=2026-03-10, target_count=2, times=['20:00', '21:00'], places=14
[15:09:10] 🙈 [refill#1772093525261|auto] 当前无可补订组合，缺口: {'20:00': 2, '21:00': 2}
[15:10:08] 🧩 [refill#1772093525261|auto] 开始执行: date=2026-03-10, target_count=2, times=['20:00', '21:00'], places=14
[15:10:15] 🙈 [refill#1772093525261|auto] 当前无可补订组合，缺口: {'20:00': 2, '21:00': 2}
[15:11:08] 🧩 [refill#1772093525261|auto] 开始执行: date=2026-03-10, target_count=2, times=['20:00', '21:00'], places=14
[15:11:11] 🙈 [refill#1772093525261|auto] 当前无可补订组合，缺口: {'20:00': 2, '21:00': 2}
[15:12:09] 🧩 [refill#1772093525261|auto] 开始执行: date=2026-03-10, target_count=2, times=['20:00', '21:00'], places=14
[15:12:12] 🙈 [refill#1772093525261|auto] 当前无可补订组合，缺口: {'20:00': 2, '21:00': 2}
[15:13:09] 🧩 [refill#1772093525261|auto] 开始执行: date=2026-03-10, target_count=2, times=['20:00', '21:00'], places=14
[15:13:12] 🙈 [refill#1772093525261|auto] 当前无可补订组合，缺口: {'20:00': 2, '21:00': 2}
[15:14:10] 🧩 [refill#1772093525261|auto] 开始执行: date=2026-03-10, target_count=2, times=['20:00', '21:00'], places=14
[15:14:12] 🙈 [refill#1772093525261|auto] 当前无可补订组合，缺口: {'20:00': 2, '21:00': 2}
[15:15:10] 🧩 [refill#1772093525261|auto] 开始执行: date=2026-03-10, target_count=2, times=['20:00', '21:00'], places=14
[15:15:13] 🙈 [refill#1772093525261|auto] 当前无可补订组合，缺口: {'20:00': 2, '21:00': 2}
[15:16:11] 🧩 [refill#1772093525261|auto] 开始执行: date=2026-03-10, target_count=2, times=['20:00', '21:00'], places=14
[15:16:14] 🙈 [refill#1772093525261|auto] 当前无可补订组合，缺口: {'20:00': 2, '21:00': 2}
[15:17:12] 🧩 [refill#1772093525261|auto] 开始执行: date=2026-03-10, target_count=2, times=['20:00', '21:00'], places=14
[15:17:15] 🙈 [refill#1772093525261|auto] 当前无可补订组合，缺口: {'20:00': 2, '21:00': 2}
[15:18:13] 🧩 [refill#1772093525261|auto] 开始执行: date=2026-03-10, target_count=2, times=['20:00', '21:00'], places=14
[15:18:16] 🙈 [refill#1772093525261|auto] 当前无可补订组合，缺口: {'20:00': 2, '21:00': 2}
[15:19:13] 🧩 [refill#1772093525261|auto] 开始执行: date=2026-03-10, target_count=2, times=['20:00', '21:00'], places=14
[15:19:20] 🙈 [refill#1772093525261|auto] 当前无可补订组合，缺口: {'20:00': 2, '21:00': 2}
[15:20:13] 🧩 [refill#1772093525261|auto] 开始执行: date=2026-03-10, target_count=2, times=['20:00', '21:00'], places=14
[15:20:21] 🙈 [refill#1772093525261|auto] 当前无可补订组合，缺口: {'20:00': 2, '21:00': 2}
[15:21:14] 🧩 [refill#1772093525261|auto] 开始执行: date=2026-03-10, target_count=2, times=['20:00', '21:00'], places=14
[15:21:16] 🙈 [refill#1772093525261|auto] 当前无可补订组合，缺口: {'20:00': 2, '21:00': 2}
[15:22:15] 🧩 [refill#1772093525261|auto] 开始执行: date=2026-03-10, target_count=2, times=['20:00', '21:00'], places=14
[15:22:22] 🙈 [refill#1772093525261|auto] 当前无可补订组合，缺口: {'20:00': 2, '21:00': 2}
[15:23:15] 🧩 [refill#1772093525261|auto] 开始执行: date=2026-03-10, target_count=2, times=['20:00', '21:00'], places=14
[15:23:18] 🙈 [refill#1772093525261|auto] 当前无可补订组合，缺口: {'20:00': 2, '21:00': 2}
[15:24:16] 🧩 [refill#1772093525261|auto] 开始执行: date=2026-03-10, target_count=2, times=['20:00', '21:00'], places=14
[15:24:18] 🙈 [refill#1772093525261|auto] 当前无可补订组合，缺口: {'20:00': 2, '21:00': 2}
[15:25:16] 🧩 [refill#1772093525261|auto] 开始执行: date=2026-03-10, target_count=2, times=['20:00', '21:00'], places=14
[15:25:20] 🙈 [refill#1772093525261|auto] 当前无可补订组合，缺口: {'20:00': 2, '21:00': 2}
[15:26:17] 🧩 [refill#1772093525261|auto] 开始执行: date=2026-03-10, target_count=2, times=['20:00', '21:00'], places=14
[15:26:25] 🙈 [refill#1772093525261|auto] 当前无可补订组合，缺口: {'20:00': 2, '21:00': 2}
[15:27:18] 🧩 [refill#1772093525261|auto] 开始执行: date=2026-03-10, target_count=2, times=['20:00', '21:00'], places=14
[15:27:25] 🙈 [refill#1772093525261|auto] 当前无可补订组合，缺口: {'20:00': 2, '21:00': 2}
[15:28:18] 🧩 [refill#1772093525261|auto] 开始执行: date=2026-03-10, target_count=2, times=['20:00', '21:00'], places=14
[15:28:22] 🙈 [refill#1772093525261|auto] 当前无可补订组合，缺口: {'20:00': 2, '21:00': 2}
[15:29:19] 🧩 [refill#1772093525261|auto] 开始执行: date=2026-03-10, target_count=2, times=['20:00', '21:00'], places=14
[15:29:26] 🙈 [refill#1772093525261|auto] 当前无可补订组合，缺口: {'20:00': 2, '21:00': 2}
[15:30:20] 🧩 [refill#1772093525261|auto] 开始执行: date=2026-03-10, target_count=2, times=['20:00', '21:00'], places=14
[15:30:27] 🙈 [refill#1772093525261|auto] 当前无可补订组合，缺口: {'20:00': 2, '21:00': 2}
[15:31:20] 🧩 [refill#1772093525261|auto] 开始执行: date=2026-03-10, target_count=2, times=['20:00', '21:00'], places=14
[15:31:28] 🙈 [refill#1772093525261|auto] 当前无可补订组合，缺口: {'20:00': 2, '21:00': 2}
[15:32:20] 🧩 [refill#1772093525261|auto] 开始执行: date=2026-03-10, target_count=2, times=['20:00', '21:00'], places=14
[15:32:28] 🙈 [refill#1772093525261|auto] 当前无可补订组合，缺口: {'20:00': 2, '21:00': 2}
[15:33:21] 🧩 [refill#1772093525261|auto] 开始执行: date=2026-03-10, target_count=2, times=['20:00', '21:00'], places=14
[15:33:29] 🙈 [refill#1772093525261|auto] 当前无可补订组合，缺口: {'20:00': 2, '21:00': 2}
[15:34:22] 🧩 [refill#1772093525261|auto] 开始执行: date=2026-03-10, target_count=2, times=['20:00', '21:00'], places=14
[15:34:29] 🙈 [refill#1772093525261|auto] 当前无可补订组合，缺口: {'20:00': 2, '21:00': 2}
[15:35:22] 🧩 [refill#1772093525261|auto] 开始执行: date=2026-03-10, target_count=2, times=['20:00', '21:00'], places=14
[15:35:26] 🙈 [refill#1772093525261|auto] 当前无可补订组合，缺口: {'20:00': 2, '21:00': 2}
[15:36:23] 🧩 [refill#1772093525261|auto] 开始执行: date=2026-03-10, target_count=2, times=['20:00', '21:00'], places=14
[15:36:26] 🙈 [refill#1772093525261|auto] 当前无可补订组合，缺口: {'20:00': 2, '21:00': 2}
[15:37:24] 🧩 [refill#1772093525261|auto] 开始执行: date=2026-03-10, target_count=2, times=['20:00', '21:00'], places=14
[15:37:32] 🙈 [refill#1772093525261|auto] 当前无可补订组合，缺口: {'20:00': 2, '21:00': 2}
[15:38:25] 🧩 [refill#1772093525261|auto] 开始执行: date=2026-03-10, target_count=2, times=['20:00', '21:00'], places=14
[15:38:38] 🙈 [refill#1772093525261|auto] 当前无可补订组合，缺口: {'20:00': 2, '21:00': 2}
[15:39:25] 🧩 [refill#1772093525261|auto] 开始执行: date=2026-03-10, target_count=2, times=['20:00', '21:00'], places=14
[15:39:33] 🙈 [refill#1772093525261|auto] 当前无可补订组合，缺口: {'20:00': 2, '21:00': 2}
[15:40:25] 🧩 [refill#1772093525261|auto] 开始执行: date=2026-03-10, target_count=2, times=['20:00', '21:00'], places=14
[15:40:32] 🙈 [refill#1772093525261|auto] 当前无可补订组合，缺口: {'20:00': 2, '21:00': 2}
[15:41:25] 🧩 [refill#1772093525261|auto] 开始执行: date=2026-03-10, target_count=2, times=['20:00', '21:00'], places=14
[15:41:39] 🙈 [refill#1772093525261|auto] 当前无可补订组合，缺口: {'20:00': 2, '21:00': 2}
[15:42:26] 🧩 [refill#1772093525261|auto] 开始执行: date=2026-03-10, target_count=2, times=['20:00', '21:00'], places=14
[15:42:37] 🙈 [refill#1772093525261|auto] 当前无可补订组合，缺口: {'20:00': 2, '21:00': 2}
[15:43:26] 🧩 [refill#1772093525261|auto] 开始执行: date=2026-03-10, target_count=2, times=['20:00', '21:00'], places=14
[15:43:34] 🙈 [refill#1772093525261|auto] 当前无可补订组合，缺口: {'20:00': 2, '21:00': 2}
[15:44:26] 🧩 [refill#1772093525261|auto] 开始执行: date=2026-03-10, target_count=2, times=['20:00', '21:00'], places=14
[15:44:28] 🙈 [refill#1772093525261|auto] 当前无可补订组合，缺口: {'20:00': 2, '21:00': 2}
[15:45:26] 🧩 [refill#1772093525261|auto] 开始执行: date=2026-03-10, target_count=2, times=['20:00', '21:00'], places=14
[15:45:29] 🙈 [refill#1772093525261|auto] 当前无可补订组合，缺口: {'20:00': 2, '21:00': 2}
[15:46:27] 🧩 [refill#1772093525261|auto] 开始执行: date=2026-03-10, target_count=2, times=['20:00', '21:00'], places=14
[15:46:30] 🙈 [refill#1772093525261|auto] 当前无可补订组合，缺口: {'20:00': 2, '21:00': 2}
[15:47:28] 🧩 [refill#1772093525261|auto] 开始执行: date=2026-03-10, target_count=2, times=['20:00', '21:00'], places=14
[15:47:31] 🙈 [refill#1772093525261|auto] 当前无可补订组合，缺口: {'20:00': 2, '21:00': 2}
[15:48:29] 🧩 [refill#1772093525261|auto] 开始执行: date=2026-03-10, target_count=2, times=['20:00', '21:00'], places=14
[15:48:32] 🙈 [refill#1772093525261|auto] 当前无可补订组合，缺口: {'20:00': 2, '21:00': 2}
[15:49:30] 🧩 [refill#1772093525261|auto] 开始执行: date=2026-03-10, target_count=2, times=['20:00', '21:00'], places=14
[15:49:33] 🙈 [refill#1772093525261|auto] 当前无可补订组合，缺口: {'20:00': 2, '21:00': 2}
[15:50:30] 🧩 [refill#1772093525261|auto] 开始执行: date=2026-03-10, target_count=2, times=['20:00', '21:00'], places=14
[15:50:37] 🙈 [refill#1772093525261|auto] 当前无可补订组合，缺口: {'20:00': 2, '21:00': 2}
[15:51:30] 🧩 [refill#1772093525261|auto] 开始执行: date=2026-03-10, target_count=2, times=['20:00', '21:00'], places=14
[15:51:34] 🙈 [refill#1772093525261|auto] 当前无可补订组合，缺口: {'20:00': 2, '21:00': 2}
[15:52:31] 🧩 [refill#1772093525261|auto] 开始执行: date=2026-03-10, target_count=2, times=['20:00', '21:00'], places=14
[15:52:34] 🙈 [refill#1772093525261|auto] 当前无可补订组合，缺口: {'20:00': 2, '21:00': 2}
[15:53:31] 🧩 [refill#1772093525261|auto] 开始执行: date=2026-03-10, target_count=2, times=['20:00', '21:00'], places=14
[15:53:34] 🙈 [refill#1772093525261|auto] 当前无可补订组合，缺口: {'20:00': 2, '21:00': 2}
[15:54:32] 🧩 [refill#1772093525261|auto] 开始执行: date=2026-03-10, target_count=2, times=['20:00', '21:00'], places=14
[15:54:39] 🙈 [refill#1772093525261|auto] 当前无可补订组合，缺口: {'20:00': 2, '21:00': 2}
[15:55:06] 🧩 [refill#1772093525261|auto] 开始执行: date=2026-03-10, target_count=2, times=['20:00', '21:00'], places=14
[15:55:11] 🙈 [refill#1772093525261|auto] 当前无可补订组合，缺口: {'20:00': 2, '21:00': 2}
[15:56:06] 🧩 [refill#1772093525261|auto] 开始执行: date=2026-03-10, target_count=2, times=['20:00', '21:00'], places=14
[15:56:08] 🙈 [refill#1772093525261|auto] 当前无可补订组合，缺口: {'20:00': 2, '21:00': 2}
[15:57:07] 🧩 [refill#1772093525261|auto] 开始执行: date=2026-03-10, target_count=2, times=['12:00'], places=14
[15:57:08] 📦 [refill#1772093525261|auto] 本轮提交: [{'place': '8', 'time': '12:00'}]
[15:57:10] 🧾 [refill#1772093525261|auto] 本轮结果: verify_pending - 提交已返回success，但验证尚未收敛(按配置跳过同步订单查询)，将快速复核。
[15:58:07] 🧩 [refill#1772093525261|auto] 开始执行: date=2026-03-10, target_count=2, times=['12:00'], places=14
[15:58:14] 🙈 [refill#1772093525261|auto] 当前无可补订组合，缺口: {'12:00': 1}
[15:59:08] 🧩 [refill#1772093525261|auto] 开始执行: date=2026-03-10, target_count=2, times=['12:00'], places=14
[15:59:14] 🙈 [refill#1772093525261|auto] 当前无可补订组合，缺口: {'12:00': 1}
[16:00:08] 🧩 [refill#1772093525261|auto] 开始执行: date=2026-03-10, target_count=2, times=['12:00'], places=14
[16:00:10] 🙈 [refill#1772093525261|auto] 当前无可补订组合，缺口: {'12:00': 1}
[16:01:09] 🧩 [refill#1772093525261|auto] 开始执行: date=2026-03-10, target_count=2, times=['12:00'], places=14
[16:01:16] 🙈 [refill#1772093525261|auto] 当前无可补订组合，缺口: {'12:00': 1}
[16:02:10] 🧩 [refill#1772093525261|auto] 开始执行: date=2026-03-10, target_count=2, times=['12:00'], places=14
[16:02:11] 🙈 [refill#1772093525261|auto] 当前无可补订组合，缺口: {'12:00': 1}
[16:03:10] 🧩 [refill#1772093525261|auto] 开始执行: date=2026-03-10, target_count=2, times=['12:00'], places=14
[16:03:17] 🙈 [refill#1772093525261|auto] 当前无可补订组合，缺口: {'12:00': 1}
[16:04:11] 🧩 [refill#1772093525261|auto] 开始执行: date=2026-03-10, target_count=2, times=['12:00'], places=14
[16:04:12] 🙈 [refill#1772093525261|auto] 当前无可补订组合，缺口: {'12:00': 1}
[16:05:12] 🧩 [refill#1772093525261|auto] 开始执行: date=2026-03-10, target_count=2, times=['12:00'], places=14
[16:05:13] 🙈 [refill#1772093525261|auto] 当前无可补订组合，缺口: {'12:00': 1}
[16:06:12] 🧩 [refill#1772093525261|auto] 开始执行: date=2026-03-10, target_count=2, times=['12:00'], places=14
[16:06:14] 🙈 [refill#1772093525261|auto] 当前无可补订组合，缺口: {'12:00': 1}
[16:07:13] 🧩 [refill#1772093525261|auto] 开始执行: date=2026-03-10, target_count=2, times=['12:00'], places=14
[16:07:15] 🙈 [refill#1772093525261|auto] 当前无可补订组合，缺口: {'12:00': 1}
[16:08:14] 🧩 [refill#1772093525261|auto] 开始执行: date=2026-03-10, target_count=2, times=['12:00'], places=14
[16:08:16] 🙈 [refill#1772093525261|auto] 当前无可补订组合，缺口: {'12:00': 1}
[16:09:14] 🧩 [refill#1772093525261|auto] 开始执行: date=2026-03-10, target_count=2, times=['12:00'], places=14
[16:09:15] 🙈 [refill#1772093525261|auto] 当前无可补订组合，缺口: {'12:00': 1}
[16:10:15] 🧩 [refill#1772093525261|auto] 开始执行: date=2026-03-10, target_count=2, times=['12:00'], places=14
[16:10:16] 🙈 [refill#1772093525261|auto] 当前无可补订组合，缺口: {'12:00': 1}
[16:11:15] 🧩 [refill#1772093525261|auto] 开始执行: date=2026-03-10, target_count=2, times=['12:00'], places=14
[16:11:17] 🙈 [refill#1772093525261|auto] 当前无可补订组合，缺口: {'12:00': 1}
[16:12:16] 🧩 [refill#1772093525261|auto] 开始执行: date=2026-03-10, target_count=2, times=['12:00'], places=14
[16:12:17] 🙈 [refill#1772093525261|auto] 当前无可补订组合，缺口: {'12:00': 1}
[16:13:17] 🧩 [refill#1772093525261|auto] 开始执行: date=2026-03-10, target_count=2, times=['12:00'], places=14
[16:13:18] 🙈 [refill#1772093525261|auto] 当前无可补订组合，缺口: {'12:00': 1}
[16:14:17] 🧩 [refill#1772093525261|auto] 开始执行: date=2026-03-10, target_count=2, times=['12:00'], places=14
[16:14:19] 🙈 [refill#1772093525261|auto] 当前无可补订组合，缺口: {'12:00': 1}
[16:15:18] 🧩 [refill#1772093525261|auto] 开始执行: date=2026-03-10, target_count=2, times=['12:00'], places=14
[16:15:19] 🙈 [refill#1772093525261|auto] 当前无可补订组合，缺口: {'12:00': 2}
[16:16:18] 🧩 [refill#1772093525261|auto] 开始执行: date=2026-03-10, target_count=2, times=['12:00'], places=14
[16:16:20] 🙈 [refill#1772093525261|auto] 当前无可补订组合，缺口: {'12:00': 1}
[16:17:19] 🧩 [refill#1772093525261|auto] 开始执行: date=2026-03-10, target_count=2, times=['12:00'], places=14
[16:17:20] 🙈 [refill#1772093525261|auto] 当前无可补订组合，缺口: {'12:00': 1}
[16:18:19] 🧩 [refill#1772093525261|auto] 开始执行: date=2026-03-10, target_count=2, times=['12:00'], places=14
[16:18:20] 🙈 [refill#1772093525261|auto] 当前无可补订组合，缺口: {'12:00': 1}
[16:19:20] 🧩 [refill#1772093525261|auto] 开始执行: date=2026-03-10, target_count=2, times=['12:00'], places=14
[16:19:21] 🙈 [refill#1772093525261|auto] 当前无可补订组合，缺口: {'12:00': 1}
[16:20:20] 🧩 [refill#1772093525261|auto] 开始执行: date=2026-03-10, target_count=2, times=['12:00'], places=14
[16:20:22] 🙈 [refill#1772093525261|auto] 当前无可补订组合，缺口: {'12:00': 1}
[16:21:21] 🧩 [refill#1772093525261|auto] 开始执行: date=2026-03-10, target_count=2, times=['12:00'], places=14
[16:21:22] 🙈 [refill#1772093525261|auto] 当前无可补订组合，缺口: {'12:00': 1}
[16:22:21] 🧩 [refill#1772093525261|auto] 开始执行: date=2026-03-10, target_count=2, times=['12:00'], places=14
[16:22:27] 🙈 [refill#1772093525261|auto] 当前无可补订组合，缺口: {'12:00': 1}
[16:23:21] 🧩 [refill#1772093525261|auto] 开始执行: date=2026-03-10, target_count=2, times=['12:00'], places=14
[16:23:28] 🙈 [refill#1772093525261|auto] 当前无可补订组合，缺口: {'12:00': 1}
[16:24:22] 🧩 [refill#1772093525261|auto] 开始执行: date=2026-03-10, target_count=2, times=['12:00'], places=14
[16:24:28] 🙈 [refill#1772093525261|auto] 当前无可补订组合，缺口: {'12:00': 1}
[16:25:22] 🧩 [refill#1772093525261|auto] 开始执行: date=2026-03-10, target_count=2, times=['12:00'], places=14
[16:25:25] 🙈 [refill#1772093525261|auto] 当前无可补订组合，缺口: {'12:00': 1}
[16:26:23] 🧩 [refill#1772093525261|auto] 开始执行: date=2026-03-10, target_count=2, times=['12:00'], places=14
[16:26:25] 🙈 [refill#1772093525261|auto] 当前无可补订组合，缺口: {'12:00': 1}
[16:27:23] 🧩 [refill#1772093525261|auto] 开始执行: date=2026-03-10, target_count=2, times=['12:00'], places=14
[16:27:30] 🙈 [refill#1772093525261|auto] 当前无可补订组合，缺口: {'12:00': 1}
[16:28:24] 🧩 [refill#1772093525261|auto] 开始执行: date=2026-03-10, target_count=2, times=['12:00'], places=14
[16:28:31] 🙈 [refill#1772093525261|auto] 当前无可补订组合，缺口: {'12:00': 1}
[16:29:25] 🧩 [refill#1772093525261|auto] 开始执行: date=2026-03-10, target_count=2, times=['12:00'], places=14
[16:29:26] 🙈 [refill#1772093525261|auto] 当前无可补订组合，缺口: {'12:00': 1}
[16:30:25] 🧩 [refill#1772093525261|auto] 开始执行: date=2026-03-10, target_count=2, times=['12:00'], places=14
[16:30:27] 🙈 [refill#1772093525261|auto] 当前无可补订组合，缺口: {'12:00': 1}
[16:31:26] 🧩 [refill#1772093525261|auto] 开始执行: date=2026-03-10, target_count=2, times=['12:00'], places=14
[16:31:28] 🙈 [refill#1772093525261|auto] 当前无可补订组合，缺口: {'12:00': 1}
[16:32:26] 🧩 [refill#1772093525261|auto] 开始执行: date=2026-03-10, target_count=2, times=['12:00'], places=14
[16:32:28] 🙈 [refill#1772093525261|auto] 当前无可补订组合，缺口: {'12:00': 1}
[16:33:26] 🧩 [refill#1772093525261|auto] 开始执行: date=2026-03-10, target_count=2, times=['12:00'], places=14
[16:33:28] 🙈 [refill#1772093525261|auto] 当前无可补订组合，缺口: {'12:00': 1}
[16:34:27] 🧩 [refill#1772093525261|auto] 开始执行: date=2026-03-10, target_count=2, times=['12:00'], places=14
[16:34:29] 🙈 [refill#1772093525261|auto] 当前无可补订组合，缺口: {'12:00': 1}
[16:35:28] 🧩 [refill#1772093525261|auto] 开始执行: date=2026-03-10, target_count=2, times=['12:00'], places=14
[16:35:30] 🙈 [refill#1772093525261|auto] 当前无可补订组合，缺口: {'12:00': 1}
[16:36:28] 🧩 [refill#1772093525261|auto] 开始执行: date=2026-03-10, target_count=2, times=['12:00'], places=14
[16:36:30] 🙈 [refill#1772093525261|auto] 当前无可补订组合，缺口: {'12:00': 1}
[16:37:28] 🧩 [refill#1772093525261|auto] 开始执行: date=2026-03-10, target_count=2, times=['12:00'], places=14
[16:37:34] 🙈 [refill#1772093525261|auto] 当前无可补订组合，缺口: {'12:00': 1}
[16:38:28] 🧩 [refill#1772093525261|auto] 开始执行: date=2026-03-10, target_count=2, times=['12:00'], places=14
[16:38:35] 🙈 [refill#1772093525261|auto] 当前无可补订组合，缺口: {'12:00': 1}
[16:39:29] 🧩 [refill#1772093525261|auto] 开始执行: date=2026-03-10, target_count=2, times=['12:00'], places=14
[16:39:36] 🙈 [refill#1772093525261|auto] 当前无可补订组合，缺口: {'12:00': 1}
[16:40:30] 🧩 [refill#1772093525261|auto] 开始执行: date=2026-03-10, target_count=2, times=['12:00'], places=14
[16:40:32] 🙈 [refill#1772093525261|auto] 当前无可补订组合，缺口: {'12:00': 1}
[16:41:31] 🧩 [refill#1772093525261|auto] 开始执行: date=2026-03-10, target_count=2, times=['12:00'], places=14
[16:41:33] 🙈 [refill#1772093525261|auto] 当前无可补订组合，缺口: {'12:00': 1}
[16:42:32] 🧩 [refill#1772093525261|auto] 开始执行: date=2026-03-10, target_count=2, times=['12:00'], places=14
[16:42:34] 🙈 [refill#1772093525261|auto] 当前无可补订组合，缺口: {'12:00': 1}
[16:43:32] 🧩 [refill#1772093525261|auto] 开始执行: date=2026-03-10, target_count=2, times=['12:00'], places=14
[16:43:34] 🙈 [refill#1772093525261|auto] 当前无可补订组合，缺口: {'12:00': 1}
[16:44:32] 🧩 [refill#1772093525261|auto] 开始执行: date=2026-03-10, target_count=2, times=['12:00'], places=14
[16:44:34] 🙈 [refill#1772093525261|auto] 当前无可补订组合，缺口: {'12:00': 1}
[16:45:33] 🧩 [refill#1772093525261|auto] 开始执行: date=2026-03-10, target_count=2, times=['12:00'], places=14
[16:45:35] 🙈 [refill#1772093525261|auto] 当前无可补订组合，缺口: {'12:00': 1}
[16:46:33] 🧩 [refill#1772093525261|auto] 开始执行: date=2026-03-10, target_count=2, times=['12:00'], places=14
[16:46:35] 🙈 [refill#1772093525261|auto] 当前无可补订组合，缺口: {'12:00': 1}
[16:47:34] 🧩 [refill#1772093525261|auto] 开始执行: date=2026-03-10, target_count=2, times=['12:00'], places=14
[16:47:35] 🙈 [refill#1772093525261|auto] 当前无可补订组合，缺口: {'12:00': 1}
[16:48:34] 🧩 [refill#1772093525261|auto] 开始执行: date=2026-03-10, target_count=2, times=['12:00'], places=14
[16:48:36] 🙈 [refill#1772093525261|auto] 当前无可补订组合，缺口: {'12:00': 1}
[16:49:35] 🧩 [refill#1772093525261|auto] 开始执行: date=2026-03-10, target_count=2, times=['12:00'], places=14
[16:49:37] 🙈 [refill#1772093525261|auto] 当前无可补订组合，缺口: {'12:00': 1}
[16:50:36] 🧩 [refill#1772093525261|auto] 开始执行: date=2026-03-10, target_count=2, times=['12:00'], places=14
[16:50:38] 🙈 [refill#1772093525261|auto] 当前无可补订组合，缺口: {'12:00': 1}
[16:51:37] 🧩 [refill#1772093525261|auto] 开始执行: date=2026-03-10, target_count=2, times=['12:00'], places=14
[16:51:39] 🙈 [refill#1772093525261|auto] 当前无可补订组合，缺口: {'12:00': 1}
[16:52:38] 🧩 [refill#1772093525261|auto] 开始执行: date=2026-03-10, target_count=2, times=['12:00'], places=14
[16:52:40] 🙈 [refill#1772093525261|auto] 当前无可补订组合，缺口: {'12:00': 1}
[16:53:38] 🧩 [refill#1772093525261|auto] 开始执行: date=2026-03-10, target_count=2, times=['12:00'], places=14
[16:53:39] 🙈 [refill#1772093525261|auto] 当前无可补订组合，缺口: {'12:00': 1}
[16:54:38] 🧩 [refill#1772093525261|auto] 开始执行: date=2026-03-10, target_count=2, times=['12:00'], places=14
[16:54:40] 🙈 [refill#1772093525261|auto] 当前无可补订组合，缺口: {'12:00': 1}
[16:55:39] 🧩 [refill#1772093525261|auto] 开始执行: date=2026-03-10, target_count=2, times=['12:00'], places=14
[16:55:41] 🙈 [refill#1772093525261|auto] 当前无可补订组合，缺口: {'12:00': 1}
[16:56:39] 🧩 [refill#1772093525261|auto] 开始执行: date=2026-03-10, target_count=2, times=['12:00'], places=14
[16:56:42] 🙈 [refill#1772093525261|auto] 当前无可补订组合，缺口: {'12:00': 1}
[16:57:40] 🧩 [refill#1772093525261|auto] 开始执行: date=2026-03-10, target_count=2, times=['12:00'], places=14
[16:57:47] 🙈 [refill#1772093525261|auto] 当前无可补订组合，缺口: {'12:00': 1}
[16:58:41] 🧩 [refill#1772093525261|auto] 开始执行: date=2026-03-10, target_count=2, times=['12:00'], places=14
[16:58:42] 🙈 [refill#1772093525261|auto] 当前无可补订组合，缺口: {'12:00': 1}
[16:59:42] 🧩 [refill#1772093525261|auto] 开始执行: date=2026-03-10, target_count=2, times=['12:00'], places=14
[16:59:49] 🙈 [refill#1772093525261|auto] 当前无可补订组合，缺口: {'12:00': 1}
[17:00:42] 🧩 [refill#1772093525261|auto] 开始执行: date=2026-03-10, target_count=2, times=['12:00'], places=14
[17:00:48] 🙈 [refill#1772093525261|auto] 当前无可补订组合，缺口: {'12:00': 1}
[17:01:42] 🧩 [refill#1772093525261|auto] 开始执行: date=2026-03-10, target_count=2, times=['12:00'], places=14
[17:01:49] 🙈 [refill#1772093525261|auto] 当前无可补订组合，缺口: {'12:00': 1}
[17:02:43] 🧩 [refill#1772093525261|auto] 开始执行: date=2026-03-10, target_count=2, times=['12:00'], places=14
[17:02:50] 🙈 [refill#1772093525261|auto] 当前无可补订组合，缺口: {'12:00': 1}
[17:03:44] 🧩 [refill#1772093525261|auto] 开始执行: date=2026-03-10, target_count=2, times=['12:00'], places=14
[17:03:46] 🙈 [refill#1772093525261|auto] 当前无可补订组合，缺口: {'12:00': 1}
[17:04:44] 🧩 [refill#1772093525261|auto] 开始执行: date=2026-03-10, target_count=2, times=['12:00'], places=14
[17:04:46] 🙈 [refill#1772093525261|auto] 当前无可补订组合，缺口: {'12:00': 1}
[17:05:44] 🧩 [refill#1772093525261|auto] 开始执行: date=2026-03-10, target_count=2, times=['12:00'], places=14
[17:05:45] 🙈 [refill#1772093525261|auto] 当前无可补订组合，缺口: {'12:00': 1}
[17:06:45] 🧩 [refill#1772093525261|auto] 开始执行: date=2026-03-10, target_count=2, times=['12:00'], places=14
[17:06:46] 🙈 [refill#1772093525261|auto] 当前无可补订组合，缺口: {'12:00': 1}
[17:07:45] 🧩 [refill#1772093525261|auto] 开始执行: date=2026-03-10, target_count=2, times=['12:00'], places=14
[17:07:46] 🙈 [refill#1772093525261|auto] 当前无可补订组合，缺口: {'12:00': 1}
[21:00:38] 🧩 [refill#1772093525261|auto] 开始执行: date=2026-03-10, target_count=2, times=['12:00'], places=14
[21:00:45] 🙈 [refill#1772093525261|auto] 当前无可补订组合，缺口: {'12:00': 1}
[21:01:38] 🧩 [refill#1772093525261|auto] 开始执行: date=2026-03-10, target_count=2, times=['12:00'], places=14
[21:01:41] 🙈 [refill#1772093525261|auto] 当前无可补订组合，缺口: {'12:00': 1}
[21:02:39] 🧩 [refill#1772093525261|auto] 开始执行: date=2026-03-10, target_count=2, times=['12:00'], places=14
[21:02:42] 🙈 [refill#1772093525261|auto] 当前无可补订组合，缺口: {'12:00': 1}
[21:03:40] 🧩 [refill#1772093525261|auto] 开始执行: date=2026-03-10, target_count=2, times=['12:00'], places=14
[21:03:43] 🙈 [refill#1772093525261|auto] 当前无可补订组合，缺口: {'12:00': 1}
[21:04:21] 📧 正在发送短信通知给: ['13910424189']
[21:04:22] 📧 短信接口返回: [0] 发送成功
[21:04:22] 📩 PushPlus 发送成功
[21:04:40] 🧩 [refill#1772093525261|auto] 开始执行: date=2026-03-10, target_count=2, times=['12:00'], places=14
[21:04:47] 🙈 [refill#1772093525261|auto] 当前无可补订组合，缺口: {'12:00': 1}
[21:05:40] 🧩 [refill#1772093525261|auto] 开始执行: date=2026-03-10, target_count=2, times=['12:00'], places=14
[21:05:43] 🙈 [refill#1772093525261|auto] 当前无可补订组合，缺口: {'12:00': 1}
[21:06:41] 🧩 [refill#1772093525261|auto] 开始执行: date=2026-03-10, target_count=2, times=['12:00'], places=14
[21:06:44] 🙈 [refill#1772093525261|auto] 当前无可补订组合，缺口: {'12:00': 1}
[21:07:41] 🧩 [refill#1772093525261|auto] 开始执行: date=2026-03-10, target_count=2, times=['12:00'], places=14
[21:07:43] 🙈 [refill#1772093525261|auto] 当前无可补订组合，缺口: {'12:00': 1}
[21:08:42] 🧩 [refill#1772093525261|auto] 开始执行: date=2026-03-10, target_count=2, times=['12:00'], places=14
[21:08:44] 🙈 [refill#1772093525261|auto] 当前无可补订组合，缺口: {'12:00': 1}
[21:09:42] 🧩 [refill#1772093525261|auto] 开始执行: date=2026-03-10, target_count=2, times=['12:00'], places=14
[21:09:49] 🙈 [refill#1772093525261|auto] 当前无可补订组合，缺口: {'12:00': 1}
[21:10:43] 🧩 [refill#1772093525261|auto] 开始执行: date=2026-03-10, target_count=2, times=['12:00'], places=14
[21:10:45] 🙈 [refill#1772093525261|auto] 当前无可补订组合，缺口: {'12:00': 1}
[21:11:43] 🧩 [refill#1772093525261|auto] 开始执行: date=2026-03-10, target_count=2, times=['12:00'], places=14
[21:11:51] 📦 [refill#1772093525261|auto] 本轮提交: [{'place': '8', 'time': '12:00'}]
[21:11:53] 🧾 [refill#1772093525261|auto] 本轮结果: success - 全部下单成功
[21:11:53] 📧 正在发送短信通知给: ['13910424189']
[21:11:53] 📧 短信接口返回: [0] 发送成功
[21:11:54] 📩 PushPlus 发送成功
[21:12:00] ⏰ [自动任务] 开始执行任务: 1772629848324
[21:12:06] 🕒 [时间对齐] server_offset=20.737s, base_run=2026-03-04 21:12:00, target_date=2026-03-10
[21:12:06] 🔄 第 1 轮无限尝试...喵
[21:12:06] ⚡ [加速] 首轮跳过mine覆盖，优先抢占可用库存
[21:12:10] 获取状态失败: HTTPSConnectionPool(host='gymvip.bfsu.edu.cn', port=443): Read timed out. 喵
[21:12:10] ⚠️ 检测到服务器短时异常，启用高频重试 (0.2s)
[21:12:10] 🔄 第 2 轮无限尝试...喵
[21:12:13] 📧 正在发送短信通知给: ['13910424189']
[21:12:14] 📧 短信接口返回: [0] 发送成功
[21:12:14] 📩 PushPlus 发送成功
[21:12:14] 📊 [run-metric] task=1772629848324 attempts=2 first_matrix=6561ms first_submit=Nonems first_success=7693ms p95=Nonems
[21:12:44] 🧩 [refill#1772093525261|auto] 开始执行: date=2026-03-10, target_count=2, times=['12:00'], places=14
[21:12:51] 📦 [refill#1772093525261|auto] 本轮提交: [{'place': '8', 'time': '12:00'}]
[21:12:52] 🧾 [refill#1772093525261|auto] 本轮结果: success - 全部下单成功
[21:12:52] 📧 正在发送短信通知给: ['13910424189']
[21:12:53] 📧 短信接口返回: [0] 发送成功
[21:12:53] 📩 PushPlus 发送成功
[21:13:45] 🧩 [refill#1772093525261|auto] 开始执行: date=2026-03-10, target_count=2, times=['12:00'], places=14
[21:13:52] 🙈 [refill#1772093525261|auto] 当前无可补订组合，缺口: {'12:00': 1}
[21:14:46] 🧩 [refill#1772093525261|auto] 开始执行: date=2026-03-10, target_count=1, times=['12:00'], places=14
[21:14:46] ✅ [refill#1772093525261|auto] refill目标已满足
[21:14:46] 📧 正在发送短信通知给: ['13910424189']
[21:14:47] 📧 短信接口返回: [0] 发送成功
[21:14:47] 📩 PushPlus 发送成功
[21:18:00] ⏰ [自动任务] 开始执行任务: 1772630208932
[21:18:06] 🕒 [时间对齐] server_offset=20.449s, base_run=2026-03-04 21:18:00, target_date=2026-03-10
[21:18:06] 🔄 第 1 轮无限尝试...喵
[21:18:06] ⚡ [加速] 首轮跳过mine覆盖，优先抢占可用库存
[21:18:06] 🧪 [pipeline] 当前阶段=continuous elapsed=0.0s
[21:18:06] 正在提交分批订单: [{'place': '8', 'time': '12:00'}]
[21:18:07] ⏱️ [pipeline] 扣除本轮提交流水耗时 1.04s，避免阶段窗口被网络耗时吃掉
[21:18:07] [submit_order调试] 批次响应: {'status': 'success', 'msg': '全部下单成功', 'success_items': [{'place': '8', 'time': '12:00'}], 'failed_items': [], 'run_metric': {'submit_req_count': 1, 'submit_success_resp_count': 1, 'submit_retry_count': 0, 'fast_lane_used_seconds': 1.033, 'confirm_matrix_poll_count': 1, 'confirm_orders_poll_count': 0, 't_confirm_ms': 820, 'verify_exception_count': 0, 'effective_initial_batch_size': 1, 'submit_strategy_mode': 'adaptive', 'retry_budget_total': 0, 'retry_budget_used': 0, 'adaptive_small_n_merge_applied': True, 'submit_grouping_mode': 'smart', 'place_first_grouping_applied': False, 'submit_profile': 'auto_high_concurrency', 'effective_fast_lane_enabled': True, 'effective_fast_lane_seconds': 2.0, 'effective_batch_min_interval': 0.8, 'effective_too_fast_cooldown_seconds': 1.4, 'effective_batch_retry_times': 2}}
[21:18:07] ✅ 下单完成: 全部成功 (success)
[21:18:07] 📧 正在发送短信通知给: ['13910424189']
[21:18:08] 📧 短信接口返回: [0] 发送成功
[21:18:08] 📩 PushPlus 发送成功
[21:18:08] 📊 [run-metric] task=1772630208932 attempts=1 first_matrix=626ms first_submit=629ms first_success=2219ms p95=1035ms
[23:15:44] 🧩 [refill#1772093525261|auto] 开始执行: date=2026-03-10, target_count=1, times=['12:00'], places=14
[23:15:44] ✅ [refill#1772093525261|auto] refill目标已满足
[23:15:44] 📧 正在发送短信通知给: ['13910424189']
[23:15:45] 📧 短信接口返回: [0] 发送成功
[23:15:45] 📩 PushPlus 发送成功
[23:25:04] ✅ 健康检查通过：场地状态获取正常；⚠️ 下单链路仅完成探测，结果未确认( 探测响应: success )
[23:55:06] ✅ 健康检查通过：场地状态获取正常；⚠️ 下单链路仅完成探测，结果未确认( 探测响应: success )
