[10:06:14.914] [极速订场] 开始 date=2026-04-06 单路递送+refill round_interval=0.25s refill_poll=0.35s min_post_interval=5.0s retry_jitter=180ms budget=360.0s
[10:06:14.915] [极速订场] skip_warmup=True：从分批阶段进入，不跑内部拉活循环（假定页面已拉过矩阵；若提示操作过快请刷新场地矩阵后再试）
[10:06:14.916] [极速订场] 首单分批参数 effective_target_blocks=1 fieldinfo_max_records_per_post=3 first_group_matrix=False
[10:06:14.917] [极速订场] 首单 group=primary (主组合) items=[{'place': '15', 'time': '11:00'}]
[10:06:16.876] [极速订场] 首单 第1次提交 action=stop_task_fail items=[{'place': '15', 'time': '11:00'}]
[10:06:16.878] [极速订场] 结束 status=fail(task_fail) 总请求数=1
[10:06:30.125] [极速订场] 开始 date=2026-04-06 单路递送+refill round_interval=0.25s refill_poll=0.35s min_post_interval=5.0s retry_jitter=180ms budget=360.0s
[10:06:30.126] [极速订场] skip_warmup=True：从分批阶段进入，不跑内部拉活循环（假定页面已拉过矩阵；若提示操作过快请刷新场地矩阵后再试）
[10:06:30.127] [极速订场] 首单分批参数 effective_target_blocks=1 fieldinfo_max_records_per_post=3 first_group_matrix=False
[10:06:30.128] [极速订场] 首单 group=primary (主组合) items=[{'place': '15', 'time': '21:00'}]
[10:06:30.141] [极速订场] 首单 第1次提交 action=stop_task_fail items=[{'place': '15', 'time': '21:00'}]
[10:06:30.143] [极速订场] 结束 status=fail(task_fail) 总请求数=1
[10:47:52.262] [极速订场] 开始 date=2026-04-06 单路递送+refill round_interval=0.25s refill_poll=0.35s min_post_interval=5.0s retry_jitter=180ms budget=360.0s
[10:47:52.263] [极速订场] skip_warmup=True：从分批阶段进入，不跑内部拉活循环（假定页面已拉过矩阵；若提示操作过快请刷新场地矩阵后再试）
[10:47:52.264] [极速订场] 首单分批参数 effective_target_blocks=1 fieldinfo_max_records_per_post=3 first_group_matrix=False
[10:47:52.264] [极速订场] 首单 group=primary (主组合) items=[{'place': '16', 'time': '12:00'}]
[10:47:53.123] [极速订场] 首单 第1次提交 action=stop_success items=[{'place': '16', 'time': '12:00'}]
[10:47:53.179] [极速订场] refill 矩阵完成 fetch_n=1 wall=10:47:43.871 elapsed_ms=356
[10:47:53.180] [极速订场] refill 缺口已归零，目标已满足，提前结束
[10:47:53.182] [极速订场] 结束 status=success 总请求数=1 group=primary
[10:47:53.230] [测试] run_id=test-1775184463259-sy7w4l seq=1/3 mode=wait_after_response interval_ms=500 status=success msg=主组合已被服务端接受，请稍后手动刷新结果
[10:47:53.746] [极速订场] 开始 date=2026-04-06 单路递送+refill round_interval=0.25s refill_poll=0.35s min_post_interval=5.0s retry_jitter=180ms budget=360.0s
[10:47:53.747] [极速订场] skip_warmup=True：从分批阶段进入，不跑内部拉活循环（假定页面已拉过矩阵；若提示操作过快请刷新场地矩阵后再试）
[10:47:53.748] [极速订场] 首单分批参数 effective_target_blocks=1 fieldinfo_max_records_per_post=3 first_group_matrix=False
[10:47:53.749] [极速订场] 首单 group=primary (主组合) items=[{'place': '16', 'time': '13:00'}]
[10:47:54.082] [极速订场] 首单 too_fast: '操作过快,请稍后重试。'
[10:47:54.084] [极速订场] 首单 第1次提交 action=min_backoff_continue items=[{'place': '16', 'time': '13:00'}]
[10:47:54.102] [极速订场] refill 矩阵完成 fetch_n=1 wall=10:47:45.138 elapsed_ms=203
[10:47:54.104] [极速订场] refill 缺口已归零，目标已满足，提前结束
[10:47:54.105] [极速订场] 结束 status=success 总请求数=1 group=primary
[10:47:54.160] [测试] run_id=test-1775184463259-sy7w4l seq=2/3 mode=wait_after_response interval_ms=500 status=success msg=主组合已被服务端接受，请稍后手动刷新结果
[10:47:54.680] [极速订场] 开始 date=2026-04-06 单路递送+refill round_interval=0.25s refill_poll=0.35s min_post_interval=5.0s retry_jitter=180ms budget=360.0s
[10:47:54.682] [极速订场] skip_warmup=True：从分批阶段进入，不跑内部拉活循环（假定页面已拉过矩阵；若提示操作过快请刷新场地矩阵后再试）
[10:47:54.684] [极速订场] 首单分批参数 effective_target_blocks=1 fieldinfo_max_records_per_post=3 first_group_matrix=False
[10:47:54.685] [极速订场] 首单 group=primary (主组合) items=[{'place': '16', 'time': '14:00'}]
[10:47:55.101] [极速订场] 首单 too_fast: '操作过快,请稍后重试。'
[10:47:55.103] [极速订场] 首单 第1次提交 action=min_backoff_continue items=[{'place': '16', 'time': '14:00'}]
[10:47:56.170] [极速订场] refill 矩阵完成 fetch_n=1 wall=10:47:46.550 elapsed_ms=338
[10:47:56.171] [极速订场] refill 缺口已归零，目标已满足，提前结束
[10:47:56.172] [极速订场] 结束 status=success 总请求数=1 group=primary
[10:47:56.232] [测试] run_id=test-1775184463259-sy7w4l seq=3/3 mode=wait_after_response interval_ms=500 status=success msg=主组合已被服务端接受，请稍后手动刷新结果
[10:49:56.364] [极速订场] 开始 date=2026-04-06 单路递送+refill round_interval=0.25s refill_poll=0.35s min_post_interval=5.0s retry_jitter=180ms budget=360.0s
[10:49:56.365] [极速订场] skip_warmup=True：从分批阶段进入，不跑内部拉活循环（假定页面已拉过矩阵；若提示操作过快请刷新场地矩阵后再试）
[10:49:56.366] [极速订场] 首单分批参数 effective_target_blocks=1 fieldinfo_max_records_per_post=3 first_group_matrix=False
[10:49:56.367] [极速订场] 首单 group=primary (主组合) items=[{'place': '16', 'time': '13:00'}]
[10:49:57.188] [极速订场] 首单 第1次提交 action=stop_success items=[{'place': '16', 'time': '13:00'}]
[10:49:57.159] [极速订场] refill 矩阵完成 fetch_n=1 wall=10:49:48.198 elapsed_ms=318
[10:49:57.160] [极速订场] refill 缺口已归零，目标已满足，提前结束
[10:49:57.161] [极速订场] 结束 status=success 总请求数=1 group=primary
[10:49:57.206] [测试] run_id=test-1775184587492-rel073 seq=1/3 mode=wait_after_response interval_ms=1000 status=success msg=主组合已被服务端接受，请稍后手动刷新结果
[10:49:58.228] [极速订场] 开始 date=2026-04-06 单路递送+refill round_interval=0.25s refill_poll=0.35s min_post_interval=5.0s retry_jitter=180ms budget=360.0s
[10:49:58.230] [极速订场] skip_warmup=True：从分批阶段进入，不跑内部拉活循环（假定页面已拉过矩阵；若提示操作过快请刷新场地矩阵后再试）
[10:49:58.232] [极速订场] 首单分批参数 effective_target_blocks=1 fieldinfo_max_records_per_post=3 first_group_matrix=False
[10:49:58.234] [极速订场] 首单 group=primary (主组合) items=[{'place': '16', 'time': '14:00'}]
[10:49:58.079] [极速订场] 首单 too_fast: '操作过快,请稍后重试。'
[10:49:58.080] [极速订场] 首单 第1次提交 action=min_backoff_continue items=[{'place': '16', 'time': '14:00'}]
[10:49:59.106] [极速订场] refill 矩阵完成 fetch_n=1 wall=10:49:50.050 elapsed_ms=210
[10:49:59.108] [极速订场] refill 缺口已归零，目标已满足，提前结束
[10:49:59.109] [极速订场] 结束 status=success 总请求数=1 group=primary
[10:49:59.177] [测试] run_id=test-1775184587492-rel073 seq=2/3 mode=wait_after_response interval_ms=1000 status=success msg=主组合已被服务端接受，请稍后手动刷新结果
[10:50:00.206] [极速订场] 开始 date=2026-04-06 单路递送+refill round_interval=0.25s refill_poll=0.35s min_post_interval=5.0s retry_jitter=180ms budget=360.0s
[10:50:00.208] [极速订场] skip_warmup=True：从分批阶段进入，不跑内部拉活循环（假定页面已拉过矩阵；若提示操作过快请刷新场地矩阵后再试）
[10:50:00.210] [极速订场] 首单分批参数 effective_target_blocks=1 fieldinfo_max_records_per_post=3 first_group_matrix=False
[10:50:00.211] [极速订场] 首单 group=primary (主组合) items=[{'place': '17', 'time': '12:00'}]
[10:50:00.110] [极速订场] 首单 too_fast: '操作过快,请稍后重试。'
[10:50:00.111] [极速订场] 首单 第1次提交 action=min_backoff_continue items=[{'place': '17', 'time': '12:00'}]
[10:50:01.105] [极速订场] refill 矩阵完成 fetch_n=1 wall=10:49:51.915 elapsed_ms=208
[10:50:01.107] [极速订场] refill 缺口已归零，目标已满足，提前结束
[10:50:01.107] [极速订场] 结束 status=success 总请求数=1 group=primary
[10:50:01.174] [测试] run_id=test-1775184587492-rel073 seq=3/3 mode=wait_after_response interval_ms=1000 status=success msg=主组合已被服务端接受，请稍后手动刷新结果
[10:56:12.587] [极速订场] 开始 date=2026-04-06 单路递送+refill round_interval=0.25s refill_poll=0.35s min_post_interval=5.0s retry_jitter=180ms budget=360.0s
[10:56:12.588] [极速订场] skip_warmup=True：从分批阶段进入，不跑内部拉活循环（假定页面已拉过矩阵；若提示操作过快请刷新场地矩阵后再试）
[10:56:12.589] [极速订场] 首单分批参数 effective_target_blocks=1 fieldinfo_max_records_per_post=3 first_group_matrix=False
[10:56:12.590] [极速订场] 首单 group=primary (主组合) items=[{'place': '16', 'time': '12:00'}]
[10:56:12.172] [极速订场] 首单 第1次提交 action=stop_success items=[{'place': '16', 'time': '12:00'}]
[10:56:13.156] [极速订场] refill 矩阵完成 fetch_n=1 wall=10:56:03.695 elapsed_ms=311
[10:56:13.157] [极速订场] refill 缺口已归零，目标已满足，提前结束
[10:56:13.157] [极速订场] 结束 status=success 总请求数=1 group=primary
[10:56:13.199] [测试] run_id=test-1775184963029-vdlo6s seq=1/3 mode=wait_after_response interval_ms=2200 status=success msg=主组合已被服务端接受，请稍后手动刷新结果
[10:56:15.424] [极速订场] 开始 date=2026-04-06 单路递送+refill round_interval=0.25s refill_poll=0.35s min_post_interval=5.0s retry_jitter=180ms budget=360.0s
[10:56:15.426] [极速订场] skip_warmup=True：从分批阶段进入，不跑内部拉活循环（假定页面已拉过矩阵；若提示操作过快请刷新场地矩阵后再试）
[10:56:15.427] [极速订场] 首单分批参数 effective_target_blocks=1 fieldinfo_max_records_per_post=3 first_group_matrix=False
[10:56:15.429] [极速订场] 首单 group=primary (主组合) items=[{'place': '16', 'time': '13:00'}]
[10:56:15.099] [极速订场] 首单 too_fast: '操作过快,请稍后重试。'
[10:56:15.101] [极速订场] 首单 第1次提交 action=min_backoff_continue items=[{'place': '16', 'time': '13:00'}]
[10:56:16.178] [极速订场] refill 矩阵完成 fetch_n=1 wall=10:56:06.876 elapsed_ms=356
[10:56:16.179] [组场引擎] policy=auto_campaign allow_scatter=True tier=单调缺口递降 used_need={'13:00': 1}
[10:56:16.179] [极速订场] refill 分层求解 tier=单调缺口递降 used_need={'13:00': 1} 原缺口={'13:00': 1}
[10:56:16.180] [极速订场] refill group=primary (主组合) items=[{'place': '16', 'time': '13:00'}]
[10:56:20.472] [极速订场] refill POST发送 wall=10:56:11.170 campaign_ms=5206 tag=refill items=[{'place': '16', 'time': '13:00'}]
[10:56:20.099] [极速订场] refill 第2次提交 action=stop_success items=[{'place': '16', 'time': '13:00'}]
[10:56:20.100] [极速订场] refill 本轮多批已处理，下轮重拉矩阵校验满额
[10:56:21.156] [极速订场] refill 矩阵完成 fetch_n=2 wall=10:56:11.934 elapsed_ms=311
[10:56:21.158] [极速订场] refill 缺口已归零，目标已满足，提前结束
[10:56:21.159] [极速订场] 结束 status=success 总请求数=2 group=primary
[10:56:21.217] [测试] run_id=test-1775184963029-vdlo6s seq=2/3 mode=wait_after_response interval_ms=2200 status=success msg=主组合已被服务端接受，请稍后手动刷新结果
[10:56:23.450] [极速订场] 开始 date=2026-04-06 单路递送+refill round_interval=0.25s refill_poll=0.35s min_post_interval=5.0s retry_jitter=180ms budget=360.0s
[10:56:23.451] [极速订场] skip_warmup=True：从分批阶段进入，不跑内部拉活循环（假定页面已拉过矩阵；若提示操作过快请刷新场地矩阵后再试）
[10:56:23.453] [极速订场] 首单分批参数 effective_target_blocks=1 fieldinfo_max_records_per_post=3 first_group_matrix=False
[10:56:23.455] [极速订场] 首单 group=primary (主组合) items=[{'place': '16', 'time': '14:00'}]
[10:56:23.072] [极速订场] 首单 too_fast: '操作过快,请稍后重试。'
[10:56:23.073] [极速订场] 首单 第1次提交 action=min_backoff_continue items=[{'place': '16', 'time': '14:00'}]
[10:56:24.113] [极速订场] refill 矩阵完成 fetch_n=1 wall=10:56:14.960 elapsed_ms=225
[10:56:24.114] [组场引擎] policy=auto_campaign allow_scatter=True tier=单调缺口递降 used_need={'14:00': 1}
[10:56:24.115] [极速订场] refill 分层求解 tier=单调缺口递降 used_need={'14:00': 1} 原缺口={'14:00': 1}
[10:56:24.116] [极速订场] refill group=primary (主组合) items=[{'place': '16', 'time': '14:00'}]
[10:56:28.532] [极速订场] refill POST发送 wall=10:56:19.378 campaign_ms=5150 tag=refill items=[{'place': '16', 'time': '14:00'}]
[10:56:29.090] [极速订场] refill 第2次提交 action=stop_success items=[{'place': '16', 'time': '14:00'}]
[10:56:29.090] [极速订场] refill 本轮多批已处理，下轮重拉矩阵校验满额
[10:56:29.155] [极速订场] refill 矩阵完成 fetch_n=2 wall=10:56:20.122 elapsed_ms=310
[10:56:29.156] [极速订场] refill 缺口已归零，目标已满足，提前结束
[10:56:29.157] [极速订场] 结束 status=success 总请求数=2 group=primary
[10:56:29.215] [测试] run_id=test-1775184963029-vdlo6s seq=3/3 mode=wait_after_response interval_ms=2200 status=success msg=主组合已被服务端接受，请稍后手动刷新结果
[11:07:40.135] [测试·raw] run_id=test-1775185650360-7k6uhh seq=1/3 mode=wait_after_response interval_ms=500 http=200 post_ok=True raw_message="{'times': 1, 'type': 'cardTimes'}"
[11:07:40.087] [测试·raw] run_id=test-1775185650360-7k6uhh seq=2/3 mode=wait_after_response interval_ms=500 http=200 post_ok=True raw_message='操作过快,请稍后重试。'
[11:07:41.084] [测试·raw] run_id=test-1775185650360-7k6uhh seq=3/3 mode=wait_after_response interval_ms=500 http=200 post_ok=True raw_message='操作过快,请稍后重试。'
[11:08:52.155] [测试·raw] run_id=test-1775185722678-cda915 seq=1/3 mode=wait_after_response interval_ms=2000 http=200 post_ok=True raw_message="{'times': 1, 'type': 'cardTimes'}"
[11:08:54.071] [测试·raw] run_id=test-1775185722678-cda915 seq=2/3 mode=wait_after_response interval_ms=2000 http=200 post_ok=True raw_message='操作过快,请稍后重试。'
[11:08:57.161] [测试·raw] run_id=test-1775185722678-cda915 seq=3/3 mode=wait_after_response interval_ms=2000 http=200 post_ok=True raw_message="{'times': 1, 'type': 'cardTimes'}"
[11:09:30.146] [测试·raw] run_id=test-1775185760514-0z5sek seq=1/3 mode=wait_after_response interval_ms=2200 http=200 post_ok=True raw_message='{"continuousSize":"3","dayType":"nonVacations","maxsize":0,"placeArray":[{"projectInfo":[{"oldMoney":80.0,"money":80.0,"endtime":"11:00","starttime":"10:00","state":4},{"oldMoney":80.0,"money":80.0,"e'
[11:09:32.066] [测试·raw] run_id=test-1775185760514-0z5sek seq=2/3 mode=wait_after_response interval_ms=2200 http=200 post_ok=True raw_message='操作过快,请稍后重试。'
[11:09:35.155] [测试·raw] run_id=test-1775185760514-0z5sek seq=3/3 mode=wait_after_response interval_ms=2200 http=200 post_ok=True raw_message="{'times': 1, 'type': 'cardTimes'}"
[11:11:06.161] [测试·raw] run_id=test-1775185856494-b9ioom seq=1/3 mode=fire_interval interval_ms=2000 http=200 post_ok=True raw_message="{'times': 1, 'type': 'cardTimes'}"
[11:11:08.088] [测试·raw] run_id=test-1775185856494-b9ioom seq=2/3 mode=fire_interval interval_ms=2000 http=200 post_ok=True raw_message='操作过快,请稍后重试。'
[11:11:10.212] [测试·raw] run_id=test-1775185856494-b9ioom seq=3/3 mode=fire_interval interval_ms=2000 http=200 post_ok=True raw_message="{'times': 1, 'type': 'cardTimes'}"
[11:18:00.206] [测试·raw] run_id=test-1775186270847-dittcc seq=1/3 mode=fire_interval interval_ms=3000 http=200 post_ok=True raw_message="{'times': 1, 'type': 'cardTimes'}"
[11:18:03.089] [测试·raw] run_id=test-1775186270847-dittcc seq=2/3 mode=fire_interval interval_ms=3000 http=200 post_ok=True raw_message='操作过快,请稍后重试。'
[11:18:06.126] [测试·raw] run_id=test-1775186270847-dittcc seq=3/3 mode=fire_interval interval_ms=3000 http=200 post_ok=True raw_message="{'times': 1, 'type': 'cardTimes'}"
[11:18:46.159] [测试·raw] run_id=test-1775186316699-h9rd5s seq=1/3 mode=wait_after_response interval_ms=4000 http=200 post_ok=True raw_message='[{"refundPercentage":100,"shopnum":"1001","canceltime":24,"cancleTimeType":1,"appointmenttime":6,"type":"1","ifApprove":"0","shortname":"ymq","id":2,"lastDayOpenTime":"12:00:00","timetype":0}]'
[11:18:50.138] [测试·raw] run_id=test-1775186316699-h9rd5s seq=2/3 mode=wait_after_response interval_ms=4000 http=200 post_ok=True raw_message="{'times': 1, 'type': 'cardTimes'}"
[11:18:55.245] [测试·raw] run_id=test-1775186316699-h9rd5s seq=3/3 mode=wait_after_response interval_ms=4000 http=200 post_ok=True raw_message="{'times': 1, 'type': 'cardTimes'}"
[11:23:17.166] [测试·raw] run_id=test-1775186588039-moi807 seq=1/7 mode=fire_interval interval_ms=4000 http=200 post_ok=True raw_message='{"continuousSize":"3","dayType":"nonVacations","maxsize":0,"placeArray":[{"projectInfo":[{"oldMoney":80.0,"money":80.0,"endtime":"11:00","starttime":"10:00","state":4},{"oldMoney":80.0,"money":80.0,"e'
[11:23:21.070] [测试·raw] run_id=test-1775186588039-moi807 seq=2/7 mode=fire_interval interval_ms=4000 http=200 post_ok=True raw_message='操作过快,请稍后重试。'
[11:23:25.173] [测试·raw] run_id=test-1775186588039-moi807 seq=3/7 mode=fire_interval interval_ms=4000 http=200 post_ok=True raw_message='{"continuousSize":"3","dayType":"nonVacations","maxsize":0,"placeArray":[{"projectInfo":[{"oldMoney":80.0,"money":80.0,"endtime":"11:00","starttime":"10:00","state":4},{"oldMoney":80.0,"money":80.0,"e'
[11:23:29.065] [测试·raw] run_id=test-1775186588039-moi807 seq=4/7 mode=fire_interval interval_ms=4000 http=200 post_ok=True raw_message='操作过快,请稍后重试。'
[11:23:33.153] [测试·raw] run_id=test-1775186588039-moi807 seq=5/7 mode=fire_interval interval_ms=4000 http=200 post_ok=True raw_message="{'times': 1, 'type': 'cardTimes'}"
[11:23:37.066] [测试·raw] run_id=test-1775186588039-moi807 seq=6/7 mode=fire_interval interval_ms=4000 http=200 post_ok=True raw_message='操作过快,请稍后重试。'
[11:23:42.130] [测试·raw] run_id=test-1775186588039-moi807 seq=7/7 mode=fire_interval interval_ms=4000 http=200 post_ok=True raw_message="{'times': 1, 'type': 'cardTimes'}"
[11:30:20.159] [测试·raw] run_id=test-1775187010502-vswhds seq=1/7 mode=wait_after_response interval_ms=4000 http=200 post_ok=True raw_message='{"continuousSize":"3","dayType":"nonVacations","maxsize":0,"placeArray":[{"projectInfo":[{"oldMoney":80.0,"money":80.0,"endtime":"11:00","starttime":"10:00","state":4},{"oldMoney":80.0,"money":80.0,"e'
[11:30:24.167] [测试·raw] run_id=test-1775187010502-vswhds seq=2/7 mode=wait_after_response interval_ms=4000 http=200 post_ok=True raw_message="{'times': 1, 'type': 'cardTimes'}"
[11:30:29.192] [测试·raw] run_id=test-1775187010502-vswhds seq=3/7 mode=wait_after_response interval_ms=4000 http=200 post_ok=True raw_message="{'times': 1, 'type': 'cardTimes'}"
[11:30:33.189] [测试·raw] run_id=test-1775187010502-vswhds seq=4/7 mode=wait_after_response interval_ms=4000 http=200 post_ok=True raw_message="{'times': 1, 'type': 'cardTimes'}"
[11:30:38.242] [测试·raw] run_id=test-1775187010502-vswhds seq=5/7 mode=wait_after_response interval_ms=4000 http=200 post_ok=True raw_message="{'times': 1, 'type': 'cardTimes'}"
[11:30:42.192] [测试·raw] run_id=test-1775187010502-vswhds seq=6/7 mode=wait_after_response interval_ms=4000 http=200 post_ok=True raw_message="{'times': 1, 'type': 'cardTimes'}"
[11:30:46.187] [测试·raw] run_id=test-1775187010502-vswhds seq=7/7 mode=wait_after_response interval_ms=4000 http=200 post_ok=True raw_message="{'times': 1, 'type': 'cardTimes'}"
[13:38:45.222] 🔇 [quiet-window] 进入 pre_quiet，owner=1774789889122，account_key=1001:90821bae3fb9，fire_at=13:39:00
[13:38:45.223] 🔇 [quiet-window] 进入 pre_quiet，owner=1775194615430，account_key=1001:2c279fe795b5，fire_at=13:39:00
[13:39:10.240] 🔫 [quiet-window] 进入 fire_window，owner=1774789889122，account_key=1001:90821bae3fb9
[13:39:10.243] tid=1774789889122| ⏰ [自动任务] 开始执行任务: 1774789889122 account=acc_1
[13:39:10.243] 🔫 [quiet-window] 进入 fire_window，owner=1775194615430，account_key=1001:2c279fe795b5
[13:39:10.250] tid=1775194615430| ⏰ [自动任务] 开始执行任务: 1775194615430 account=acc_2
[13:39:10.249] tid=1774789889122| 🕒 [时间对齐] server_offset=0.0s, base_run=2026-04-03 13:39:00, target_date=2026-04-06
[13:39:10.255] tid=1774789889122| ⏱️ [自动任务] account=acc_1 固定错峰 36ms
[13:39:10.255] tid=1775194615430| 🕒 [时间对齐] server_offset=0.0s, base_run=2026-04-03 13:39:00, target_date=2026-04-06
[13:39:10.258] tid=1775194615430| ⏱️ [自动任务] account=acc_2 固定错峰 65ms
[13:39:10.294] tid=1774789889122| 🚀 [终极递送器] 启动主组合递送: [{'place': '3', 'time': '13:00'}, {'place': '3', 'time': '14:00'}, {'place': '4', 'time': '13:00'}, {'place': '4', 'time': '14:00'}]
[13:39:10.295] tid=1774789889122| [极速订场] 开始 date=2026-04-06 单路递送+refill round_interval=0.25s refill_poll=0.35s min_post_interval=5.0s retry_jitter=180ms budget=360.0s
[13:39:10.338] tid=1775194615430| 🚀 [终极递送器] 启动主组合递送: [{'place': '3', 'time': '13:00'}, {'place': '3', 'time': '14:00'}, {'place': '4', 'time': '13:00'}, {'place': '4', 'time': '14:00'}]
[13:39:10.405] tid=1775194615430| [极速订场] 开始 date=2026-04-06 单路递送+refill round_interval=0.25s refill_poll=0.35s min_post_interval=5.0s retry_jitter=180ms budget=360.0s
[13:39:10.297] tid=1774789889122| [极速订场] 拉活成功，开始递送
[13:39:10.244] tid=1774789889122| [极速订场] 第一组由 matrix 算出 level=4000 items=[{'place': '16', 'time': '13:00'}, {'place': '17', 'time': '13:00'}, {'place': '16', 'time': '14:00'}, {'place': '17', 'time': '14:00'}]
[13:39:10.242] tid=1775194615430| [极速订场] 拉活成功，开始递送
[13:39:10.245] tid=1775194615430| [极速订场] 第一组由 matrix 算出 level=4000 items=[{'place': '16', 'time': '13:00'}, {'place': '17', 'time': '13:00'}, {'place': '16', 'time': '14:00'}, {'place': '17', 'time': '14:00'}]
[13:39:10.244] tid=1774789889122| [极速订场] 首单分批参数 effective_target_blocks=2 fieldinfo_max_records_per_post=3 first_group_matrix=True
[13:39:10.247] tid=1774789889122| [极速订场] 首单 group=primary (主组) items=[{'place': '16', 'time': '13:00'}, {'place': '16', 'time': '14:00'}, {'place': '17', 'time': '13:00'}, {'place': '17', 'time': '14:00'}]
[13:39:10.246] tid=1775194615430| [极速订场] 首单分批参数 effective_target_blocks=2 fieldinfo_max_records_per_post=2 first_group_matrix=True
[13:39:10.249] tid=1775194615430| [极速订场] 首单 group=primary (主组) items=[{'place': '16', 'time': '13:00'}, {'place': '16', 'time': '14:00'}, {'place': '17', 'time': '13:00'}, {'place': '17', 'time': '14:00'}]
[13:39:10.095] tid=1774789889122| [极速订场] 首单 第1次提交 action=stop_success items=[{'place': '16', 'time': '13:00'}, {'place': '16', 'time': '14:00'}, {'place': '17', 'time': '13:00'}, {'place': '17', 'time': '14:00'}]
[13:39:11.118] tid=1775194615430| [极速订场] 首单 第1次提交 action=switch_backup items=[{'place': '16', 'time': '13:00'}, {'place': '16', 'time': '14:00'}, {'place': '17', 'time': '13:00'}, {'place': '17', 'time': '14:00'}]
[13:39:11.118] tid=1775194615430| [极速订场] 首单#r2 同批软重试 2/6 group=primary (主组) items=[{'place': '16', 'time': '13:00'}, {'place': '16', 'time': '14:00'}, {'place': '17', 'time': '13:00'}, {'place': '17', 'time': '14:00'}]
[13:39:11.158] tid=1774789889122| [极速订场] refill 矩阵完成 fetch_n=1 wall=13:39:01.793 elapsed_ms=316
[13:39:11.159] tid=1774789889122| [极速订场] refill 缺口已归零，目标已满足，提前结束
[13:39:11.159] tid=1774789889122| [极速订场] 结束 status=success 总请求数=1 group=primary
[13:39:11.187] tid=1774789889122| 📊 [run-metric] task=1774789889122 matrix_attempts=1 submit_req=1 post_timeout=0 mx_fail=0 mx_timeout=0 phase_offset=36ms retry_jitter=180ms first_matrix=Nonems first_submit=38ms first_post=38ms first_success=1152ms p95=1114ms last_ev=''
[13:39:11.189] 🔄 [quiet-window] 进入 recovering，owner=1774789889122，account_key=1001:90821bae3fb9，reason=task-finally
[13:39:16.036] tid=1775194615430| [极速订场] 首单#r2 第2次提交 action=switch_backup items=[{'place': '16', 'time': '13:00'}, {'place': '16', 'time': '14:00'}, {'place': '17', 'time': '13:00'}, {'place': '17', 'time': '14:00'}]
[13:39:16.037] tid=1775194615430| [极速订场] 首单#r3 同批软重试 3/6 group=primary (主组) items=[{'place': '16', 'time': '13:00'}, {'place': '16', 'time': '14:00'}, {'place': '17', 'time': '13:00'}, {'place': '17', 'time': '14:00'}]
[13:39:20.075] 🔓 [quiet-window] 已释放 account_key=1001:90821bae3fb9，reason=recovering-finished
[13:39:21.031] tid=1775194615430| [极速订场] 首单#r3 第3次提交 action=switch_backup items=[{'place': '16', 'time': '13:00'}, {'place': '16', 'time': '14:00'}, {'place': '17', 'time': '13:00'}, {'place': '17', 'time': '14:00'}]
[13:39:21.031] tid=1775194615430| [极速订场] 首单#r4 同批软重试 4/6 group=primary (主组) items=[{'place': '16', 'time': '13:00'}, {'place': '16', 'time': '14:00'}, {'place': '17', 'time': '13:00'}, {'place': '17', 'time': '14:00'}]
[13:39:26.037] tid=1775194615430| [极速订场] 首单#r4 第4次提交 action=switch_backup items=[{'place': '16', 'time': '13:00'}, {'place': '16', 'time': '14:00'}, {'place': '17', 'time': '13:00'}, {'place': '17', 'time': '14:00'}]
[13:39:26.039] tid=1775194615430| [极速订场] 首单#r5 同批软重试 5/6 group=primary (主组) items=[{'place': '16', 'time': '13:00'}, {'place': '16', 'time': '14:00'}, {'place': '17', 'time': '13:00'}, {'place': '17', 'time': '14:00'}]
[13:39:31.059] tid=1775194615430| [极速订场] 首单#r5 第5次提交 action=switch_backup items=[{'place': '16', 'time': '13:00'}, {'place': '16', 'time': '14:00'}, {'place': '17', 'time': '13:00'}, {'place': '17', 'time': '14:00'}]
[13:39:31.060] tid=1775194615430| [极速订场] 首单#r6 同批软重试 6/6 group=primary (主组) items=[{'place': '16', 'time': '13:00'}, {'place': '16', 'time': '14:00'}, {'place': '17', 'time': '13:00'}, {'place': '17', 'time': '14:00'}]
[13:39:36.033] tid=1775194615430| [极速订场] 首单#r6 第6次提交 action=switch_backup items=[{'place': '16', 'time': '13:00'}, {'place': '16', 'time': '14:00'}, {'place': '17', 'time': '13:00'}, {'place': '17', 'time': '14:00'}]
[13:39:36.130] tid=1775194615430| [极速订场] refill 矩阵完成 fetch_n=1 wall=13:39:27.181 elapsed_ms=259
[13:39:36.132] tid=1775194615430| [组场引擎] policy=auto_campaign allow_scatter=True tier= used_need={}
[13:39:36.133] tid=1775194615430| [极速订场] refill 本轮无满足约束候选，缺口={'13:00': 2, '14:00': 2}，短等待后重拉
[13:39:37.099] tid=1775194615430| [极速订场] refill 矩阵完成 fetch_n=2 wall=13:39:27.732 elapsed_ms=197
[13:39:37.101] tid=1775194615430| [组场引擎] policy=auto_campaign allow_scatter=True tier= used_need={}
[13:39:37.102] tid=1775194615430| [极速订场] refill 本轮无满足约束候选，缺口={'13:00': 2, '14:00': 2}，短等待后重拉
[13:39:37.164] tid=1775194615430| [极速订场] refill 矩阵完成 fetch_n=3 wall=13:39:28.414 elapsed_ms=327
[13:39:37.166] tid=1775194615430| [组场引擎] policy=auto_campaign allow_scatter=True tier= used_need={}
[13:39:37.168] tid=1775194615430| [极速订场] refill 本轮无满足约束候选，缺口={'13:00': 2, '14:00': 2}，短等待后重拉
[13:39:38.149] tid=1775194615430| [极速订场] refill 矩阵完成 fetch_n=4 wall=13:39:29.068 elapsed_ms=298
[13:39:38.153] tid=1775194615430| [组场引擎] policy=auto_campaign allow_scatter=True tier= used_need={}
[13:39:38.154] tid=1775194615430| [极速订场] refill 本轮无满足约束候选，缺口={'13:00': 2, '14:00': 2}，短等待后重拉
[13:39:39.109] tid=1775194615430| [极速订场] refill 矩阵完成 fetch_n=5 wall=13:39:29.643 elapsed_ms=218
[13:39:39.111] tid=1775194615430| [组场引擎] policy=auto_campaign allow_scatter=True tier= used_need={}
[13:39:39.111] tid=1775194615430| [极速订场] refill 本轮无满足约束候选，缺口={'13:00': 2, '14:00': 2}，短等待后重拉
[13:39:39.157] tid=1775194615430| [极速订场] refill 矩阵完成 fetch_n=6 wall=13:39:30.308 elapsed_ms=312
[13:39:39.160] tid=1775194615430| [组场引擎] policy=auto_campaign allow_scatter=True tier= used_need={}
[13:39:39.161] tid=1775194615430| [极速订场] refill 本轮无满足约束候选，缺口={'13:00': 2, '14:00': 2}，短等待后重拉
[13:39:40.154] tid=1775194615430| [极速订场] refill 矩阵完成 fetch_n=7 wall=13:39:30.972 elapsed_ms=307
[13:39:40.156] tid=1775194615430| [组场引擎] policy=auto_campaign allow_scatter=True tier= used_need={}
[13:39:40.157] tid=1775194615430| [极速订场] refill 本轮无满足约束候选，缺口={'13:00': 2, '14:00': 2}，短等待后重拉
[13:39:41.131] tid=1775194615430| [极速订场] refill 矩阵完成 fetch_n=8 wall=13:39:31.588 elapsed_ms=261
[13:39:41.133] tid=1775194615430| [组场引擎] policy=auto_campaign allow_scatter=True tier= used_need={}
[13:39:41.134] tid=1775194615430| [极速订场] refill 本轮无满足约束候选，缺口={'13:00': 2, '14:00': 2}，短等待后重拉
[13:39:41.135] tid=1775194615430| [极速订场] refill 矩阵完成 fetch_n=9 wall=13:39:32.213 elapsed_ms=269
[13:39:41.136] tid=1775194615430| [组场引擎] policy=auto_campaign allow_scatter=True tier= used_need={}
[13:39:41.136] tid=1775194615430| [极速订场] refill 本轮无满足约束候选，缺口={'13:00': 2, '14:00': 2}，短等待后重拉
[13:39:42.179] tid=1775194615430| [极速订场] refill 矩阵完成 fetch_n=10 wall=13:39:32.922 elapsed_ms=356
[13:39:42.182] tid=1775194615430| [组场引擎] policy=auto_campaign allow_scatter=True tier= used_need={}
[13:39:42.183] tid=1775194615430| [极速订场] refill 连续 10 次无满足约束候选，已达阈值 10，早停 缺口={'13:00': 2, '14:00': 2}
[13:39:42.244] tid=1775194615430| 📊 [run-metric] task=1775194615430 matrix_attempts=1 submit_req=6 post_timeout=0 mx_fail=0 mx_timeout=0 phase_offset=65ms retry_jitter=180ms first_matrix=Nonems first_submit=79ms first_post=79ms first_success=Nonems p95=32204ms last_ev='预定失败,请返回重新选择日期'
[13:39:42.249] 🔄 [quiet-window] 进入 recovering，owner=1775194615430，account_key=1001:2c279fe795b5，reason=task-finally
[13:39:50.921] 🔓 [quiet-window] 已释放 account_key=1001:2c279fe795b5，reason=recovering-finished
[13:41:27.967] 🔇 [quiet-window] 进入 pre_quiet，owner=1775194615430，account_key=1001:2c279fe795b5，fire_at=13:41:40
[13:41:36.974] 🔇 [quiet-window] 进入 pre_quiet，owner=1774789889122，account_key=1001:90821bae3fb9，fire_at=13:41:40
[13:41:49.986] 🔫 [quiet-window] 进入 fire_window，owner=1774789889122，account_key=1001:90821bae3fb9
[13:41:49.987] tid=1774789889122| ⏰ [自动任务] 开始执行任务: 1774789889122 account=acc_1
[13:41:49.987] 🔫 [quiet-window] 进入 fire_window，owner=1775194615430，account_key=1001:2c279fe795b5
[13:41:49.990] tid=1775194615430| ⏰ [自动任务] 开始执行任务: 1775194615430 account=acc_2
[13:41:49.990] tid=1774789889122| 🕒 [时间对齐] server_offset=0.0s, base_run=2026-04-03 13:41:40, target_date=2026-04-06
[13:41:49.994] tid=1774789889122| ⏱️ [自动任务] account=acc_1 固定错峰 36ms
[13:41:49.993] tid=1775194615430| 🕒 [时间对齐] server_offset=0.0s, base_run=2026-04-03 13:41:40, target_date=2026-04-06
[13:41:49.995] tid=1775194615430| ⏱️ [自动任务] account=acc_2 固定错峰 65ms
[13:41:50.031] tid=1774789889122| 🚀 [终极递送器] 启动主组合递送: [{'place': '3', 'time': '13:00'}, {'place': '3', 'time': '14:00'}, {'place': '4', 'time': '13:00'}, {'place': '4', 'time': '14:00'}]
[13:41:50.032] tid=1774789889122| [极速订场] 开始 date=2026-04-06 单路递送+refill round_interval=0.25s refill_poll=0.35s min_post_interval=5.0s retry_jitter=180ms budget=360.0s
[13:41:50.085] tid=1775194615430| 🚀 [终极递送器] 启动主组合递送: [{'place': '3', 'time': '13:00'}, {'place': '3', 'time': '14:00'}, {'place': '4', 'time': '13:00'}, {'place': '4', 'time': '14:00'}]
[13:41:50.120] tid=1775194615430| [极速订场] 开始 date=2026-04-06 单路递送+refill round_interval=0.25s refill_poll=0.35s min_post_interval=5.0s retry_jitter=180ms budget=360.0s
[13:41:50.291] tid=1774789889122| [极速订场] 拉活成功，开始递送
[13:41:50.248] tid=1774789889122| [极速订场] 第一组由 matrix 算出 level=4000 items=[{'place': '16', 'time': '13:00'}, {'place': '17', 'time': '13:00'}, {'place': '16', 'time': '14:00'}, {'place': '17', 'time': '14:00'}]
[13:41:50.247] tid=1775194615430| [极速订场] 拉活成功，开始递送
[13:41:50.250] tid=1775194615430| [极速订场] 第一组由 matrix 算出 level=4000 items=[{'place': '16', 'time': '13:00'}, {'place': '17', 'time': '13:00'}, {'place': '16', 'time': '14:00'}, {'place': '17', 'time': '14:00'}]
[13:41:50.249] tid=1774789889122| [极速订场] 首单分批参数 effective_target_blocks=2 fieldinfo_max_records_per_post=3 first_group_matrix=True
[13:41:50.251] tid=1774789889122| [极速订场] 首单 group=primary (主组) items=[{'place': '16', 'time': '13:00'}, {'place': '16', 'time': '14:00'}, {'place': '17', 'time': '13:00'}, {'place': '17', 'time': '14:00'}]
[13:41:50.250] tid=1775194615430| [极速订场] 首单分批参数 effective_target_blocks=2 fieldinfo_max_records_per_post=2 first_group_matrix=True
[13:41:50.254] tid=1775194615430| [极速订场] 首单 group=primary (主组) items=[{'place': '16', 'time': '13:00'}, {'place': '16', 'time': '14:00'}, {'place': '17', 'time': '13:00'}, {'place': '17', 'time': '14:00'}]
[13:41:51.182] tid=1774789889122| [极速订场] 首单 第1次提交 action=stop_success items=[{'place': '16', 'time': '13:00'}, {'place': '16', 'time': '14:00'}, {'place': '17', 'time': '13:00'}, {'place': '17', 'time': '14:00'}]
[13:41:51.181] tid=1775194615430| [极速订场] 首单 第1次提交 action=switch_backup items=[{'place': '16', 'time': '13:00'}, {'place': '16', 'time': '14:00'}, {'place': '17', 'time': '13:00'}, {'place': '17', 'time': '14:00'}]
[13:41:51.182] tid=1775194615430| [极速订场] 首单#r2 同批软重试 2/6 group=primary (主组) items=[{'place': '16', 'time': '13:00'}, {'place': '16', 'time': '14:00'}, {'place': '17', 'time': '13:00'}, {'place': '17', 'time': '14:00'}]
[13:41:51.158] tid=1774789889122| [极速订场] refill 矩阵完成 fetch_n=1 wall=13:41:42.047 elapsed_ms=314
[13:41:51.161] tid=1774789889122| [极速订场] refill 缺口已归零，目标已满足，提前结束
[13:41:51.163] tid=1774789889122| [极速订场] 结束 status=success 总请求数=1 group=primary
[13:41:51.243] tid=1774789889122| 📊 [run-metric] task=1774789889122 matrix_attempts=1 submit_req=1 post_timeout=0 mx_fail=0 mx_timeout=0 phase_offset=36ms retry_jitter=180ms first_matrix=Nonems first_submit=37ms first_post=37ms first_success=1314ms p95=1276ms last_ev=''
[13:41:51.245] 🔄 [quiet-window] 进入 recovering，owner=1774789889122，account_key=1001:90821bae3fb9，reason=task-finally
[13:41:56.030] tid=1775194615430| [极速订场] 首单#r2 第2次提交 action=switch_backup items=[{'place': '16', 'time': '13:00'}, {'place': '16', 'time': '14:00'}, {'place': '17', 'time': '13:00'}, {'place': '17', 'time': '14:00'}]
[13:41:56.030] tid=1775194615430| [极速订场] 首单#r3 同批软重试 3/6 group=primary (主组) items=[{'place': '16', 'time': '13:00'}, {'place': '16', 'time': '14:00'}, {'place': '17', 'time': '13:00'}, {'place': '17', 'time': '14:00'}]
[13:41:59.972] 🔓 [quiet-window] 已释放 account_key=1001:90821bae3fb9，reason=recovering-finished
[13:42:01.041] tid=1775194615430| [极速订场] 首单#r3 第3次提交 action=switch_backup items=[{'place': '16', 'time': '13:00'}, {'place': '16', 'time': '14:00'}, {'place': '17', 'time': '13:00'}, {'place': '17', 'time': '14:00'}]
[13:42:01.041] tid=1775194615430| [极速订场] 首单#r4 同批软重试 4/6 group=primary (主组) items=[{'place': '16', 'time': '13:00'}, {'place': '16', 'time': '14:00'}, {'place': '17', 'time': '13:00'}, {'place': '17', 'time': '14:00'}]
[13:42:06.063] tid=1775194615430| [极速订场] 首单#r4 第4次提交 action=switch_backup items=[{'place': '16', 'time': '13:00'}, {'place': '16', 'time': '14:00'}, {'place': '17', 'time': '13:00'}, {'place': '17', 'time': '14:00'}]
[13:42:06.064] tid=1775194615430| [极速订场] 首单#r5 同批软重试 5/6 group=primary (主组) items=[{'place': '16', 'time': '13:00'}, {'place': '16', 'time': '14:00'}, {'place': '17', 'time': '13:00'}, {'place': '17', 'time': '14:00'}]
[13:42:11.059] tid=1775194615430| [极速订场] 首单#r5 第5次提交 action=switch_backup items=[{'place': '16', 'time': '13:00'}, {'place': '16', 'time': '14:00'}, {'place': '17', 'time': '13:00'}, {'place': '17', 'time': '14:00'}]
[13:42:11.059] tid=1775194615430| [极速订场] 首单#r6 同批软重试 6/6 group=primary (主组) items=[{'place': '16', 'time': '13:00'}, {'place': '16', 'time': '14:00'}, {'place': '17', 'time': '13:00'}, {'place': '17', 'time': '14:00'}]
[13:42:16.031] tid=1775194615430| [极速订场] 首单#r6 第6次提交 action=switch_backup items=[{'place': '16', 'time': '13:00'}, {'place': '16', 'time': '14:00'}, {'place': '17', 'time': '13:00'}, {'place': '17', 'time': '14:00'}]
[13:42:16.135] tid=1775194615430| [极速订场] refill 矩阵完成 fetch_n=1 wall=13:42:07.454 elapsed_ms=268
[13:42:16.136] tid=1775194615430| [组场引擎] policy=auto_campaign allow_scatter=True tier= used_need={}
[13:42:16.138] tid=1775194615430| [极速订场] refill 本轮无满足约束候选，缺口={'13:00': 2, '14:00': 2}，短等待后重拉
[13:42:17.129] tid=1775194615430| [极速订场] refill 矩阵完成 fetch_n=2 wall=13:42:08.068 elapsed_ms=258
[13:42:17.131] tid=1775194615430| [组场引擎] policy=auto_campaign allow_scatter=True tier= used_need={}
[13:42:17.131] tid=1775194615430| [极速订场] refill 本轮无满足约束候选，缺口={'13:00': 2, '14:00': 2}，短等待后重拉
[13:42:18.196] tid=1775194615430| [极速订场] refill 矩阵完成 fetch_n=3 wall=13:42:08.811 elapsed_ms=390
[13:42:18.198] tid=1775194615430| [组场引擎] policy=auto_campaign allow_scatter=True tier= used_need={}
[13:42:18.199] tid=1775194615430| [极速订场] refill 本轮无满足约束候选，缺口={'13:00': 2, '14:00': 2}，短等待后重拉
[13:42:18.116] tid=1775194615430| [极速订场] refill 矩阵完成 fetch_n=4 wall=13:42:09.400 elapsed_ms=233
[13:42:18.117] tid=1775194615430| [组场引擎] policy=auto_campaign allow_scatter=True tier= used_need={}
[13:42:18.118] tid=1775194615430| [极速订场] refill 本轮无满足约束候选，缺口={'13:00': 2, '14:00': 2}，短等待后重拉
[13:42:19.131] tid=1775194615430| [极速订场] refill 矩阵完成 fetch_n=5 wall=13:42:10.014 elapsed_ms=261
[13:42:19.132] tid=1775194615430| [组场引擎] policy=auto_campaign allow_scatter=True tier= used_need={}
[13:42:19.133] tid=1775194615430| [极速订场] refill 本轮无满足约束候选，缺口={'13:00': 2, '14:00': 2}，短等待后重拉
[13:42:20.194] tid=1775194615430| [极速订场] refill 矩阵完成 fetch_n=6 wall=13:42:10.754 elapsed_ms=386
[13:42:20.197] tid=1775194615430| [组场引擎] policy=auto_campaign allow_scatter=True tier= used_need={}
[13:42:20.198] tid=1775194615430| [极速订场] refill 本轮无满足约束候选，缺口={'13:00': 2, '14:00': 2}，短等待后重拉
[13:42:20.118] tid=1775194615430| [极速订场] refill 矩阵完成 fetch_n=7 wall=13:42:11.346 elapsed_ms=235
[13:42:20.120] tid=1775194615430| [组场引擎] policy=auto_campaign allow_scatter=True tier= used_need={}
[13:42:20.122] tid=1775194615430| [极速订场] refill 本轮无满足约束候选，缺口={'13:00': 2, '14:00': 2}，短等待后重拉
[13:42:21.129] tid=1775194615430| [极速订场] refill 矩阵完成 fetch_n=8 wall=13:42:11.960 elapsed_ms=258
[13:42:21.130] tid=1775194615430| [组场引擎] policy=auto_campaign allow_scatter=True tier= used_need={}
[13:42:21.131] tid=1775194615430| [极速订场] refill 本轮无满足约束候选，缺口={'13:00': 2, '14:00': 2}，短等待后重拉
[13:42:22.193] tid=1775194615430| [极速订场] refill 矩阵完成 fetch_n=9 wall=13:42:12.699 elapsed_ms=386
[13:42:22.195] tid=1775194615430| [组场引擎] policy=auto_campaign allow_scatter=True tier= used_need={}
[13:42:22.196] tid=1775194615430| [极速订场] refill 本轮无满足约束候选，缺口={'13:00': 2, '14:00': 2}，短等待后重拉
[13:42:22.118] tid=1775194615430| [极速订场] refill 矩阵完成 fetch_n=10 wall=13:42:13.290 elapsed_ms=235
[13:42:22.119] tid=1775194615430| [组场引擎] policy=auto_campaign allow_scatter=True tier= used_need={}
[13:42:22.119] tid=1775194615430| [极速订场] refill 连续 10 次无满足约束候选，已达阈值 10，早停 缺口={'13:00': 2, '14:00': 2}
[13:42:22.170] tid=1775194615430| 📊 [run-metric] task=1775194615430 matrix_attempts=1 submit_req=6 post_timeout=0 mx_fail=0 mx_timeout=0 phase_offset=65ms retry_jitter=180ms first_matrix=Nonems first_submit=89ms first_post=89ms first_success=Nonems p95=32460ms last_ev='预定失败,请返回重新选择日期'
[13:42:22.174] 🔄 [quiet-window] 进入 recovering，owner=1775194615430，account_key=1001:2c279fe795b5，reason=task-finally
[13:42:30.605] 🔓 [quiet-window] 已释放 account_key=1001:2c279fe795b5，reason=recovering-finished
[13:43:24.631] 🔇 [quiet-window] 进入 pre_quiet，owner=1774789889122，account_key=1001:90821bae3fb9，fire_at=13:43:40
[13:43:24.632] 🔇 [quiet-window] 进入 pre_quiet，owner=1775194615430，account_key=1001:2c279fe795b5，fire_at=13:43:40
[13:43:49.648] 🔫 [quiet-window] 进入 fire_window，owner=1774789889122，account_key=1001:90821bae3fb9
[13:43:49.651] tid=1774789889122| ⏰ [自动任务] 开始执行任务: 1774789889122 account=acc_1
[13:43:49.652] 🔫 [quiet-window] 进入 fire_window，owner=1775194615430，account_key=1001:2c279fe795b5
[13:43:49.659] tid=1775194615430| ⏰ [自动任务] 开始执行任务: 1775194615430 account=acc_2
[13:43:49.658] tid=1774789889122| 🕒 [时间对齐] server_offset=0.0s, base_run=2026-04-03 13:43:40, target_date=2026-04-06
[13:43:49.666] tid=1774789889122| ⏱️ [自动任务] account=acc_1 固定错峰 36ms
[13:43:49.665] tid=1775194615430| 🕒 [时间对齐] server_offset=0.0s, base_run=2026-04-03 13:43:40, target_date=2026-04-06
[13:43:49.669] tid=1775194615430| ⏱️ [自动任务] account=acc_2 固定错峰 65ms
[13:43:49.704] tid=1774789889122| 🚀 [终极递送器] 启动主组合递送: [{'place': '3', 'time': '13:00'}, {'place': '3', 'time': '14:00'}, {'place': '4', 'time': '13:00'}, {'place': '4', 'time': '14:00'}]
[13:43:49.707] tid=1774789889122| [极速订场] 开始 date=2026-04-06 单路递送+refill round_interval=0.25s refill_poll=0.35s min_post_interval=5.0s retry_jitter=180ms budget=360.0s
[13:43:49.745] tid=1775194615430| 🚀 [终极递送器] 启动主组合递送: [{'place': '3', 'time': '16:00'}, {'place': '3', 'time': '17:00'}, {'place': '4', 'time': '16:00'}, {'place': '4', 'time': '17:00'}]
[13:43:49.835] tid=1775194615430| [极速订场] 开始 date=2026-04-06 单路递送+refill round_interval=0.25s refill_poll=0.35s min_post_interval=5.0s retry_jitter=180ms budget=360.0s
[13:43:51.338] tid=1774789889122| [极速订场] 拉活成功，开始递送
[13:43:51.275] tid=1775194615430| [极速订场] 拉活成功，开始递送
[13:43:51.277] tid=1774789889122| [极速订场] 第一组由 matrix 算出 level=4000 items=[{'place': '16', 'time': '13:00'}, {'place': '17', 'time': '13:00'}, {'place': '16', 'time': '14:00'}, {'place': '17', 'time': '14:00'}]
[13:43:51.280] tid=1774789889122| [极速订场] 首单分批参数 effective_target_blocks=2 fieldinfo_max_records_per_post=3 first_group_matrix=True
[13:43:51.279] tid=1775194615430| [极速订场] 第一组由 matrix 算出 level=4000 items=[{'place': '15', 'time': '16:00'}, {'place': '16', 'time': '16:00'}, {'place': '15', 'time': '17:00'}, {'place': '16', 'time': '17:00'}]
[13:43:51.282] tid=1775194615430| [极速订场] 首单分批参数 effective_target_blocks=2 fieldinfo_max_records_per_post=2 first_group_matrix=True
[13:43:51.281] tid=1774789889122| [极速订场] 首单 group=primary (主组) items=[{'place': '16', 'time': '13:00'}, {'place': '16', 'time': '14:00'}, {'place': '17', 'time': '13:00'}, {'place': '17', 'time': '14:00'}]
[13:43:51.283] tid=1775194615430| [极速订场] 首单 group=primary (主组) items=[{'place': '15', 'time': '16:00'}, {'place': '15', 'time': '17:00'}, {'place': '16', 'time': '16:00'}, {'place': '16', 'time': '17:00'}]
[13:43:51.097] tid=1775194615430| [极速订场] 首单 第1次提交 action=stop_success items=[{'place': '15', 'time': '16:00'}, {'place': '15', 'time': '17:00'}, {'place': '16', 'time': '16:00'}, {'place': '16', 'time': '17:00'}]
[13:43:51.197] tid=1774789889122| [极速订场] 首单 第1次提交 action=stop_success items=[{'place': '16', 'time': '13:00'}, {'place': '16', 'time': '14:00'}, {'place': '17', 'time': '13:00'}, {'place': '17', 'time': '14:00'}]
[13:43:51.205] tid=1775194615430| [极速订场] refill 矩阵完成 fetch_n=1 wall=13:43:42.175 elapsed_ms=409
[13:43:51.207] tid=1775194615430| [极速订场] refill 缺口已归零，目标已满足，提前结束
[13:43:51.209] tid=1775194615430| [极速订场] 结束 status=success 总请求数=1 group=primary
[13:43:51.272] tid=1775194615430| 📊 [run-metric] task=1775194615430 matrix_attempts=1 submit_req=1 post_timeout=0 mx_fail=0 mx_timeout=0 phase_offset=65ms retry_jitter=180ms first_matrix=Nonems first_submit=76ms first_post=76ms first_success=1340ms p95=1263ms last_ev=''
[13:43:51.274] 🔄 [quiet-window] 进入 recovering，owner=1775194615430，account_key=1001:2c279fe795b5，reason=task-finally
[13:43:51.204] tid=1774789889122| [极速订场] refill 矩阵完成 fetch_n=1 wall=13:43:42.373 elapsed_ms=408
[13:43:51.205] tid=1774789889122| [极速订场] refill 缺口已归零，目标已满足，提前结束
[13:43:51.206] tid=1774789889122| [极速订场] 结束 status=success 总请求数=1 group=primary
[13:43:51.247] tid=1774789889122| 📊 [run-metric] task=1774789889122 matrix_attempts=1 submit_req=1 post_timeout=0 mx_fail=0 mx_timeout=0 phase_offset=36ms retry_jitter=180ms first_matrix=Nonems first_submit=38ms first_post=38ms first_success=1537ms p95=1499ms last_ev=''
[13:43:51.251] 🔄 [quiet-window] 进入 recovering，owner=1774789889122，account_key=1001:90821bae3fb9，reason=task-finally
[13:43:59.659] 🔓 [quiet-window] 已释放 account_key=1001:90821bae3fb9，reason=recovering-finished
[13:43:59.662] 🔓 [quiet-window] 已释放 account_key=1001:2c279fe795b5，reason=recovering-finished
[16:05:48.889] tid=1774749758128| 🧩 [refill#1774749758128|auto|acc_2] 开始执行: date=2026-04-07, target_count=2, times=['20:00', '21:00'], places=14
[16:05:49.283] tid=1774749758128| [组场引擎] policy=independent_refill allow_scatter=True tier= used_need={}
[16:05:49.285] tid=1774749758128| 🙈 [refill#1774749758128|auto|acc_2] 当前无可补订组合，缺口: {'20:00': 2, '21:00': 2}
[16:06:51.335] tid=1774749758128| 🧩 [refill#1774749758128|auto|acc_2] 开始执行: date=2026-04-07, target_count=2, times=['20:00', '21:00'], places=14
[16:06:52.319] tid=1774749758128| [组场引擎] policy=independent_refill allow_scatter=True tier= used_need={}
[16:06:52.320] tid=1774749758128| 🙈 [refill#1774749758128|auto|acc_2] 当前无可补订组合，缺口: {'20:00': 2, '21:00': 2}
[16:07:52.822] tid=1774749758128| 🧩 [refill#1774749758128|auto|acc_2] 开始执行: date=2026-04-07, target_count=2, times=['20:00', '21:00'], places=14
[16:07:53.192] tid=1774749758128| [组场引擎] policy=independent_refill allow_scatter=True tier= used_need={}
[16:07:53.193] tid=1774749758128| 🙈 [refill#1774749758128|auto|acc_2] 当前无可补订组合，缺口: {'20:00': 2, '21:00': 2}
[16:08:26.066] [极速订场] 开始 date=2026-04-06 单路递送+refill round_interval=0.25s refill_poll=0.35s min_post_interval=5.0s retry_jitter=180ms budget=360.0s
[16:08:26.067] [极速订场] skip_warmup=True：从分批阶段进入，不跑内部拉活循环（假定页面已拉过矩阵；若提示操作过快请刷新场地矩阵后再试）
[16:08:26.068] [极速订场] 首单分批参数 effective_target_blocks=2 fieldinfo_max_records_per_post=3 first_group_matrix=False
[16:08:26.069] [极速订场] 首单 group=primary (主组合) items=[{'place': '16', 'time': '12:00'}, {'place': '17', 'time': '12:00'}]
[16:08:27.224] [极速订场] 首单 第1次提交 action=stop_success items=[{'place': '16', 'time': '12:00'}, {'place': '17', 'time': '12:00'}]
[16:08:27.156] [极速订场] refill 矩阵完成 fetch_n=1 wall=16:08:17.907 elapsed_ms=309
[16:08:27.157] [极速订场] refill 缺口已归零，目标已满足，提前结束
[16:08:27.159] [极速订场] 结束 status=success 总请求数=1 group=primary
[16:08:54.931] tid=1774749758128| 🧩 [refill#1774749758128|auto|acc_2] 开始执行: date=2026-04-07, target_count=2, times=['20:00', '21:00'], places=14
[16:08:55.210] tid=1774749758128| [组场引擎] policy=independent_refill allow_scatter=True tier= used_need={}
[16:08:55.211] tid=1774749758128| 🙈 [refill#1774749758128|auto|acc_2] 当前无可补订组合，缺口: {'20:00': 2, '21:00': 2}
[16:09:55.307] tid=1774749758128| 🧩 [refill#1774749758128|auto|acc_2] 开始执行: date=2026-04-07, target_count=2, times=['20:00', '21:00'], places=14
[16:09:55.233] tid=1774749758128| [组场引擎] policy=independent_refill allow_scatter=True tier= used_need={}
[16:09:55.235] tid=1774749758128| 🙈 [refill#1774749758128|auto|acc_2] 当前无可补订组合，缺口: {'20:00': 2, '21:00': 2}
[16:10:56.288] tid=1774749758128| 🧩 [refill#1774749758128|auto|acc_2] 开始执行: date=2026-04-07, target_count=2, times=['20:00', '21:00'], places=14
[16:10:57.177] tid=1774749758128| [组场引擎] policy=independent_refill allow_scatter=True tier= used_need={}
[16:10:57.179] tid=1774749758128| 🙈 [refill#1774749758128|auto|acc_2] 当前无可补订组合，缺口: {'20:00': 2, '21:00': 2}
[16:11:59.233] tid=1774749758128| 🧩 [refill#1774749758128|auto|acc_2] 开始执行: date=2026-04-07, target_count=2, times=['20:00', '21:00'], places=14
[16:11:59.152] tid=1774749758128| [组场引擎] policy=independent_refill allow_scatter=True tier= used_need={}
[16:11:59.153] tid=1774749758128| 🙈 [refill#1774749758128|auto|acc_2] 当前无可补订组合，缺口: {'20:00': 2, '21:00': 2}
[16:13:00.202] tid=1774749758128| 🧩 [refill#1774749758128|auto|acc_2] 开始执行: date=2026-04-07, target_count=2, times=['20:00', '21:00'], places=14
[16:13:00.201] tid=1774749758128| [组场引擎] policy=independent_refill allow_scatter=True tier= used_need={}
[16:13:00.203] tid=1774749758128| 🙈 [refill#1774749758128|auto|acc_2] 当前无可补订组合，缺口: {'20:00': 2, '21:00': 2}
[16:14:02.251] tid=1774749758128| 🧩 [refill#1774749758128|auto|acc_2] 开始执行: date=2026-04-07, target_count=2, times=['20:00', '21:00'], places=14
[16:14:03.263] tid=1774749758128| [组场引擎] policy=independent_refill allow_scatter=True tier= used_need={}
[16:14:03.264] tid=1774749758128| 🙈 [refill#1774749758128|auto|acc_2] 当前无可补订组合，缺口: {'20:00': 2, '21:00': 2}
[16:15:04.338] tid=1774749758128| 🧩 [refill#1774749758128|auto|acc_2] 开始执行: date=2026-04-07, target_count=2, times=['20:00', '21:00'], places=14
[16:15:04.177] tid=1774749758128| [组场引擎] policy=independent_refill allow_scatter=True tier= used_need={}
[16:15:04.177] tid=1774749758128| 🙈 [refill#1774749758128|auto|acc_2] 当前无可补订组合，缺口: {'20:00': 2, '21:00': 2}
[16:16:05.226] tid=1774749758128| 🧩 [refill#1774749758128|auto|acc_2] 开始执行: date=2026-04-07, target_count=2, times=['20:00', '21:00'], places=14
[16:16:06.194] tid=1774749758128| [组场引擎] policy=independent_refill allow_scatter=True tier= used_need={}
[16:16:06.196] tid=1774749758128| 🙈 [refill#1774749758128|auto|acc_2] 当前无可补订组合，缺口: {'20:00': 2, '21:00': 2}
[16:17:07.259] tid=1774749758128| 🧩 [refill#1774749758128|auto|acc_2] 开始执行: date=2026-04-07, target_count=2, times=['20:00', '21:00'], places=14
[16:17:07.253] tid=1774749758128| [组场引擎] policy=independent_refill allow_scatter=True tier= used_need={}
[16:17:07.254] tid=1774749758128| 🙈 [refill#1774749758128|auto|acc_2] 当前无可补订组合，缺口: {'20:00': 2, '21:00': 2}
[16:18:08.322] tid=1774749758128| 🧩 [refill#1774749758128|auto|acc_2] 开始执行: date=2026-04-07, target_count=2, times=['20:00', '21:00'], places=14
[16:18:09.178] tid=1774749758128| [组场引擎] policy=independent_refill allow_scatter=True tier= used_need={}
[16:18:09.180] tid=1774749758128| 🙈 [refill#1774749758128|auto|acc_2] 当前无可补订组合，缺口: {'20:00': 2, '21:00': 2}
[16:19:10.237] tid=1774749758128| 🧩 [refill#1774749758128|auto|acc_2] 开始执行: date=2026-04-07, target_count=2, times=['20:00', '21:00'], places=14
[16:19:10.193] tid=1774749758128| [组场引擎] policy=independent_refill allow_scatter=True tier= used_need={}
[16:19:10.194] tid=1774749758128| 🙈 [refill#1774749758128|auto|acc_2] 当前无可补订组合，缺口: {'20:00': 2, '21:00': 2}
[16:20:11.250] tid=1774749758128| 🧩 [refill#1774749758128|auto|acc_2] 开始执行: date=2026-04-07, target_count=2, times=['20:00', '21:00'], places=14
[16:20:12.285] tid=1774749758128| [组场引擎] policy=independent_refill allow_scatter=True tier= used_need={}
[16:20:12.286] tid=1774749758128| 🙈 [refill#1774749758128|auto|acc_2] 当前无可补订组合，缺口: {'20:00': 2, '21:00': 2}
[16:21:13.329] tid=1774749758128| 🧩 [refill#1774749758128|auto|acc_2] 开始执行: date=2026-04-07, target_count=2, times=['20:00', '21:00'], places=14
[16:21:13.250] tid=1774749758128| [组场引擎] policy=independent_refill allow_scatter=True tier= used_need={}
[16:21:13.252] tid=1774749758128| 🙈 [refill#1774749758128|auto|acc_2] 当前无可补订组合，缺口: {'20:00': 2, '21:00': 2}
[16:22:14.294] tid=1774749758128| 🧩 [refill#1774749758128|auto|acc_2] 开始执行: date=2026-04-07, target_count=2, times=['20:00', '21:00'], places=14
[16:22:15.155] tid=1774749758128| [组场引擎] policy=independent_refill allow_scatter=True tier= used_need={}
[16:22:15.157] tid=1774749758128| 🙈 [refill#1774749758128|auto|acc_2] 当前无可补订组合，缺口: {'20:00': 2, '21:00': 2}
[16:23:17.207] tid=1774749758128| 🧩 [refill#1774749758128|auto|acc_2] 开始执行: date=2026-04-07, target_count=2, times=['20:00', '21:00'], places=14
[16:23:17.201] tid=1774749758128| [组场引擎] policy=independent_refill allow_scatter=True tier= used_need={}
[16:23:17.202] tid=1774749758128| 🙈 [refill#1774749758128|auto|acc_2] 当前无可补订组合，缺口: {'20:00': 2, '21:00': 2}
[16:24:18.251] tid=1774749758128| 🧩 [refill#1774749758128|auto|acc_2] 开始执行: date=2026-04-07, target_count=2, times=['20:00', '21:00'], places=14
[16:24:19.153] tid=1774749758128| [组场引擎] policy=independent_refill allow_scatter=True tier= used_need={}
[16:24:19.159] tid=1774749758128| 🙈 [refill#1774749758128|auto|acc_2] 当前无可补订组合，缺口: {'20:00': 2, '21:00': 2}
[16:25:21.209] tid=1774749758128| 🧩 [refill#1774749758128|auto|acc_2] 开始执行: date=2026-04-07, target_count=2, times=['20:00', '21:00'], places=14
[16:25:21.168] tid=1774749758128| [组场引擎] policy=independent_refill allow_scatter=True tier= used_need={}
[16:25:21.170] tid=1774749758128| 🙈 [refill#1774749758128|auto|acc_2] 当前无可补订组合，缺口: {'20:00': 2, '21:00': 2}
[16:26:22.224] tid=1774749758128| 🧩 [refill#1774749758128|auto|acc_2] 开始执行: date=2026-04-07, target_count=2, times=['20:00', '21:00'], places=14
[16:26:22.179] tid=1774749758128| [组场引擎] policy=independent_refill allow_scatter=True tier= used_need={}
[16:26:22.181] tid=1774749758128| 🙈 [refill#1774749758128|auto|acc_2] 当前无可补订组合，缺口: {'20:00': 2, '21:00': 2}
[16:27:24.228] tid=1774749758128| 🧩 [refill#1774749758128|auto|acc_2] 开始执行: date=2026-04-07, target_count=2, times=['20:00', '21:00'], places=14
[16:27:25.221] tid=1774749758128| [组场引擎] policy=independent_refill allow_scatter=True tier= used_need={}
[16:27:25.224] tid=1774749758128| 🙈 [refill#1774749758128|auto|acc_2] 当前无可补订组合，缺口: {'20:00': 2, '21:00': 2}
[16:28:19.483] tid=1774749758128| 🧩 [refill#1774749758128|auto|acc_2] 开始执行: date=2026-04-07, target_count=2, times=['20:00', '21:00'], places=14
[16:28:29.206] tid=1774749758128| [组场引擎] policy=independent_refill allow_scatter=True tier= used_need={}
[16:28:29.209] tid=1774749758128| 🙈 [refill#1774749758128|auto|acc_2] 当前无可补订组合，缺口: {'20:00': 2, '21:00': 2}
[16:29:30.257] tid=1774749758128| 🧩 [refill#1774749758128|auto|acc_2] 开始执行: date=2026-04-07, target_count=2, times=['20:00', '21:00'], places=14
[16:29:30.192] tid=1774749758128| [组场引擎] policy=independent_refill allow_scatter=True tier= used_need={}
[16:29:30.195] tid=1774749758128| 🙈 [refill#1774749758128|auto|acc_2] 当前无可补订组合，缺口: {'20:00': 2, '21:00': 2}
[16:30:31.244] tid=1774749758128| 🧩 [refill#1774749758128|auto|acc_2] 开始执行: date=2026-04-07, target_count=2, times=['20:00', '21:00'], places=14
[16:30:32.221] tid=1774749758128| [组场引擎] policy=independent_refill allow_scatter=True tier= used_need={}
[16:30:32.223] tid=1774749758128| 🙈 [refill#1774749758128|auto|acc_2] 当前无可补订组合，缺口: {'20:00': 2, '21:00': 2}
[16:31:32.281] tid=1774749758128| 🧩 [refill#1774749758128|auto|acc_2] 开始执行: date=2026-04-07, target_count=2, times=['20:00', '21:00'], places=14
[16:31:32.159] tid=1774749758128| [组场引擎] policy=independent_refill allow_scatter=True tier= used_need={}
[16:31:32.160] tid=1774749758128| 🙈 [refill#1774749758128|auto|acc_2] 当前无可补订组合，缺口: {'20:00': 2, '21:00': 2}
[16:32:34.208] tid=1774749758128| 🧩 [refill#1774749758128|auto|acc_2] 开始执行: date=2026-04-07, target_count=2, times=['20:00', '21:00'], places=14
[16:32:35.173] tid=1774749758128| [组场引擎] policy=independent_refill allow_scatter=True tier= used_need={}
[16:32:35.175] tid=1774749758128| 🙈 [refill#1774749758128|auto|acc_2] 当前无可补订组合，缺口: {'20:00': 2, '21:00': 2}
[16:33:36.225] tid=1774749758128| 🧩 [refill#1774749758128|auto|acc_2] 开始执行: date=2026-04-07, target_count=2, times=['20:00', '21:00'], places=14
[16:33:36.186] tid=1774749758128| [组场引擎] policy=independent_refill allow_scatter=True tier= used_need={}
[16:33:36.188] tid=1774749758128| 🙈 [refill#1774749758128|auto|acc_2] 当前无可补订组合，缺口: {'20:00': 2, '21:00': 2}
[16:34:37.255] tid=1774749758128| 🧩 [refill#1774749758128|auto|acc_2] 开始执行: date=2026-04-07, target_count=2, times=['20:00', '21:00'], places=14
[16:34:37.238] tid=1774749758128| [组场引擎] policy=independent_refill allow_scatter=True tier= used_need={}
[16:34:37.240] tid=1774749758128| 🙈 [refill#1774749758128|auto|acc_2] 当前无可补订组合，缺口: {'20:00': 2, '21:00': 2}
[16:35:38.287] tid=1774749758128| 🧩 [refill#1774749758128|auto|acc_2] 开始执行: date=2026-04-07, target_count=2, times=['20:00', '21:00'], places=14
[16:35:39.189] tid=1774749758128| [组场引擎] policy=independent_refill allow_scatter=True tier= used_need={}
[16:35:39.191] tid=1774749758128| 🙈 [refill#1774749758128|auto|acc_2] 当前无可补订组合，缺口: {'20:00': 2, '21:00': 2}
[16:36:40.271] tid=1774749758128| 🧩 [refill#1774749758128|auto|acc_2] 开始执行: date=2026-04-07, target_count=2, times=['20:00', '21:00'], places=14
[16:36:40.185] tid=1774749758128| [组场引擎] policy=independent_refill allow_scatter=True tier= used_need={}
[16:36:40.188] tid=1774749758128| 🙈 [refill#1774749758128|auto|acc_2] 当前无可补订组合，缺口: {'20:00': 2, '21:00': 2}
[16:37:41.239] tid=1774749758128| 🧩 [refill#1774749758128|auto|acc_2] 开始执行: date=2026-04-07, target_count=2, times=['20:00', '21:00'], places=14
[16:37:42.237] tid=1774749758128| [组场引擎] policy=independent_refill allow_scatter=True tier= used_need={}
[16:37:42.239] tid=1774749758128| 🙈 [refill#1774749758128|auto|acc_2] 当前无可补订组合，缺口: {'20:00': 2, '21:00': 2}
[16:38:44.288] tid=1774749758128| 🧩 [refill#1774749758128|auto|acc_2] 开始执行: date=2026-04-07, target_count=2, times=['20:00', '21:00'], places=14
[16:38:44.172] tid=1774749758128| [组场引擎] policy=independent_refill allow_scatter=True tier= used_need={}
[16:38:44.175] tid=1774749758128| 🙈 [refill#1774749758128|auto|acc_2] 当前无可补订组合，缺口: {'20:00': 2, '21:00': 2}
[16:39:46.225] tid=1774749758128| 🧩 [refill#1774749758128|auto|acc_2] 开始执行: date=2026-04-07, target_count=2, times=['20:00', '21:00'], places=14
[16:39:47.195] tid=1774749758128| [组场引擎] policy=independent_refill allow_scatter=True tier= used_need={}
[16:39:47.197] tid=1774749758128| 🙈 [refill#1774749758128|auto|acc_2] 当前无可补订组合，缺口: {'20:00': 2, '21:00': 2}
[16:40:47.245] tid=1774749758128| 🧩 [refill#1774749758128|auto|acc_2] 开始执行: date=2026-04-07, target_count=2, times=['20:00', '21:00'], places=14
[16:40:47.282] tid=1774749758128| [组场引擎] policy=independent_refill allow_scatter=True tier= used_need={}
[16:40:47.284] tid=1774749758128| 🙈 [refill#1774749758128|auto|acc_2] 当前无可补订组合，缺口: {'20:00': 2, '21:00': 2}
[16:41:47.329] tid=1774749758128| 🧩 [refill#1774749758128|auto|acc_2] 开始执行: date=2026-04-07, target_count=2, times=['20:00', '21:00'], places=14
[16:41:48.259] tid=1774749758128| [组场引擎] policy=independent_refill allow_scatter=True tier= used_need={}
[16:41:48.262] tid=1774749758128| 🙈 [refill#1774749758128|auto|acc_2] 当前无可补订组合，缺口: {'20:00': 2, '21:00': 2}
[16:42:49.309] tid=1774749758128| 🧩 [refill#1774749758128|auto|acc_2] 开始执行: date=2026-04-07, target_count=2, times=['20:00', '21:00'], places=14
[16:42:49.241] tid=1774749758128| [组场引擎] policy=independent_refill allow_scatter=True tier= used_need={}
[16:42:49.243] tid=1774749758128| 🙈 [refill#1774749758128|auto|acc_2] 当前无可补订组合，缺口: {'20:00': 2, '21:00': 2}
[16:43:50.286] tid=1774749758128| 🧩 [refill#1774749758128|auto|acc_2] 开始执行: date=2026-04-07, target_count=2, times=['20:00', '21:00'], places=14
[16:43:51.185] tid=1774749758128| [组场引擎] policy=independent_refill allow_scatter=True tier= used_need={}
[16:43:51.186] tid=1774749758128| 🙈 [refill#1774749758128|auto|acc_2] 当前无可补订组合，缺口: {'20:00': 2, '21:00': 2}
[16:44:51.231] tid=1774749758128| 🧩 [refill#1774749758128|auto|acc_2] 开始执行: date=2026-04-07, target_count=2, times=['20:00', '21:00'], places=14
[16:44:51.234] tid=1774749758128| [组场引擎] policy=independent_refill allow_scatter=True tier= used_need={}
[16:44:51.234] tid=1774749758128| 🙈 [refill#1774749758128|auto|acc_2] 当前无可补订组合，缺口: {'20:00': 2, '21:00': 2}
[16:45:52.282] tid=1774749758128| 🧩 [refill#1774749758128|auto|acc_2] 开始执行: date=2026-04-07, target_count=2, times=['20:00', '21:00'], places=14
[16:45:53.163] tid=1774749758128| [组场引擎] policy=independent_refill allow_scatter=True tier= used_need={}
[16:45:53.164] tid=1774749758128| 🙈 [refill#1774749758128|auto|acc_2] 当前无可补订组合，缺口: {'20:00': 2, '21:00': 2}
[16:46:54.212] tid=1774749758128| 🧩 [refill#1774749758128|auto|acc_2] 开始执行: date=2026-04-07, target_count=2, times=['20:00', '21:00'], places=14
[16:46:54.185] tid=1774749758128| [组场引擎] policy=independent_refill allow_scatter=True tier= used_need={}
[16:46:54.187] tid=1774749758128| 🙈 [refill#1774749758128|auto|acc_2] 当前无可补订组合，缺口: {'20:00': 2, '21:00': 2}
[16:47:56.234] tid=1774749758128| 🧩 [refill#1774749758128|auto|acc_2] 开始执行: date=2026-04-07, target_count=2, times=['20:00', '21:00'], places=14
[16:47:56.159] tid=1774749758128| [组场引擎] policy=independent_refill allow_scatter=True tier= used_need={}
[16:47:56.161] tid=1774749758128| 🙈 [refill#1774749758128|auto|acc_2] 当前无可补订组合，缺口: {'20:00': 2, '21:00': 2}
[16:48:57.207] tid=1774749758128| 🧩 [refill#1774749758128|auto|acc_2] 开始执行: date=2026-04-07, target_count=2, times=['20:00', '21:00'], places=14
[16:48:58.197] tid=1774749758128| [组场引擎] policy=independent_refill allow_scatter=True tier= used_need={}
[16:48:58.199] tid=1774749758128| 🙈 [refill#1774749758128|auto|acc_2] 当前无可补订组合，缺口: {'20:00': 2, '21:00': 2}
[16:49:59.250] tid=1774749758128| 🧩 [refill#1774749758128|auto|acc_2] 开始执行: date=2026-04-07, target_count=2, times=['20:00', '21:00'], places=14
[16:49:59.245] tid=1774749758128| [组场引擎] policy=independent_refill allow_scatter=True tier= used_need={}
[16:49:59.246] tid=1774749758128| 🙈 [refill#1774749758128|auto|acc_2] 当前无可补订组合，缺口: {'20:00': 2, '21:00': 2}
[16:50:59.289] tid=1774749758128| 🧩 [refill#1774749758128|auto|acc_2] 开始执行: date=2026-04-07, target_count=2, times=['20:00', '21:00'], places=14
[16:51:00.203] tid=1774749758128| [组场引擎] policy=independent_refill allow_scatter=True tier= used_need={}
[16:51:00.205] tid=1774749758128| 🙈 [refill#1774749758128|auto|acc_2] 当前无可补订组合，缺口: {'20:00': 2, '21:00': 2}
[16:52:01.256] tid=1774749758128| 🧩 [refill#1774749758128|auto|acc_2] 开始执行: date=2026-04-07, target_count=2, times=['20:00', '21:00'], places=14
[16:52:01.248] tid=1774749758128| [组场引擎] policy=independent_refill allow_scatter=True tier= used_need={}
[16:52:01.250] tid=1774749758128| 🙈 [refill#1774749758128|auto|acc_2] 当前无可补订组合，缺口: {'20:00': 2, '21:00': 2}
[16:53:02.296] tid=1774749758128| 🧩 [refill#1774749758128|auto|acc_2] 开始执行: date=2026-04-07, target_count=2, times=['20:00', '21:00'], places=14
[16:53:03.226] tid=1774749758128| [组场引擎] policy=independent_refill allow_scatter=True tier= used_need={}
[16:53:03.228] tid=1774749758128| 🙈 [refill#1774749758128|auto|acc_2] 当前无可补订组合，缺口: {'20:00': 2, '21:00': 2}
[16:54:04.278] tid=1774749758128| 🧩 [refill#1774749758128|auto|acc_2] 开始执行: date=2026-04-07, target_count=2, times=['20:00', '21:00'], places=14
[16:54:04.199] tid=1774749758128| [组场引擎] policy=independent_refill allow_scatter=True tier= used_need={}
[16:54:04.201] tid=1774749758128| 🙈 [refill#1774749758128|auto|acc_2] 当前无可补订组合，缺口: {'20:00': 2, '21:00': 2}
[16:55:05.249] tid=1774749758128| 🧩 [refill#1774749758128|auto|acc_2] 开始执行: date=2026-04-07, target_count=2, times=['20:00', '21:00'], places=14
[16:55:06.211] tid=1774749758128| [组场引擎] policy=independent_refill allow_scatter=True tier= used_need={}
[16:55:06.212] tid=1774749758128| 🙈 [refill#1774749758128|auto|acc_2] 当前无可补订组合，缺口: {'20:00': 2, '21:00': 2}
[16:56:08.260] tid=1774749758128| 🧩 [refill#1774749758128|auto|acc_2] 开始执行: date=2026-04-07, target_count=2, times=['20:00', '21:00'], places=14
[16:56:08.193] tid=1774749758128| [组场引擎] policy=independent_refill allow_scatter=True tier= used_need={}
[16:56:08.195] tid=1774749758128| 🙈 [refill#1774749758128|auto|acc_2] 当前无可补订组合，缺口: {'20:00': 2, '21:00': 2}
[16:57:10.244] tid=1774749758128| 🧩 [refill#1774749758128|auto|acc_2] 开始执行: date=2026-04-07, target_count=2, times=['20:00', '21:00'], places=14
[16:57:11.172] tid=1774749758128| [组场引擎] policy=independent_refill allow_scatter=True tier= used_need={}
[16:57:11.175] tid=1774749758128| 🙈 [refill#1774749758128|auto|acc_2] 当前无可补订组合，缺口: {'20:00': 2, '21:00': 2}
[16:58:12.224] tid=1774749758128| 🧩 [refill#1774749758128|auto|acc_2] 开始执行: date=2026-04-07, target_count=2, times=['20:00', '21:00'], places=14
[16:58:12.183] tid=1774749758128| [组场引擎] policy=independent_refill allow_scatter=True tier= used_need={}
[16:58:12.186] tid=1774749758128| 🙈 [refill#1774749758128|auto|acc_2] 当前无可补订组合，缺口: {'20:00': 2, '21:00': 2}
[16:59:13.235] tid=1774749758128| 🧩 [refill#1774749758128|auto|acc_2] 开始执行: date=2026-04-07, target_count=2, times=['20:00', '21:00'], places=14
[16:59:14.238] tid=1774749758128| [组场引擎] policy=independent_refill allow_scatter=True tier= used_need={}
[16:59:14.239] tid=1774749758128| 🙈 [refill#1774749758128|auto|acc_2] 当前无可补订组合，缺口: {'20:00': 2, '21:00': 2}
[17:00:15.285] tid=1774749758128| 🧩 [refill#1774749758128|auto|acc_2] 开始执行: date=2026-04-07, target_count=2, times=['20:00', '21:00'], places=14
[17:00:15.160] tid=1774749758128| [组场引擎] policy=independent_refill allow_scatter=True tier= used_need={}
[17:00:15.162] tid=1774749758128| 🙈 [refill#1774749758128|auto|acc_2] 当前无可补订组合，缺口: {'20:00': 2, '21:00': 2}
[17:01:16.211] tid=1774749758128| 🧩 [refill#1774749758128|auto|acc_2] 开始执行: date=2026-04-07, target_count=2, times=['20:00', '21:00'], places=14
[17:01:16.188] tid=1774749758128| [组场引擎] policy=independent_refill allow_scatter=True tier= used_need={}
[17:01:16.189] tid=1774749758128| 🙈 [refill#1774749758128|auto|acc_2] 当前无可补订组合，缺口: {'20:00': 2, '21:00': 2}
[17:02:16.235] tid=1774749758128| 🧩 [refill#1774749758128|auto|acc_2] 开始执行: date=2026-04-07, target_count=2, times=['20:00', '21:00'], places=14
[17:02:17.186] tid=1774749758128| [组场引擎] policy=independent_refill allow_scatter=True tier= used_need={}
[17:02:17.188] tid=1774749758128| 🙈 [refill#1774749758128|auto|acc_2] 当前无可补订组合，缺口: {'20:00': 2, '21:00': 2}
[17:03:18.242] tid=1774749758128| 🧩 [refill#1774749758128|auto|acc_2] 开始执行: date=2026-04-07, target_count=2, times=['20:00', '21:00'], places=14
[17:03:18.166] tid=1774749758128| [组场引擎] policy=independent_refill allow_scatter=True tier= used_need={}
[17:03:18.168] tid=1774749758128| 🙈 [refill#1774749758128|auto|acc_2] 当前无可补订组合，缺口: {'20:00': 2, '21:00': 2}
[17:04:20.231] tid=1774749758128| 🧩 [refill#1774749758128|auto|acc_2] 开始执行: date=2026-04-07, target_count=2, times=['20:00', '21:00'], places=14
[17:04:21.184] tid=1774749758128| [组场引擎] policy=independent_refill allow_scatter=True tier= used_need={}
[17:04:21.186] tid=1774749758128| 🙈 [refill#1774749758128|auto|acc_2] 当前无可补订组合，缺口: {'20:00': 2, '21:00': 2}
[17:05:23.235] tid=1774749758128| 🧩 [refill#1774749758128|auto|acc_2] 开始执行: date=2026-04-07, target_count=2, times=['20:00', '21:00'], places=14
[17:05:23.200] tid=1774749758128| [组场引擎] policy=independent_refill allow_scatter=True tier= used_need={}
[17:05:23.202] tid=1774749758128| 🙈 [refill#1774749758128|auto|acc_2] 当前无可补订组合，缺口: {'20:00': 2, '21:00': 2}
[17:06:24.287] tid=1774749758128| 🧩 [refill#1774749758128|auto|acc_2] 开始执行: date=2026-04-07, target_count=2, times=['20:00', '21:00'], places=14
[17:06:25.199] tid=1774749758128| [组场引擎] policy=independent_refill allow_scatter=True tier= used_need={}
[17:06:25.201] tid=1774749758128| 🙈 [refill#1774749758128|auto|acc_2] 当前无可补订组合，缺口: {'20:00': 2, '21:00': 2}
[21:11:33.137] tid=1774749758128| 🧩 [refill#1774749758128|auto|acc_2] 开始执行: date=2026-04-07, target_count=2, times=['20:00', '21:00'], places=14
[21:11:44.970] tid=1774749758128| [组场引擎] policy=independent_refill allow_scatter=True tier= used_need={}
[21:11:44.971] tid=1774749758128| 🙈 [refill#1774749758128|auto|acc_2] 当前无可补订组合，缺口: {'20:00': 2, '21:00': 2}
[21:12:43.274] tid=1774749758128| 🧩 [refill#1774749758128|auto|acc_2] 开始执行: date=2026-04-07, target_count=2, times=['20:00', '21:00'], places=14
[21:12:45.651] tid=1774749758128| [组场引擎] policy=independent_refill allow_scatter=True tier= used_need={}
[21:12:45.653] tid=1774749758128| 🙈 [refill#1774749758128|auto|acc_2] 当前无可补订组合，缺口: {'20:00': 2, '21:00': 2}
[21:13:45.709] tid=1774749758128| 🧩 [refill#1774749758128|auto|acc_2] 开始执行: date=2026-04-07, target_count=2, times=['20:00', '21:00'], places=14
[21:13:46.849] tid=1774749758128| [组场引擎] policy=independent_refill allow_scatter=True tier= used_need={}
[21:13:46.851] tid=1774749758128| 🙈 [refill#1774749758128|auto|acc_2] 当前无可补订组合，缺口: {'20:00': 2, '21:00': 2}
[21:14:45.906] tid=1774749758128| 🧩 [refill#1774749758128|auto|acc_2] 开始执行: date=2026-04-07, target_count=2, times=['20:00', '21:00'], places=14
[21:14:47.641] tid=1774749758128| [组场引擎] policy=independent_refill allow_scatter=True tier= used_need={}
[21:14:47.643] tid=1774749758128| 🙈 [refill#1774749758128|auto|acc_2] 当前无可补订组合，缺口: {'20:00': 2, '21:00': 2}
[21:15:47.700] tid=1774749758128| 🧩 [refill#1774749758128|auto|acc_2] 开始执行: date=2026-04-07, target_count=2, times=['20:00', '21:00'], places=14
[21:15:48.624] tid=1774749758128| [组场引擎] policy=independent_refill allow_scatter=True tier= used_need={}
[21:15:48.625] tid=1774749758128| 🙈 [refill#1774749758128|auto|acc_2] 当前无可补订组合，缺口: {'20:00': 2, '21:00': 2}
[21:16:48.673] tid=1774749758128| 🧩 [refill#1774749758128|auto|acc_2] 开始执行: date=2026-04-07, target_count=2, times=['20:00', '21:00'], places=14
[21:16:49.626] tid=1774749758128| [组场引擎] policy=independent_refill allow_scatter=True tier= used_need={}
[21:16:49.627] tid=1774749758128| 🙈 [refill#1774749758128|auto|acc_2] 当前无可补订组合，缺口: {'20:00': 2, '21:00': 2}
[21:17:49.678] tid=1774749758128| 🧩 [refill#1774749758128|auto|acc_2] 开始执行: date=2026-04-07, target_count=2, times=['20:00', '21:00'], places=14
[21:17:51.788] tid=1774749758128| [组场引擎] policy=independent_refill allow_scatter=True tier= used_need={}
[21:17:51.790] tid=1774749758128| 🙈 [refill#1774749758128|auto|acc_2] 当前无可补订组合，缺口: {'20:00': 2, '21:00': 2}
[21:18:51.844] tid=1774749758128| 🧩 [refill#1774749758128|auto|acc_2] 开始执行: date=2026-04-07, target_count=2, times=['20:00', '21:00'], places=14
[21:18:52.584] tid=1774749758128| [组场引擎] policy=independent_refill allow_scatter=True tier= used_need={}
[21:18:52.586] tid=1774749758128| 🙈 [refill#1774749758128|auto|acc_2] 当前无可补订组合，缺口: {'20:00': 2, '21:00': 2}
[21:19:52.639] tid=1774749758128| 🧩 [refill#1774749758128|auto|acc_2] 开始执行: date=2026-04-07, target_count=2, times=['20:00', '21:00'], places=14
[21:19:54.727] tid=1774749758128| [组场引擎] policy=independent_refill allow_scatter=True tier= used_need={}
[21:19:54.730] tid=1774749758128| 🙈 [refill#1774749758128|auto|acc_2] 当前无可补订组合，缺口: {'20:00': 2, '21:00': 2}
[21:20:54.780] tid=1774749758128| 🧩 [refill#1774749758128|auto|acc_2] 开始执行: date=2026-04-07, target_count=2, times=['20:00', '21:00'], places=14
[21:20:57.124] tid=1774749758128| [组场引擎] policy=independent_refill allow_scatter=True tier= used_need={}
[21:20:57.126] tid=1774749758128| 🙈 [refill#1774749758128|auto|acc_2] 当前无可补订组合，缺口: {'20:00': 2, '21:00': 2}
[21:21:56.178] tid=1774749758128| 🧩 [refill#1774749758128|auto|acc_2] 开始执行: date=2026-04-07, target_count=2, times=['20:00', '21:00'], places=14
[21:21:59.308] tid=1774749758128| [组场引擎] policy=independent_refill allow_scatter=True tier= used_need={}
[21:21:59.310] tid=1774749758128| 🙈 [refill#1774749758128|auto|acc_2] 当前无可补订组合，缺口: {'20:00': 2, '21:00': 2}
[21:22:58.365] tid=1774749758128| 🧩 [refill#1774749758128|auto|acc_2] 开始执行: date=2026-04-07, target_count=2, times=['20:00', '21:00'], places=14
[21:22:58.617] tid=1774749758128| [组场引擎] policy=independent_refill allow_scatter=True tier= used_need={}
[21:22:58.619] tid=1774749758128| 🙈 [refill#1774749758128|auto|acc_2] 当前无可补订组合，缺口: {'20:00': 2, '21:00': 2}
[21:23:58.669] tid=1774749758128| 🧩 [refill#1774749758128|auto|acc_2] 开始执行: date=2026-04-07, target_count=2, times=['20:00', '21:00'], places=14
[21:24:01.094] tid=1774749758128| [组场引擎] policy=independent_refill allow_scatter=True tier= used_need={}
[21:24:01.096] tid=1774749758128| 🙈 [refill#1774749758128|auto|acc_2] 当前无可补订组合，缺口: {'20:00': 2, '21:00': 2}
[21:25:00.150] tid=1774749758128| 🧩 [refill#1774749758128|auto|acc_2] 开始执行: date=2026-04-07, target_count=2, times=['20:00', '21:00'], places=14
[21:25:00.614] tid=1774749758128| [组场引擎] policy=independent_refill allow_scatter=True tier= used_need={}
[21:25:00.616] tid=1774749758128| 🙈 [refill#1774749758128|auto|acc_2] 当前无可补订组合，缺口: {'20:00': 2, '21:00': 2}
[21:26:00.663] tid=1774749758128| 🧩 [refill#1774749758128|auto|acc_2] 开始执行: date=2026-04-07, target_count=2, times=['20:00', '21:00'], places=14
[21:26:02.720] tid=1774749758128| [组场引擎] policy=independent_refill allow_scatter=True tier= used_need={}
[21:26:02.722] tid=1774749758128| 🙈 [refill#1774749758128|auto|acc_2] 当前无可补订组合，缺口: {'20:00': 2, '21:00': 2}
[21:27:01.788] tid=1774749758128| 🧩 [refill#1774749758128|auto|acc_2] 开始执行: date=2026-04-07, target_count=2, times=['20:00', '21:00'], places=14
[21:27:02.668] tid=1774749758128| [组场引擎] policy=independent_refill allow_scatter=True tier= used_need={}
[21:27:02.670] tid=1774749758128| 🙈 [refill#1774749758128|auto|acc_2] 当前无可补订组合，缺口: {'20:00': 2, '21:00': 2}
[21:28:02.719] tid=1774749758128| 🧩 [refill#1774749758128|auto|acc_2] 开始执行: date=2026-04-07, target_count=2, times=['20:00', '21:00'], places=14
[21:28:04.689] tid=1774749758128| [组场引擎] policy=independent_refill allow_scatter=True tier= used_need={}
[21:28:04.691] tid=1774749758128| 🙈 [refill#1774749758128|auto|acc_2] 当前无可补订组合，缺口: {'20:00': 2, '21:00': 2}
[21:29:04.751] tid=1774749758128| 🧩 [refill#1774749758128|auto|acc_2] 开始执行: date=2026-04-07, target_count=2, times=['20:00', '21:00'], places=14
[21:29:05.627] tid=1774749758128| [组场引擎] policy=independent_refill allow_scatter=True tier= used_need={}
[21:29:05.628] tid=1774749758128| 🙈 [refill#1774749758128|auto|acc_2] 当前无可补订组合，缺口: {'20:00': 2, '21:00': 2}
[21:30:04.684] tid=1774749758128| 🧩 [refill#1774749758128|auto|acc_2] 开始执行: date=2026-04-07, target_count=2, times=['20:00', '21:00'], places=14
[21:30:05.580] tid=1774749758128| [组场引擎] policy=independent_refill allow_scatter=True tier= used_need={}
[21:30:05.581] tid=1774749758128| 🙈 [refill#1774749758128|auto|acc_2] 当前无可补订组合，缺口: {'20:00': 2, '21:00': 2}
[21:31:06.633] tid=1774749758128| 🧩 [refill#1774749758128|auto|acc_2] 开始执行: date=2026-04-07, target_count=2, times=['20:00', '21:00'], places=14
[21:31:08.672] tid=1774749758128| [组场引擎] policy=independent_refill allow_scatter=True tier= used_need={}
[21:31:08.674] tid=1774749758128| 🙈 [refill#1774749758128|auto|acc_2] 当前无可补订组合，缺口: {'20:00': 2, '21:00': 2}
[21:32:09.726] tid=1774749758128| 🧩 [refill#1774749758128|auto|acc_2] 开始执行: date=2026-04-07, target_count=2, times=['20:00', '21:00'], places=14
[21:32:16.621] tid=1774749758128| [组场引擎] policy=independent_refill allow_scatter=True tier= used_need={}
[21:32:16.623] tid=1774749758128| 🙈 [refill#1774749758128|auto|acc_2] 当前无可补订组合，缺口: {'20:00': 2, '21:00': 2}
[21:33:12.675] tid=1774749758128| 🧩 [refill#1774749758128|auto|acc_2] 开始执行: date=2026-04-07, target_count=2, times=['20:00', '21:00'], places=14
[21:33:17.600] tid=1774749758128| [组场引擎] policy=independent_refill allow_scatter=True tier= used_need={}
[21:33:17.602] tid=1774749758128| 🙈 [refill#1774749758128|auto|acc_2] 当前无可补订组合，缺口: {'20:00': 2, '21:00': 2}
[21:34:13.648] tid=1774749758128| 🧩 [refill#1774749758128|auto|acc_2] 开始执行: date=2026-04-07, target_count=2, times=['20:00', '21:00'], places=14
[21:34:13.844] tid=1774749758128| [组场引擎] policy=independent_refill allow_scatter=True tier= used_need={}
[21:34:13.846] tid=1774749758128| 🙈 [refill#1774749758128|auto|acc_2] 当前无可补订组合，缺口: {'20:00': 2, '21:00': 2}
[21:35:14.898] tid=1774749758128| 🧩 [refill#1774749758128|auto|acc_2] 开始执行: date=2026-04-07, target_count=2, times=['20:00', '21:00'], places=14
[21:35:17.015] tid=1774749758128| [组场引擎] policy=independent_refill allow_scatter=True tier= used_need={}
[21:35:17.017] tid=1774749758128| 🙈 [refill#1774749758128|auto|acc_2] 当前无可补订组合，缺口: {'20:00': 2, '21:00': 2}
[21:36:17.069] tid=1774749758128| 🧩 [refill#1774749758128|auto|acc_2] 开始执行: date=2026-04-07, target_count=2, times=['20:00', '21:00'], places=14
[21:36:19.203] tid=1774749758128| [组场引擎] policy=independent_refill allow_scatter=True tier= used_need={}
[21:36:19.205] tid=1774749758128| 🙈 [refill#1774749758128|auto|acc_2] 当前无可补订组合，缺口: {'20:00': 2, '21:00': 2}
[21:37:19.256] tid=1774749758128| 🧩 [refill#1774749758128|auto|acc_2] 开始执行: date=2026-04-07, target_count=2, times=['20:00', '21:00'], places=14
[21:37:20.671] tid=1774749758128| [组场引擎] policy=independent_refill allow_scatter=True tier= used_need={}
[21:37:20.673] tid=1774749758128| 🙈 [refill#1774749758128|auto|acc_2] 当前无可补订组合，缺口: {'20:00': 2, '21:00': 2}
[21:38:19.722] tid=1774749758128| 🧩 [refill#1774749758128|auto|acc_2] 开始执行: date=2026-04-07, target_count=2, times=['20:00', '21:00'], places=14
[21:38:20.694] tid=1774749758128| [组场引擎] policy=independent_refill allow_scatter=True tier= used_need={}
[21:38:20.695] tid=1774749758128| 🙈 [refill#1774749758128|auto|acc_2] 当前无可补订组合，缺口: {'20:00': 2, '21:00': 2}
[21:39:21.744] tid=1774749758128| 🧩 [refill#1774749758128|auto|acc_2] 开始执行: date=2026-04-07, target_count=2, times=['20:00', '21:00'], places=14
[21:39:22.459] tid=1774749758128| [组场引擎] policy=independent_refill allow_scatter=True tier= used_need={}
[21:39:22.461] tid=1774749758128| 🙈 [refill#1774749758128|auto|acc_2] 当前无可补订组合，缺口: {'20:00': 2, '21:00': 2}
[21:40:24.513] tid=1774749758128| 🧩 [refill#1774749758128|auto|acc_2] 开始执行: date=2026-04-07, target_count=2, times=['20:00', '21:00'], places=14
[21:40:29.690] tid=1774749758128| [组场引擎] policy=independent_refill allow_scatter=True tier= used_need={}
[21:40:29.691] tid=1774749758128| 🙈 [refill#1774749758128|auto|acc_2] 当前无可补订组合，缺口: {'20:00': 2, '21:00': 2}
[21:41:26.739] tid=1774749758128| 🧩 [refill#1774749758128|auto|acc_2] 开始执行: date=2026-04-07, target_count=2, times=['20:00', '21:00'], places=14
[21:41:26.705] tid=1774749758128| [组场引擎] policy=independent_refill allow_scatter=True tier= used_need={}
[21:41:26.707] tid=1774749758128| 🙈 [refill#1774749758128|auto|acc_2] 当前无可补订组合，缺口: {'20:00': 2, '21:00': 2}
[21:42:27.786] tid=1774749758128| 🧩 [refill#1774749758128|auto|acc_2] 开始执行: date=2026-04-07, target_count=2, times=['20:00', '21:00'], places=14
[21:42:28.613] tid=1774749758128| [组场引擎] policy=independent_refill allow_scatter=True tier= used_need={}
[21:42:28.615] tid=1774749758128| 🙈 [refill#1774749758128|auto|acc_2] 当前无可补订组合，缺口: {'20:00': 2, '21:00': 2}
[21:43:28.671] tid=1774749758128| 🧩 [refill#1774749758128|auto|acc_2] 开始执行: date=2026-04-07, target_count=2, times=['20:00', '21:00'], places=14
[21:43:30.662] tid=1774749758128| [组场引擎] policy=independent_refill allow_scatter=True tier= used_need={}
[21:43:30.664] tid=1774749758128| 🙈 [refill#1774749758128|auto|acc_2] 当前无可补订组合，缺口: {'20:00': 2, '21:00': 2}
[21:44:31.717] tid=1774749758128| 🧩 [refill#1774749758128|auto|acc_2] 开始执行: date=2026-04-07, target_count=2, times=['20:00', '21:00'], places=14
[21:44:32.568] tid=1774749758128| [组场引擎] policy=independent_refill allow_scatter=True tier= used_need={}
[21:44:32.571] tid=1774749758128| 🙈 [refill#1774749758128|auto|acc_2] 当前无可补订组合，缺口: {'20:00': 2, '21:00': 2}
[21:45:32.627] tid=1774749758128| 🧩 [refill#1774749758128|auto|acc_2] 开始执行: date=2026-04-07, target_count=2, times=['20:00', '21:00'], places=14
[21:45:34.813] tid=1774749758128| [组场引擎] policy=independent_refill allow_scatter=True tier= used_need={}
[21:45:34.816] tid=1774749758128| 🙈 [refill#1774749758128|auto|acc_2] 当前无可补订组合，缺口: {'20:00': 2, '21:00': 2}
[21:46:34.869] tid=1774749758128| 🧩 [refill#1774749758128|auto|acc_2] 开始执行: date=2026-04-07, target_count=2, times=['20:00', '21:00'], places=14
[21:46:35.669] tid=1774749758128| [组场引擎] policy=independent_refill allow_scatter=True tier= used_need={}
[21:46:35.672] tid=1774749758128| 🙈 [refill#1774749758128|auto|acc_2] 当前无可补订组合，缺口: {'20:00': 2, '21:00': 2}
[21:47:36.722] tid=1774749758128| 🧩 [refill#1774749758128|auto|acc_2] 开始执行: date=2026-04-07, target_count=2, times=['20:00', '21:00'], places=14
[21:47:47.717] tid=1774749758128| [组场引擎] policy=independent_refill allow_scatter=True tier= used_need={}
[21:47:47.719] tid=1774749758128| 🙈 [refill#1774749758128|auto|acc_2] 当前无可补订组合，缺口: {'20:00': 2, '21:00': 2}
[21:48:42.767] tid=1774749758128| 🧩 [refill#1774749758128|auto|acc_2] 开始执行: date=2026-04-07, target_count=2, times=['20:00', '21:00'], places=14
[21:48:40.781] tid=1774749758128| [组场引擎] policy=independent_refill allow_scatter=True tier= used_need={}
[21:48:40.784] tid=1774749758128| 🙈 [refill#1774749758128|auto|acc_2] 当前无可补订组合，缺口: {'20:00': 2, '21:00': 2}
[21:49:40.866] tid=1774749758128| 🧩 [refill#1774749758128|auto|acc_2] 开始执行: date=2026-04-07, target_count=2, times=['20:00', '21:00'], places=14
[21:49:42.737] tid=1774749758128| [组场引擎] policy=independent_refill allow_scatter=True tier= used_need={}
[21:49:42.738] tid=1774749758128| 🙈 [refill#1774749758128|auto|acc_2] 当前无可补订组合，缺口: {'20:00': 2, '21:00': 2}
[21:50:42.789] tid=1774749758128| 🧩 [refill#1774749758128|auto|acc_2] 开始执行: date=2026-04-07, target_count=2, times=['20:00', '21:00'], places=14
[21:50:44.076] tid=1774749758128| [组场引擎] policy=independent_refill allow_scatter=True tier= used_need={}
[21:50:44.078] tid=1774749758128| 🙈 [refill#1774749758128|auto|acc_2] 当前无可补订组合，缺口: {'20:00': 2, '21:00': 2}
[21:51:44.131] tid=1774749758128| 🧩 [refill#1774749758128|auto|acc_2] 开始执行: date=2026-04-07, target_count=2, times=['20:00', '21:00'], places=14
[21:51:45.714] tid=1774749758128| [组场引擎] policy=independent_refill allow_scatter=True tier= used_need={}
[21:51:45.716] tid=1774749758128| 🙈 [refill#1774749758128|auto|acc_2] 当前无可补订组合，缺口: {'20:00': 2, '21:00': 2}
[21:52:44.782] tid=1774749758128| 🧩 [refill#1774749758128|auto|acc_2] 开始执行: date=2026-04-07, target_count=2, times=['20:00', '21:00'], places=14
[21:52:48.901] tid=1774749758128| [组场引擎] policy=independent_refill allow_scatter=True tier= used_need={}
[21:52:48.903] tid=1774749758128| 🙈 [refill#1774749758128|auto|acc_2] 当前无可补订组合，缺口: {'20:00': 2, '21:00': 2}
[21:53:46.954] tid=1774749758128| 🧩 [refill#1774749758128|auto|acc_2] 开始执行: date=2026-04-07, target_count=2, times=['20:00', '21:00'], places=14
[21:53:49.542] tid=1774749758128| [组场引擎] policy=independent_refill allow_scatter=True tier= used_need={}
[21:53:49.545] tid=1774749758128| 🙈 [refill#1774749758128|auto|acc_2] 当前无可补订组合，缺口: {'20:00': 2, '21:00': 2}
[21:54:47.599] tid=1774749758128| 🧩 [refill#1774749758128|auto|acc_2] 开始执行: date=2026-04-07, target_count=2, times=['20:00', '21:00'], places=14
[21:54:52.117] tid=1774749758128| [组场引擎] policy=independent_refill allow_scatter=True tier= used_need={}
[21:54:52.119] tid=1774749758128| 🙈 [refill#1774749758128|auto|acc_2] 当前无可补订组合，缺口: {'20:00': 2, '21:00': 2}
[21:55:49.201] tid=1774749758128| 🧩 [refill#1774749758128|auto|acc_2] 开始执行: date=2026-04-07, target_count=2, times=['20:00', '21:00'], places=14
[21:55:54.951] tid=1774749758128| [组场引擎] policy=independent_refill allow_scatter=True tier= used_need={}
[21:55:54.953] tid=1774749758128| 🙈 [refill#1774749758128|auto|acc_2] 当前无可补订组合，缺口: {'20:00': 2, '21:00': 2}
[21:56:53.000] tid=1774749758128| 🧩 [refill#1774749758128|auto|acc_2] 开始执行: date=2026-04-07, target_count=2, times=['20:00', '21:00'], places=14
[21:56:52.754] tid=1774749758128| [组场引擎] policy=independent_refill allow_scatter=True tier= used_need={}
[21:56:52.755] tid=1774749758128| 🙈 [refill#1774749758128|auto|acc_2] 当前无可补订组合，缺口: {'20:00': 2, '21:00': 2}
[21:57:52.815] tid=1774749758128| 🧩 [refill#1774749758128|auto|acc_2] 开始执行: date=2026-04-07, target_count=2, times=['20:00', '21:00'], places=14
[21:57:54.810] tid=1774749758128| [组场引擎] policy=independent_refill allow_scatter=True tier= used_need={}
[21:57:54.811] tid=1774749758128| 🙈 [refill#1774749758128|auto|acc_2] 当前无可补订组合，缺口: {'20:00': 2, '21:00': 2}
[21:58:53.859] tid=1774749758128| 🧩 [refill#1774749758128|auto|acc_2] 开始执行: date=2026-04-07, target_count=2, times=['20:00', '21:00'], places=14
[21:58:57.448] tid=1774749758128| [组场引擎] policy=independent_refill allow_scatter=True tier= used_need={}
[21:58:57.450] tid=1774749758128| 🙈 [refill#1774749758128|auto|acc_2] 当前无可补订组合，缺口: {'20:00': 2, '21:00': 2}
[21:59:56.519] tid=1774749758128| 🧩 [refill#1774749758128|auto|acc_2] 开始执行: date=2026-04-07, target_count=2, times=['20:00', '21:00'], places=14
[21:59:57.173] tid=1774749758128| [组场引擎] policy=independent_refill allow_scatter=True tier= used_need={}
[21:59:57.176] tid=1774749758128| 🙈 [refill#1774749758128|auto|acc_2] 当前无可补订组合，缺口: {'20:00': 2, '21:00': 2}
[22:00:55.229] tid=1774749758128| 🧩 [refill#1774749758128|auto|acc_2] 开始执行: date=2026-04-07, target_count=2, times=['20:00', '21:00'], places=14
[22:00:57.968] tid=1774749758128| [组场引擎] policy=independent_refill allow_scatter=True tier= used_need={}
[22:00:57.970] tid=1774749758128| 🙈 [refill#1774749758128|auto|acc_2] 当前无可补订组合，缺口: {'20:00': 2, '21:00': 2}
[22:01:57.021] tid=1774749758128| 🧩 [refill#1774749758128|auto|acc_2] 开始执行: date=2026-04-07, target_count=2, times=['20:00', '21:00'], places=14
[22:01:58.993] tid=1774749758128| [组场引擎] policy=independent_refill allow_scatter=True tier= used_need={}
[22:01:58.994] tid=1774749758128| 🙈 [refill#1774749758128|auto|acc_2] 当前无可补订组合，缺口: {'20:00': 2, '21:00': 2}
[22:02:58.044] tid=1774749758128| 🧩 [refill#1774749758128|auto|acc_2] 开始执行: date=2026-04-07, target_count=2, times=['20:00', '21:00'], places=14
[22:02:59.805] tid=1774749758128| [组场引擎] policy=independent_refill allow_scatter=True tier= used_need={}
[22:02:59.808] tid=1774749758128| 🙈 [refill#1774749758128|auto|acc_2] 当前无可补订组合，缺口: {'20:00': 2, '21:00': 2}
[22:03:58.861] tid=1774749758128| 🧩 [refill#1774749758128|auto|acc_2] 开始执行: date=2026-04-07, target_count=2, times=['20:00', '21:00'], places=14
[22:04:00.917] tid=1774749758128| [组场引擎] policy=independent_refill allow_scatter=True tier= used_need={}
[22:04:00.920] tid=1774749758128| 🙈 [refill#1774749758128|auto|acc_2] 当前无可补订组合，缺口: {'20:00': 2, '21:00': 2}
[22:04:39.470] [组场引擎] policy=auto_campaign allow_scatter=True tier=单调缺口递降 used_need={'18:00': 1, '19:00': 1}
[22:05:00.970] tid=1774749758128| 🧩 [refill#1774749758128|auto|acc_2] 开始执行: date=2026-04-07, target_count=2, times=['20:00', '21:00'], places=14
[22:05:03.251] tid=1774749758128| [组场引擎] policy=independent_refill allow_scatter=True tier= used_need={}
[22:05:03.253] tid=1774749758128| 🙈 [refill#1774749758128|auto|acc_2] 当前无可补订组合，缺口: {'20:00': 2, '21:00': 2}
[22:04:57.343] [组场引擎] policy=auto_campaign allow_scatter=True tier=单调缺口递降 used_need={'18:00': 1, '19:00': 1}
[22:06:02.299] tid=1774749758128| 🧩 [refill#1774749758128|auto|acc_2] 开始执行: date=2026-04-07, target_count=2, times=['20:00', '21:00'], places=14
[22:06:07.533] tid=1774749758128| [组场引擎] policy=independent_refill allow_scatter=True tier= used_need={}
[22:06:07.535] tid=1774749758128| 🙈 [refill#1774749758128|auto|acc_2] 当前无可补订组合，缺口: {'20:00': 2, '21:00': 2}
[22:07:03.579] tid=1774749758128| 🧩 [refill#1774749758128|auto|acc_2] 开始执行: date=2026-04-07, target_count=2, times=['20:00', '21:00'], places=14
[22:07:10.226] tid=1774749758128| [组场引擎] policy=independent_refill allow_scatter=True tier= used_need={}
[22:07:10.229] tid=1774749758128| 🙈 [refill#1774749758128|auto|acc_2] 当前无可补订组合，缺口: {'20:00': 2, '21:00': 2}
[22:08:05.278] tid=1774749758128| 🧩 [refill#1774749758128|auto|acc_2] 开始执行: date=2026-04-07, target_count=2, times=['20:00', '21:00'], places=14
[22:08:06.795] tid=1774749758128| [组场引擎] policy=independent_refill allow_scatter=True tier= used_need={}
[22:08:06.797] tid=1774749758128| 🙈 [refill#1774749758128|auto|acc_2] 当前无可补订组合，缺口: {'20:00': 2, '21:00': 2}
[22:09:05.873] tid=1774749758128| 🧩 [refill#1774749758128|auto|acc_2] 开始执行: date=2026-04-07, target_count=2, times=['20:00', '21:00'], places=14
[22:09:06.657] tid=1774749758128| [组场引擎] policy=independent_refill allow_scatter=True tier= used_need={}
[22:09:06.659] tid=1774749758128| 🙈 [refill#1774749758128|auto|acc_2] 当前无可补订组合，缺口: {'20:00': 2, '21:00': 2}
[22:10:07.719] tid=1774749758128| 🧩 [refill#1774749758128|auto|acc_2] 开始执行: date=2026-04-07, target_count=2, times=['20:00', '21:00'], places=14
[22:10:09.840] tid=1774749758128| [组场引擎] policy=independent_refill allow_scatter=True tier= used_need={}
[22:10:09.842] tid=1774749758128| 🙈 [refill#1774749758128|auto|acc_2] 当前无可补订组合，缺口: {'20:00': 2, '21:00': 2}
[22:11:21.588] [组场引擎] policy=auto_campaign allow_scatter=True tier=单调缺口递降 used_need={'18:00': 1, '19:00': 1}
[22:24:18.456] [极速订场] 开始 date=2026-04-06 统一递送循环 round_interval=0.25s refill_poll=0.35s min_post_interval=5.0s plan_max_age=8.0s retry_jitter=180ms budget=360.0s
[22:24:18.457] [极速订场] skip_warmup=True：从分批阶段进入，不跑内部拉活循环（假定页面已拉过矩阵；若提示操作过快请刷新场地矩阵后再试）
[22:24:18.457] [极速订场] 递送循环 effective_target_blocks=2 fieldinfo_max_records_per_post=3 first_group_matrix=False
[22:24:21.081] [极速订场] 递送循环 矩阵完成 fetch_n=1 wall=22:24:10.786 elapsed_ms=2160
[22:24:21.083] [极速订场] 首单 group=primary (主组合) items=[{'place': '16', 'time': '12:00'}, {'place': '17', 'time': '12:00'}]
[22:24:28.179] [极速订场] 首单 第1次提交 action=continue_delivery items=[{'place': '16', 'time': '12:00'}, {'place': '17', 'time': '12:00'}]
[22:24:28.447] [极速订场] 首单#r2 同批软重试 2/6 group=primary (主组合) items=[{'place': '16', 'time': '12:00'}, {'place': '17', 'time': '12:00'}]
[22:24:32.285] [极速订场] 首单#r2 第2次提交 action=switch_backup items=[{'place': '16', 'time': '12:00'}, {'place': '17', 'time': '12:00'}]
[22:24:32.287] [极速订场] 算场快照过期(>8.0s)，重拉矩阵后再递送
[22:24:34.753] [极速订场] 递送循环 矩阵完成 fetch_n=2 wall=22:24:24.963 elapsed_ms=1504
[22:24:34.754] [极速订场] 首单 group=primary (主组合) items=[{'place': '16', 'time': '12:00'}, {'place': '17', 'time': '12:00'}]
[22:24:38.257] [极速订场] 首单 第3次提交 action=switch_backup items=[{'place': '16', 'time': '12:00'}, {'place': '17', 'time': '12:00'}]
[22:24:38.259] [极速订场] 首单#r2 同批软重试 2/6 group=primary (主组合) items=[{'place': '16', 'time': '12:00'}, {'place': '17', 'time': '12:00'}]
[22:24:43.118] [极速订场] 首单#r2 第4次提交 action=switch_backup items=[{'place': '16', 'time': '12:00'}, {'place': '17', 'time': '12:00'}]
[22:24:43.120] [极速订场] 算场快照过期(>8.0s)，重拉矩阵后再递送
[22:24:44.741] [极速订场] 递送循环 矩阵完成 fetch_n=3 wall=22:24:35.692 elapsed_ms=1481
[22:24:44.743] [极速订场] 首单 group=primary (主组合) items=[{'place': '16', 'time': '12:00'}, {'place': '17', 'time': '12:00'}]
[22:24:48.118] [极速订场] 首单 第5次提交 action=switch_backup items=[{'place': '16', 'time': '12:00'}, {'place': '17', 'time': '12:00'}]
[22:24:48.119] [极速订场] 首单#r2 同批软重试 2/6 group=primary (主组合) items=[{'place': '16', 'time': '12:00'}, {'place': '17', 'time': '12:00'}]
[22:24:54.093] [极速订场] 首单#r2 第6次提交 action=switch_backup items=[{'place': '16', 'time': '12:00'}, {'place': '17', 'time': '12:00'}]
[22:24:54.094] [极速订场] 算场快照过期(>8.0s)，重拉矩阵后再递送
[22:24:55.629] [极速订场] 递送循环 矩阵完成 fetch_n=4 wall=22:24:45.890 elapsed_ms=1256
[22:24:55.630] [极速订场] 首单 group=primary (主组合) items=[{'place': '16', 'time': '12:00'}, {'place': '17', 'time': '12:00'}]
[22:24:59.250] [极速订场] 首单 第7次提交 action=switch_backup items=[{'place': '16', 'time': '12:00'}, {'place': '17', 'time': '12:00'}]
[22:24:59.252] [极速订场] 首单#r2 同批软重试 2/6 group=primary (主组合) items=[{'place': '16', 'time': '12:00'}, {'place': '17', 'time': '12:00'}]
[23:52:10.268] [组场引擎] policy=auto_campaign allow_scatter=True tier=单调缺口递降 used_need={'18:00': 1, '19:00': 1}
[23:58:34.541] [极速订场] 开始 date=2026-04-06 统一递送循环 round_interval=0.25s refill_poll=0.35s min_post_interval=5.0s plan_max_age=8.0s retry_jitter=180ms budget=360.0s
[23:58:34.542] [极速订场] skip_warmup=True：假定页面已拉过矩阵，递送循环内再 get_matrix 算场（若提示操作过快请刷新场地矩阵后再试）
[23:58:34.542] [极速订场] 递送循环 effective_target_blocks=2 fieldinfo_max_records_per_post=3 first_group_matrix=False
[23:58:35.670] [极速订场] 递送循环 矩阵完成 fetch_n=1 wall=23:58:26.403 elapsed_ms=1340
[23:58:35.672] [极速订场] 首单 group=primary (主组合) items=[{'place': '16', 'time': '12:00'}, {'place': '16', 'time': '13:00'}, {'place': '17', 'time': '12:00'}, {'place': '17', 'time': '13:00'}]
[23:58:36.244] [极速订场] 首单 第1次提交 action=stop_success items=[{'place': '16', 'time': '12:00'}, {'place': '16', 'time': '13:00'}, {'place': '17', 'time': '12:00'}, {'place': '17', 'time': '13:00'}]
[23:58:37.678] [极速订场] 递送循环 矩阵完成 fetch_n=2 wall=23:58:28.501 elapsed_ms=1354
[23:58:37.679] [极速订场] 递送循环 缺口已归零，目标已满足，提前结束
[23:58:37.681] [极速订场] 结束 status=success 总请求数=1 group=primary
[23:59:00.593] [极速订场] 开始 date=2026-04-06 统一递送循环 round_interval=0.25s refill_poll=0.35s min_post_interval=5.0s plan_max_age=8.0s retry_jitter=180ms budget=360.0s
[23:59:00.594] [极速订场] skip_warmup=True：假定页面已拉过矩阵，递送循环内再 get_matrix 算场（若提示操作过快请刷新场地矩阵后再试）
[23:59:00.594] [极速订场] 递送循环 effective_target_blocks=2 fieldinfo_max_records_per_post=3 first_group_matrix=False
[23:59:01.621] [极速订场] 递送循环 矩阵完成 fetch_n=1 wall=23:58:52.426 elapsed_ms=1242
[23:59:01.622] [极速订场] 首单 group=primary (主组合) items=[{'place': '16', 'time': '14:00'}, {'place': '17', 'time': '14:00'}]
[23:59:02.262] [极速订场] 首单 第1次提交 action=stop_success items=[{'place': '16', 'time': '14:00'}, {'place': '17', 'time': '14:00'}]
[23:59:03.594] [极速订场] 递送循环 矩阵完成 fetch_n=2 wall=23:58:54.392 elapsed_ms=1189
[23:59:03.595] [极速订场] 递送循环 缺口已归零，目标已满足，提前结束
[23:59:03.596] [极速订场] 结束 status=success 总请求数=1 group=primary
